Determining if the include file xlocale.h exists failed with the following output:
Change Dir: /home/aaa/fp-solver/json-c/build/CMakeFiles/CMakeTmp

Run Build Command(s):/usr/bin/make -f Makefile cmTC_e30eb/fast && /usr/bin/make  -f CMakeFiles/cmTC_e30eb.dir/build.make CMakeFiles/cmTC_e30eb.dir/build
make[1]: Entering directory '/home/aaa/fp-solver/json-c/build/CMakeFiles/CMakeTmp'
Building C object CMakeFiles/cmTC_e30eb.dir/CheckIncludeFile.c.o
/usr/bin/cc -D_GNU_SOURCE  -fPIE -o CMakeFiles/cmTC_e30eb.dir/CheckIncludeFile.c.o -c /home/aaa/fp-solver/json-c/build/CMakeFiles/CMakeTmp/CheckIncludeFile.c
/home/aaa/fp-solver/json-c/build/CMakeFiles/CMakeTmp/CheckIncludeFile.c:1:10: fatal error: xlocale.h: No such file or directory
 #include <xlocale.h>
          ^~~~~~~~~~~
compilation terminated.
CMakeFiles/cmTC_e30eb.dir/build.make:77: recipe for target 'CMakeFiles/cmTC_e30eb.dir/CheckIncludeFile.c.o' failed
make[1]: *** [CMakeFiles/cmTC_e30eb.dir/CheckIncludeFile.c.o] Error 1
make[1]: Leaving directory '/home/aaa/fp-solver/json-c/build/CMakeFiles/CMakeTmp'
Makefile:127: recipe for target 'cmTC_e30eb/fast' failed
make: *** [cmTC_e30eb/fast] Error 2



Determining if the _isnan exist failed with the following output:
Change Dir: /home/aaa/fp-solver/json-c/build/CMakeFiles/CMakeTmp

Run Build Command(s):/usr/bin/make -f Makefile cmTC_48c01/fast && /usr/bin/make  -f CMakeFiles/cmTC_48c01.dir/build.make CMakeFiles/cmTC_48c01.dir/build
make[1]: Entering directory '/home/aaa/fp-solver/json-c/build/CMakeFiles/CMakeTmp'
Building C object CMakeFiles/cmTC_48c01.dir/CheckSymbolExists.c.o
/usr/bin/cc -D_GNU_SOURCE  -fPIE -o CMakeFiles/cmTC_48c01.dir/CheckSymbolExists.c.o -c /home/aaa/fp-solver/json-c/build/CMakeFiles/CMakeTmp/CheckSymbolExists.c
/home/aaa/fp-solver/json-c/build/CMakeFiles/CMakeTmp/CheckSymbolExists.c: In function ‘main’:
/home/aaa/fp-solver/json-c/build/CMakeFiles/CMakeTmp/CheckSymbolExists.c:8:19: error: ‘_isnan’ undeclared (first use in this function)
   return ((int*)(&_isnan))[argc];
                   ^~~~~~
/home/aaa/fp-solver/json-c/build/CMakeFiles/CMakeTmp/CheckSymbolExists.c:8:19: note: each undeclared identifier is reported only once for each function it appears in
CMakeFiles/cmTC_48c01.dir/build.make:77: recipe for target 'CMakeFiles/cmTC_48c01.dir/CheckSymbolExists.c.o' failed
make[1]: *** [CMakeFiles/cmTC_48c01.dir/CheckSymbolExists.c.o] Error 1
make[1]: Leaving directory '/home/aaa/fp-solver/json-c/build/CMakeFiles/CMakeTmp'
Makefile:127: recipe for target 'cmTC_48c01/fast' failed
make: *** [cmTC_48c01/fast] Error 2


File /home/aaa/fp-solver/json-c/build/CMakeFiles/CMakeTmp/CheckSymbolExists.c:
/* */
#include <float.h>

int main(int argc, char** argv)
{
  (void)argv;
#ifndef _isnan
  return ((int*)(&_isnan))[argc];
#else
  (void)argc;
  return 0;
#endif
}
Determining if the _finite exist failed with the following output:
Change Dir: /home/aaa/fp-solver/json-c/build/CMakeFiles/CMakeTmp

Run Build Command(s):/usr/bin/make -f Makefile cmTC_daf6e/fast && /usr/bin/make  -f CMakeFiles/cmTC_daf6e.dir/build.make CMakeFiles/cmTC_daf6e.dir/build
make[1]: Entering directory '/home/aaa/fp-solver/json-c/build/CMakeFiles/CMakeTmp'
Building C object CMakeFiles/cmTC_daf6e.dir/CheckSymbolExists.c.o
/usr/bin/cc -D_GNU_SOURCE  -fPIE -o CMakeFiles/cmTC_daf6e.dir/CheckSymbolExists.c.o -c /home/aaa/fp-solver/json-c/build/CMakeFiles/CMakeTmp/CheckSymbolExists.c
/home/aaa/fp-solver/json-c/build/CMakeFiles/CMakeTmp/CheckSymbolExists.c: In function ‘main’:
/home/aaa/fp-solver/json-c/build/CMakeFiles/CMakeTmp/CheckSymbolExists.c:8:19: error: ‘_finite’ undeclared (first use in this function)
   return ((int*)(&_finite))[argc];
                   ^~~~~~~
/home/aaa/fp-solver/json-c/build/CMakeFiles/CMakeTmp/CheckSymbolExists.c:8:19: note: each undeclared identifier is reported only once for each function it appears in
CMakeFiles/cmTC_daf6e.dir/build.make:77: recipe for target 'CMakeFiles/cmTC_daf6e.dir/CheckSymbolExists.c.o' failed
make[1]: *** [CMakeFiles/cmTC_daf6e.dir/CheckSymbolExists.c.o] Error 1
make[1]: Leaving directory '/home/aaa/fp-solver/json-c/build/CMakeFiles/CMakeTmp'
Makefile:127: recipe for target 'cmTC_daf6e/fast' failed
make: *** [cmTC_daf6e/fast] Error 2


File /home/aaa/fp-solver/json-c/build/CMakeFiles/CMakeTmp/CheckSymbolExists.c:
/* */
#include <float.h>

int main(int argc, char** argv)
{
  (void)argv;
#ifndef _finite
  return ((int*)(&_finite))[argc];
#else
  (void)argc;
  return 0;
#endif
}
Determining if the _doprnt exist failed with the following output:
Change Dir: /home/aaa/fp-solver/json-c/build/CMakeFiles/CMakeTmp

Run Build Command(s):/usr/bin/make -f Makefile cmTC_90819/fast && /usr/bin/make  -f CMakeFiles/cmTC_90819.dir/build.make CMakeFiles/cmTC_90819.dir/build
make[1]: Entering directory '/home/aaa/fp-solver/json-c/build/CMakeFiles/CMakeTmp'
Building C object CMakeFiles/cmTC_90819.dir/CheckSymbolExists.c.o
/usr/bin/cc -D_GNU_SOURCE  -fPIE -o CMakeFiles/cmTC_90819.dir/CheckSymbolExists.c.o -c /home/aaa/fp-solver/json-c/build/CMakeFiles/CMakeTmp/CheckSymbolExists.c
/home/aaa/fp-solver/json-c/build/CMakeFiles/CMakeTmp/CheckSymbolExists.c: In function ‘main’:
/home/aaa/fp-solver/json-c/build/CMakeFiles/CMakeTmp/CheckSymbolExists.c:8:19: error: ‘_doprnt’ undeclared (first use in this function); did you mean ‘fdopen’?
   return ((int*)(&_doprnt))[argc];
                   ^~~~~~~
                   fdopen
/home/aaa/fp-solver/json-c/build/CMakeFiles/CMakeTmp/CheckSymbolExists.c:8:19: note: each undeclared identifier is reported only once for each function it appears in
CMakeFiles/cmTC_90819.dir/build.make:77: recipe for target 'CMakeFiles/cmTC_90819.dir/CheckSymbolExists.c.o' failed
make[1]: *** [CMakeFiles/cmTC_90819.dir/CheckSymbolExists.c.o] Error 1
make[1]: Leaving directory '/home/aaa/fp-solver/json-c/build/CMakeFiles/CMakeTmp'
Makefile:127: recipe for target 'cmTC_90819/fast' failed
make: *** [cmTC_90819/fast] Error 2


File /home/aaa/fp-solver/json-c/build/CMakeFiles/CMakeTmp/CheckSymbolExists.c:
/* */
#include <stdio.h>

int main(int argc, char** argv)
{
  (void)argv;
#ifndef _doprnt
  return ((int*)(&_doprnt))[argc];
#else
  (void)argc;
  return 0;
#endif
}
Determining if the arc4random exist failed with the following output:
Change Dir: /home/aaa/fp-solver/json-c/build/CMakeFiles/CMakeTmp

Run Build Command(s):/usr/bin/make -f Makefile cmTC_4a62e/fast && /usr/bin/make  -f CMakeFiles/cmTC_4a62e.dir/build.make CMakeFiles/cmTC_4a62e.dir/build
make[1]: Entering directory '/home/aaa/fp-solver/json-c/build/CMakeFiles/CMakeTmp'
Building C object CMakeFiles/cmTC_4a62e.dir/CheckSymbolExists.c.o
/usr/bin/cc -D_GNU_SOURCE  -fPIE -o CMakeFiles/cmTC_4a62e.dir/CheckSymbolExists.c.o -c /home/aaa/fp-solver/json-c/build/CMakeFiles/CMakeTmp/CheckSymbolExists.c
/home/aaa/fp-solver/json-c/build/CMakeFiles/CMakeTmp/CheckSymbolExists.c: In function ‘main’:
/home/aaa/fp-solver/json-c/build/CMakeFiles/CMakeTmp/CheckSymbolExists.c:8:19: error: ‘arc4random’ undeclared (first use in this function); did you mean ‘srandom’?
   return ((int*)(&arc4random))[argc];
                   ^~~~~~~~~~
                   srandom
/home/aaa/fp-solver/json-c/build/CMakeFiles/CMakeTmp/CheckSymbolExists.c:8:19: note: each undeclared identifier is reported only once for each function it appears in
CMakeFiles/cmTC_4a62e.dir/build.make:77: recipe for target 'CMakeFiles/cmTC_4a62e.dir/CheckSymbolExists.c.o' failed
make[1]: *** [CMakeFiles/cmTC_4a62e.dir/CheckSymbolExists.c.o] Error 1
make[1]: Leaving directory '/home/aaa/fp-solver/json-c/build/CMakeFiles/CMakeTmp'
Makefile:127: recipe for target 'cmTC_4a62e/fast' failed
make: *** [cmTC_4a62e/fast] Error 2


File /home/aaa/fp-solver/json-c/build/CMakeFiles/CMakeTmp/CheckSymbolExists.c:
/* */
#include <stdlib.h>

int main(int argc, char** argv)
{
  (void)argv;
#ifndef arc4random
  return ((int*)(&arc4random))[argc];
#else
  (void)argc;
  return 0;
#endif
}
Determining if the include file bsd/stdlib.h exists failed with the following output:
Change Dir: /home/aaa/fp-solver/json-c/build/CMakeFiles/CMakeTmp

Run Build Command(s):/usr/bin/make -f Makefile cmTC_d81eb/fast && /usr/bin/make  -f CMakeFiles/cmTC_d81eb.dir/build.make CMakeFiles/cmTC_d81eb.dir/build
make[1]: Entering directory '/home/aaa/fp-solver/json-c/build/CMakeFiles/CMakeTmp'
Building C object CMakeFiles/cmTC_d81eb.dir/CheckIncludeFile.c.o
/usr/bin/cc -D_GNU_SOURCE  -fPIE -o CMakeFiles/cmTC_d81eb.dir/CheckIncludeFile.c.o -c /home/aaa/fp-solver/json-c/build/CMakeFiles/CMakeTmp/CheckIncludeFile.c
/home/aaa/fp-solver/json-c/build/CMakeFiles/CMakeTmp/CheckIncludeFile.c:1:10: fatal error: bsd/stdlib.h: No such file or directory
 #include <bsd/stdlib.h>
          ^~~~~~~~~~~~~~
compilation terminated.
CMakeFiles/cmTC_d81eb.dir/build.make:77: recipe for target 'CMakeFiles/cmTC_d81eb.dir/CheckIncludeFile.c.o' failed
make[1]: *** [CMakeFiles/cmTC_d81eb.dir/CheckIncludeFile.c.o] Error 1
make[1]: Leaving directory '/home/aaa/fp-solver/json-c/build/CMakeFiles/CMakeTmp'
Makefile:127: recipe for target 'cmTC_d81eb/fast' failed
make: *** [cmTC_d81eb/fast] Error 2



Performing C SOURCE FILE Test HAS_GNU_WARNING_LONG failed with the following output:
Change Dir: /home/aaa/fp-solver/json-c/build/CMakeFiles/CMakeTmp

Run Build Command(s):/usr/bin/make -f Makefile cmTC_edb7c/fast && /usr/bin/make  -f CMakeFiles/cmTC_edb7c.dir/build.make CMakeFiles/cmTC_edb7c.dir/build
make[1]: Entering directory '/home/aaa/fp-solver/json-c/build/CMakeFiles/CMakeTmp'
Building C object CMakeFiles/cmTC_edb7c.dir/src.c.o
/usr/bin/cc -DHAS_GNU_WARNING_LONG -D_GNU_SOURCE  -fPIE -o CMakeFiles/cmTC_edb7c.dir/src.c.o -c /home/aaa/fp-solver/json-c/build/CMakeFiles/CMakeTmp/src.c
/home/aaa/fp-solver/json-c/build/CMakeFiles/CMakeTmp/src.c:3:9: warning: missing terminating " character
 __asm__(".section .gnu.json_object_get
         ^
/home/aaa/fp-solver/json-c/build/CMakeFiles/CMakeTmp/src.c:3:9: error: missing terminating " character
 __asm__(".section .gnu.json_object_get
         ^~~~~~~~~~~~~~~~~~~~~~~~~~~~~~
/home/aaa/fp-solver/json-c/build/CMakeFiles/CMakeTmp/src.c:4:2: error: expected string literal before ‘.’ token
  .ascii "Please link against libjson-c instead of libjson"
  ^
/home/aaa/fp-solver/json-c/build/CMakeFiles/CMakeTmp/src.c:5:7: warning: missing terminating " character
  .text");
       ^
/home/aaa/fp-solver/json-c/build/CMakeFiles/CMakeTmp/src.c:5:7: error: missing terminating " character
  .text");
       ^~~
CMakeFiles/cmTC_edb7c.dir/build.make:77: recipe for target 'CMakeFiles/cmTC_edb7c.dir/src.c.o' failed
make[1]: *** [CMakeFiles/cmTC_edb7c.dir/src.c.o] Error 1
make[1]: Leaving directory '/home/aaa/fp-solver/json-c/build/CMakeFiles/CMakeTmp'
Makefile:127: recipe for target 'cmTC_edb7c/fast' failed
make: *** [cmTC_edb7c/fast] Error 2


Source file was:

extern void json_object_get();
__asm__(".section .gnu.json_object_get
	.ascii "Please link against libjson-c instead of libjson"
	.text");
int main(int c, char *v) { return 0;}

