The system is: Linux - 5.4.0-150-generic - x86_64
Compiling the C compiler identification source file "CMakeCCompilerId.c" succeeded.
Compiler: /usr/bin/cc 
Build flags: 
Id flags:  

The output was:
0


Compilation of the C compiler identification source "CMakeCCompilerId.c" produced "a.out"

The C compiler identification is GNU, found in "/home/aaa/fp-solver/json-c/build/CMakeFiles/3.22.1/CompilerIdC/a.out"

Detecting C compiler ABI info compiled with the following output:
Change Dir: /home/aaa/fp-solver/json-c/build/CMakeFiles/CMakeTmp

Run Build Command(s):/usr/bin/make -f Makefile cmTC_e8191/fast && /usr/bin/make  -f CMakeFiles/cmTC_e8191.dir/build.make CMakeFiles/cmTC_e8191.dir/build
make[1]: Entering directory '/home/aaa/fp-solver/json-c/build/CMakeFiles/CMakeTmp'
Building C object CMakeFiles/cmTC_e8191.dir/CMakeCCompilerABI.c.o
/usr/bin/cc   -v -o CMakeFiles/cmTC_e8191.dir/CMakeCCompilerABI.c.o -c /usr/local/share/cmake-3.22/Modules/CMakeCCompilerABI.c
Using built-in specs.
COLLECT_GCC=/usr/bin/cc
OFFLOAD_TARGET_NAMES=nvptx-none
OFFLOAD_TARGET_DEFAULT=1
Target: x86_64-linux-gnu
Configured with: ../src/configure -v --with-pkgversion='Ubuntu 7.5.0-3ubuntu1~18.04' --with-bugurl=file:///usr/share/doc/gcc-7/README.Bugs --enable-languages=c,ada,c++,go,brig,d,fortran,objc,obj-c++ --prefix=/usr --with-gcc-major-version-only --program-suffix=-7 --program-prefix=x86_64-linux-gnu- --enable-shared --enable-linker-build-id --libexecdir=/usr/lib --without-included-gettext --enable-threads=posix --libdir=/usr/lib --enable-nls --enable-bootstrap --enable-clocale=gnu --enable-libstdcxx-debug --enable-libstdcxx-time=yes --with-default-libstdcxx-abi=new --enable-gnu-unique-object --disable-vtable-verify --enable-libmpx --enable-plugin --enable-default-pie --with-system-zlib --with-target-system-zlib --enable-objc-gc=auto --enable-multiarch --disable-werror --with-arch-32=i686 --with-abi=m64 --with-multilib-list=m32,m64,mx32 --enable-multilib --with-tune=generic --enable-offload-targets=nvptx-none --without-cuda-driver --enable-checking=release --build=x86_64-linux-gnu --host=x86_64-linux-gnu --target=x86_64-linux-gnu
Thread model: posix
gcc version 7.5.0 (Ubuntu 7.5.0-3ubuntu1~18.04) 
COLLECT_GCC_OPTIONS='-v' '-o' 'CMakeFiles/cmTC_e8191.dir/CMakeCCompilerABI.c.o' '-c' '-mtune=generic' '-march=x86-64'
 /usr/lib/gcc/x86_64-linux-gnu/7/cc1 -quiet -v -imultiarch x86_64-linux-gnu /usr/local/share/cmake-3.22/Modules/CMakeCCompilerABI.c -quiet -dumpbase CMakeCCompilerABI.c -mtune=generic -march=x86-64 -auxbase-strip CMakeFiles/cmTC_e8191.dir/CMakeCCompilerABI.c.o -version -fstack-protector-strong -Wformat -Wformat-security -o /tmp/ccXi43i4.s
GNU C11 (Ubuntu 7.5.0-3ubuntu1~18.04) version 7.5.0 (x86_64-linux-gnu)
	compiled by GNU C version 7.5.0, GMP version 6.1.2, MPFR version 4.0.1, MPC version 1.1.0, isl version isl-0.19-GMP

warning: GMP header version 6.1.2 differs from library version 6.2.0.
GGC heuristics: --param ggc-min-expand=100 --param ggc-min-heapsize=131072
ignoring nonexistent directory "/usr/local/include/x86_64-linux-gnu"
ignoring nonexistent directory "/usr/lib/gcc/x86_64-linux-gnu/7/../../../../x86_64-linux-gnu/include"
#include "..." search starts here:
#include <...> search starts here:
 /usr/lib/gcc/x86_64-linux-gnu/7/include
 /usr/local/include
 /usr/lib/gcc/x86_64-linux-gnu/7/include-fixed
 /usr/include/x86_64-linux-gnu
 /usr/include
End of search list.
GNU C11 (Ubuntu 7.5.0-3ubuntu1~18.04) version 7.5.0 (x86_64-linux-gnu)
	compiled by GNU C version 7.5.0, GMP version 6.1.2, MPFR version 4.0.1, MPC version 1.1.0, isl version isl-0.19-GMP

warning: GMP header version 6.1.2 differs from library version 6.2.0.
GGC heuristics: --param ggc-min-expand=100 --param ggc-min-heapsize=131072
Compiler executable checksum: b62ed4a2880cd4159476ea8293b72fa8
COLLECT_GCC_OPTIONS='-v' '-o' 'CMakeFiles/cmTC_e8191.dir/CMakeCCompilerABI.c.o' '-c' '-mtune=generic' '-march=x86-64'
 as -v --64 -o CMakeFiles/cmTC_e8191.dir/CMakeCCompilerABI.c.o /tmp/ccXi43i4.s
GNU assembler version 2.30 (x86_64-linux-gnu) using BFD version (GNU Binutils for Ubuntu) 2.30
COMPILER_PATH=/usr/lib/gcc/x86_64-linux-gnu/7/:/usr/lib/gcc/x86_64-linux-gnu/7/:/usr/lib/gcc/x86_64-linux-gnu/:/usr/lib/gcc/x86_64-linux-gnu/7/:/usr/lib/gcc/x86_64-linux-gnu/
LIBRARY_PATH=/usr/lib/gcc/x86_64-linux-gnu/7/:/usr/lib/gcc/x86_64-linux-gnu/7/../../../x86_64-linux-gnu/:/usr/lib/gcc/x86_64-linux-gnu/7/../../../../lib/:/lib/x86_64-linux-gnu/:/lib/../lib/:/usr/lib/x86_64-linux-gnu/:/usr/lib/../lib/:/usr/lib/gcc/x86_64-linux-gnu/7/../../../:/lib/:/usr/lib/
COLLECT_GCC_OPTIONS='-v' '-o' 'CMakeFiles/cmTC_e8191.dir/CMakeCCompilerABI.c.o' '-c' '-mtune=generic' '-march=x86-64'
Linking C executable cmTC_e8191
/usr/local/bin/cmake -E cmake_link_script CMakeFiles/cmTC_e8191.dir/link.txt --verbose=1
/usr/bin/cc  -v -rdynamic CMakeFiles/cmTC_e8191.dir/CMakeCCompilerABI.c.o -o cmTC_e8191 
Using built-in specs.
COLLECT_GCC=/usr/bin/cc
COLLECT_LTO_WRAPPER=/usr/lib/gcc/x86_64-linux-gnu/7/lto-wrapper
OFFLOAD_TARGET_NAMES=nvptx-none
OFFLOAD_TARGET_DEFAULT=1
Target: x86_64-linux-gnu
Configured with: ../src/configure -v --with-pkgversion='Ubuntu 7.5.0-3ubuntu1~18.04' --with-bugurl=file:///usr/share/doc/gcc-7/README.Bugs --enable-languages=c,ada,c++,go,brig,d,fortran,objc,obj-c++ --prefix=/usr --with-gcc-major-version-only --program-suffix=-7 --program-prefix=x86_64-linux-gnu- --enable-shared --enable-linker-build-id --libexecdir=/usr/lib --without-included-gettext --enable-threads=posix --libdir=/usr/lib --enable-nls --enable-bootstrap --enable-clocale=gnu --enable-libstdcxx-debug --enable-libstdcxx-time=yes --with-default-libstdcxx-abi=new --enable-gnu-unique-object --disable-vtable-verify --enable-libmpx --enable-plugin --enable-default-pie --with-system-zlib --with-target-system-zlib --enable-objc-gc=auto --enable-multiarch --disable-werror --with-arch-32=i686 --with-abi=m64 --with-multilib-list=m32,m64,mx32 --enable-multilib --with-tune=generic --enable-offload-targets=nvptx-none --without-cuda-driver --enable-checking=release --build=x86_64-linux-gnu --host=x86_64-linux-gnu --target=x86_64-linux-gnu
Thread model: posix
gcc version 7.5.0 (Ubuntu 7.5.0-3ubuntu1~18.04) 
COMPILER_PATH=/usr/lib/gcc/x86_64-linux-gnu/7/:/usr/lib/gcc/x86_64-linux-gnu/7/:/usr/lib/gcc/x86_64-linux-gnu/:/usr/lib/gcc/x86_64-linux-gnu/7/:/usr/lib/gcc/x86_64-linux-gnu/
LIBRARY_PATH=/usr/lib/gcc/x86_64-linux-gnu/7/:/usr/lib/gcc/x86_64-linux-gnu/7/../../../x86_64-linux-gnu/:/usr/lib/gcc/x86_64-linux-gnu/7/../../../../lib/:/lib/x86_64-linux-gnu/:/lib/../lib/:/usr/lib/x86_64-linux-gnu/:/usr/lib/../lib/:/usr/lib/gcc/x86_64-linux-gnu/7/../../../:/lib/:/usr/lib/
COLLECT_GCC_OPTIONS='-v' '-rdynamic' '-o' 'cmTC_e8191' '-mtune=generic' '-march=x86-64'
 /usr/lib/gcc/x86_64-linux-gnu/7/collect2 -plugin /usr/lib/gcc/x86_64-linux-gnu/7/liblto_plugin.so -plugin-opt=/usr/lib/gcc/x86_64-linux-gnu/7/lto-wrapper -plugin-opt=-fresolution=/tmp/ccz1RG35.res -plugin-opt=-pass-through=-lgcc -plugin-opt=-pass-through=-lgcc_s -plugin-opt=-pass-through=-lc -plugin-opt=-pass-through=-lgcc -plugin-opt=-pass-through=-lgcc_s --build-id --eh-frame-hdr -m elf_x86_64 --hash-style=gnu --as-needed -export-dynamic -dynamic-linker /lib64/ld-linux-x86-64.so.2 -pie -z now -z relro -o cmTC_e8191 /usr/lib/gcc/x86_64-linux-gnu/7/../../../x86_64-linux-gnu/Scrt1.o /usr/lib/gcc/x86_64-linux-gnu/7/../../../x86_64-linux-gnu/crti.o /usr/lib/gcc/x86_64-linux-gnu/7/crtbeginS.o -L/usr/lib/gcc/x86_64-linux-gnu/7 -L/usr/lib/gcc/x86_64-linux-gnu/7/../../../x86_64-linux-gnu -L/usr/lib/gcc/x86_64-linux-gnu/7/../../../../lib -L/lib/x86_64-linux-gnu -L/lib/../lib -L/usr/lib/x86_64-linux-gnu -L/usr/lib/../lib -L/usr/lib/gcc/x86_64-linux-gnu/7/../../.. CMakeFiles/cmTC_e8191.dir/CMakeCCompilerABI.c.o -lgcc --push-state --as-needed -lgcc_s --pop-state -lc -lgcc --push-state --as-needed -lgcc_s --pop-state /usr/lib/gcc/x86_64-linux-gnu/7/crtendS.o /usr/lib/gcc/x86_64-linux-gnu/7/../../../x86_64-linux-gnu/crtn.o
COLLECT_GCC_OPTIONS='-v' '-rdynamic' '-o' 'cmTC_e8191' '-mtune=generic' '-march=x86-64'
make[1]: Leaving directory '/home/aaa/fp-solver/json-c/build/CMakeFiles/CMakeTmp'



Parsed C implicit include dir info from above output: rv=done
  found start of include info
  found start of implicit include info
    add: [/usr/lib/gcc/x86_64-linux-gnu/7/include]
    add: [/usr/local/include]
    add: [/usr/lib/gcc/x86_64-linux-gnu/7/include-fixed]
    add: [/usr/include/x86_64-linux-gnu]
    add: [/usr/include]
  end of search list found
  collapse include dir [/usr/lib/gcc/x86_64-linux-gnu/7/include] ==> [/usr/lib/gcc/x86_64-linux-gnu/7/include]
  collapse include dir [/usr/local/include] ==> [/usr/local/include]
  collapse include dir [/usr/lib/gcc/x86_64-linux-gnu/7/include-fixed] ==> [/usr/lib/gcc/x86_64-linux-gnu/7/include-fixed]
  collapse include dir [/usr/include/x86_64-linux-gnu] ==> [/usr/include/x86_64-linux-gnu]
  collapse include dir [/usr/include] ==> [/usr/include]
  implicit include dirs: [/usr/lib/gcc/x86_64-linux-gnu/7/include;/usr/local/include;/usr/lib/gcc/x86_64-linux-gnu/7/include-fixed;/usr/include/x86_64-linux-gnu;/usr/include]


Parsed C implicit link information from above output:
  link line regex: [^( *|.*[/\])(ld|CMAKE_LINK_STARTFILE-NOTFOUND|([^/\]+-)?ld|collect2)[^/\]*( |$)]
  ignore line: [Change Dir: /home/aaa/fp-solver/json-c/build/CMakeFiles/CMakeTmp]
  ignore line: []
  ignore line: [Run Build Command(s):/usr/bin/make -f Makefile cmTC_e8191/fast && /usr/bin/make  -f CMakeFiles/cmTC_e8191.dir/build.make CMakeFiles/cmTC_e8191.dir/build]
  ignore line: [make[1]: Entering directory '/home/aaa/fp-solver/json-c/build/CMakeFiles/CMakeTmp']
  ignore line: [Building C object CMakeFiles/cmTC_e8191.dir/CMakeCCompilerABI.c.o]
  ignore line: [/usr/bin/cc   -v -o CMakeFiles/cmTC_e8191.dir/CMakeCCompilerABI.c.o -c /usr/local/share/cmake-3.22/Modules/CMakeCCompilerABI.c]
  ignore line: [Using built-in specs.]
  ignore line: [COLLECT_GCC=/usr/bin/cc]
  ignore line: [OFFLOAD_TARGET_NAMES=nvptx-none]
  ignore line: [OFFLOAD_TARGET_DEFAULT=1]
  ignore line: [Target: x86_64-linux-gnu]
  ignore line: [Configured with: ../src/configure -v --with-pkgversion='Ubuntu 7.5.0-3ubuntu1~18.04' --with-bugurl=file:///usr/share/doc/gcc-7/README.Bugs --enable-languages=c ada c++ go brig d fortran objc obj-c++ --prefix=/usr --with-gcc-major-version-only --program-suffix=-7 --program-prefix=x86_64-linux-gnu- --enable-shared --enable-linker-build-id --libexecdir=/usr/lib --without-included-gettext --enable-threads=posix --libdir=/usr/lib --enable-nls --enable-bootstrap --enable-clocale=gnu --enable-libstdcxx-debug --enable-libstdcxx-time=yes --with-default-libstdcxx-abi=new --enable-gnu-unique-object --disable-vtable-verify --enable-libmpx --enable-plugin --enable-default-pie --with-system-zlib --with-target-system-zlib --enable-objc-gc=auto --enable-multiarch --disable-werror --with-arch-32=i686 --with-abi=m64 --with-multilib-list=m32 m64 mx32 --enable-multilib --with-tune=generic --enable-offload-targets=nvptx-none --without-cuda-driver --enable-checking=release --build=x86_64-linux-gnu --host=x86_64-linux-gnu --target=x86_64-linux-gnu]
  ignore line: [Thread model: posix]
  ignore line: [gcc version 7.5.0 (Ubuntu 7.5.0-3ubuntu1~18.04) ]
  ignore line: [COLLECT_GCC_OPTIONS='-v' '-o' 'CMakeFiles/cmTC_e8191.dir/CMakeCCompilerABI.c.o' '-c' '-mtune=generic' '-march=x86-64']
  ignore line: [ /usr/lib/gcc/x86_64-linux-gnu/7/cc1 -quiet -v -imultiarch x86_64-linux-gnu /usr/local/share/cmake-3.22/Modules/CMakeCCompilerABI.c -quiet -dumpbase CMakeCCompilerABI.c -mtune=generic -march=x86-64 -auxbase-strip CMakeFiles/cmTC_e8191.dir/CMakeCCompilerABI.c.o -version -fstack-protector-strong -Wformat -Wformat-security -o /tmp/ccXi43i4.s]
  ignore line: [GNU C11 (Ubuntu 7.5.0-3ubuntu1~18.04) version 7.5.0 (x86_64-linux-gnu)]
  ignore line: [	compiled by GNU C version 7.5.0  GMP version 6.1.2  MPFR version 4.0.1  MPC version 1.1.0  isl version isl-0.19-GMP]
  ignore line: []
  ignore line: [warning: GMP header version 6.1.2 differs from library version 6.2.0.]
  ignore line: [GGC heuristics: --param ggc-min-expand=100 --param ggc-min-heapsize=131072]
  ignore line: [ignoring nonexistent directory "/usr/local/include/x86_64-linux-gnu"]
  ignore line: [ignoring nonexistent directory "/usr/lib/gcc/x86_64-linux-gnu/7/../../../../x86_64-linux-gnu/include"]
  ignore line: [#include "..." search starts here:]
  ignore line: [#include <...> search starts here:]
  ignore line: [ /usr/lib/gcc/x86_64-linux-gnu/7/include]
  ignore line: [ /usr/local/include]
  ignore line: [ /usr/lib/gcc/x86_64-linux-gnu/7/include-fixed]
  ignore line: [ /usr/include/x86_64-linux-gnu]
  ignore line: [ /usr/include]
  ignore line: [End of search list.]
  ignore line: [GNU C11 (Ubuntu 7.5.0-3ubuntu1~18.04) version 7.5.0 (x86_64-linux-gnu)]
  ignore line: [	compiled by GNU C version 7.5.0  GMP version 6.1.2  MPFR version 4.0.1  MPC version 1.1.0  isl version isl-0.19-GMP]
  ignore line: []
  ignore line: [warning: GMP header version 6.1.2 differs from library version 6.2.0.]
  ignore line: [GGC heuristics: --param ggc-min-expand=100 --param ggc-min-heapsize=131072]
  ignore line: [Compiler executable checksum: b62ed4a2880cd4159476ea8293b72fa8]
  ignore line: [COLLECT_GCC_OPTIONS='-v' '-o' 'CMakeFiles/cmTC_e8191.dir/CMakeCCompilerABI.c.o' '-c' '-mtune=generic' '-march=x86-64']
  ignore line: [ as -v --64 -o CMakeFiles/cmTC_e8191.dir/CMakeCCompilerABI.c.o /tmp/ccXi43i4.s]
  ignore line: [GNU assembler version 2.30 (x86_64-linux-gnu) using BFD version (GNU Binutils for Ubuntu) 2.30]
  ignore line: [COMPILER_PATH=/usr/lib/gcc/x86_64-linux-gnu/7/:/usr/lib/gcc/x86_64-linux-gnu/7/:/usr/lib/gcc/x86_64-linux-gnu/:/usr/lib/gcc/x86_64-linux-gnu/7/:/usr/lib/gcc/x86_64-linux-gnu/]
  ignore line: [LIBRARY_PATH=/usr/lib/gcc/x86_64-linux-gnu/7/:/usr/lib/gcc/x86_64-linux-gnu/7/../../../x86_64-linux-gnu/:/usr/lib/gcc/x86_64-linux-gnu/7/../../../../lib/:/lib/x86_64-linux-gnu/:/lib/../lib/:/usr/lib/x86_64-linux-gnu/:/usr/lib/../lib/:/usr/lib/gcc/x86_64-linux-gnu/7/../../../:/lib/:/usr/lib/]
  ignore line: [COLLECT_GCC_OPTIONS='-v' '-o' 'CMakeFiles/cmTC_e8191.dir/CMakeCCompilerABI.c.o' '-c' '-mtune=generic' '-march=x86-64']
  ignore line: [Linking C executable cmTC_e8191]
  ignore line: [/usr/local/bin/cmake -E cmake_link_script CMakeFiles/cmTC_e8191.dir/link.txt --verbose=1]
  ignore line: [/usr/bin/cc  -v -rdynamic CMakeFiles/cmTC_e8191.dir/CMakeCCompilerABI.c.o -o cmTC_e8191 ]
  ignore line: [Using built-in specs.]
  ignore line: [COLLECT_GCC=/usr/bin/cc]
  ignore line: [COLLECT_LTO_WRAPPER=/usr/lib/gcc/x86_64-linux-gnu/7/lto-wrapper]
  ignore line: [OFFLOAD_TARGET_NAMES=nvptx-none]
  ignore line: [OFFLOAD_TARGET_DEFAULT=1]
  ignore line: [Target: x86_64-linux-gnu]
  ignore line: [Configured with: ../src/configure -v --with-pkgversion='Ubuntu 7.5.0-3ubuntu1~18.04' --with-bugurl=file:///usr/share/doc/gcc-7/README.Bugs --enable-languages=c ada c++ go brig d fortran objc obj-c++ --prefix=/usr --with-gcc-major-version-only --program-suffix=-7 --program-prefix=x86_64-linux-gnu- --enable-shared --enable-linker-build-id --libexecdir=/usr/lib --without-included-gettext --enable-threads=posix --libdir=/usr/lib --enable-nls --enable-bootstrap --enable-clocale=gnu --enable-libstdcxx-debug --enable-libstdcxx-time=yes --with-default-libstdcxx-abi=new --enable-gnu-unique-object --disable-vtable-verify --enable-libmpx --enable-plugin --enable-default-pie --with-system-zlib --with-target-system-zlib --enable-objc-gc=auto --enable-multiarch --disable-werror --with-arch-32=i686 --with-abi=m64 --with-multilib-list=m32 m64 mx32 --enable-multilib --with-tune=generic --enable-offload-targets=nvptx-none --without-cuda-driver --enable-checking=release --build=x86_64-linux-gnu --host=x86_64-linux-gnu --target=x86_64-linux-gnu]
  ignore line: [Thread model: posix]
  ignore line: [gcc version 7.5.0 (Ubuntu 7.5.0-3ubuntu1~18.04) ]
  ignore line: [COMPILER_PATH=/usr/lib/gcc/x86_64-linux-gnu/7/:/usr/lib/gcc/x86_64-linux-gnu/7/:/usr/lib/gcc/x86_64-linux-gnu/:/usr/lib/gcc/x86_64-linux-gnu/7/:/usr/lib/gcc/x86_64-linux-gnu/]
  ignore line: [LIBRARY_PATH=/usr/lib/gcc/x86_64-linux-gnu/7/:/usr/lib/gcc/x86_64-linux-gnu/7/../../../x86_64-linux-gnu/:/usr/lib/gcc/x86_64-linux-gnu/7/../../../../lib/:/lib/x86_64-linux-gnu/:/lib/../lib/:/usr/lib/x86_64-linux-gnu/:/usr/lib/../lib/:/usr/lib/gcc/x86_64-linux-gnu/7/../../../:/lib/:/usr/lib/]
  ignore line: [COLLECT_GCC_OPTIONS='-v' '-rdynamic' '-o' 'cmTC_e8191' '-mtune=generic' '-march=x86-64']
  link line: [ /usr/lib/gcc/x86_64-linux-gnu/7/collect2 -plugin /usr/lib/gcc/x86_64-linux-gnu/7/liblto_plugin.so -plugin-opt=/usr/lib/gcc/x86_64-linux-gnu/7/lto-wrapper -plugin-opt=-fresolution=/tmp/ccz1RG35.res -plugin-opt=-pass-through=-lgcc -plugin-opt=-pass-through=-lgcc_s -plugin-opt=-pass-through=-lc -plugin-opt=-pass-through=-lgcc -plugin-opt=-pass-through=-lgcc_s --build-id --eh-frame-hdr -m elf_x86_64 --hash-style=gnu --as-needed -export-dynamic -dynamic-linker /lib64/ld-linux-x86-64.so.2 -pie -z now -z relro -o cmTC_e8191 /usr/lib/gcc/x86_64-linux-gnu/7/../../../x86_64-linux-gnu/Scrt1.o /usr/lib/gcc/x86_64-linux-gnu/7/../../../x86_64-linux-gnu/crti.o /usr/lib/gcc/x86_64-linux-gnu/7/crtbeginS.o -L/usr/lib/gcc/x86_64-linux-gnu/7 -L/usr/lib/gcc/x86_64-linux-gnu/7/../../../x86_64-linux-gnu -L/usr/lib/gcc/x86_64-linux-gnu/7/../../../../lib -L/lib/x86_64-linux-gnu -L/lib/../lib -L/usr/lib/x86_64-linux-gnu -L/usr/lib/../lib -L/usr/lib/gcc/x86_64-linux-gnu/7/../../.. CMakeFiles/cmTC_e8191.dir/CMakeCCompilerABI.c.o -lgcc --push-state --as-needed -lgcc_s --pop-state -lc -lgcc --push-state --as-needed -lgcc_s --pop-state /usr/lib/gcc/x86_64-linux-gnu/7/crtendS.o /usr/lib/gcc/x86_64-linux-gnu/7/../../../x86_64-linux-gnu/crtn.o]
    arg [/usr/lib/gcc/x86_64-linux-gnu/7/collect2] ==> ignore
    arg [-plugin] ==> ignore
    arg [/usr/lib/gcc/x86_64-linux-gnu/7/liblto_plugin.so] ==> ignore
    arg [-plugin-opt=/usr/lib/gcc/x86_64-linux-gnu/7/lto-wrapper] ==> ignore
    arg [-plugin-opt=-fresolution=/tmp/ccz1RG35.res] ==> ignore
    arg [-plugin-opt=-pass-through=-lgcc] ==> ignore
    arg [-plugin-opt=-pass-through=-lgcc_s] ==> ignore
    arg [-plugin-opt=-pass-through=-lc] ==> ignore
    arg [-plugin-opt=-pass-through=-lgcc] ==> ignore
    arg [-plugin-opt=-pass-through=-lgcc_s] ==> ignore
    arg [--build-id] ==> ignore
    arg [--eh-frame-hdr] ==> ignore
    arg [-m] ==> ignore
    arg [elf_x86_64] ==> ignore
    arg [--hash-style=gnu] ==> ignore
    arg [--as-needed] ==> ignore
    arg [-export-dynamic] ==> ignore
    arg [-dynamic-linker] ==> ignore
    arg [/lib64/ld-linux-x86-64.so.2] ==> ignore
    arg [-pie] ==> ignore
    arg [-znow] ==> ignore
    arg [-zrelro] ==> ignore
    arg [-o] ==> ignore
    arg [cmTC_e8191] ==> ignore
    arg [/usr/lib/gcc/x86_64-linux-gnu/7/../../../x86_64-linux-gnu/Scrt1.o] ==> obj [/usr/lib/gcc/x86_64-linux-gnu/7/../../../x86_64-linux-gnu/Scrt1.o]
    arg [/usr/lib/gcc/x86_64-linux-gnu/7/../../../x86_64-linux-gnu/crti.o] ==> obj [/usr/lib/gcc/x86_64-linux-gnu/7/../../../x86_64-linux-gnu/crti.o]
    arg [/usr/lib/gcc/x86_64-linux-gnu/7/crtbeginS.o] ==> obj [/usr/lib/gcc/x86_64-linux-gnu/7/crtbeginS.o]
    arg [-L/usr/lib/gcc/x86_64-linux-gnu/7] ==> dir [/usr/lib/gcc/x86_64-linux-gnu/7]
    arg [-L/usr/lib/gcc/x86_64-linux-gnu/7/../../../x86_64-linux-gnu] ==> dir [/usr/lib/gcc/x86_64-linux-gnu/7/../../../x86_64-linux-gnu]
    arg [-L/usr/lib/gcc/x86_64-linux-gnu/7/../../../../lib] ==> dir [/usr/lib/gcc/x86_64-linux-gnu/7/../../../../lib]
    arg [-L/lib/x86_64-linux-gnu] ==> dir [/lib/x86_64-linux-gnu]
    arg [-L/lib/../lib] ==> dir [/lib/../lib]
    arg [-L/usr/lib/x86_64-linux-gnu] ==> dir [/usr/lib/x86_64-linux-gnu]
    arg [-L/usr/lib/../lib] ==> dir [/usr/lib/../lib]
    arg [-L/usr/lib/gcc/x86_64-linux-gnu/7/../../..] ==> dir [/usr/lib/gcc/x86_64-linux-gnu/7/../../..]
    arg [CMakeFiles/cmTC_e8191.dir/CMakeCCompilerABI.c.o] ==> ignore
    arg [-lgcc] ==> lib [gcc]
    arg [--push-state] ==> ignore
    arg [--as-needed] ==> ignore
    arg [-lgcc_s] ==> lib [gcc_s]
    arg [--pop-state] ==> ignore
    arg [-lc] ==> lib [c]
    arg [-lgcc] ==> lib [gcc]
    arg [--push-state] ==> ignore
    arg [--as-needed] ==> ignore
    arg [-lgcc_s] ==> lib [gcc_s]
    arg [--pop-state] ==> ignore
    arg [/usr/lib/gcc/x86_64-linux-gnu/7/crtendS.o] ==> obj [/usr/lib/gcc/x86_64-linux-gnu/7/crtendS.o]
    arg [/usr/lib/gcc/x86_64-linux-gnu/7/../../../x86_64-linux-gnu/crtn.o] ==> obj [/usr/lib/gcc/x86_64-linux-gnu/7/../../../x86_64-linux-gnu/crtn.o]
  collapse obj [/usr/lib/gcc/x86_64-linux-gnu/7/../../../x86_64-linux-gnu/Scrt1.o] ==> [/usr/lib/x86_64-linux-gnu/Scrt1.o]
  collapse obj [/usr/lib/gcc/x86_64-linux-gnu/7/../../../x86_64-linux-gnu/crti.o] ==> [/usr/lib/x86_64-linux-gnu/crti.o]
  collapse obj [/usr/lib/gcc/x86_64-linux-gnu/7/../../../x86_64-linux-gnu/crtn.o] ==> [/usr/lib/x86_64-linux-gnu/crtn.o]
  collapse library dir [/usr/lib/gcc/x86_64-linux-gnu/7] ==> [/usr/lib/gcc/x86_64-linux-gnu/7]
  collapse library dir [/usr/lib/gcc/x86_64-linux-gnu/7/../../../x86_64-linux-gnu] ==> [/usr/lib/x86_64-linux-gnu]
  collapse library dir [/usr/lib/gcc/x86_64-linux-gnu/7/../../../../lib] ==> [/usr/lib]
  collapse library dir [/lib/x86_64-linux-gnu] ==> [/lib/x86_64-linux-gnu]
  collapse library dir [/lib/../lib] ==> [/lib]
  collapse library dir [/usr/lib/x86_64-linux-gnu] ==> [/usr/lib/x86_64-linux-gnu]
  collapse library dir [/usr/lib/../lib] ==> [/usr/lib]
  collapse library dir [/usr/lib/gcc/x86_64-linux-gnu/7/../../..] ==> [/usr/lib]
  implicit libs: [gcc;gcc_s;c;gcc;gcc_s]
  implicit objs: [/usr/lib/x86_64-linux-gnu/Scrt1.o;/usr/lib/x86_64-linux-gnu/crti.o;/usr/lib/gcc/x86_64-linux-gnu/7/crtbeginS.o;/usr/lib/gcc/x86_64-linux-gnu/7/crtendS.o;/usr/lib/x86_64-linux-gnu/crtn.o]
  implicit dirs: [/usr/lib/gcc/x86_64-linux-gnu/7;/usr/lib/x86_64-linux-gnu;/usr/lib;/lib/x86_64-linux-gnu;/lib]
  implicit fwks: []


Determining if the include file sys/resource.h exists passed with the following output:
Change Dir: /home/aaa/fp-solver/json-c/build/CMakeFiles/CMakeTmp

Run Build Command(s):/usr/bin/make -f Makefile cmTC_61272/fast && /usr/bin/make  -f CMakeFiles/cmTC_61272.dir/build.make CMakeFiles/cmTC_61272.dir/build
make[1]: Entering directory '/home/aaa/fp-solver/json-c/build/CMakeFiles/CMakeTmp'
Building C object CMakeFiles/cmTC_61272.dir/CheckIncludeFile.c.o
/usr/bin/cc    -o CMakeFiles/cmTC_61272.dir/CheckIncludeFile.c.o -c /home/aaa/fp-solver/json-c/build/CMakeFiles/CMakeTmp/CheckIncludeFile.c
Linking C executable cmTC_61272
/usr/local/bin/cmake -E cmake_link_script CMakeFiles/cmTC_61272.dir/link.txt --verbose=1
/usr/bin/cc -rdynamic CMakeFiles/cmTC_61272.dir/CheckIncludeFile.c.o -o cmTC_61272 
make[1]: Leaving directory '/home/aaa/fp-solver/json-c/build/CMakeFiles/CMakeTmp'



Determining if the getrusage exist passed with the following output:
Change Dir: /home/aaa/fp-solver/json-c/build/CMakeFiles/CMakeTmp

Run Build Command(s):/usr/bin/make -f Makefile cmTC_194ac/fast && /usr/bin/make  -f CMakeFiles/cmTC_194ac.dir/build.make CMakeFiles/cmTC_194ac.dir/build
make[1]: Entering directory '/home/aaa/fp-solver/json-c/build/CMakeFiles/CMakeTmp'
Building C object CMakeFiles/cmTC_194ac.dir/CheckSymbolExists.c.o
/usr/bin/cc    -o CMakeFiles/cmTC_194ac.dir/CheckSymbolExists.c.o -c /home/aaa/fp-solver/json-c/build/CMakeFiles/CMakeTmp/CheckSymbolExists.c
Linking C executable cmTC_194ac
/usr/local/bin/cmake -E cmake_link_script CMakeFiles/cmTC_194ac.dir/link.txt --verbose=1
/usr/bin/cc -rdynamic CMakeFiles/cmTC_194ac.dir/CheckSymbolExists.c.o -o cmTC_194ac 
make[1]: Leaving directory '/home/aaa/fp-solver/json-c/build/CMakeFiles/CMakeTmp'


File /home/aaa/fp-solver/json-c/build/CMakeFiles/CMakeTmp/CheckSymbolExists.c:
/* */
#include <sys/resource.h>

int main(int argc, char** argv)
{
  (void)argv;
#ifndef getrusage
  return ((int*)(&getrusage))[argc];
#else
  (void)argc;
  return 0;
#endif
}
Determining if the include file fcntl.h exists passed with the following output:
Change Dir: /home/aaa/fp-solver/json-c/build/CMakeFiles/CMakeTmp

Run Build Command(s):/usr/bin/make -f Makefile cmTC_ad8e3/fast && /usr/bin/make  -f CMakeFiles/cmTC_ad8e3.dir/build.make CMakeFiles/cmTC_ad8e3.dir/build
make[1]: Entering directory '/home/aaa/fp-solver/json-c/build/CMakeFiles/CMakeTmp'
Building C object CMakeFiles/cmTC_ad8e3.dir/CheckIncludeFile.c.o
/usr/bin/cc -D_GNU_SOURCE  -fPIE -o CMakeFiles/cmTC_ad8e3.dir/CheckIncludeFile.c.o -c /home/aaa/fp-solver/json-c/build/CMakeFiles/CMakeTmp/CheckIncludeFile.c
Linking C executable cmTC_ad8e3
/usr/local/bin/cmake -E cmake_link_script CMakeFiles/cmTC_ad8e3.dir/link.txt --verbose=1
/usr/bin/cc -rdynamic CMakeFiles/cmTC_ad8e3.dir/CheckIncludeFile.c.o -o cmTC_ad8e3  -lm 
make[1]: Leaving directory '/home/aaa/fp-solver/json-c/build/CMakeFiles/CMakeTmp'



Determining if the include file inttypes.h exists passed with the following output:
Change Dir: /home/aaa/fp-solver/json-c/build/CMakeFiles/CMakeTmp

Run Build Command(s):/usr/bin/make -f Makefile cmTC_a104d/fast && /usr/bin/make  -f CMakeFiles/cmTC_a104d.dir/build.make CMakeFiles/cmTC_a104d.dir/build
make[1]: Entering directory '/home/aaa/fp-solver/json-c/build/CMakeFiles/CMakeTmp'
Building C object CMakeFiles/cmTC_a104d.dir/CheckIncludeFile.c.o
/usr/bin/cc -D_GNU_SOURCE  -fPIE -o CMakeFiles/cmTC_a104d.dir/CheckIncludeFile.c.o -c /home/aaa/fp-solver/json-c/build/CMakeFiles/CMakeTmp/CheckIncludeFile.c
Linking C executable cmTC_a104d
/usr/local/bin/cmake -E cmake_link_script CMakeFiles/cmTC_a104d.dir/link.txt --verbose=1
/usr/bin/cc -rdynamic CMakeFiles/cmTC_a104d.dir/CheckIncludeFile.c.o -o cmTC_a104d  -lm 
make[1]: Leaving directory '/home/aaa/fp-solver/json-c/build/CMakeFiles/CMakeTmp'



Determining if the include file stdarg.h exists passed with the following output:
Change Dir: /home/aaa/fp-solver/json-c/build/CMakeFiles/CMakeTmp

Run Build Command(s):/usr/bin/make -f Makefile cmTC_27ce9/fast && /usr/bin/make  -f CMakeFiles/cmTC_27ce9.dir/build.make CMakeFiles/cmTC_27ce9.dir/build
make[1]: Entering directory '/home/aaa/fp-solver/json-c/build/CMakeFiles/CMakeTmp'
Building C object CMakeFiles/cmTC_27ce9.dir/CheckIncludeFile.c.o
/usr/bin/cc -D_GNU_SOURCE  -fPIE -o CMakeFiles/cmTC_27ce9.dir/CheckIncludeFile.c.o -c /home/aaa/fp-solver/json-c/build/CMakeFiles/CMakeTmp/CheckIncludeFile.c
Linking C executable cmTC_27ce9
/usr/local/bin/cmake -E cmake_link_script CMakeFiles/cmTC_27ce9.dir/link.txt --verbose=1
/usr/bin/cc -rdynamic CMakeFiles/cmTC_27ce9.dir/CheckIncludeFile.c.o -o cmTC_27ce9  -lm 
make[1]: Leaving directory '/home/aaa/fp-solver/json-c/build/CMakeFiles/CMakeTmp'



Determining if the include file strings.h exists passed with the following output:
Change Dir: /home/aaa/fp-solver/json-c/build/CMakeFiles/CMakeTmp

Run Build Command(s):/usr/bin/make -f Makefile cmTC_aeca8/fast && /usr/bin/make  -f CMakeFiles/cmTC_aeca8.dir/build.make CMakeFiles/cmTC_aeca8.dir/build
make[1]: Entering directory '/home/aaa/fp-solver/json-c/build/CMakeFiles/CMakeTmp'
Building C object CMakeFiles/cmTC_aeca8.dir/CheckIncludeFile.c.o
/usr/bin/cc -D_GNU_SOURCE  -fPIE -o CMakeFiles/cmTC_aeca8.dir/CheckIncludeFile.c.o -c /home/aaa/fp-solver/json-c/build/CMakeFiles/CMakeTmp/CheckIncludeFile.c
Linking C executable cmTC_aeca8
/usr/local/bin/cmake -E cmake_link_script CMakeFiles/cmTC_aeca8.dir/link.txt --verbose=1
/usr/bin/cc -rdynamic CMakeFiles/cmTC_aeca8.dir/CheckIncludeFile.c.o -o cmTC_aeca8  -lm 
make[1]: Leaving directory '/home/aaa/fp-solver/json-c/build/CMakeFiles/CMakeTmp'



Determining if the include file string.h exists passed with the following output:
Change Dir: /home/aaa/fp-solver/json-c/build/CMakeFiles/CMakeTmp

Run Build Command(s):/usr/bin/make -f Makefile cmTC_01702/fast && /usr/bin/make  -f CMakeFiles/cmTC_01702.dir/build.make CMakeFiles/cmTC_01702.dir/build
make[1]: Entering directory '/home/aaa/fp-solver/json-c/build/CMakeFiles/CMakeTmp'
Building C object CMakeFiles/cmTC_01702.dir/CheckIncludeFile.c.o
/usr/bin/cc -D_GNU_SOURCE  -fPIE -o CMakeFiles/cmTC_01702.dir/CheckIncludeFile.c.o -c /home/aaa/fp-solver/json-c/build/CMakeFiles/CMakeTmp/CheckIncludeFile.c
Linking C executable cmTC_01702
/usr/local/bin/cmake -E cmake_link_script CMakeFiles/cmTC_01702.dir/link.txt --verbose=1
/usr/bin/cc -rdynamic CMakeFiles/cmTC_01702.dir/CheckIncludeFile.c.o -o cmTC_01702  -lm 
make[1]: Leaving directory '/home/aaa/fp-solver/json-c/build/CMakeFiles/CMakeTmp'



Determining if the include file syslog.h exists passed with the following output:
Change Dir: /home/aaa/fp-solver/json-c/build/CMakeFiles/CMakeTmp

Run Build Command(s):/usr/bin/make -f Makefile cmTC_fbf83/fast && /usr/bin/make  -f CMakeFiles/cmTC_fbf83.dir/build.make CMakeFiles/cmTC_fbf83.dir/build
make[1]: Entering directory '/home/aaa/fp-solver/json-c/build/CMakeFiles/CMakeTmp'
Building C object CMakeFiles/cmTC_fbf83.dir/CheckIncludeFile.c.o
/usr/bin/cc -D_GNU_SOURCE  -fPIE -o CMakeFiles/cmTC_fbf83.dir/CheckIncludeFile.c.o -c /home/aaa/fp-solver/json-c/build/CMakeFiles/CMakeTmp/CheckIncludeFile.c
Linking C executable cmTC_fbf83
/usr/local/bin/cmake -E cmake_link_script CMakeFiles/cmTC_fbf83.dir/link.txt --verbose=1
/usr/bin/cc -rdynamic CMakeFiles/cmTC_fbf83.dir/CheckIncludeFile.c.o -o cmTC_fbf83  -lm 
make[1]: Leaving directory '/home/aaa/fp-solver/json-c/build/CMakeFiles/CMakeTmp'



Determining if files stdlib.h;stdarg.h;string.h;float.h exist passed with the following output:
Change Dir: /home/aaa/fp-solver/json-c/build/CMakeFiles/CMakeTmp

Run Build Command(s):/usr/bin/make -f Makefile cmTC_44956/fast && /usr/bin/make  -f CMakeFiles/cmTC_44956.dir/build.make CMakeFiles/cmTC_44956.dir/build
make[1]: Entering directory '/home/aaa/fp-solver/json-c/build/CMakeFiles/CMakeTmp'
Building C object CMakeFiles/cmTC_44956.dir/STDC_HEADERS.c.o
/usr/bin/cc -D_GNU_SOURCE  -fPIE -o CMakeFiles/cmTC_44956.dir/STDC_HEADERS.c.o -c /home/aaa/fp-solver/json-c/build/CMakeFiles/CheckIncludeFiles/STDC_HEADERS.c
Linking C executable cmTC_44956
/usr/local/bin/cmake -E cmake_link_script CMakeFiles/cmTC_44956.dir/link.txt --verbose=1
/usr/bin/cc -rdynamic CMakeFiles/cmTC_44956.dir/STDC_HEADERS.c.o -o cmTC_44956  -lm 
make[1]: Leaving directory '/home/aaa/fp-solver/json-c/build/CMakeFiles/CMakeTmp'



Determining if the include file unistd.h exists passed with the following output:
Change Dir: /home/aaa/fp-solver/json-c/build/CMakeFiles/CMakeTmp

Run Build Command(s):/usr/bin/make -f Makefile cmTC_6644f/fast && /usr/bin/make  -f CMakeFiles/cmTC_6644f.dir/build.make CMakeFiles/cmTC_6644f.dir/build
make[1]: Entering directory '/home/aaa/fp-solver/json-c/build/CMakeFiles/CMakeTmp'
Building C object CMakeFiles/cmTC_6644f.dir/CheckIncludeFile.c.o
/usr/bin/cc -D_GNU_SOURCE  -fPIE -o CMakeFiles/cmTC_6644f.dir/CheckIncludeFile.c.o -c /home/aaa/fp-solver/json-c/build/CMakeFiles/CMakeTmp/CheckIncludeFile.c
Linking C executable cmTC_6644f
/usr/local/bin/cmake -E cmake_link_script CMakeFiles/cmTC_6644f.dir/link.txt --verbose=1
/usr/bin/cc -rdynamic CMakeFiles/cmTC_6644f.dir/CheckIncludeFile.c.o -o cmTC_6644f  -lm 
make[1]: Leaving directory '/home/aaa/fp-solver/json-c/build/CMakeFiles/CMakeTmp'



Determining if the include file sys/types.h exists passed with the following output:
Change Dir: /home/aaa/fp-solver/json-c/build/CMakeFiles/CMakeTmp

Run Build Command(s):/usr/bin/make -f Makefile cmTC_d986c/fast && /usr/bin/make  -f CMakeFiles/cmTC_d986c.dir/build.make CMakeFiles/cmTC_d986c.dir/build
make[1]: Entering directory '/home/aaa/fp-solver/json-c/build/CMakeFiles/CMakeTmp'
Building C object CMakeFiles/cmTC_d986c.dir/CheckIncludeFile.c.o
/usr/bin/cc -D_GNU_SOURCE  -fPIE -o CMakeFiles/cmTC_d986c.dir/CheckIncludeFile.c.o -c /home/aaa/fp-solver/json-c/build/CMakeFiles/CMakeTmp/CheckIncludeFile.c
Linking C executable cmTC_d986c
/usr/local/bin/cmake -E cmake_link_script CMakeFiles/cmTC_d986c.dir/link.txt --verbose=1
/usr/bin/cc -rdynamic CMakeFiles/cmTC_d986c.dir/CheckIncludeFile.c.o -o cmTC_d986c  -lm 
make[1]: Leaving directory '/home/aaa/fp-solver/json-c/build/CMakeFiles/CMakeTmp'



Determining if the include file dlfcn.h exists passed with the following output:
Change Dir: /home/aaa/fp-solver/json-c/build/CMakeFiles/CMakeTmp

Run Build Command(s):/usr/bin/make -f Makefile cmTC_8cf95/fast && /usr/bin/make  -f CMakeFiles/cmTC_8cf95.dir/build.make CMakeFiles/cmTC_8cf95.dir/build
make[1]: Entering directory '/home/aaa/fp-solver/json-c/build/CMakeFiles/CMakeTmp'
Building C object CMakeFiles/cmTC_8cf95.dir/CheckIncludeFile.c.o
/usr/bin/cc -D_GNU_SOURCE  -fPIE -o CMakeFiles/cmTC_8cf95.dir/CheckIncludeFile.c.o -c /home/aaa/fp-solver/json-c/build/CMakeFiles/CMakeTmp/CheckIncludeFile.c
Linking C executable cmTC_8cf95
/usr/local/bin/cmake -E cmake_link_script CMakeFiles/cmTC_8cf95.dir/link.txt --verbose=1
/usr/bin/cc -rdynamic CMakeFiles/cmTC_8cf95.dir/CheckIncludeFile.c.o -o cmTC_8cf95  -lm 
make[1]: Leaving directory '/home/aaa/fp-solver/json-c/build/CMakeFiles/CMakeTmp'



Determining if the include file endian.h exists passed with the following output:
Change Dir: /home/aaa/fp-solver/json-c/build/CMakeFiles/CMakeTmp

Run Build Command(s):/usr/bin/make -f Makefile cmTC_2ed2e/fast && /usr/bin/make  -f CMakeFiles/cmTC_2ed2e.dir/build.make CMakeFiles/cmTC_2ed2e.dir/build
make[1]: Entering directory '/home/aaa/fp-solver/json-c/build/CMakeFiles/CMakeTmp'
Building C object CMakeFiles/cmTC_2ed2e.dir/CheckIncludeFile.c.o
/usr/bin/cc -D_GNU_SOURCE  -fPIE -o CMakeFiles/cmTC_2ed2e.dir/CheckIncludeFile.c.o -c /home/aaa/fp-solver/json-c/build/CMakeFiles/CMakeTmp/CheckIncludeFile.c
Linking C executable cmTC_2ed2e
/usr/local/bin/cmake -E cmake_link_script CMakeFiles/cmTC_2ed2e.dir/link.txt --verbose=1
/usr/bin/cc -rdynamic CMakeFiles/cmTC_2ed2e.dir/CheckIncludeFile.c.o -o cmTC_2ed2e  -lm 
make[1]: Leaving directory '/home/aaa/fp-solver/json-c/build/CMakeFiles/CMakeTmp'



Determining if the include file limits.h exists passed with the following output:
Change Dir: /home/aaa/fp-solver/json-c/build/CMakeFiles/CMakeTmp

Run Build Command(s):/usr/bin/make -f Makefile cmTC_a04bf/fast && /usr/bin/make  -f CMakeFiles/cmTC_a04bf.dir/build.make CMakeFiles/cmTC_a04bf.dir/build
make[1]: Entering directory '/home/aaa/fp-solver/json-c/build/CMakeFiles/CMakeTmp'
Building C object CMakeFiles/cmTC_a04bf.dir/CheckIncludeFile.c.o
/usr/bin/cc -D_GNU_SOURCE  -fPIE -o CMakeFiles/cmTC_a04bf.dir/CheckIncludeFile.c.o -c /home/aaa/fp-solver/json-c/build/CMakeFiles/CMakeTmp/CheckIncludeFile.c
Linking C executable cmTC_a04bf
/usr/local/bin/cmake -E cmake_link_script CMakeFiles/cmTC_a04bf.dir/link.txt --verbose=1
/usr/bin/cc -rdynamic CMakeFiles/cmTC_a04bf.dir/CheckIncludeFile.c.o -o cmTC_a04bf  -lm 
make[1]: Leaving directory '/home/aaa/fp-solver/json-c/build/CMakeFiles/CMakeTmp'



Determining if the include file locale.h exists passed with the following output:
Change Dir: /home/aaa/fp-solver/json-c/build/CMakeFiles/CMakeTmp

Run Build Command(s):/usr/bin/make -f Makefile cmTC_791cb/fast && /usr/bin/make  -f CMakeFiles/cmTC_791cb.dir/build.make CMakeFiles/cmTC_791cb.dir/build
make[1]: Entering directory '/home/aaa/fp-solver/json-c/build/CMakeFiles/CMakeTmp'
Building C object CMakeFiles/cmTC_791cb.dir/CheckIncludeFile.c.o
/usr/bin/cc -D_GNU_SOURCE  -fPIE -o CMakeFiles/cmTC_791cb.dir/CheckIncludeFile.c.o -c /home/aaa/fp-solver/json-c/build/CMakeFiles/CMakeTmp/CheckIncludeFile.c
Linking C executable cmTC_791cb
/usr/local/bin/cmake -E cmake_link_script CMakeFiles/cmTC_791cb.dir/link.txt --verbose=1
/usr/bin/cc -rdynamic CMakeFiles/cmTC_791cb.dir/CheckIncludeFile.c.o -o cmTC_791cb  -lm 
make[1]: Leaving directory '/home/aaa/fp-solver/json-c/build/CMakeFiles/CMakeTmp'



Determining if the include file memory.h exists passed with the following output:
Change Dir: /home/aaa/fp-solver/json-c/build/CMakeFiles/CMakeTmp

Run Build Command(s):/usr/bin/make -f Makefile cmTC_515b4/fast && /usr/bin/make  -f CMakeFiles/cmTC_515b4.dir/build.make CMakeFiles/cmTC_515b4.dir/build
make[1]: Entering directory '/home/aaa/fp-solver/json-c/build/CMakeFiles/CMakeTmp'
Building C object CMakeFiles/cmTC_515b4.dir/CheckIncludeFile.c.o
/usr/bin/cc -D_GNU_SOURCE  -fPIE -o CMakeFiles/cmTC_515b4.dir/CheckIncludeFile.c.o -c /home/aaa/fp-solver/json-c/build/CMakeFiles/CMakeTmp/CheckIncludeFile.c
Linking C executable cmTC_515b4
/usr/local/bin/cmake -E cmake_link_script CMakeFiles/cmTC_515b4.dir/link.txt --verbose=1
/usr/bin/cc -rdynamic CMakeFiles/cmTC_515b4.dir/CheckIncludeFile.c.o -o cmTC_515b4  -lm 
make[1]: Leaving directory '/home/aaa/fp-solver/json-c/build/CMakeFiles/CMakeTmp'



Determining if the include file stdint.h exists passed with the following output:
Change Dir: /home/aaa/fp-solver/json-c/build/CMakeFiles/CMakeTmp

Run Build Command(s):/usr/bin/make -f Makefile cmTC_8d91d/fast && /usr/bin/make  -f CMakeFiles/cmTC_8d91d.dir/build.make CMakeFiles/cmTC_8d91d.dir/build
make[1]: Entering directory '/home/aaa/fp-solver/json-c/build/CMakeFiles/CMakeTmp'
Building C object CMakeFiles/cmTC_8d91d.dir/CheckIncludeFile.c.o
/usr/bin/cc -D_GNU_SOURCE  -fPIE -o CMakeFiles/cmTC_8d91d.dir/CheckIncludeFile.c.o -c /home/aaa/fp-solver/json-c/build/CMakeFiles/CMakeTmp/CheckIncludeFile.c
Linking C executable cmTC_8d91d
/usr/local/bin/cmake -E cmake_link_script CMakeFiles/cmTC_8d91d.dir/link.txt --verbose=1
/usr/bin/cc -rdynamic CMakeFiles/cmTC_8d91d.dir/CheckIncludeFile.c.o -o cmTC_8d91d  -lm 
make[1]: Leaving directory '/home/aaa/fp-solver/json-c/build/CMakeFiles/CMakeTmp'



Determining if the include file stdlib.h exists passed with the following output:
Change Dir: /home/aaa/fp-solver/json-c/build/CMakeFiles/CMakeTmp

Run Build Command(s):/usr/bin/make -f Makefile cmTC_edb65/fast && /usr/bin/make  -f CMakeFiles/cmTC_edb65.dir/build.make CMakeFiles/cmTC_edb65.dir/build
make[1]: Entering directory '/home/aaa/fp-solver/json-c/build/CMakeFiles/CMakeTmp'
Building C object CMakeFiles/cmTC_edb65.dir/CheckIncludeFile.c.o
/usr/bin/cc -D_GNU_SOURCE  -fPIE -o CMakeFiles/cmTC_edb65.dir/CheckIncludeFile.c.o -c /home/aaa/fp-solver/json-c/build/CMakeFiles/CMakeTmp/CheckIncludeFile.c
Linking C executable cmTC_edb65
/usr/local/bin/cmake -E cmake_link_script CMakeFiles/cmTC_edb65.dir/link.txt --verbose=1
/usr/bin/cc -rdynamic CMakeFiles/cmTC_edb65.dir/CheckIncludeFile.c.o -o cmTC_edb65  -lm 
make[1]: Leaving directory '/home/aaa/fp-solver/json-c/build/CMakeFiles/CMakeTmp'



Determining if the include file sys/cdefs.h exists passed with the following output:
Change Dir: /home/aaa/fp-solver/json-c/build/CMakeFiles/CMakeTmp

Run Build Command(s):/usr/bin/make -f Makefile cmTC_b6acf/fast && /usr/bin/make  -f CMakeFiles/cmTC_b6acf.dir/build.make CMakeFiles/cmTC_b6acf.dir/build
make[1]: Entering directory '/home/aaa/fp-solver/json-c/build/CMakeFiles/CMakeTmp'
Building C object CMakeFiles/cmTC_b6acf.dir/CheckIncludeFile.c.o
/usr/bin/cc -D_GNU_SOURCE  -fPIE -o CMakeFiles/cmTC_b6acf.dir/CheckIncludeFile.c.o -c /home/aaa/fp-solver/json-c/build/CMakeFiles/CMakeTmp/CheckIncludeFile.c
Linking C executable cmTC_b6acf
/usr/local/bin/cmake -E cmake_link_script CMakeFiles/cmTC_b6acf.dir/link.txt --verbose=1
/usr/bin/cc -rdynamic CMakeFiles/cmTC_b6acf.dir/CheckIncludeFile.c.o -o cmTC_b6acf  -lm 
make[1]: Leaving directory '/home/aaa/fp-solver/json-c/build/CMakeFiles/CMakeTmp'



Determining if the include file sys/param.h exists passed with the following output:
Change Dir: /home/aaa/fp-solver/json-c/build/CMakeFiles/CMakeTmp

Run Build Command(s):/usr/bin/make -f Makefile cmTC_71560/fast && /usr/bin/make  -f CMakeFiles/cmTC_71560.dir/build.make CMakeFiles/cmTC_71560.dir/build
make[1]: Entering directory '/home/aaa/fp-solver/json-c/build/CMakeFiles/CMakeTmp'
Building C object CMakeFiles/cmTC_71560.dir/CheckIncludeFile.c.o
/usr/bin/cc -D_GNU_SOURCE  -fPIE -o CMakeFiles/cmTC_71560.dir/CheckIncludeFile.c.o -c /home/aaa/fp-solver/json-c/build/CMakeFiles/CMakeTmp/CheckIncludeFile.c
Linking C executable cmTC_71560
/usr/local/bin/cmake -E cmake_link_script CMakeFiles/cmTC_71560.dir/link.txt --verbose=1
/usr/bin/cc -rdynamic CMakeFiles/cmTC_71560.dir/CheckIncludeFile.c.o -o cmTC_71560  -lm 
make[1]: Leaving directory '/home/aaa/fp-solver/json-c/build/CMakeFiles/CMakeTmp'



Determining if the include file sys/random.h exists passed with the following output:
Change Dir: /home/aaa/fp-solver/json-c/build/CMakeFiles/CMakeTmp

Run Build Command(s):/usr/bin/make -f Makefile cmTC_3ffb0/fast && /usr/bin/make  -f CMakeFiles/cmTC_3ffb0.dir/build.make CMakeFiles/cmTC_3ffb0.dir/build
make[1]: Entering directory '/home/aaa/fp-solver/json-c/build/CMakeFiles/CMakeTmp'
Building C object CMakeFiles/cmTC_3ffb0.dir/CheckIncludeFile.c.o
/usr/bin/cc -D_GNU_SOURCE  -fPIE -o CMakeFiles/cmTC_3ffb0.dir/CheckIncludeFile.c.o -c /home/aaa/fp-solver/json-c/build/CMakeFiles/CMakeTmp/CheckIncludeFile.c
Linking C executable cmTC_3ffb0
/usr/local/bin/cmake -E cmake_link_script CMakeFiles/cmTC_3ffb0.dir/link.txt --verbose=1
/usr/bin/cc -rdynamic CMakeFiles/cmTC_3ffb0.dir/CheckIncludeFile.c.o -o cmTC_3ffb0  -lm 
make[1]: Leaving directory '/home/aaa/fp-solver/json-c/build/CMakeFiles/CMakeTmp'



Determining if the include file sys/stat.h exists passed with the following output:
Change Dir: /home/aaa/fp-solver/json-c/build/CMakeFiles/CMakeTmp

Run Build Command(s):/usr/bin/make -f Makefile cmTC_04a43/fast && /usr/bin/make  -f CMakeFiles/cmTC_04a43.dir/build.make CMakeFiles/cmTC_04a43.dir/build
make[1]: Entering directory '/home/aaa/fp-solver/json-c/build/CMakeFiles/CMakeTmp'
Building C object CMakeFiles/cmTC_04a43.dir/CheckIncludeFile.c.o
/usr/bin/cc -D_GNU_SOURCE  -fPIE -o CMakeFiles/cmTC_04a43.dir/CheckIncludeFile.c.o -c /home/aaa/fp-solver/json-c/build/CMakeFiles/CMakeTmp/CheckIncludeFile.c
Linking C executable cmTC_04a43
/usr/local/bin/cmake -E cmake_link_script CMakeFiles/cmTC_04a43.dir/link.txt --verbose=1
/usr/bin/cc -rdynamic CMakeFiles/cmTC_04a43.dir/CheckIncludeFile.c.o -o cmTC_04a43  -lm 
make[1]: Leaving directory '/home/aaa/fp-solver/json-c/build/CMakeFiles/CMakeTmp'



Determining if the INFINITY exist passed with the following output:
Change Dir: /home/aaa/fp-solver/json-c/build/CMakeFiles/CMakeTmp

Run Build Command(s):/usr/bin/make -f Makefile cmTC_7f6b5/fast && /usr/bin/make  -f CMakeFiles/cmTC_7f6b5.dir/build.make CMakeFiles/cmTC_7f6b5.dir/build
make[1]: Entering directory '/home/aaa/fp-solver/json-c/build/CMakeFiles/CMakeTmp'
Building C object CMakeFiles/cmTC_7f6b5.dir/CheckSymbolExists.c.o
/usr/bin/cc -D_GNU_SOURCE  -fPIE -o CMakeFiles/cmTC_7f6b5.dir/CheckSymbolExists.c.o -c /home/aaa/fp-solver/json-c/build/CMakeFiles/CMakeTmp/CheckSymbolExists.c
Linking C executable cmTC_7f6b5
/usr/local/bin/cmake -E cmake_link_script CMakeFiles/cmTC_7f6b5.dir/link.txt --verbose=1
/usr/bin/cc -rdynamic CMakeFiles/cmTC_7f6b5.dir/CheckSymbolExists.c.o -o cmTC_7f6b5  -lm 
make[1]: Leaving directory '/home/aaa/fp-solver/json-c/build/CMakeFiles/CMakeTmp'


File /home/aaa/fp-solver/json-c/build/CMakeFiles/CMakeTmp/CheckSymbolExists.c:
/* */
#include <math.h>

int main(int argc, char** argv)
{
  (void)argv;
#ifndef INFINITY
  return ((int*)(&INFINITY))[argc];
#else
  (void)argc;
  return 0;
#endif
}
Determining if the isinf exist passed with the following output:
Change Dir: /home/aaa/fp-solver/json-c/build/CMakeFiles/CMakeTmp

Run Build Command(s):/usr/bin/make -f Makefile cmTC_81585/fast && /usr/bin/make  -f CMakeFiles/cmTC_81585.dir/build.make CMakeFiles/cmTC_81585.dir/build
make[1]: Entering directory '/home/aaa/fp-solver/json-c/build/CMakeFiles/CMakeTmp'
Building C object CMakeFiles/cmTC_81585.dir/CheckSymbolExists.c.o
/usr/bin/cc -D_GNU_SOURCE  -fPIE -o CMakeFiles/cmTC_81585.dir/CheckSymbolExists.c.o -c /home/aaa/fp-solver/json-c/build/CMakeFiles/CMakeTmp/CheckSymbolExists.c
Linking C executable cmTC_81585
/usr/local/bin/cmake -E cmake_link_script CMakeFiles/cmTC_81585.dir/link.txt --verbose=1
/usr/bin/cc -rdynamic CMakeFiles/cmTC_81585.dir/CheckSymbolExists.c.o -o cmTC_81585  -lm 
make[1]: Leaving directory '/home/aaa/fp-solver/json-c/build/CMakeFiles/CMakeTmp'


File /home/aaa/fp-solver/json-c/build/CMakeFiles/CMakeTmp/CheckSymbolExists.c:
/* */
#include <math.h>

int main(int argc, char** argv)
{
  (void)argv;
#ifndef isinf
  return ((int*)(&isinf))[argc];
#else
  (void)argc;
  return 0;
#endif
}
Determining if the isnan exist passed with the following output:
Change Dir: /home/aaa/fp-solver/json-c/build/CMakeFiles/CMakeTmp

Run Build Command(s):/usr/bin/make -f Makefile cmTC_1772e/fast && /usr/bin/make  -f CMakeFiles/cmTC_1772e.dir/build.make CMakeFiles/cmTC_1772e.dir/build
make[1]: Entering directory '/home/aaa/fp-solver/json-c/build/CMakeFiles/CMakeTmp'
Building C object CMakeFiles/cmTC_1772e.dir/CheckSymbolExists.c.o
/usr/bin/cc -D_GNU_SOURCE  -fPIE -o CMakeFiles/cmTC_1772e.dir/CheckSymbolExists.c.o -c /home/aaa/fp-solver/json-c/build/CMakeFiles/CMakeTmp/CheckSymbolExists.c
Linking C executable cmTC_1772e
/usr/local/bin/cmake -E cmake_link_script CMakeFiles/cmTC_1772e.dir/link.txt --verbose=1
/usr/bin/cc -rdynamic CMakeFiles/cmTC_1772e.dir/CheckSymbolExists.c.o -o cmTC_1772e  -lm 
make[1]: Leaving directory '/home/aaa/fp-solver/json-c/build/CMakeFiles/CMakeTmp'


File /home/aaa/fp-solver/json-c/build/CMakeFiles/CMakeTmp/CheckSymbolExists.c:
/* */
#include <math.h>

int main(int argc, char** argv)
{
  (void)argv;
#ifndef isnan
  return ((int*)(&isnan))[argc];
#else
  (void)argc;
  return 0;
#endif
}
Determining if the nan exist passed with the following output:
Change Dir: /home/aaa/fp-solver/json-c/build/CMakeFiles/CMakeTmp

Run Build Command(s):/usr/bin/make -f Makefile cmTC_b3b5d/fast && /usr/bin/make  -f CMakeFiles/cmTC_b3b5d.dir/build.make CMakeFiles/cmTC_b3b5d.dir/build
make[1]: Entering directory '/home/aaa/fp-solver/json-c/build/CMakeFiles/CMakeTmp'
Building C object CMakeFiles/cmTC_b3b5d.dir/CheckSymbolExists.c.o
/usr/bin/cc -D_GNU_SOURCE  -fPIE -o CMakeFiles/cmTC_b3b5d.dir/CheckSymbolExists.c.o -c /home/aaa/fp-solver/json-c/build/CMakeFiles/CMakeTmp/CheckSymbolExists.c
Linking C executable cmTC_b3b5d
/usr/local/bin/cmake -E cmake_link_script CMakeFiles/cmTC_b3b5d.dir/link.txt --verbose=1
/usr/bin/cc -rdynamic CMakeFiles/cmTC_b3b5d.dir/CheckSymbolExists.c.o -o cmTC_b3b5d  -lm 
make[1]: Leaving directory '/home/aaa/fp-solver/json-c/build/CMakeFiles/CMakeTmp'


File /home/aaa/fp-solver/json-c/build/CMakeFiles/CMakeTmp/CheckSymbolExists.c:
/* */
#include <math.h>

int main(int argc, char** argv)
{
  (void)argv;
#ifndef nan
  return ((int*)(&nan))[argc];
#else
  (void)argc;
  return 0;
#endif
}
Determining if the snprintf exist passed with the following output:
Change Dir: /home/aaa/fp-solver/json-c/build/CMakeFiles/CMakeTmp

Run Build Command(s):/usr/bin/make -f Makefile cmTC_0eee0/fast && /usr/bin/make  -f CMakeFiles/cmTC_0eee0.dir/build.make CMakeFiles/cmTC_0eee0.dir/build
make[1]: Entering directory '/home/aaa/fp-solver/json-c/build/CMakeFiles/CMakeTmp'
Building C object CMakeFiles/cmTC_0eee0.dir/CheckSymbolExists.c.o
/usr/bin/cc -D_GNU_SOURCE  -fPIE -o CMakeFiles/cmTC_0eee0.dir/CheckSymbolExists.c.o -c /home/aaa/fp-solver/json-c/build/CMakeFiles/CMakeTmp/CheckSymbolExists.c
Linking C executable cmTC_0eee0
/usr/local/bin/cmake -E cmake_link_script CMakeFiles/cmTC_0eee0.dir/link.txt --verbose=1
/usr/bin/cc -rdynamic CMakeFiles/cmTC_0eee0.dir/CheckSymbolExists.c.o -o cmTC_0eee0  -lm 
make[1]: Leaving directory '/home/aaa/fp-solver/json-c/build/CMakeFiles/CMakeTmp'


File /home/aaa/fp-solver/json-c/build/CMakeFiles/CMakeTmp/CheckSymbolExists.c:
/* */
#include <stdio.h>

int main(int argc, char** argv)
{
  (void)argv;
#ifndef snprintf
  return ((int*)(&snprintf))[argc];
#else
  (void)argc;
  return 0;
#endif
}
Determining if the vasprintf exist passed with the following output:
Change Dir: /home/aaa/fp-solver/json-c/build/CMakeFiles/CMakeTmp

Run Build Command(s):/usr/bin/make -f Makefile cmTC_7dac1/fast && /usr/bin/make  -f CMakeFiles/cmTC_7dac1.dir/build.make CMakeFiles/cmTC_7dac1.dir/build
make[1]: Entering directory '/home/aaa/fp-solver/json-c/build/CMakeFiles/CMakeTmp'
Building C object CMakeFiles/cmTC_7dac1.dir/CheckSymbolExists.c.o
/usr/bin/cc -D_GNU_SOURCE  -fPIE -o CMakeFiles/cmTC_7dac1.dir/CheckSymbolExists.c.o -c /home/aaa/fp-solver/json-c/build/CMakeFiles/CMakeTmp/CheckSymbolExists.c
Linking C executable cmTC_7dac1
/usr/local/bin/cmake -E cmake_link_script CMakeFiles/cmTC_7dac1.dir/link.txt --verbose=1
/usr/bin/cc -rdynamic CMakeFiles/cmTC_7dac1.dir/CheckSymbolExists.c.o -o cmTC_7dac1  -lm 
make[1]: Leaving directory '/home/aaa/fp-solver/json-c/build/CMakeFiles/CMakeTmp'


File /home/aaa/fp-solver/json-c/build/CMakeFiles/CMakeTmp/CheckSymbolExists.c:
/* */
#include <stdio.h>

int main(int argc, char** argv)
{
  (void)argv;
#ifndef vasprintf
  return ((int*)(&vasprintf))[argc];
#else
  (void)argc;
  return 0;
#endif
}
Determining if the vsnprintf exist passed with the following output:
Change Dir: /home/aaa/fp-solver/json-c/build/CMakeFiles/CMakeTmp

Run Build Command(s):/usr/bin/make -f Makefile cmTC_ef27d/fast && /usr/bin/make  -f CMakeFiles/cmTC_ef27d.dir/build.make CMakeFiles/cmTC_ef27d.dir/build
make[1]: Entering directory '/home/aaa/fp-solver/json-c/build/CMakeFiles/CMakeTmp'
Building C object CMakeFiles/cmTC_ef27d.dir/CheckSymbolExists.c.o
/usr/bin/cc -D_GNU_SOURCE  -fPIE -o CMakeFiles/cmTC_ef27d.dir/CheckSymbolExists.c.o -c /home/aaa/fp-solver/json-c/build/CMakeFiles/CMakeTmp/CheckSymbolExists.c
Linking C executable cmTC_ef27d
/usr/local/bin/cmake -E cmake_link_script CMakeFiles/cmTC_ef27d.dir/link.txt --verbose=1
/usr/bin/cc -rdynamic CMakeFiles/cmTC_ef27d.dir/CheckSymbolExists.c.o -o cmTC_ef27d  -lm 
make[1]: Leaving directory '/home/aaa/fp-solver/json-c/build/CMakeFiles/CMakeTmp'


File /home/aaa/fp-solver/json-c/build/CMakeFiles/CMakeTmp/CheckSymbolExists.c:
/* */
#include <stdio.h>

int main(int argc, char** argv)
{
  (void)argv;
#ifndef vsnprintf
  return ((int*)(&vsnprintf))[argc];
#else
  (void)argc;
  return 0;
#endif
}
Determining if the vprintf exist passed with the following output:
Change Dir: /home/aaa/fp-solver/json-c/build/CMakeFiles/CMakeTmp

Run Build Command(s):/usr/bin/make -f Makefile cmTC_898c3/fast && /usr/bin/make  -f CMakeFiles/cmTC_898c3.dir/build.make CMakeFiles/cmTC_898c3.dir/build
make[1]: Entering directory '/home/aaa/fp-solver/json-c/build/CMakeFiles/CMakeTmp'
Building C object CMakeFiles/cmTC_898c3.dir/CheckSymbolExists.c.o
/usr/bin/cc -D_GNU_SOURCE  -fPIE -o CMakeFiles/cmTC_898c3.dir/CheckSymbolExists.c.o -c /home/aaa/fp-solver/json-c/build/CMakeFiles/CMakeTmp/CheckSymbolExists.c
Linking C executable cmTC_898c3
/usr/local/bin/cmake -E cmake_link_script CMakeFiles/cmTC_898c3.dir/link.txt --verbose=1
/usr/bin/cc -rdynamic CMakeFiles/cmTC_898c3.dir/CheckSymbolExists.c.o -o cmTC_898c3  -lm 
make[1]: Leaving directory '/home/aaa/fp-solver/json-c/build/CMakeFiles/CMakeTmp'


File /home/aaa/fp-solver/json-c/build/CMakeFiles/CMakeTmp/CheckSymbolExists.c:
/* */
#include <stdio.h>

int main(int argc, char** argv)
{
  (void)argv;
#ifndef vprintf
  return ((int*)(&vprintf))[argc];
#else
  (void)argc;
  return 0;
#endif
}
Determining if the open exist passed with the following output:
Change Dir: /home/aaa/fp-solver/json-c/build/CMakeFiles/CMakeTmp

Run Build Command(s):/usr/bin/make -f Makefile cmTC_f3f90/fast && /usr/bin/make  -f CMakeFiles/cmTC_f3f90.dir/build.make CMakeFiles/cmTC_f3f90.dir/build
make[1]: Entering directory '/home/aaa/fp-solver/json-c/build/CMakeFiles/CMakeTmp'
Building C object CMakeFiles/cmTC_f3f90.dir/CheckSymbolExists.c.o
/usr/bin/cc -D_GNU_SOURCE  -fPIE -o CMakeFiles/cmTC_f3f90.dir/CheckSymbolExists.c.o -c /home/aaa/fp-solver/json-c/build/CMakeFiles/CMakeTmp/CheckSymbolExists.c
Linking C executable cmTC_f3f90
/usr/local/bin/cmake -E cmake_link_script CMakeFiles/cmTC_f3f90.dir/link.txt --verbose=1
/usr/bin/cc -rdynamic CMakeFiles/cmTC_f3f90.dir/CheckSymbolExists.c.o -o cmTC_f3f90  -lm 
make[1]: Leaving directory '/home/aaa/fp-solver/json-c/build/CMakeFiles/CMakeTmp'


File /home/aaa/fp-solver/json-c/build/CMakeFiles/CMakeTmp/CheckSymbolExists.c:
/* */
#include <fcntl.h>

int main(int argc, char** argv)
{
  (void)argv;
#ifndef open
  return ((int*)(&open))[argc];
#else
  (void)argc;
  return 0;
#endif
}
Determining if the realloc exist passed with the following output:
Change Dir: /home/aaa/fp-solver/json-c/build/CMakeFiles/CMakeTmp

Run Build Command(s):/usr/bin/make -f Makefile cmTC_efb7c/fast && /usr/bin/make  -f CMakeFiles/cmTC_efb7c.dir/build.make CMakeFiles/cmTC_efb7c.dir/build
make[1]: Entering directory '/home/aaa/fp-solver/json-c/build/CMakeFiles/CMakeTmp'
Building C object CMakeFiles/cmTC_efb7c.dir/CheckSymbolExists.c.o
/usr/bin/cc -D_GNU_SOURCE  -fPIE -o CMakeFiles/cmTC_efb7c.dir/CheckSymbolExists.c.o -c /home/aaa/fp-solver/json-c/build/CMakeFiles/CMakeTmp/CheckSymbolExists.c
Linking C executable cmTC_efb7c
/usr/local/bin/cmake -E cmake_link_script CMakeFiles/cmTC_efb7c.dir/link.txt --verbose=1
/usr/bin/cc -rdynamic CMakeFiles/cmTC_efb7c.dir/CheckSymbolExists.c.o -o cmTC_efb7c  -lm 
make[1]: Leaving directory '/home/aaa/fp-solver/json-c/build/CMakeFiles/CMakeTmp'


File /home/aaa/fp-solver/json-c/build/CMakeFiles/CMakeTmp/CheckSymbolExists.c:
/* */
#include <stdlib.h>

int main(int argc, char** argv)
{
  (void)argv;
#ifndef realloc
  return ((int*)(&realloc))[argc];
#else
  (void)argc;
  return 0;
#endif
}
Determining if the setlocale exist passed with the following output:
Change Dir: /home/aaa/fp-solver/json-c/build/CMakeFiles/CMakeTmp

Run Build Command(s):/usr/bin/make -f Makefile cmTC_b4d81/fast && /usr/bin/make  -f CMakeFiles/cmTC_b4d81.dir/build.make CMakeFiles/cmTC_b4d81.dir/build
make[1]: Entering directory '/home/aaa/fp-solver/json-c/build/CMakeFiles/CMakeTmp'
Building C object CMakeFiles/cmTC_b4d81.dir/CheckSymbolExists.c.o
/usr/bin/cc -D_GNU_SOURCE  -fPIE -o CMakeFiles/cmTC_b4d81.dir/CheckSymbolExists.c.o -c /home/aaa/fp-solver/json-c/build/CMakeFiles/CMakeTmp/CheckSymbolExists.c
Linking C executable cmTC_b4d81
/usr/local/bin/cmake -E cmake_link_script CMakeFiles/cmTC_b4d81.dir/link.txt --verbose=1
/usr/bin/cc -rdynamic CMakeFiles/cmTC_b4d81.dir/CheckSymbolExists.c.o -o cmTC_b4d81  -lm 
make[1]: Leaving directory '/home/aaa/fp-solver/json-c/build/CMakeFiles/CMakeTmp'


File /home/aaa/fp-solver/json-c/build/CMakeFiles/CMakeTmp/CheckSymbolExists.c:
/* */
#include <locale.h>

int main(int argc, char** argv)
{
  (void)argv;
#ifndef setlocale
  return ((int*)(&setlocale))[argc];
#else
  (void)argc;
  return 0;
#endif
}
Determining if the uselocale exist passed with the following output:
Change Dir: /home/aaa/fp-solver/json-c/build/CMakeFiles/CMakeTmp

Run Build Command(s):/usr/bin/make -f Makefile cmTC_0ecc0/fast && /usr/bin/make  -f CMakeFiles/cmTC_0ecc0.dir/build.make CMakeFiles/cmTC_0ecc0.dir/build
make[1]: Entering directory '/home/aaa/fp-solver/json-c/build/CMakeFiles/CMakeTmp'
Building C object CMakeFiles/cmTC_0ecc0.dir/CheckSymbolExists.c.o
/usr/bin/cc -D_GNU_SOURCE  -fPIE -o CMakeFiles/cmTC_0ecc0.dir/CheckSymbolExists.c.o -c /home/aaa/fp-solver/json-c/build/CMakeFiles/CMakeTmp/CheckSymbolExists.c
Linking C executable cmTC_0ecc0
/usr/local/bin/cmake -E cmake_link_script CMakeFiles/cmTC_0ecc0.dir/link.txt --verbose=1
/usr/bin/cc -rdynamic CMakeFiles/cmTC_0ecc0.dir/CheckSymbolExists.c.o -o cmTC_0ecc0  -lm 
make[1]: Leaving directory '/home/aaa/fp-solver/json-c/build/CMakeFiles/CMakeTmp'


File /home/aaa/fp-solver/json-c/build/CMakeFiles/CMakeTmp/CheckSymbolExists.c:
/* */
#include <locale.h>

int main(int argc, char** argv)
{
  (void)argv;
#ifndef uselocale
  return ((int*)(&uselocale))[argc];
#else
  (void)argc;
  return 0;
#endif
}
Determining if the strcasecmp exist passed with the following output:
Change Dir: /home/aaa/fp-solver/json-c/build/CMakeFiles/CMakeTmp

Run Build Command(s):/usr/bin/make -f Makefile cmTC_e9a1f/fast && /usr/bin/make  -f CMakeFiles/cmTC_e9a1f.dir/build.make CMakeFiles/cmTC_e9a1f.dir/build
make[1]: Entering directory '/home/aaa/fp-solver/json-c/build/CMakeFiles/CMakeTmp'
Building C object CMakeFiles/cmTC_e9a1f.dir/CheckSymbolExists.c.o
/usr/bin/cc -D_GNU_SOURCE  -fPIE -o CMakeFiles/cmTC_e9a1f.dir/CheckSymbolExists.c.o -c /home/aaa/fp-solver/json-c/build/CMakeFiles/CMakeTmp/CheckSymbolExists.c
Linking C executable cmTC_e9a1f
/usr/local/bin/cmake -E cmake_link_script CMakeFiles/cmTC_e9a1f.dir/link.txt --verbose=1
/usr/bin/cc -rdynamic CMakeFiles/cmTC_e9a1f.dir/CheckSymbolExists.c.o -o cmTC_e9a1f  -lm 
make[1]: Leaving directory '/home/aaa/fp-solver/json-c/build/CMakeFiles/CMakeTmp'


File /home/aaa/fp-solver/json-c/build/CMakeFiles/CMakeTmp/CheckSymbolExists.c:
/* */
#include <strings.h>

int main(int argc, char** argv)
{
  (void)argv;
#ifndef strcasecmp
  return ((int*)(&strcasecmp))[argc];
#else
  (void)argc;
  return 0;
#endif
}
Determining if the strncasecmp exist passed with the following output:
Change Dir: /home/aaa/fp-solver/json-c/build/CMakeFiles/CMakeTmp

Run Build Command(s):/usr/bin/make -f Makefile cmTC_acc01/fast && /usr/bin/make  -f CMakeFiles/cmTC_acc01.dir/build.make CMakeFiles/cmTC_acc01.dir/build
make[1]: Entering directory '/home/aaa/fp-solver/json-c/build/CMakeFiles/CMakeTmp'
Building C object CMakeFiles/cmTC_acc01.dir/CheckSymbolExists.c.o
/usr/bin/cc -D_GNU_SOURCE  -fPIE -o CMakeFiles/cmTC_acc01.dir/CheckSymbolExists.c.o -c /home/aaa/fp-solver/json-c/build/CMakeFiles/CMakeTmp/CheckSymbolExists.c
Linking C executable cmTC_acc01
/usr/local/bin/cmake -E cmake_link_script CMakeFiles/cmTC_acc01.dir/link.txt --verbose=1
/usr/bin/cc -rdynamic CMakeFiles/cmTC_acc01.dir/CheckSymbolExists.c.o -o cmTC_acc01  -lm 
make[1]: Leaving directory '/home/aaa/fp-solver/json-c/build/CMakeFiles/CMakeTmp'


File /home/aaa/fp-solver/json-c/build/CMakeFiles/CMakeTmp/CheckSymbolExists.c:
/* */
#include <strings.h>

int main(int argc, char** argv)
{
  (void)argv;
#ifndef strncasecmp
  return ((int*)(&strncasecmp))[argc];
#else
  (void)argc;
  return 0;
#endif
}
Determining if the strdup exist passed with the following output:
Change Dir: /home/aaa/fp-solver/json-c/build/CMakeFiles/CMakeTmp

Run Build Command(s):/usr/bin/make -f Makefile cmTC_5c39a/fast && /usr/bin/make  -f CMakeFiles/cmTC_5c39a.dir/build.make CMakeFiles/cmTC_5c39a.dir/build
make[1]: Entering directory '/home/aaa/fp-solver/json-c/build/CMakeFiles/CMakeTmp'
Building C object CMakeFiles/cmTC_5c39a.dir/CheckSymbolExists.c.o
/usr/bin/cc -D_GNU_SOURCE  -fPIE -o CMakeFiles/cmTC_5c39a.dir/CheckSymbolExists.c.o -c /home/aaa/fp-solver/json-c/build/CMakeFiles/CMakeTmp/CheckSymbolExists.c
Linking C executable cmTC_5c39a
/usr/local/bin/cmake -E cmake_link_script CMakeFiles/cmTC_5c39a.dir/link.txt --verbose=1
/usr/bin/cc -rdynamic CMakeFiles/cmTC_5c39a.dir/CheckSymbolExists.c.o -o cmTC_5c39a  -lm 
make[1]: Leaving directory '/home/aaa/fp-solver/json-c/build/CMakeFiles/CMakeTmp'


File /home/aaa/fp-solver/json-c/build/CMakeFiles/CMakeTmp/CheckSymbolExists.c:
/* */
#include <string.h>

int main(int argc, char** argv)
{
  (void)argv;
#ifndef strdup
  return ((int*)(&strdup))[argc];
#else
  (void)argc;
  return 0;
#endif
}
Determining if the strerror exist passed with the following output:
Change Dir: /home/aaa/fp-solver/json-c/build/CMakeFiles/CMakeTmp

Run Build Command(s):/usr/bin/make -f Makefile cmTC_2637c/fast && /usr/bin/make  -f CMakeFiles/cmTC_2637c.dir/build.make CMakeFiles/cmTC_2637c.dir/build
make[1]: Entering directory '/home/aaa/fp-solver/json-c/build/CMakeFiles/CMakeTmp'
Building C object CMakeFiles/cmTC_2637c.dir/CheckSymbolExists.c.o
/usr/bin/cc -D_GNU_SOURCE  -fPIE -o CMakeFiles/cmTC_2637c.dir/CheckSymbolExists.c.o -c /home/aaa/fp-solver/json-c/build/CMakeFiles/CMakeTmp/CheckSymbolExists.c
Linking C executable cmTC_2637c
/usr/local/bin/cmake -E cmake_link_script CMakeFiles/cmTC_2637c.dir/link.txt --verbose=1
/usr/bin/cc -rdynamic CMakeFiles/cmTC_2637c.dir/CheckSymbolExists.c.o -o cmTC_2637c  -lm 
make[1]: Leaving directory '/home/aaa/fp-solver/json-c/build/CMakeFiles/CMakeTmp'


File /home/aaa/fp-solver/json-c/build/CMakeFiles/CMakeTmp/CheckSymbolExists.c:
/* */
#include <string.h>

int main(int argc, char** argv)
{
  (void)argv;
#ifndef strerror
  return ((int*)(&strerror))[argc];
#else
  (void)argc;
  return 0;
#endif
}
Determining if the vsyslog exist passed with the following output:
Change Dir: /home/aaa/fp-solver/json-c/build/CMakeFiles/CMakeTmp

Run Build Command(s):/usr/bin/make -f Makefile cmTC_d8e1d/fast && /usr/bin/make  -f CMakeFiles/cmTC_d8e1d.dir/build.make CMakeFiles/cmTC_d8e1d.dir/build
make[1]: Entering directory '/home/aaa/fp-solver/json-c/build/CMakeFiles/CMakeTmp'
Building C object CMakeFiles/cmTC_d8e1d.dir/CheckSymbolExists.c.o
/usr/bin/cc -D_GNU_SOURCE  -fPIE -o CMakeFiles/cmTC_d8e1d.dir/CheckSymbolExists.c.o -c /home/aaa/fp-solver/json-c/build/CMakeFiles/CMakeTmp/CheckSymbolExists.c
Linking C executable cmTC_d8e1d
/usr/local/bin/cmake -E cmake_link_script CMakeFiles/cmTC_d8e1d.dir/link.txt --verbose=1
/usr/bin/cc -rdynamic CMakeFiles/cmTC_d8e1d.dir/CheckSymbolExists.c.o -o cmTC_d8e1d  -lm 
make[1]: Leaving directory '/home/aaa/fp-solver/json-c/build/CMakeFiles/CMakeTmp'


File /home/aaa/fp-solver/json-c/build/CMakeFiles/CMakeTmp/CheckSymbolExists.c:
/* */
#include <syslog.h>

int main(int argc, char** argv)
{
  (void)argv;
#ifndef vsyslog
  return ((int*)(&vsyslog))[argc];
#else
  (void)argc;
  return 0;
#endif
}
Determining if the getrandom exist passed with the following output:
Change Dir: /home/aaa/fp-solver/json-c/build/CMakeFiles/CMakeTmp

Run Build Command(s):/usr/bin/make -f Makefile cmTC_a4f17/fast && /usr/bin/make  -f CMakeFiles/cmTC_a4f17.dir/build.make CMakeFiles/cmTC_a4f17.dir/build
make[1]: Entering directory '/home/aaa/fp-solver/json-c/build/CMakeFiles/CMakeTmp'
Building C object CMakeFiles/cmTC_a4f17.dir/CheckSymbolExists.c.o
/usr/bin/cc -D_GNU_SOURCE  -fPIE -o CMakeFiles/cmTC_a4f17.dir/CheckSymbolExists.c.o -c /home/aaa/fp-solver/json-c/build/CMakeFiles/CMakeTmp/CheckSymbolExists.c
Linking C executable cmTC_a4f17
/usr/local/bin/cmake -E cmake_link_script CMakeFiles/cmTC_a4f17.dir/link.txt --verbose=1
/usr/bin/cc -rdynamic CMakeFiles/cmTC_a4f17.dir/CheckSymbolExists.c.o -o cmTC_a4f17  -lm 
make[1]: Leaving directory '/home/aaa/fp-solver/json-c/build/CMakeFiles/CMakeTmp'


File /home/aaa/fp-solver/json-c/build/CMakeFiles/CMakeTmp/CheckSymbolExists.c:
/* */
#include <sys/random.h>

int main(int argc, char** argv)
{
  (void)argv;
#ifndef getrandom
  return ((int*)(&getrandom))[argc];
#else
  (void)argc;
  return 0;
#endif
}
Determining if the strtoll exist passed with the following output:
Change Dir: /home/aaa/fp-solver/json-c/build/CMakeFiles/CMakeTmp

Run Build Command(s):/usr/bin/make -f Makefile cmTC_5d2d8/fast && /usr/bin/make  -f CMakeFiles/cmTC_5d2d8.dir/build.make CMakeFiles/cmTC_5d2d8.dir/build
make[1]: Entering directory '/home/aaa/fp-solver/json-c/build/CMakeFiles/CMakeTmp'
Building C object CMakeFiles/cmTC_5d2d8.dir/CheckSymbolExists.c.o
/usr/bin/cc -D_GNU_SOURCE  -fPIE -o CMakeFiles/cmTC_5d2d8.dir/CheckSymbolExists.c.o -c /home/aaa/fp-solver/json-c/build/CMakeFiles/CMakeTmp/CheckSymbolExists.c
Linking C executable cmTC_5d2d8
/usr/local/bin/cmake -E cmake_link_script CMakeFiles/cmTC_5d2d8.dir/link.txt --verbose=1
/usr/bin/cc -rdynamic CMakeFiles/cmTC_5d2d8.dir/CheckSymbolExists.c.o -o cmTC_5d2d8  -lm 
make[1]: Leaving directory '/home/aaa/fp-solver/json-c/build/CMakeFiles/CMakeTmp'


File /home/aaa/fp-solver/json-c/build/CMakeFiles/CMakeTmp/CheckSymbolExists.c:
/* */
#include <stdlib.h>

int main(int argc, char** argv)
{
  (void)argv;
#ifndef strtoll
  return ((int*)(&strtoll))[argc];
#else
  (void)argc;
  return 0;
#endif
}
Determining if the strtoull exist passed with the following output:
Change Dir: /home/aaa/fp-solver/json-c/build/CMakeFiles/CMakeTmp

Run Build Command(s):/usr/bin/make -f Makefile cmTC_6d8b7/fast && /usr/bin/make  -f CMakeFiles/cmTC_6d8b7.dir/build.make CMakeFiles/cmTC_6d8b7.dir/build
make[1]: Entering directory '/home/aaa/fp-solver/json-c/build/CMakeFiles/CMakeTmp'
Building C object CMakeFiles/cmTC_6d8b7.dir/CheckSymbolExists.c.o
/usr/bin/cc -D_GNU_SOURCE  -fPIE -o CMakeFiles/cmTC_6d8b7.dir/CheckSymbolExists.c.o -c /home/aaa/fp-solver/json-c/build/CMakeFiles/CMakeTmp/CheckSymbolExists.c
Linking C executable cmTC_6d8b7
/usr/local/bin/cmake -E cmake_link_script CMakeFiles/cmTC_6d8b7.dir/link.txt --verbose=1
/usr/bin/cc -rdynamic CMakeFiles/cmTC_6d8b7.dir/CheckSymbolExists.c.o -o cmTC_6d8b7  -lm 
make[1]: Leaving directory '/home/aaa/fp-solver/json-c/build/CMakeFiles/CMakeTmp'


File /home/aaa/fp-solver/json-c/build/CMakeFiles/CMakeTmp/CheckSymbolExists.c:
/* */
#include <stdlib.h>

int main(int argc, char** argv)
{
  (void)argv;
#ifndef strtoull
  return ((int*)(&strtoull))[argc];
#else
  (void)argc;
  return 0;
#endif
}
Determining if the include file stddef.h exists passed with the following output:
Change Dir: /home/aaa/fp-solver/json-c/build/CMakeFiles/CMakeTmp

Run Build Command(s):/usr/bin/make -f Makefile cmTC_226ae/fast && /usr/bin/make  -f CMakeFiles/cmTC_226ae.dir/build.make CMakeFiles/cmTC_226ae.dir/build
make[1]: Entering directory '/home/aaa/fp-solver/json-c/build/CMakeFiles/CMakeTmp'
Building C object CMakeFiles/cmTC_226ae.dir/CheckIncludeFile.c.o
/usr/bin/cc -D_GNU_SOURCE  -fPIE -o CMakeFiles/cmTC_226ae.dir/CheckIncludeFile.c.o -c /home/aaa/fp-solver/json-c/build/CMakeFiles/CMakeTmp/CheckIncludeFile.c
Linking C executable cmTC_226ae
/usr/local/bin/cmake -E cmake_link_script CMakeFiles/cmTC_226ae.dir/link.txt --verbose=1
/usr/bin/cc -rdynamic CMakeFiles/cmTC_226ae.dir/CheckIncludeFile.c.o -o cmTC_226ae  -lm 
make[1]: Leaving directory '/home/aaa/fp-solver/json-c/build/CMakeFiles/CMakeTmp'



Determining size of int passed with the following output:
Change Dir: /home/aaa/fp-solver/json-c/build/CMakeFiles/CMakeTmp

Run Build Command(s):/usr/bin/make -f Makefile cmTC_03460/fast && /usr/bin/make  -f CMakeFiles/cmTC_03460.dir/build.make CMakeFiles/cmTC_03460.dir/build
make[1]: Entering directory '/home/aaa/fp-solver/json-c/build/CMakeFiles/CMakeTmp'
Building C object CMakeFiles/cmTC_03460.dir/SIZEOF_INT.c.o
/usr/bin/cc -D_GNU_SOURCE  -fPIE -o CMakeFiles/cmTC_03460.dir/SIZEOF_INT.c.o -c /home/aaa/fp-solver/json-c/build/CMakeFiles/CheckTypeSize/SIZEOF_INT.c
Linking C executable cmTC_03460
/usr/local/bin/cmake -E cmake_link_script CMakeFiles/cmTC_03460.dir/link.txt --verbose=1
/usr/bin/cc -rdynamic CMakeFiles/cmTC_03460.dir/SIZEOF_INT.c.o -o cmTC_03460  -lm 
make[1]: Leaving directory '/home/aaa/fp-solver/json-c/build/CMakeFiles/CMakeTmp'



Determining size of int64_t passed with the following output:
Change Dir: /home/aaa/fp-solver/json-c/build/CMakeFiles/CMakeTmp

Run Build Command(s):/usr/bin/make -f Makefile cmTC_e6e83/fast && /usr/bin/make  -f CMakeFiles/cmTC_e6e83.dir/build.make CMakeFiles/cmTC_e6e83.dir/build
make[1]: Entering directory '/home/aaa/fp-solver/json-c/build/CMakeFiles/CMakeTmp'
Building C object CMakeFiles/cmTC_e6e83.dir/SIZEOF_INT64_T.c.o
/usr/bin/cc -D_GNU_SOURCE  -fPIE -o CMakeFiles/cmTC_e6e83.dir/SIZEOF_INT64_T.c.o -c /home/aaa/fp-solver/json-c/build/CMakeFiles/CheckTypeSize/SIZEOF_INT64_T.c
Linking C executable cmTC_e6e83
/usr/local/bin/cmake -E cmake_link_script CMakeFiles/cmTC_e6e83.dir/link.txt --verbose=1
/usr/bin/cc -rdynamic CMakeFiles/cmTC_e6e83.dir/SIZEOF_INT64_T.c.o -o cmTC_e6e83  -lm 
make[1]: Leaving directory '/home/aaa/fp-solver/json-c/build/CMakeFiles/CMakeTmp'



Determining size of long passed with the following output:
Change Dir: /home/aaa/fp-solver/json-c/build/CMakeFiles/CMakeTmp

Run Build Command(s):/usr/bin/make -f Makefile cmTC_3f6f0/fast && /usr/bin/make  -f CMakeFiles/cmTC_3f6f0.dir/build.make CMakeFiles/cmTC_3f6f0.dir/build
make[1]: Entering directory '/home/aaa/fp-solver/json-c/build/CMakeFiles/CMakeTmp'
Building C object CMakeFiles/cmTC_3f6f0.dir/SIZEOF_LONG.c.o
/usr/bin/cc -D_GNU_SOURCE  -fPIE -o CMakeFiles/cmTC_3f6f0.dir/SIZEOF_LONG.c.o -c /home/aaa/fp-solver/json-c/build/CMakeFiles/CheckTypeSize/SIZEOF_LONG.c
Linking C executable cmTC_3f6f0
/usr/local/bin/cmake -E cmake_link_script CMakeFiles/cmTC_3f6f0.dir/link.txt --verbose=1
/usr/bin/cc -rdynamic CMakeFiles/cmTC_3f6f0.dir/SIZEOF_LONG.c.o -o cmTC_3f6f0  -lm 
make[1]: Leaving directory '/home/aaa/fp-solver/json-c/build/CMakeFiles/CMakeTmp'



Determining size of long long passed with the following output:
Change Dir: /home/aaa/fp-solver/json-c/build/CMakeFiles/CMakeTmp

Run Build Command(s):/usr/bin/make -f Makefile cmTC_1dfba/fast && /usr/bin/make  -f CMakeFiles/cmTC_1dfba.dir/build.make CMakeFiles/cmTC_1dfba.dir/build
make[1]: Entering directory '/home/aaa/fp-solver/json-c/build/CMakeFiles/CMakeTmp'
Building C object CMakeFiles/cmTC_1dfba.dir/SIZEOF_LONG_LONG.c.o
/usr/bin/cc -D_GNU_SOURCE  -fPIE -o CMakeFiles/cmTC_1dfba.dir/SIZEOF_LONG_LONG.c.o -c /home/aaa/fp-solver/json-c/build/CMakeFiles/CheckTypeSize/SIZEOF_LONG_LONG.c
Linking C executable cmTC_1dfba
/usr/local/bin/cmake -E cmake_link_script CMakeFiles/cmTC_1dfba.dir/link.txt --verbose=1
/usr/bin/cc -rdynamic CMakeFiles/cmTC_1dfba.dir/SIZEOF_LONG_LONG.c.o -o cmTC_1dfba  -lm 
make[1]: Leaving directory '/home/aaa/fp-solver/json-c/build/CMakeFiles/CMakeTmp'



Determining size of size_t passed with the following output:
Change Dir: /home/aaa/fp-solver/json-c/build/CMakeFiles/CMakeTmp

Run Build Command(s):/usr/bin/make -f Makefile cmTC_73dbe/fast && /usr/bin/make  -f CMakeFiles/cmTC_73dbe.dir/build.make CMakeFiles/cmTC_73dbe.dir/build
make[1]: Entering directory '/home/aaa/fp-solver/json-c/build/CMakeFiles/CMakeTmp'
Building C object CMakeFiles/cmTC_73dbe.dir/SIZEOF_SIZE_T.c.o
/usr/bin/cc -D_GNU_SOURCE  -fPIE -o CMakeFiles/cmTC_73dbe.dir/SIZEOF_SIZE_T.c.o -c /home/aaa/fp-solver/json-c/build/CMakeFiles/CheckTypeSize/SIZEOF_SIZE_T.c
Linking C executable cmTC_73dbe
/usr/local/bin/cmake -E cmake_link_script CMakeFiles/cmTC_73dbe.dir/link.txt --verbose=1
/usr/bin/cc -rdynamic CMakeFiles/cmTC_73dbe.dir/SIZEOF_SIZE_T.c.o -o cmTC_73dbe  -lm 
make[1]: Leaving directory '/home/aaa/fp-solver/json-c/build/CMakeFiles/CMakeTmp'



Determining size of ssize_t passed with the following output:
Change Dir: /home/aaa/fp-solver/json-c/build/CMakeFiles/CMakeTmp

Run Build Command(s):/usr/bin/make -f Makefile cmTC_deae5/fast && /usr/bin/make  -f CMakeFiles/cmTC_deae5.dir/build.make CMakeFiles/cmTC_deae5.dir/build
make[1]: Entering directory '/home/aaa/fp-solver/json-c/build/CMakeFiles/CMakeTmp'
Building C object CMakeFiles/cmTC_deae5.dir/SIZEOF_SSIZE_T.c.o
/usr/bin/cc -D_GNU_SOURCE  -fPIE -o CMakeFiles/cmTC_deae5.dir/SIZEOF_SSIZE_T.c.o -c /home/aaa/fp-solver/json-c/build/CMakeFiles/CheckTypeSize/SIZEOF_SSIZE_T.c
Linking C executable cmTC_deae5
/usr/local/bin/cmake -E cmake_link_script CMakeFiles/cmTC_deae5.dir/link.txt --verbose=1
/usr/bin/cc -rdynamic CMakeFiles/cmTC_deae5.dir/SIZEOF_SSIZE_T.c.o -o cmTC_deae5  -lm 
make[1]: Leaving directory '/home/aaa/fp-solver/json-c/build/CMakeFiles/CMakeTmp'



Performing C SOURCE FILE Test HAVE_ATOMIC_BUILTINS succeeded with the following output:
Change Dir: /home/aaa/fp-solver/json-c/build/CMakeFiles/CMakeTmp

Run Build Command(s):/usr/bin/make -f Makefile cmTC_b9f7a/fast && /usr/bin/make  -f CMakeFiles/cmTC_b9f7a.dir/build.make CMakeFiles/cmTC_b9f7a.dir/build
make[1]: Entering directory '/home/aaa/fp-solver/json-c/build/CMakeFiles/CMakeTmp'
Building C object CMakeFiles/cmTC_b9f7a.dir/src.c.o
/usr/bin/cc -DHAVE_ATOMIC_BUILTINS -D_GNU_SOURCE  -fPIE -o CMakeFiles/cmTC_b9f7a.dir/src.c.o -c /home/aaa/fp-solver/json-c/build/CMakeFiles/CMakeTmp/src.c
Linking C executable cmTC_b9f7a
/usr/local/bin/cmake -E cmake_link_script CMakeFiles/cmTC_b9f7a.dir/link.txt --verbose=1
/usr/bin/cc -rdynamic CMakeFiles/cmTC_b9f7a.dir/src.c.o -o cmTC_b9f7a  -lm 
make[1]: Leaving directory '/home/aaa/fp-solver/json-c/build/CMakeFiles/CMakeTmp'


Source file was:
int main() { int i, x = 0; i = __sync_add_and_fetch(&x,1); return x; }
Performing C SOURCE FILE Test HAVE___THREAD succeeded with the following output:
Change Dir: /home/aaa/fp-solver/json-c/build/CMakeFiles/CMakeTmp

Run Build Command(s):/usr/bin/make -f Makefile cmTC_bbf98/fast && /usr/bin/make  -f CMakeFiles/cmTC_bbf98.dir/build.make CMakeFiles/cmTC_bbf98.dir/build
make[1]: Entering directory '/home/aaa/fp-solver/json-c/build/CMakeFiles/CMakeTmp'
Building C object CMakeFiles/cmTC_bbf98.dir/src.c.o
/usr/bin/cc -DHAVE___THREAD -D_GNU_SOURCE  -fPIE -o CMakeFiles/cmTC_bbf98.dir/src.c.o -c /home/aaa/fp-solver/json-c/build/CMakeFiles/CMakeTmp/src.c
Linking C executable cmTC_bbf98
/usr/local/bin/cmake -E cmake_link_script CMakeFiles/cmTC_bbf98.dir/link.txt --verbose=1
/usr/bin/cc -rdynamic CMakeFiles/cmTC_bbf98.dir/src.c.o -o cmTC_bbf98  -lm 
make[1]: Leaving directory '/home/aaa/fp-solver/json-c/build/CMakeFiles/CMakeTmp'


Source file was:
__thread int x = 0; int main() { return 0; }
Performing C SOURCE FILE Test REENTRANT_WORKS succeeded with the following output:
Change Dir: /home/aaa/fp-solver/json-c/build/CMakeFiles/CMakeTmp

Run Build Command(s):/usr/bin/make -f Makefile cmTC_77283/fast && /usr/bin/make  -f CMakeFiles/cmTC_77283.dir/build.make CMakeFiles/cmTC_77283.dir/build
make[1]: Entering directory '/home/aaa/fp-solver/json-c/build/CMakeFiles/CMakeTmp'
Building C object CMakeFiles/cmTC_77283.dir/src.c.o
/usr/bin/cc -DREENTRANT_WORKS -D_GNU_SOURCE  -ffunction-sections -fdata-sections -Werror -Wall -Wcast-qual -Wno-error=deprecated-declarations -Wextra -Wwrite-strings -Wno-unused-parameter -Wstrict-prototypes  -fPIE -o CMakeFiles/cmTC_77283.dir/src.c.o -c /home/aaa/fp-solver/json-c/build/CMakeFiles/CMakeTmp/src.c
Linking C executable cmTC_77283
/usr/local/bin/cmake -E cmake_link_script CMakeFiles/cmTC_77283.dir/link.txt --verbose=1
/usr/bin/cc  -ffunction-sections -fdata-sections -Werror -Wall -Wcast-qual -Wno-error=deprecated-declarations -Wextra -Wwrite-strings -Wno-unused-parameter -Wstrict-prototypes  -rdynamic CMakeFiles/cmTC_77283.dir/src.c.o -o cmTC_77283  -lm 
make[1]: Leaving directory '/home/aaa/fp-solver/json-c/build/CMakeFiles/CMakeTmp'


Source file was:

	/* uClibc toolchains without threading barf when _REENTRANT is defined */
	#define _REENTRANT 1
	#include <sys/types.h>
	int main (void)
	{
	  return 0;
	}
	
Performing C SOURCE FILE Test BSYMBOLIC_WORKS succeeded with the following output:
Change Dir: /home/aaa/fp-solver/json-c/build/CMakeFiles/CMakeTmp

Run Build Command(s):/usr/bin/make -f Makefile cmTC_c800e/fast && /usr/bin/make  -f CMakeFiles/cmTC_c800e.dir/build.make CMakeFiles/cmTC_c800e.dir/build
make[1]: Entering directory '/home/aaa/fp-solver/json-c/build/CMakeFiles/CMakeTmp'
Building C object CMakeFiles/cmTC_c800e.dir/src.c.o
/usr/bin/cc -DBSYMBOLIC_WORKS -D_GNU_SOURCE  -ffunction-sections -fdata-sections -Werror -Wall -Wcast-qual -Wno-error=deprecated-declarations -Wextra -Wwrite-strings -Wno-unused-parameter -Wstrict-prototypes  -fPIE -o CMakeFiles/cmTC_c800e.dir/src.c.o -c /home/aaa/fp-solver/json-c/build/CMakeFiles/CMakeTmp/src.c
Linking C executable cmTC_c800e
/usr/local/bin/cmake -E cmake_link_script CMakeFiles/cmTC_c800e.dir/link.txt --verbose=1
/usr/bin/cc  -ffunction-sections -fdata-sections -Werror -Wall -Wcast-qual -Wno-error=deprecated-declarations -Wextra -Wwrite-strings -Wno-unused-parameter -Wstrict-prototypes  -rdynamic CMakeFiles/cmTC_c800e.dir/src.c.o -o cmTC_c800e  -lm -Wl,-Bsymbolic-functions 
make[1]: Leaving directory '/home/aaa/fp-solver/json-c/build/CMakeFiles/CMakeTmp'


Source file was:

	int main (void)
	{
	  return 0;
	}
	
Performing C SOURCE FILE Test VERSION_SCRIPT_WORKS succeeded with the following output:
Change Dir: /home/aaa/fp-solver/json-c/build/CMakeFiles/CMakeTmp

Run Build Command(s):/usr/bin/make -f Makefile cmTC_dccff/fast && /usr/bin/make  -f CMakeFiles/cmTC_dccff.dir/build.make CMakeFiles/cmTC_dccff.dir/build
make[1]: Entering directory '/home/aaa/fp-solver/json-c/build/CMakeFiles/CMakeTmp'
Building C object CMakeFiles/cmTC_dccff.dir/src.c.o
/usr/bin/cc -DVERSION_SCRIPT_WORKS -D_GNU_SOURCE  -ffunction-sections -fdata-sections -Werror -Wall -Wcast-qual -Wno-error=deprecated-declarations -Wextra -Wwrite-strings -Wno-unused-parameter -Wstrict-prototypes  -fPIE -o CMakeFiles/cmTC_dccff.dir/src.c.o -c /home/aaa/fp-solver/json-c/build/CMakeFiles/CMakeTmp/src.c
Linking C executable cmTC_dccff
/usr/local/bin/cmake -E cmake_link_script CMakeFiles/cmTC_dccff.dir/link.txt --verbose=1
/usr/bin/cc  -ffunction-sections -fdata-sections -Werror -Wall -Wcast-qual -Wno-error=deprecated-declarations -Wextra -Wwrite-strings -Wno-unused-parameter -Wstrict-prototypes  -rdynamic CMakeFiles/cmTC_dccff.dir/src.c.o -o cmTC_dccff  -lm -Wl,--version-script,/home/aaa/fp-solver/json-c/build/check-version-script.sym 
make[1]: Leaving directory '/home/aaa/fp-solver/json-c/build/CMakeFiles/CMakeTmp'


Source file was:

	int main (void)
	{
	  return 0;
	}
	
