make[3]: warning: jobserver unavailable: using -j1.  Add '+' to parent make rule.
[36mInstall the project...[0m
-- Install configuration: "Release"
-- Installing: /home/aaa/fp-solver/cvc5/build/deps/lib/libpoly.so.0.1.11
-- Installing: /home/aaa/fp-solver/cvc5/build/deps/lib/libpoly.so.0
-- Set runtime path of "/home/aaa/fp-solver/cvc5/build/deps/lib/libpoly.so.0.1.11" to ""
-- Installing: /home/aaa/fp-solver/cvc5/build/deps/lib/libpoly.so
-- Installing: /home/aaa/fp-solver/cvc5/build/deps/lib/libpolyxx.so.0.1.11
-- Installing: /home/aaa/fp-solver/cvc5/build/deps/lib/libpolyxx.so.0
-- Set runtime path of "/home/aaa/fp-solver/cvc5/build/deps/lib/libpolyxx.so.0.1.11" to ""
-- Installing: /home/aaa/fp-solver/cvc5/build/deps/lib/libpolyxx.so
-- Installing: /home/aaa/fp-solver/cvc5/build/deps/include/poly/algebraic_number.h
-- Installing: /home/aaa/fp-solver/cvc5/build/deps/include/poly/assignment.h
-- Installing: /home/aaa/fp-solver/cvc5/build/deps/include/poly/dyadic_interval.h
-- Installing: /home/aaa/fp-solver/cvc5/build/deps/include/poly/dyadic_rational.h
-- Installing: /home/aaa/fp-solver/cvc5/build/deps/include/poly/feasibility_set.h
-- Installing: /home/aaa/fp-solver/cvc5/build/deps/include/poly/integer.h
-- Installing: /home/aaa/fp-solver/cvc5/build/deps/include/poly/interval.h
-- Installing: /home/aaa/fp-solver/cvc5/build/deps/include/poly/monomial.h
-- Installing: /home/aaa/fp-solver/cvc5/build/deps/include/poly/output_language.h
-- Installing: /home/aaa/fp-solver/cvc5/build/deps/include/poly/poly.h
-- Installing: /home/aaa/fp-solver/cvc5/build/deps/include/poly/polynomial.h
-- Installing: /home/aaa/fp-solver/cvc5/build/deps/include/poly/polynomial_context.h
-- Installing: /home/aaa/fp-solver/cvc5/build/deps/include/poly/polynomial_hash_set.h
-- Installing: /home/aaa/fp-solver/cvc5/build/deps/include/poly/polynomial_vector.h
-- Installing: /home/aaa/fp-solver/cvc5/build/deps/include/poly/polyxx.h
-- Installing: /home/aaa/fp-solver/cvc5/build/deps/include/poly/rational.h
-- Installing: /home/aaa/fp-solver/cvc5/build/deps/include/poly/rational_interval.h
-- Installing: /home/aaa/fp-solver/cvc5/build/deps/include/poly/sign_condition.h
-- Installing: /home/aaa/fp-solver/cvc5/build/deps/include/poly/upolynomial.h
-- Installing: /home/aaa/fp-solver/cvc5/build/deps/include/poly/upolynomial_factors.h
-- Installing: /home/aaa/fp-solver/cvc5/build/deps/include/poly/value.h
-- Installing: /home/aaa/fp-solver/cvc5/build/deps/include/poly/variable_db.h
-- Installing: /home/aaa/fp-solver/cvc5/build/deps/include/poly/variable_list.h
-- Installing: /home/aaa/fp-solver/cvc5/build/deps/include/poly/variable_order.h
-- Installing: /home/aaa/fp-solver/cvc5/build/deps/include/poly/version.h
-- Installing: /home/aaa/fp-solver/cvc5/build/deps/include/poly/polyxx/algebraic_number.h
-- Installing: /home/aaa/fp-solver/cvc5/build/deps/include/poly/polyxx/assignment.h
-- Installing: /home/aaa/fp-solver/cvc5/build/deps/include/poly/polyxx/context.h
-- Installing: /home/aaa/fp-solver/cvc5/build/deps/include/poly/polyxx/dyadic_interval.h
-- Installing: /home/aaa/fp-solver/cvc5/build/deps/include/poly/polyxx/dyadic_rational.h
-- Installing: /home/aaa/fp-solver/cvc5/build/deps/include/poly/polyxx/integer.h
-- Installing: /home/aaa/fp-solver/cvc5/build/deps/include/poly/polyxx/integer_ring.h
-- Installing: /home/aaa/fp-solver/cvc5/build/deps/include/poly/polyxx/interval.h
-- Installing: /home/aaa/fp-solver/cvc5/build/deps/include/poly/polyxx/interval_assignment.h
-- Installing: /home/aaa/fp-solver/cvc5/build/deps/include/poly/polyxx/polynomial.h
-- Installing: /home/aaa/fp-solver/cvc5/build/deps/include/poly/polyxx/polynomial_utils.h
-- Installing: /home/aaa/fp-solver/cvc5/build/deps/include/poly/polyxx/rational.h
-- Installing: /home/aaa/fp-solver/cvc5/build/deps/include/poly/polyxx/rational_interval.h
-- Installing: /home/aaa/fp-solver/cvc5/build/deps/include/poly/polyxx/sign_condition.h
-- Installing: /home/aaa/fp-solver/cvc5/build/deps/include/poly/polyxx/upolynomial.h
-- Installing: /home/aaa/fp-solver/cvc5/build/deps/include/poly/polyxx/utils.h
-- Installing: /home/aaa/fp-solver/cvc5/build/deps/include/poly/polyxx/value.h
-- Installing: /home/aaa/fp-solver/cvc5/build/deps/include/poly/polyxx/variable.h
[100%] Built target poly
[ 66%] Built target poly
[35m[1mConsolidate compiler generated dependencies of target polyxx[0m
[100%] Built target polyxx
