make[3]: warning: jobserver unavailable: using -j1.  Add '+' to parent make rule.
[  2%] [32mBuilding C object src/CMakeFiles/poly.dir/utils/debug_trace.c.o[0m
[  5%] [32mBuilding C object src/CMakeFiles/poly.dir/utils/assignment.c.o[0m
[  8%] [32mBuilding C object src/CMakeFiles/poly.dir/utils/statistics.c.o[0m
[ 10%] [32mBuilding C object src/CMakeFiles/poly.dir/utils/output.c.o[0m
[ 13%] [32mBuilding C object src/CMakeFiles/poly.dir/utils/sign_condition.c.o[0m
[ 16%] [32mBuilding C object src/CMakeFiles/poly.dir/number/integer.c.o[0m
[ 18%] [32mBuilding C object src/CMakeFiles/poly.dir/number/rational.c.o[0m
[ 21%] [32mBuilding C object src/CMakeFiles/poly.dir/number/dyadic_rational.c.o[0m
[ 24%] [32mBuilding C object src/CMakeFiles/poly.dir/number/algebraic_number.c.o[0m
[ 27%] [32mBuilding C object src/CMakeFiles/poly.dir/number/value.c.o[0m
[ 29%] [32mBuilding C object src/CMakeFiles/poly.dir/interval/interval.c.o[0m
[ 32%] [32mBuilding C object src/CMakeFiles/poly.dir/interval/arithmetic.c.o[0m
[ 35%] [32mBuilding C object src/CMakeFiles/poly.dir/variable/variable_db.c.o[0m
[ 37%] [32mBuilding C object src/CMakeFiles/poly.dir/variable/variable_list.c.o[0m
[ 40%] [32mBuilding C object src/CMakeFiles/poly.dir/variable/variable_order.c.o[0m
[ 43%] [32mBuilding C object src/CMakeFiles/poly.dir/upolynomial/umonomial.c.o[0m
[ 45%] [32mBuilding C object src/CMakeFiles/poly.dir/upolynomial/upolynomial.c.o[0m
[ 48%] [32mBuilding C object src/CMakeFiles/poly.dir/upolynomial/output.c.o[0m
[ 51%] [32mBuilding C object src/CMakeFiles/poly.dir/upolynomial/upolynomial_dense.c.o[0m
[ 54%] [32mBuilding C object src/CMakeFiles/poly.dir/upolynomial/bounds.c.o[0m
[ 56%] [32mBuilding C object src/CMakeFiles/poly.dir/upolynomial/gcd.c.o[0m
[ 59%] [32mBuilding C object src/CMakeFiles/poly.dir/upolynomial/factors.c.o[0m
[ 62%] [32mBuilding C object src/CMakeFiles/poly.dir/upolynomial/factorization.c.o[0m
[ 64%] [32mBuilding C object src/CMakeFiles/poly.dir/upolynomial/root_finding.c.o[0m
[ 67%] [32mBuilding C object src/CMakeFiles/poly.dir/polynomial/monomial.c.o[0m
[ 70%] [32mBuilding C object src/CMakeFiles/poly.dir/polynomial/coefficient.c.o[0m
[ 72%] [32mBuilding C object src/CMakeFiles/poly.dir/polynomial/output.c.o[0m
[ 75%] [32mBuilding C object src/CMakeFiles/poly.dir/polynomial/gcd.c.o[0m
[ 78%] [32mBuilding C object src/CMakeFiles/poly.dir/polynomial/psc.c.o[0m
[ 81%] [32mBuilding C object src/CMakeFiles/poly.dir/polynomial/factorization.c.o[0m
[ 83%] [32mBuilding C object src/CMakeFiles/poly.dir/polynomial/polynomial.c.o[0m
[ 86%] [32mBuilding C object src/CMakeFiles/poly.dir/polynomial/polynomial_context.c.o[0m
[ 89%] [32mBuilding C object src/CMakeFiles/poly.dir/polynomial/feasibility_set.c.o[0m
[ 91%] [32mBuilding C object src/CMakeFiles/poly.dir/polynomial/polynomial_hash_set.c.o[0m
[ 94%] [32mBuilding C object src/CMakeFiles/poly.dir/polynomial/polynomial_vector.c.o[0m
[ 97%] [32mBuilding C object src/CMakeFiles/poly.dir/poly.c.o[0m
[100%] [32m[1mLinking C shared library libpoly.so[0m
[100%] Built target poly
[35m[1mConsolidate compiler generated dependencies of target poly[0m
[ 66%] Built target poly
[ 67%] [32mBuilding CXX object src/CMakeFiles/polyxx.dir/polyxx/algebraic_number.cpp.o[0m
[ 69%] [32mBuilding CXX object src/CMakeFiles/polyxx.dir/polyxx/assignment.cpp.o[0m
[ 71%] [32mBuilding CXX object src/CMakeFiles/polyxx.dir/polyxx/context.cpp.o[0m
[ 73%] [32mBuilding CXX object src/CMakeFiles/polyxx.dir/polyxx/dyadic_interval.cpp.o[0m
[ 75%] [32mBuilding CXX object src/CMakeFiles/polyxx.dir/polyxx/dyadic_rational.cpp.o[0m
[ 76%] [32mBuilding CXX object src/CMakeFiles/polyxx.dir/polyxx/integer_ring.cpp.o[0m
[ 78%] [32mBuilding CXX object src/CMakeFiles/polyxx.dir/polyxx/integer.cpp.o[0m
[ 80%] [32mBuilding CXX object src/CMakeFiles/polyxx.dir/polyxx/interval_assignment.cpp.o[0m
[ 82%] [32mBuilding CXX object src/CMakeFiles/polyxx.dir/polyxx/interval.cpp.o[0m
[ 83%] [32mBuilding CXX object src/CMakeFiles/polyxx.dir/polyxx/polynomial.cpp.o[0m
[ 85%] [32mBuilding CXX object src/CMakeFiles/polyxx.dir/polyxx/polynomial_utils.cpp.o[0m
[ 87%] [32mBuilding CXX object src/CMakeFiles/polyxx.dir/polyxx/rational.cpp.o[0m
[ 89%] [32mBuilding CXX object src/CMakeFiles/polyxx.dir/polyxx/rational_interval.cpp.o[0m
[ 91%] [32mBuilding CXX object src/CMakeFiles/polyxx.dir/polyxx/sign_condition.cpp.o[0m
[ 92%] [32mBuilding CXX object src/CMakeFiles/polyxx.dir/polyxx/upolynomial.cpp.o[0m
[ 94%] [32mBuilding CXX object src/CMakeFiles/polyxx.dir/polyxx/utils.cpp.o[0m
[ 96%] [32mBuilding CXX object src/CMakeFiles/polyxx.dir/polyxx/value.cpp.o[0m
[ 98%] [32mBuilding CXX object src/CMakeFiles/polyxx.dir/polyxx/variable.cpp.o[0m
[100%] [32m[1mLinking CXX shared library libpolyxx.so[0m
[100%] Built target polyxx
