Performing C++ SOURCE FILE Test CMAKE_HAVE_LIBC_PTHREAD failed with the following output:
Change Dir: /home/aaa/z3-4.6.2/cmake-build-debug/CMakeFiles/CMakeTmp

Run Build Command(s):/usr/bin/make cmTC_1092f/fast && /usr/bin/make  -f CMakeFiles/cmTC_1092f.dir/build.make CMakeFiles/cmTC_1092f.dir/build
make[1]: Entering directory '/home/aaa/z3-4.6.2/cmake-build-debug/CMakeFiles/CMakeTmp'
Building CXX object CMakeFiles/cmTC_1092f.dir/src.cxx.o
/usr/bin/c++    -DCMAKE_HAVE_LIBC_PTHREAD   -o CMakeFiles/cmTC_1092f.dir/src.cxx.o -c /home/aaa/z3-4.6.2/cmake-build-debug/CMakeFiles/CMakeTmp/src.cxx
Linking CXX executable cmTC_1092f
/home/aaa/Desktop/clion-2020.3.2/bin/cmake/linux/bin/cmake -E cmake_link_script CMakeFiles/cmTC_1092f.dir/link.txt --verbose=1
/usr/bin/c++   -DCMAKE_HAVE_LIBC_PTHREAD    -rdynamic CMakeFiles/cmTC_1092f.dir/src.cxx.o  -o cmTC_1092f 
CMakeFiles/cmTC_1092f.dir/src.cxx.o: In function `main':
src.cxx:(.text+0x3e): undefined reference to `pthread_create'
src.cxx:(.text+0x4a): undefined reference to `pthread_detach'
src.cxx:(.text+0x56): undefined reference to `pthread_cancel'
src.cxx:(.text+0x67): undefined reference to `pthread_join'
src.cxx:(.text+0x7b): undefined reference to `pthread_atfork'
collect2: error: ld returned 1 exit status
CMakeFiles/cmTC_1092f.dir/build.make:106: recipe for target 'cmTC_1092f' failed
make[1]: *** [cmTC_1092f] Error 1
make[1]: Leaving directory '/home/aaa/z3-4.6.2/cmake-build-debug/CMakeFiles/CMakeTmp'
Makefile:141: recipe for target 'cmTC_1092f/fast' failed
make: *** [cmTC_1092f/fast] Error 2


Source file was:
#include <pthread.h>

void* test_func(void* data)
{
  return data;
}

int main(void)
{
  pthread_t thread;
  pthread_create(&thread, NULL, test_func, NULL);
  pthread_detach(thread);
  pthread_cancel(thread);
  pthread_join(thread, NULL);
  pthread_atfork(NULL, NULL, NULL);
  pthread_exit(NULL);

  return 0;
}

Determining if the function pthread_create exists in the pthreads failed with the following output:
Change Dir: /home/aaa/z3-4.6.2/cmake-build-debug/CMakeFiles/CMakeTmp

Run Build Command(s):/usr/bin/make cmTC_847fd/fast && /usr/bin/make  -f CMakeFiles/cmTC_847fd.dir/build.make CMakeFiles/cmTC_847fd.dir/build
make[1]: Entering directory '/home/aaa/z3-4.6.2/cmake-build-debug/CMakeFiles/CMakeTmp'
Building CXX object CMakeFiles/cmTC_847fd.dir/CheckFunctionExists.cxx.o
/usr/bin/c++    -DCHECK_FUNCTION_EXISTS=pthread_create   -o CMakeFiles/cmTC_847fd.dir/CheckFunctionExists.cxx.o -c /home/aaa/z3-4.6.2/cmake-build-debug/CMakeFiles/CheckLibraryExists/CheckFunctionExists.cxx
Linking CXX executable cmTC_847fd
/home/aaa/Desktop/clion-2020.3.2/bin/cmake/linux/bin/cmake -E cmake_link_script CMakeFiles/cmTC_847fd.dir/link.txt --verbose=1
/usr/bin/c++   -DCHECK_FUNCTION_EXISTS=pthread_create    -rdynamic CMakeFiles/cmTC_847fd.dir/CheckFunctionExists.cxx.o  -o cmTC_847fd  -lpthreads 
/usr/bin/ld: cannot find -lpthreads
collect2: error: ld returned 1 exit status
CMakeFiles/cmTC_847fd.dir/build.make:106: recipe for target 'cmTC_847fd' failed
make[1]: *** [cmTC_847fd] Error 1
make[1]: Leaving directory '/home/aaa/z3-4.6.2/cmake-build-debug/CMakeFiles/CMakeTmp'
Makefile:141: recipe for target 'cmTC_847fd/fast' failed
make: *** [cmTC_847fd/fast] Error 2



