Determining if the include file malloc/malloc.h exists failed with the following output:
Change Dir: /home/aaa/fp-solver/llvm-6/build/CMakeFiles/CMakeTmp

Run Build Command(s):/usr/bin/make -f Makefile cmTC_c9287/fast && /usr/bin/make  -f CMakeFiles/cmTC_c9287.dir/build.make CMakeFiles/cmTC_c9287.dir/build
make[1]: Entering directory '/home/aaa/fp-solver/llvm-6/build/CMakeFiles/CMakeTmp'
Building C object CMakeFiles/cmTC_c9287.dir/CheckIncludeFile.c.o
/usr/bin/cc    -o CMakeFiles/cmTC_c9287.dir/CheckIncludeFile.c.o -c /home/aaa/fp-solver/llvm-6/build/CMakeFiles/CMakeTmp/CheckIncludeFile.c
/home/aaa/fp-solver/llvm-6/build/CMakeFiles/CMakeTmp/CheckIncludeFile.c:1:10: fatal error: malloc/malloc.h: No such file or directory
 #include <malloc/malloc.h>
          ^~~~~~~~~~~~~~~~~
compilation terminated.
CMakeFiles/cmTC_c9287.dir/build.make:77: recipe for target 'CMakeFiles/cmTC_c9287.dir/CheckIncludeFile.c.o' failed
make[1]: *** [CMakeFiles/cmTC_c9287.dir/CheckIncludeFile.c.o] Error 1
make[1]: Leaving directory '/home/aaa/fp-solver/llvm-6/build/CMakeFiles/CMakeTmp'
Makefile:127: recipe for target 'cmTC_c9287/fast' failed
make: *** [cmTC_c9287/fast] Error 2



Determining if the include file ndir.h exists failed with the following output:
Change Dir: /home/aaa/fp-solver/llvm-6/build/CMakeFiles/CMakeTmp

Run Build Command(s):/usr/bin/make -f Makefile cmTC_606ea/fast && /usr/bin/make  -f CMakeFiles/cmTC_606ea.dir/build.make CMakeFiles/cmTC_606ea.dir/build
make[1]: Entering directory '/home/aaa/fp-solver/llvm-6/build/CMakeFiles/CMakeTmp'
Building C object CMakeFiles/cmTC_606ea.dir/CheckIncludeFile.c.o
/usr/bin/cc    -o CMakeFiles/cmTC_606ea.dir/CheckIncludeFile.c.o -c /home/aaa/fp-solver/llvm-6/build/CMakeFiles/CMakeTmp/CheckIncludeFile.c
/home/aaa/fp-solver/llvm-6/build/CMakeFiles/CMakeTmp/CheckIncludeFile.c:1:10: fatal error: ndir.h: No such file or directory
 #include <ndir.h>
          ^~~~~~~~
compilation terminated.
CMakeFiles/cmTC_606ea.dir/build.make:77: recipe for target 'CMakeFiles/cmTC_606ea.dir/CheckIncludeFile.c.o' failed
make[1]: *** [CMakeFiles/cmTC_606ea.dir/CheckIncludeFile.c.o] Error 1
make[1]: Leaving directory '/home/aaa/fp-solver/llvm-6/build/CMakeFiles/CMakeTmp'
Makefile:127: recipe for target 'cmTC_606ea/fast' failed
make: *** [cmTC_606ea/fast] Error 2



Determining if the include file sys/ndir.h exists failed with the following output:
Change Dir: /home/aaa/fp-solver/llvm-6/build/CMakeFiles/CMakeTmp

Run Build Command(s):/usr/bin/make -f Makefile cmTC_6babe/fast && /usr/bin/make  -f CMakeFiles/cmTC_6babe.dir/build.make CMakeFiles/cmTC_6babe.dir/build
make[1]: Entering directory '/home/aaa/fp-solver/llvm-6/build/CMakeFiles/CMakeTmp'
Building C object CMakeFiles/cmTC_6babe.dir/CheckIncludeFile.c.o
/usr/bin/cc    -o CMakeFiles/cmTC_6babe.dir/CheckIncludeFile.c.o -c /home/aaa/fp-solver/llvm-6/build/CMakeFiles/CMakeTmp/CheckIncludeFile.c
/home/aaa/fp-solver/llvm-6/build/CMakeFiles/CMakeTmp/CheckIncludeFile.c:1:10: fatal error: sys/ndir.h: No such file or directory
 #include <sys/ndir.h>
          ^~~~~~~~~~~~
compilation terminated.
CMakeFiles/cmTC_6babe.dir/build.make:77: recipe for target 'CMakeFiles/cmTC_6babe.dir/CheckIncludeFile.c.o' failed
make[1]: *** [CMakeFiles/cmTC_6babe.dir/CheckIncludeFile.c.o] Error 1
make[1]: Leaving directory '/home/aaa/fp-solver/llvm-6/build/CMakeFiles/CMakeTmp'
Makefile:127: recipe for target 'cmTC_6babe/fast' failed
make: *** [cmTC_6babe/fast] Error 2



Determining if the include file valgrind/valgrind.h exists failed with the following output:
Change Dir: /home/aaa/fp-solver/llvm-6/build/CMakeFiles/CMakeTmp

Run Build Command(s):/usr/bin/make -f Makefile cmTC_da2ad/fast && /usr/bin/make  -f CMakeFiles/cmTC_da2ad.dir/build.make CMakeFiles/cmTC_da2ad.dir/build
make[1]: Entering directory '/home/aaa/fp-solver/llvm-6/build/CMakeFiles/CMakeTmp'
Building C object CMakeFiles/cmTC_da2ad.dir/CheckIncludeFile.c.o
/usr/bin/cc    -o CMakeFiles/cmTC_da2ad.dir/CheckIncludeFile.c.o -c /home/aaa/fp-solver/llvm-6/build/CMakeFiles/CMakeTmp/CheckIncludeFile.c
/home/aaa/fp-solver/llvm-6/build/CMakeFiles/CMakeTmp/CheckIncludeFile.c:1:10: fatal error: valgrind/valgrind.h: No such file or directory
 #include <valgrind/valgrind.h>
          ^~~~~~~~~~~~~~~~~~~~~
compilation terminated.
CMakeFiles/cmTC_da2ad.dir/build.make:77: recipe for target 'CMakeFiles/cmTC_da2ad.dir/CheckIncludeFile.c.o' failed
make[1]: *** [CMakeFiles/cmTC_da2ad.dir/CheckIncludeFile.c.o] Error 1
make[1]: Leaving directory '/home/aaa/fp-solver/llvm-6/build/CMakeFiles/CMakeTmp'
Makefile:127: recipe for target 'cmTC_da2ad/fast' failed
make: *** [cmTC_da2ad/fast] Error 2



Determining if the include file mach/mach.h exists failed with the following output:
Change Dir: /home/aaa/fp-solver/llvm-6/build/CMakeFiles/CMakeTmp

Run Build Command(s):/usr/bin/make -f Makefile cmTC_4fc57/fast && /usr/bin/make  -f CMakeFiles/cmTC_4fc57.dir/build.make CMakeFiles/cmTC_4fc57.dir/build
make[1]: Entering directory '/home/aaa/fp-solver/llvm-6/build/CMakeFiles/CMakeTmp'
Building C object CMakeFiles/cmTC_4fc57.dir/CheckIncludeFile.c.o
/usr/bin/cc    -o CMakeFiles/cmTC_4fc57.dir/CheckIncludeFile.c.o -c /home/aaa/fp-solver/llvm-6/build/CMakeFiles/CMakeTmp/CheckIncludeFile.c
/home/aaa/fp-solver/llvm-6/build/CMakeFiles/CMakeTmp/CheckIncludeFile.c:1:10: fatal error: mach/mach.h: No such file or directory
 #include <mach/mach.h>
          ^~~~~~~~~~~~~
compilation terminated.
CMakeFiles/cmTC_4fc57.dir/build.make:77: recipe for target 'CMakeFiles/cmTC_4fc57.dir/CheckIncludeFile.c.o' failed
make[1]: *** [CMakeFiles/cmTC_4fc57.dir/CheckIncludeFile.c.o] Error 1
make[1]: Leaving directory '/home/aaa/fp-solver/llvm-6/build/CMakeFiles/CMakeTmp'
Makefile:127: recipe for target 'cmTC_4fc57/fast' failed
make: *** [cmTC_4fc57/fast] Error 2



Determining if the include file histedit.h exists failed with the following output:
Change Dir: /home/aaa/fp-solver/llvm-6/build/CMakeFiles/CMakeTmp

Run Build Command(s):/usr/bin/make -f Makefile cmTC_0d781/fast && /usr/bin/make  -f CMakeFiles/cmTC_0d781.dir/build.make CMakeFiles/cmTC_0d781.dir/build
make[1]: Entering directory '/home/aaa/fp-solver/llvm-6/build/CMakeFiles/CMakeTmp'
Building C object CMakeFiles/cmTC_0d781.dir/CheckIncludeFile.c.o
/usr/bin/cc    -o CMakeFiles/cmTC_0d781.dir/CheckIncludeFile.c.o -c /home/aaa/fp-solver/llvm-6/build/CMakeFiles/CMakeTmp/CheckIncludeFile.c
/home/aaa/fp-solver/llvm-6/build/CMakeFiles/CMakeTmp/CheckIncludeFile.c:1:10: fatal error: histedit.h: No such file or directory
 #include <histedit.h>
          ^~~~~~~~~~~~
compilation terminated.
CMakeFiles/cmTC_0d781.dir/build.make:77: recipe for target 'CMakeFiles/cmTC_0d781.dir/CheckIncludeFile.c.o' failed
make[1]: *** [CMakeFiles/cmTC_0d781.dir/CheckIncludeFile.c.o] Error 1
make[1]: Leaving directory '/home/aaa/fp-solver/llvm-6/build/CMakeFiles/CMakeTmp'
Makefile:127: recipe for target 'cmTC_0d781/fast' failed
make: *** [cmTC_0d781/fast] Error 2



Determining if the include file CrashReporterClient.h exists failed with the following output:
Change Dir: /home/aaa/fp-solver/llvm-6/build/CMakeFiles/CMakeTmp

Run Build Command(s):/usr/bin/make -f Makefile cmTC_84cb9/fast && /usr/bin/make  -f CMakeFiles/cmTC_84cb9.dir/build.make CMakeFiles/cmTC_84cb9.dir/build
make[1]: Entering directory '/home/aaa/fp-solver/llvm-6/build/CMakeFiles/CMakeTmp'
Building C object CMakeFiles/cmTC_84cb9.dir/CheckIncludeFile.c.o
/usr/bin/cc    -o CMakeFiles/cmTC_84cb9.dir/CheckIncludeFile.c.o -c /home/aaa/fp-solver/llvm-6/build/CMakeFiles/CMakeTmp/CheckIncludeFile.c
/home/aaa/fp-solver/llvm-6/build/CMakeFiles/CMakeTmp/CheckIncludeFile.c:1:10: fatal error: CrashReporterClient.h: No such file or directory
 #include <CrashReporterClient.h>
          ^~~~~~~~~~~~~~~~~~~~~~~
compilation terminated.
CMakeFiles/cmTC_84cb9.dir/build.make:77: recipe for target 'CMakeFiles/cmTC_84cb9.dir/CheckIncludeFile.c.o' failed
make[1]: *** [CMakeFiles/cmTC_84cb9.dir/CheckIncludeFile.c.o] Error 1
make[1]: Leaving directory '/home/aaa/fp-solver/llvm-6/build/CMakeFiles/CMakeTmp'
Makefile:127: recipe for target 'cmTC_84cb9/fast' failed
make: *** [cmTC_84cb9/fast] Error 2



Performing C SOURCE FILE Test CMAKE_HAVE_LIBC_PTHREAD failed with the following output:
Change Dir: /home/aaa/fp-solver/llvm-6/build/CMakeFiles/CMakeTmp

Run Build Command(s):/usr/bin/make -f Makefile cmTC_b6457/fast && /usr/bin/make  -f CMakeFiles/cmTC_b6457.dir/build.make CMakeFiles/cmTC_b6457.dir/build
make[1]: Entering directory '/home/aaa/fp-solver/llvm-6/build/CMakeFiles/CMakeTmp'
Building C object CMakeFiles/cmTC_b6457.dir/src.c.o
/usr/bin/cc -DCMAKE_HAVE_LIBC_PTHREAD   -o CMakeFiles/cmTC_b6457.dir/src.c.o -c /home/aaa/fp-solver/llvm-6/build/CMakeFiles/CMakeTmp/src.c
Linking C executable cmTC_b6457
/usr/local/bin/cmake -E cmake_link_script CMakeFiles/cmTC_b6457.dir/link.txt --verbose=1
/usr/bin/cc CMakeFiles/cmTC_b6457.dir/src.c.o -o cmTC_b6457  -lm 
CMakeFiles/cmTC_b6457.dir/src.c.o: In function `main':
src.c:(.text+0x3e): undefined reference to `pthread_create'
src.c:(.text+0x4a): undefined reference to `pthread_detach'
src.c:(.text+0x56): undefined reference to `pthread_cancel'
src.c:(.text+0x67): undefined reference to `pthread_join'
src.c:(.text+0x7b): undefined reference to `pthread_atfork'
collect2: error: ld returned 1 exit status
CMakeFiles/cmTC_b6457.dir/build.make:98: recipe for target 'cmTC_b6457' failed
make[1]: *** [cmTC_b6457] Error 1
make[1]: Leaving directory '/home/aaa/fp-solver/llvm-6/build/CMakeFiles/CMakeTmp'
Makefile:127: recipe for target 'cmTC_b6457/fast' failed
make: *** [cmTC_b6457/fast] Error 2


Source file was:
#include <pthread.h>

static void* test_func(void* data)
{
  return data;
}

int main(void)
{
  pthread_t thread;
  pthread_create(&thread, NULL, test_func, NULL);
  pthread_detach(thread);
  pthread_cancel(thread);
  pthread_join(thread, NULL);
  pthread_atfork(NULL, NULL, NULL);
  pthread_exit(NULL);

  return 0;
}

Determining if the function pthread_create exists in the pthreads failed with the following output:
Change Dir: /home/aaa/fp-solver/llvm-6/build/CMakeFiles/CMakeTmp

Run Build Command(s):/usr/bin/make -f Makefile cmTC_2a70f/fast && /usr/bin/make  -f CMakeFiles/cmTC_2a70f.dir/build.make CMakeFiles/cmTC_2a70f.dir/build
make[1]: Entering directory '/home/aaa/fp-solver/llvm-6/build/CMakeFiles/CMakeTmp'
Building C object CMakeFiles/cmTC_2a70f.dir/CheckFunctionExists.c.o
/usr/bin/cc   -DCHECK_FUNCTION_EXISTS=pthread_create -o CMakeFiles/cmTC_2a70f.dir/CheckFunctionExists.c.o -c /usr/local/share/cmake-3.22/Modules/CheckFunctionExists.c
Linking C executable cmTC_2a70f
/usr/local/bin/cmake -E cmake_link_script CMakeFiles/cmTC_2a70f.dir/link.txt --verbose=1
/usr/bin/cc  -DCHECK_FUNCTION_EXISTS=pthread_create CMakeFiles/cmTC_2a70f.dir/CheckFunctionExists.c.o -o cmTC_2a70f  -lpthreads -lm 
/usr/bin/ld: cannot find -lpthreads
collect2: error: ld returned 1 exit status
CMakeFiles/cmTC_2a70f.dir/build.make:98: recipe for target 'cmTC_2a70f' failed
make[1]: *** [cmTC_2a70f] Error 1
make[1]: Leaving directory '/home/aaa/fp-solver/llvm-6/build/CMakeFiles/CMakeTmp'
Makefile:127: recipe for target 'cmTC_2a70f/fast' failed
make: *** [cmTC_2a70f/fast] Error 2



Determining if the function xar_open exists in the xar failed with the following output:
Change Dir: /home/aaa/fp-solver/llvm-6/build/CMakeFiles/CMakeTmp

Run Build Command(s):/usr/bin/make -f Makefile cmTC_d9514/fast && /usr/bin/make  -f CMakeFiles/cmTC_d9514.dir/build.make CMakeFiles/cmTC_d9514.dir/build
make[1]: Entering directory '/home/aaa/fp-solver/llvm-6/build/CMakeFiles/CMakeTmp'
Building C object CMakeFiles/cmTC_d9514.dir/CheckFunctionExists.c.o
/usr/bin/cc   -DCHECK_FUNCTION_EXISTS=xar_open -o CMakeFiles/cmTC_d9514.dir/CheckFunctionExists.c.o -c /usr/local/share/cmake-3.22/Modules/CheckFunctionExists.c
Linking C executable cmTC_d9514
/usr/local/bin/cmake -E cmake_link_script CMakeFiles/cmTC_d9514.dir/link.txt --verbose=1
/usr/bin/cc  -DCHECK_FUNCTION_EXISTS=xar_open CMakeFiles/cmTC_d9514.dir/CheckFunctionExists.c.o -o cmTC_d9514  -lxar -lm 
/usr/bin/ld: cannot find -lxar
collect2: error: ld returned 1 exit status
CMakeFiles/cmTC_d9514.dir/build.make:98: recipe for target 'cmTC_d9514' failed
make[1]: *** [cmTC_d9514] Error 1
make[1]: Leaving directory '/home/aaa/fp-solver/llvm-6/build/CMakeFiles/CMakeTmp'
Makefile:127: recipe for target 'cmTC_d9514/fast' failed
make: *** [cmTC_d9514/fast] Error 2



Determining if the arc4random exist failed with the following output:
Change Dir: /home/aaa/fp-solver/llvm-6/build/CMakeFiles/CMakeTmp

Run Build Command(s):/usr/bin/make -f Makefile cmTC_4127e/fast && /usr/bin/make  -f CMakeFiles/cmTC_4127e.dir/build.make CMakeFiles/cmTC_4127e.dir/build
make[1]: Entering directory '/home/aaa/fp-solver/llvm-6/build/CMakeFiles/CMakeTmp'
Building C object CMakeFiles/cmTC_4127e.dir/CheckSymbolExists.c.o
/usr/bin/cc    -o CMakeFiles/cmTC_4127e.dir/CheckSymbolExists.c.o -c /home/aaa/fp-solver/llvm-6/build/CMakeFiles/CMakeTmp/CheckSymbolExists.c
/home/aaa/fp-solver/llvm-6/build/CMakeFiles/CMakeTmp/CheckSymbolExists.c: In function ‘main’:
/home/aaa/fp-solver/llvm-6/build/CMakeFiles/CMakeTmp/CheckSymbolExists.c:8:19: error: ‘arc4random’ undeclared (first use in this function); did you mean ‘srandom’?
   return ((int*)(&arc4random))[argc];
                   ^~~~~~~~~~
                   srandom
/home/aaa/fp-solver/llvm-6/build/CMakeFiles/CMakeTmp/CheckSymbolExists.c:8:19: note: each undeclared identifier is reported only once for each function it appears in
CMakeFiles/cmTC_4127e.dir/build.make:77: recipe for target 'CMakeFiles/cmTC_4127e.dir/CheckSymbolExists.c.o' failed
make[1]: *** [CMakeFiles/cmTC_4127e.dir/CheckSymbolExists.c.o] Error 1
make[1]: Leaving directory '/home/aaa/fp-solver/llvm-6/build/CMakeFiles/CMakeTmp'
Makefile:127: recipe for target 'cmTC_4127e/fast' failed
make: *** [cmTC_4127e/fast] Error 2


File /home/aaa/fp-solver/llvm-6/build/CMakeFiles/CMakeTmp/CheckSymbolExists.c:
/* */
#include <stdlib.h>

int main(int argc, char** argv)
{
  (void)argv;
#ifndef arc4random
  return ((int*)(&arc4random))[argc];
#else
  (void)argc;
  return 0;
#endif
}
Performing C SOURCE FILE Test C_SUPPORTS_WERROR_UNGUARDED_AVAILABILITY_NEW failed with the following output:
Change Dir: /home/aaa/fp-solver/llvm-6/build/CMakeFiles/CMakeTmp

Run Build Command(s):/usr/bin/make -f Makefile cmTC_9f91b/fast && /usr/bin/make  -f CMakeFiles/cmTC_9f91b.dir/build.make CMakeFiles/cmTC_9f91b.dir/build
make[1]: Entering directory '/home/aaa/fp-solver/llvm-6/build/CMakeFiles/CMakeTmp'
Building C object CMakeFiles/cmTC_9f91b.dir/src.c.o
/usr/bin/cc -DC_SUPPORTS_WERROR_UNGUARDED_AVAILABILITY_NEW  -Werror=unguarded-availability-new -o CMakeFiles/cmTC_9f91b.dir/src.c.o -c /home/aaa/fp-solver/llvm-6/build/CMakeFiles/CMakeTmp/src.c
cc1: error: -Werror=unguarded-availability-new: no option -Wunguarded-availability-new
CMakeFiles/cmTC_9f91b.dir/build.make:77: recipe for target 'CMakeFiles/cmTC_9f91b.dir/src.c.o' failed
make[1]: *** [CMakeFiles/cmTC_9f91b.dir/src.c.o] Error 1
make[1]: Leaving directory '/home/aaa/fp-solver/llvm-6/build/CMakeFiles/CMakeTmp'
Makefile:127: recipe for target 'cmTC_9f91b/fast' failed
make: *** [cmTC_9f91b/fast] Error 2


Source file was:
int main(void) { return 0; }
Determining if the mallctl exist failed with the following output:
Change Dir: /home/aaa/fp-solver/llvm-6/build/CMakeFiles/CMakeTmp

Run Build Command(s):/usr/bin/make -f Makefile cmTC_cd2f8/fast && /usr/bin/make  -f CMakeFiles/cmTC_cd2f8.dir/build.make CMakeFiles/cmTC_cd2f8.dir/build
make[1]: Entering directory '/home/aaa/fp-solver/llvm-6/build/CMakeFiles/CMakeTmp'
Building C object CMakeFiles/cmTC_cd2f8.dir/CheckSymbolExists.c.o
/usr/bin/cc    -o CMakeFiles/cmTC_cd2f8.dir/CheckSymbolExists.c.o -c /home/aaa/fp-solver/llvm-6/build/CMakeFiles/CMakeTmp/CheckSymbolExists.c
/home/aaa/fp-solver/llvm-6/build/CMakeFiles/CMakeTmp/CheckSymbolExists.c:2:10: fatal error: malloc_np.h: No such file or directory
 #include <malloc_np.h>
          ^~~~~~~~~~~~~
compilation terminated.
CMakeFiles/cmTC_cd2f8.dir/build.make:77: recipe for target 'CMakeFiles/cmTC_cd2f8.dir/CheckSymbolExists.c.o' failed
make[1]: *** [CMakeFiles/cmTC_cd2f8.dir/CheckSymbolExists.c.o] Error 1
make[1]: Leaving directory '/home/aaa/fp-solver/llvm-6/build/CMakeFiles/CMakeTmp'
Makefile:127: recipe for target 'cmTC_cd2f8/fast' failed
make: *** [cmTC_cd2f8/fast] Error 2


File /home/aaa/fp-solver/llvm-6/build/CMakeFiles/CMakeTmp/CheckSymbolExists.c:
/* */
#include <malloc_np.h>

int main(int argc, char** argv)
{
  (void)argv;
#ifndef mallctl
  return ((int*)(&mallctl))[argc];
#else
  (void)argc;
  return 0;
#endif
}
Determining if the malloc_zone_statistics exist failed with the following output:
Change Dir: /home/aaa/fp-solver/llvm-6/build/CMakeFiles/CMakeTmp

Run Build Command(s):/usr/bin/make -f Makefile cmTC_9ca23/fast && /usr/bin/make  -f CMakeFiles/cmTC_9ca23.dir/build.make CMakeFiles/cmTC_9ca23.dir/build
make[1]: Entering directory '/home/aaa/fp-solver/llvm-6/build/CMakeFiles/CMakeTmp'
Building C object CMakeFiles/cmTC_9ca23.dir/CheckSymbolExists.c.o
/usr/bin/cc    -o CMakeFiles/cmTC_9ca23.dir/CheckSymbolExists.c.o -c /home/aaa/fp-solver/llvm-6/build/CMakeFiles/CMakeTmp/CheckSymbolExists.c
/home/aaa/fp-solver/llvm-6/build/CMakeFiles/CMakeTmp/CheckSymbolExists.c:2:10: fatal error: malloc/malloc.h: No such file or directory
 #include <malloc/malloc.h>
          ^~~~~~~~~~~~~~~~~
compilation terminated.
CMakeFiles/cmTC_9ca23.dir/build.make:77: recipe for target 'CMakeFiles/cmTC_9ca23.dir/CheckSymbolExists.c.o' failed
make[1]: *** [CMakeFiles/cmTC_9ca23.dir/CheckSymbolExists.c.o] Error 1
make[1]: Leaving directory '/home/aaa/fp-solver/llvm-6/build/CMakeFiles/CMakeTmp'
Makefile:127: recipe for target 'cmTC_9ca23/fast' failed
make: *** [cmTC_9ca23/fast] Error 2


File /home/aaa/fp-solver/llvm-6/build/CMakeFiles/CMakeTmp/CheckSymbolExists.c:
/* */
#include <malloc/malloc.h>

int main(int argc, char** argv)
{
  (void)argv;
#ifndef malloc_zone_statistics
  return ((int*)(&malloc_zone_statistics))[argc];
#else
  (void)argc;
  return 0;
#endif
}
Determining if the strerror_s exist failed with the following output:
Change Dir: /home/aaa/fp-solver/llvm-6/build/CMakeFiles/CMakeTmp

Run Build Command(s):/usr/bin/make -f Makefile cmTC_54b43/fast && /usr/bin/make  -f CMakeFiles/cmTC_54b43.dir/build.make CMakeFiles/cmTC_54b43.dir/build
make[1]: Entering directory '/home/aaa/fp-solver/llvm-6/build/CMakeFiles/CMakeTmp'
Building C object CMakeFiles/cmTC_54b43.dir/CheckSymbolExists.c.o
/usr/bin/cc    -o CMakeFiles/cmTC_54b43.dir/CheckSymbolExists.c.o -c /home/aaa/fp-solver/llvm-6/build/CMakeFiles/CMakeTmp/CheckSymbolExists.c
/home/aaa/fp-solver/llvm-6/build/CMakeFiles/CMakeTmp/CheckSymbolExists.c: In function ‘main’:
/home/aaa/fp-solver/llvm-6/build/CMakeFiles/CMakeTmp/CheckSymbolExists.c:8:19: error: ‘strerror_s’ undeclared (first use in this function); did you mean ‘strerror_l’?
   return ((int*)(&strerror_s))[argc];
                   ^~~~~~~~~~
                   strerror_l
/home/aaa/fp-solver/llvm-6/build/CMakeFiles/CMakeTmp/CheckSymbolExists.c:8:19: note: each undeclared identifier is reported only once for each function it appears in
CMakeFiles/cmTC_54b43.dir/build.make:77: recipe for target 'CMakeFiles/cmTC_54b43.dir/CheckSymbolExists.c.o' failed
make[1]: *** [CMakeFiles/cmTC_54b43.dir/CheckSymbolExists.c.o] Error 1
make[1]: Leaving directory '/home/aaa/fp-solver/llvm-6/build/CMakeFiles/CMakeTmp'
Makefile:127: recipe for target 'cmTC_54b43/fast' failed
make: *** [cmTC_54b43/fast] Error 2


File /home/aaa/fp-solver/llvm-6/build/CMakeFiles/CMakeTmp/CheckSymbolExists.c:
/* */
#include <string.h>

int main(int argc, char** argv)
{
  (void)argv;
#ifndef strerror_s
  return ((int*)(&strerror_s))[argc];
#else
  (void)argc;
  return 0;
#endif
}
Determining if the dladdr exist failed with the following output:
Change Dir: /home/aaa/fp-solver/llvm-6/build/CMakeFiles/CMakeTmp

Run Build Command(s):/usr/bin/make -f Makefile cmTC_c1531/fast && /usr/bin/make  -f CMakeFiles/cmTC_c1531.dir/build.make CMakeFiles/cmTC_c1531.dir/build
make[1]: Entering directory '/home/aaa/fp-solver/llvm-6/build/CMakeFiles/CMakeTmp'
Building C object CMakeFiles/cmTC_c1531.dir/CheckSymbolExists.c.o
/usr/bin/cc    -o CMakeFiles/cmTC_c1531.dir/CheckSymbolExists.c.o -c /home/aaa/fp-solver/llvm-6/build/CMakeFiles/CMakeTmp/CheckSymbolExists.c
/home/aaa/fp-solver/llvm-6/build/CMakeFiles/CMakeTmp/CheckSymbolExists.c: In function ‘main’:
/home/aaa/fp-solver/llvm-6/build/CMakeFiles/CMakeTmp/CheckSymbolExists.c:8:19: error: ‘dladdr’ undeclared (first use in this function)
   return ((int*)(&dladdr))[argc];
                   ^~~~~~
/home/aaa/fp-solver/llvm-6/build/CMakeFiles/CMakeTmp/CheckSymbolExists.c:8:19: note: each undeclared identifier is reported only once for each function it appears in
CMakeFiles/cmTC_c1531.dir/build.make:77: recipe for target 'CMakeFiles/cmTC_c1531.dir/CheckSymbolExists.c.o' failed
make[1]: *** [CMakeFiles/cmTC_c1531.dir/CheckSymbolExists.c.o] Error 1
make[1]: Leaving directory '/home/aaa/fp-solver/llvm-6/build/CMakeFiles/CMakeTmp'
Makefile:127: recipe for target 'cmTC_c1531/fast' failed
make: *** [cmTC_c1531/fast] Error 2


File /home/aaa/fp-solver/llvm-6/build/CMakeFiles/CMakeTmp/CheckSymbolExists.c:
/* */
#include <dlfcn.h>

int main(int argc, char** argv)
{
  (void)argv;
#ifndef dladdr
  return ((int*)(&dladdr))[argc];
#else
  (void)argc;
  return 0;
#endif
}
Performing C++ SOURCE FILE Test SUPPORTS_GNU_ZERO_VARIADIC_MACRO_ARGUMENTS_FLAG failed with the following output:
Change Dir: /home/aaa/fp-solver/llvm-6/build/CMakeFiles/CMakeTmp

Run Build Command(s):/usr/bin/make -f Makefile cmTC_fe3c9/fast && /usr/bin/make  -f CMakeFiles/cmTC_fe3c9.dir/build.make CMakeFiles/cmTC_fe3c9.dir/build
make[1]: Entering directory '/home/aaa/fp-solver/llvm-6/build/CMakeFiles/CMakeTmp'
Building CXX object CMakeFiles/cmTC_fe3c9.dir/src.cxx.o
/usr/bin/c++ -DSUPPORTS_GNU_ZERO_VARIADIC_MACRO_ARGUMENTS_FLAG  -Wgnu-zero-variadic-macro-arguments -o CMakeFiles/cmTC_fe3c9.dir/src.cxx.o -c /home/aaa/fp-solver/llvm-6/build/CMakeFiles/CMakeTmp/src.cxx
c++: error: unrecognized command line option '-Wgnu-zero-variadic-macro-arguments'; did you mean '-Wno-variadic-macros'?
CMakeFiles/cmTC_fe3c9.dir/build.make:77: recipe for target 'CMakeFiles/cmTC_fe3c9.dir/src.cxx.o' failed
make[1]: *** [CMakeFiles/cmTC_fe3c9.dir/src.cxx.o] Error 1
make[1]: Leaving directory '/home/aaa/fp-solver/llvm-6/build/CMakeFiles/CMakeTmp'
Makefile:127: recipe for target 'cmTC_fe3c9/fast' failed
make: *** [cmTC_fe3c9/fast] Error 2


Source file was:
int main() { return 0; }
Performing C++ SOURCE FILE Test CXX_SUPPORTS_WERROR_UNGUARDED_AVAILABILITY_NEW failed with the following output:
Change Dir: /home/aaa/fp-solver/llvm-6/build/CMakeFiles/CMakeTmp

Run Build Command(s):/usr/bin/make -f Makefile cmTC_a9028/fast && /usr/bin/make  -f CMakeFiles/cmTC_a9028.dir/build.make CMakeFiles/cmTC_a9028.dir/build
make[1]: Entering directory '/home/aaa/fp-solver/llvm-6/build/CMakeFiles/CMakeTmp'
Building CXX object CMakeFiles/cmTC_a9028.dir/src.cxx.o
/usr/bin/c++ -DCXX_SUPPORTS_WERROR_UNGUARDED_AVAILABILITY_NEW  -fPIC -fvisibility-inlines-hidden -Werror=date-time    -Werror -Werror=unguarded-availability-new -o CMakeFiles/cmTC_a9028.dir/src.cxx.o -c /home/aaa/fp-solver/llvm-6/build/CMakeFiles/CMakeTmp/src.cxx
cc1plus: error: -Werror=unguarded-availability-new: no option -Wunguarded-availability-new
CMakeFiles/cmTC_a9028.dir/build.make:77: recipe for target 'CMakeFiles/cmTC_a9028.dir/src.cxx.o' failed
make[1]: *** [CMakeFiles/cmTC_a9028.dir/src.cxx.o] Error 1
make[1]: Leaving directory '/home/aaa/fp-solver/llvm-6/build/CMakeFiles/CMakeTmp'
Makefile:127: recipe for target 'cmTC_a9028/fast' failed
make: *** [cmTC_a9028/fast] Error 2


Source file was:
int main() { return 0; }
Performing C SOURCE FILE Test C_SUPPORTS_COVERED_SWITCH_DEFAULT_FLAG failed with the following output:
Change Dir: /home/aaa/fp-solver/llvm-6/build/CMakeFiles/CMakeTmp

Run Build Command(s):/usr/bin/make -f Makefile cmTC_3d5de/fast && /usr/bin/make  -f CMakeFiles/cmTC_3d5de.dir/build.make CMakeFiles/cmTC_3d5de.dir/build
make[1]: Entering directory '/home/aaa/fp-solver/llvm-6/build/CMakeFiles/CMakeTmp'
Building C object CMakeFiles/cmTC_3d5de.dir/src.c.o
/usr/bin/cc -DC_SUPPORTS_COVERED_SWITCH_DEFAULT_FLAG  -fPIC -Werror=date-time -Wall -W -Wno-unused-parameter -Wwrite-strings -Wno-missing-field-initializers -pedantic -Wno-long-long    -Werror -Wcovered-switch-default -o CMakeFiles/cmTC_3d5de.dir/src.c.o -c /home/aaa/fp-solver/llvm-6/build/CMakeFiles/CMakeTmp/src.c
cc: error: unrecognized command line option '-Wcovered-switch-default'; did you mean '-Wno-switch-default'?
CMakeFiles/cmTC_3d5de.dir/build.make:77: recipe for target 'CMakeFiles/cmTC_3d5de.dir/src.c.o' failed
make[1]: *** [CMakeFiles/cmTC_3d5de.dir/src.c.o] Error 1
make[1]: Leaving directory '/home/aaa/fp-solver/llvm-6/build/CMakeFiles/CMakeTmp'
Makefile:127: recipe for target 'cmTC_3d5de/fast' failed
make: *** [cmTC_3d5de/fast] Error 2


Source file was:
int main(void) { return 0; }
Performing C++ SOURCE FILE Test CXX_SUPPORTS_COVERED_SWITCH_DEFAULT_FLAG failed with the following output:
Change Dir: /home/aaa/fp-solver/llvm-6/build/CMakeFiles/CMakeTmp

Run Build Command(s):/usr/bin/make -f Makefile cmTC_0fdd3/fast && /usr/bin/make  -f CMakeFiles/cmTC_0fdd3.dir/build.make CMakeFiles/cmTC_0fdd3.dir/build
make[1]: Entering directory '/home/aaa/fp-solver/llvm-6/build/CMakeFiles/CMakeTmp'
Building CXX object CMakeFiles/cmTC_0fdd3.dir/src.cxx.o
/usr/bin/c++ -DCXX_SUPPORTS_COVERED_SWITCH_DEFAULT_FLAG  -fPIC -fvisibility-inlines-hidden -Werror=date-time -std=c++11 -Wall -W -Wno-unused-parameter -Wwrite-strings -Wcast-qual -Wno-missing-field-initializers -pedantic -Wno-long-long    -Werror -Wcovered-switch-default -o CMakeFiles/cmTC_0fdd3.dir/src.cxx.o -c /home/aaa/fp-solver/llvm-6/build/CMakeFiles/CMakeTmp/src.cxx
c++: error: unrecognized command line option '-Wcovered-switch-default'; did you mean '-Wno-switch-default'?
CMakeFiles/cmTC_0fdd3.dir/build.make:77: recipe for target 'CMakeFiles/cmTC_0fdd3.dir/src.cxx.o' failed
make[1]: *** [CMakeFiles/cmTC_0fdd3.dir/src.cxx.o] Error 1
make[1]: Leaving directory '/home/aaa/fp-solver/llvm-6/build/CMakeFiles/CMakeTmp'
Makefile:127: recipe for target 'cmTC_0fdd3/fast' failed
make: *** [cmTC_0fdd3/fast] Error 2


Source file was:
int main() { return 0; }
Performing C SOURCE FILE Test C_SUPPORTS_DELETE_NON_VIRTUAL_DTOR_FLAG failed with the following output:
Change Dir: /home/aaa/fp-solver/llvm-6/build/CMakeFiles/CMakeTmp

Run Build Command(s):/usr/bin/make -f Makefile cmTC_abbef/fast && /usr/bin/make  -f CMakeFiles/cmTC_abbef.dir/build.make CMakeFiles/cmTC_abbef.dir/build
make[1]: Entering directory '/home/aaa/fp-solver/llvm-6/build/CMakeFiles/CMakeTmp'
Building C object CMakeFiles/cmTC_abbef.dir/src.c.o
/usr/bin/cc -DC_SUPPORTS_DELETE_NON_VIRTUAL_DTOR_FLAG  -fPIC -Werror=date-time -Wall -W -Wno-unused-parameter -Wwrite-strings -Wno-missing-field-initializers -pedantic -Wno-long-long    -Werror -Wdelete-non-virtual-dtor -o CMakeFiles/cmTC_abbef.dir/src.c.o -c /home/aaa/fp-solver/llvm-6/build/CMakeFiles/CMakeTmp/src.c
cc1: error: command line option '-Wdelete-non-virtual-dtor' is valid for C++/ObjC++ but not for C [-Werror]
cc1: all warnings being treated as errors
CMakeFiles/cmTC_abbef.dir/build.make:77: recipe for target 'CMakeFiles/cmTC_abbef.dir/src.c.o' failed
make[1]: *** [CMakeFiles/cmTC_abbef.dir/src.c.o] Error 1
make[1]: Leaving directory '/home/aaa/fp-solver/llvm-6/build/CMakeFiles/CMakeTmp'
Makefile:127: recipe for target 'cmTC_abbef/fast' failed
make: *** [cmTC_abbef/fast] Error 2


Source file was:
int main(void) { return 0; }
Performing C SOURCE FILE Test C_WCOMMENT_ALLOWS_LINE_WRAP failed with the following output:
Change Dir: /home/aaa/fp-solver/llvm-6/build/CMakeFiles/CMakeTmp

Run Build Command(s):/usr/bin/make -f Makefile cmTC_f8420/fast && /usr/bin/make  -f CMakeFiles/cmTC_f8420.dir/build.make CMakeFiles/cmTC_f8420.dir/build
make[1]: Entering directory '/home/aaa/fp-solver/llvm-6/build/CMakeFiles/CMakeTmp'
Building C object CMakeFiles/cmTC_f8420.dir/src.c.o
/usr/bin/cc -DC_WCOMMENT_ALLOWS_LINE_WRAP -D_GNU_SOURCE  -fPIC -Werror=date-time -Wall -W -Wno-unused-parameter -Wwrite-strings -Wno-missing-field-initializers -pedantic -Wno-long-long  -Werror -Wcomment -o CMakeFiles/cmTC_f8420.dir/src.c.o -c /home/aaa/fp-solver/llvm-6/build/CMakeFiles/CMakeTmp/src.c
/home/aaa/fp-solver/llvm-6/build/CMakeFiles/CMakeTmp/src.c:1:1: error: multi-line comment [-Werror=comment]
 // \
 ^
cc1: all warnings being treated as errors
CMakeFiles/cmTC_f8420.dir/build.make:77: recipe for target 'CMakeFiles/cmTC_f8420.dir/src.c.o' failed
make[1]: *** [CMakeFiles/cmTC_f8420.dir/src.c.o] Error 1
make[1]: Leaving directory '/home/aaa/fp-solver/llvm-6/build/CMakeFiles/CMakeTmp'
Makefile:127: recipe for target 'cmTC_f8420/fast' failed
make: *** [cmTC_f8420/fast] Error 2


Source file was:
// \
//
int main() {return 0;}
Performing C SOURCE FILE Test C_SUPPORTS_STRING_CONVERSION_FLAG failed with the following output:
Change Dir: /home/aaa/fp-solver/llvm-6/build/CMakeFiles/CMakeTmp

Run Build Command(s):/usr/bin/make -f Makefile cmTC_922af/fast && /usr/bin/make  -f CMakeFiles/cmTC_922af.dir/build.make CMakeFiles/cmTC_922af.dir/build
make[1]: Entering directory '/home/aaa/fp-solver/llvm-6/build/CMakeFiles/CMakeTmp'
Building C object CMakeFiles/cmTC_922af.dir/src.c.o
/usr/bin/cc -DC_SUPPORTS_STRING_CONVERSION_FLAG  -fPIC -Werror=date-time -Wall -W -Wno-unused-parameter -Wwrite-strings -Wno-missing-field-initializers -pedantic -Wno-long-long -Wno-comment    -Werror -Wstring-conversion -o CMakeFiles/cmTC_922af.dir/src.c.o -c /home/aaa/fp-solver/llvm-6/build/CMakeFiles/CMakeTmp/src.c
cc: error: unrecognized command line option '-Wstring-conversion'; did you mean '-Wint-conversion'?
CMakeFiles/cmTC_922af.dir/build.make:77: recipe for target 'CMakeFiles/cmTC_922af.dir/src.c.o' failed
make[1]: *** [CMakeFiles/cmTC_922af.dir/src.c.o] Error 1
make[1]: Leaving directory '/home/aaa/fp-solver/llvm-6/build/CMakeFiles/CMakeTmp'
Makefile:127: recipe for target 'cmTC_922af/fast' failed
make: *** [cmTC_922af/fast] Error 2


Source file was:
int main(void) { return 0; }
Performing C++ SOURCE FILE Test CXX_SUPPORTS_STRING_CONVERSION_FLAG failed with the following output:
Change Dir: /home/aaa/fp-solver/llvm-6/build/CMakeFiles/CMakeTmp

Run Build Command(s):/usr/bin/make -f Makefile cmTC_b8f0f/fast && /usr/bin/make  -f CMakeFiles/cmTC_b8f0f.dir/build.make CMakeFiles/cmTC_b8f0f.dir/build
make[1]: Entering directory '/home/aaa/fp-solver/llvm-6/build/CMakeFiles/CMakeTmp'
Building CXX object CMakeFiles/cmTC_b8f0f.dir/src.cxx.o
/usr/bin/c++ -DCXX_SUPPORTS_STRING_CONVERSION_FLAG  -fPIC -fvisibility-inlines-hidden -Werror=date-time -std=c++11 -Wall -W -Wno-unused-parameter -Wwrite-strings -Wcast-qual -Wno-missing-field-initializers -pedantic -Wno-long-long -Wno-maybe-uninitialized -Wdelete-non-virtual-dtor -Wno-comment    -Werror -Wstring-conversion -o CMakeFiles/cmTC_b8f0f.dir/src.cxx.o -c /home/aaa/fp-solver/llvm-6/build/CMakeFiles/CMakeTmp/src.cxx
c++: error: unrecognized command line option '-Wstring-conversion'; did you mean '-Wint-conversion'?
CMakeFiles/cmTC_b8f0f.dir/build.make:77: recipe for target 'CMakeFiles/cmTC_b8f0f.dir/src.cxx.o' failed
make[1]: *** [CMakeFiles/cmTC_b8f0f.dir/src.cxx.o] Error 1
make[1]: Leaving directory '/home/aaa/fp-solver/llvm-6/build/CMakeFiles/CMakeTmp'
Makefile:127: recipe for target 'cmTC_b8f0f/fast' failed
make: *** [cmTC_b8f0f/fast] Error 2


Source file was:
int main() { return 0; }
Performing C++ SOURCE FILE Test COMPILER_RT_HAS_FNO_SANITIZE_SAFE_STACK_FLAG failed with the following output:
Change Dir: /home/aaa/fp-solver/llvm-6/build/CMakeFiles/CMakeTmp

Run Build Command(s):/usr/bin/make -f Makefile cmTC_cef2e/fast && /usr/bin/make  -f CMakeFiles/cmTC_cef2e.dir/build.make CMakeFiles/cmTC_cef2e.dir/build
make[1]: Entering directory '/home/aaa/fp-solver/llvm-6/build/CMakeFiles/CMakeTmp'
Building CXX object CMakeFiles/cmTC_cef2e.dir/src.cxx.o
/usr/bin/c++ -DCOMPILER_RT_HAS_FNO_SANITIZE_SAFE_STACK_FLAG  -fPIC -fvisibility-inlines-hidden -Werror=date-time -std=c++11 -Wall -W -Wno-unused-parameter -Wwrite-strings -Wcast-qual -Wno-missing-field-initializers -pedantic -Wno-long-long -Wno-maybe-uninitialized -Wdelete-non-virtual-dtor -Wno-comment -ffunction-sections -fdata-sections  -nodefaultlibs   -fno-sanitize=safe-stack -o CMakeFiles/cmTC_cef2e.dir/src.cxx.o -c /home/aaa/fp-solver/llvm-6/build/CMakeFiles/CMakeTmp/src.cxx
c++: error: unrecognized argument to -fno-sanitize= option: 'safe-stack'
CMakeFiles/cmTC_cef2e.dir/build.make:77: recipe for target 'CMakeFiles/cmTC_cef2e.dir/src.cxx.o' failed
make[1]: *** [CMakeFiles/cmTC_cef2e.dir/src.cxx.o] Error 1
make[1]: Leaving directory '/home/aaa/fp-solver/llvm-6/build/CMakeFiles/CMakeTmp'
Makefile:127: recipe for target 'cmTC_cef2e/fast' failed
make: *** [cmTC_cef2e/fast] Error 2


Source file was:
int main() { return 0; }
Performing C++ SOURCE FILE Test COMPILER_RT_HAS_MCRC_FLAG failed with the following output:
Change Dir: /home/aaa/fp-solver/llvm-6/build/CMakeFiles/CMakeTmp

Run Build Command(s):/usr/bin/make -f Makefile cmTC_1ad17/fast && /usr/bin/make  -f CMakeFiles/cmTC_1ad17.dir/build.make CMakeFiles/cmTC_1ad17.dir/build
make[1]: Entering directory '/home/aaa/fp-solver/llvm-6/build/CMakeFiles/CMakeTmp'
Building CXX object CMakeFiles/cmTC_1ad17.dir/src.cxx.o
/usr/bin/c++ -DCOMPILER_RT_HAS_MCRC_FLAG  -fPIC -fvisibility-inlines-hidden -Werror=date-time -std=c++11 -Wall -W -Wno-unused-parameter -Wwrite-strings -Wcast-qual -Wno-missing-field-initializers -pedantic -Wno-long-long -Wno-maybe-uninitialized -Wdelete-non-virtual-dtor -Wno-comment -ffunction-sections -fdata-sections  -nodefaultlibs   -Werror -mcrc -o CMakeFiles/cmTC_1ad17.dir/src.cxx.o -c /home/aaa/fp-solver/llvm-6/build/CMakeFiles/CMakeTmp/src.cxx
c++: error: unrecognized command line option '-mcrc'; did you mean '-mcld'?
CMakeFiles/cmTC_1ad17.dir/build.make:77: recipe for target 'CMakeFiles/cmTC_1ad17.dir/src.cxx.o' failed
make[1]: *** [CMakeFiles/cmTC_1ad17.dir/src.cxx.o] Error 1
make[1]: Leaving directory '/home/aaa/fp-solver/llvm-6/build/CMakeFiles/CMakeTmp'
Makefile:127: recipe for target 'cmTC_1ad17/fast' failed
make: *** [cmTC_1ad17/fast] Error 2


Source file was:
int main() { return 0; }
Performing C++ SOURCE FILE Test COMPILER_RT_HAS_GR_FLAG failed with the following output:
Change Dir: /home/aaa/fp-solver/llvm-6/build/CMakeFiles/CMakeTmp

Run Build Command(s):/usr/bin/make -f Makefile cmTC_2a209/fast && /usr/bin/make  -f CMakeFiles/cmTC_2a209.dir/build.make CMakeFiles/cmTC_2a209.dir/build
make[1]: Entering directory '/home/aaa/fp-solver/llvm-6/build/CMakeFiles/CMakeTmp'
Building CXX object CMakeFiles/cmTC_2a209.dir/src.cxx.o
/usr/bin/c++ -DCOMPILER_RT_HAS_GR_FLAG  -fPIC -fvisibility-inlines-hidden -Werror=date-time -std=c++11 -Wall -W -Wno-unused-parameter -Wwrite-strings -Wcast-qual -Wno-missing-field-initializers -pedantic -Wno-long-long -Wno-maybe-uninitialized -Wdelete-non-virtual-dtor -Wno-comment -ffunction-sections -fdata-sections  -nodefaultlibs   /GR -o CMakeFiles/cmTC_2a209.dir/src.cxx.o -c /home/aaa/fp-solver/llvm-6/build/CMakeFiles/CMakeTmp/src.cxx
c++: error: /GR: No such file or directory
CMakeFiles/cmTC_2a209.dir/build.make:77: recipe for target 'CMakeFiles/cmTC_2a209.dir/src.cxx.o' failed
make[1]: *** [CMakeFiles/cmTC_2a209.dir/src.cxx.o] Error 1
make[1]: Leaving directory '/home/aaa/fp-solver/llvm-6/build/CMakeFiles/CMakeTmp'
Makefile:127: recipe for target 'cmTC_2a209/fast' failed
make: *** [cmTC_2a209/fast] Error 2


Source file was:
int main() { return 0; }
Performing C++ SOURCE FILE Test COMPILER_RT_HAS_GS_FLAG failed with the following output:
Change Dir: /home/aaa/fp-solver/llvm-6/build/CMakeFiles/CMakeTmp

Run Build Command(s):/usr/bin/make -f Makefile cmTC_84105/fast && /usr/bin/make  -f CMakeFiles/cmTC_84105.dir/build.make CMakeFiles/cmTC_84105.dir/build
make[1]: Entering directory '/home/aaa/fp-solver/llvm-6/build/CMakeFiles/CMakeTmp'
Building CXX object CMakeFiles/cmTC_84105.dir/src.cxx.o
/usr/bin/c++ -DCOMPILER_RT_HAS_GS_FLAG  -fPIC -fvisibility-inlines-hidden -Werror=date-time -std=c++11 -Wall -W -Wno-unused-parameter -Wwrite-strings -Wcast-qual -Wno-missing-field-initializers -pedantic -Wno-long-long -Wno-maybe-uninitialized -Wdelete-non-virtual-dtor -Wno-comment -ffunction-sections -fdata-sections  -nodefaultlibs   /GS -o CMakeFiles/cmTC_84105.dir/src.cxx.o -c /home/aaa/fp-solver/llvm-6/build/CMakeFiles/CMakeTmp/src.cxx
c++: error: /GS: No such file or directory
CMakeFiles/cmTC_84105.dir/build.make:77: recipe for target 'CMakeFiles/cmTC_84105.dir/src.cxx.o' failed
make[1]: *** [CMakeFiles/cmTC_84105.dir/src.cxx.o] Error 1
make[1]: Leaving directory '/home/aaa/fp-solver/llvm-6/build/CMakeFiles/CMakeTmp'
Makefile:127: recipe for target 'cmTC_84105/fast' failed
make: *** [cmTC_84105/fast] Error 2


Source file was:
int main() { return 0; }
Performing C++ SOURCE FILE Test COMPILER_RT_HAS_MT_FLAG failed with the following output:
Change Dir: /home/aaa/fp-solver/llvm-6/build/CMakeFiles/CMakeTmp

Run Build Command(s):/usr/bin/make -f Makefile cmTC_e7cd3/fast && /usr/bin/make  -f CMakeFiles/cmTC_e7cd3.dir/build.make CMakeFiles/cmTC_e7cd3.dir/build
make[1]: Entering directory '/home/aaa/fp-solver/llvm-6/build/CMakeFiles/CMakeTmp'
Building CXX object CMakeFiles/cmTC_e7cd3.dir/src.cxx.o
/usr/bin/c++ -DCOMPILER_RT_HAS_MT_FLAG  -fPIC -fvisibility-inlines-hidden -Werror=date-time -std=c++11 -Wall -W -Wno-unused-parameter -Wwrite-strings -Wcast-qual -Wno-missing-field-initializers -pedantic -Wno-long-long -Wno-maybe-uninitialized -Wdelete-non-virtual-dtor -Wno-comment -ffunction-sections -fdata-sections  -nodefaultlibs   /MT -o CMakeFiles/cmTC_e7cd3.dir/src.cxx.o -c /home/aaa/fp-solver/llvm-6/build/CMakeFiles/CMakeTmp/src.cxx
c++: error: /MT: No such file or directory
CMakeFiles/cmTC_e7cd3.dir/build.make:77: recipe for target 'CMakeFiles/cmTC_e7cd3.dir/src.cxx.o' failed
make[1]: *** [CMakeFiles/cmTC_e7cd3.dir/src.cxx.o] Error 1
make[1]: Leaving directory '/home/aaa/fp-solver/llvm-6/build/CMakeFiles/CMakeTmp'
Makefile:127: recipe for target 'cmTC_e7cd3/fast' failed
make: *** [cmTC_e7cd3/fast] Error 2


Source file was:
int main() { return 0; }
Performing C++ SOURCE FILE Test COMPILER_RT_HAS_Oy_FLAG failed with the following output:
Change Dir: /home/aaa/fp-solver/llvm-6/build/CMakeFiles/CMakeTmp

Run Build Command(s):/usr/bin/make -f Makefile cmTC_f10e6/fast && /usr/bin/make  -f CMakeFiles/cmTC_f10e6.dir/build.make CMakeFiles/cmTC_f10e6.dir/build
make[1]: Entering directory '/home/aaa/fp-solver/llvm-6/build/CMakeFiles/CMakeTmp'
Building CXX object CMakeFiles/cmTC_f10e6.dir/src.cxx.o
/usr/bin/c++ -DCOMPILER_RT_HAS_Oy_FLAG  -fPIC -fvisibility-inlines-hidden -Werror=date-time -std=c++11 -Wall -W -Wno-unused-parameter -Wwrite-strings -Wcast-qual -Wno-missing-field-initializers -pedantic -Wno-long-long -Wno-maybe-uninitialized -Wdelete-non-virtual-dtor -Wno-comment -ffunction-sections -fdata-sections  -nodefaultlibs   /Oy -o CMakeFiles/cmTC_f10e6.dir/src.cxx.o -c /home/aaa/fp-solver/llvm-6/build/CMakeFiles/CMakeTmp/src.cxx
c++: error: /Oy: No such file or directory
CMakeFiles/cmTC_f10e6.dir/build.make:77: recipe for target 'CMakeFiles/cmTC_f10e6.dir/src.cxx.o' failed
make[1]: *** [CMakeFiles/cmTC_f10e6.dir/src.cxx.o] Error 1
make[1]: Leaving directory '/home/aaa/fp-solver/llvm-6/build/CMakeFiles/CMakeTmp'
Makefile:127: recipe for target 'cmTC_f10e6/fast' failed
make: *** [cmTC_f10e6/fast] Error 2


Source file was:
int main() { return 0; }
Performing C++ SOURCE FILE Test COMPILER_RT_HAS_GLINE_TABLES_ONLY_FLAG failed with the following output:
Change Dir: /home/aaa/fp-solver/llvm-6/build/CMakeFiles/CMakeTmp

Run Build Command(s):/usr/bin/make -f Makefile cmTC_144c9/fast && /usr/bin/make  -f CMakeFiles/cmTC_144c9.dir/build.make CMakeFiles/cmTC_144c9.dir/build
make[1]: Entering directory '/home/aaa/fp-solver/llvm-6/build/CMakeFiles/CMakeTmp'
Building CXX object CMakeFiles/cmTC_144c9.dir/src.cxx.o
/usr/bin/c++ -DCOMPILER_RT_HAS_GLINE_TABLES_ONLY_FLAG  -fPIC -fvisibility-inlines-hidden -Werror=date-time -std=c++11 -Wall -W -Wno-unused-parameter -Wwrite-strings -Wcast-qual -Wno-missing-field-initializers -pedantic -Wno-long-long -Wno-maybe-uninitialized -Wdelete-non-virtual-dtor -Wno-comment -ffunction-sections -fdata-sections  -nodefaultlibs   -gline-tables-only -o CMakeFiles/cmTC_144c9.dir/src.cxx.o -c /home/aaa/fp-solver/llvm-6/build/CMakeFiles/CMakeTmp/src.cxx
c++: error: unrecognized debug output level 'line-tables-only'
CMakeFiles/cmTC_144c9.dir/build.make:77: recipe for target 'CMakeFiles/cmTC_144c9.dir/src.cxx.o' failed
make[1]: *** [CMakeFiles/cmTC_144c9.dir/src.cxx.o] Error 1
make[1]: Leaving directory '/home/aaa/fp-solver/llvm-6/build/CMakeFiles/CMakeTmp'
Makefile:127: recipe for target 'cmTC_144c9/fast' failed
make: *** [cmTC_144c9/fast] Error 2


Source file was:
int main() { return 0; }
Performing C++ SOURCE FILE Test COMPILER_RT_HAS_Zi_FLAG failed with the following output:
Change Dir: /home/aaa/fp-solver/llvm-6/build/CMakeFiles/CMakeTmp

Run Build Command(s):/usr/bin/make -f Makefile cmTC_42f1b/fast && /usr/bin/make  -f CMakeFiles/cmTC_42f1b.dir/build.make CMakeFiles/cmTC_42f1b.dir/build
make[1]: Entering directory '/home/aaa/fp-solver/llvm-6/build/CMakeFiles/CMakeTmp'
Building CXX object CMakeFiles/cmTC_42f1b.dir/src.cxx.o
/usr/bin/c++ -DCOMPILER_RT_HAS_Zi_FLAG  -fPIC -fvisibility-inlines-hidden -Werror=date-time -std=c++11 -Wall -W -Wno-unused-parameter -Wwrite-strings -Wcast-qual -Wno-missing-field-initializers -pedantic -Wno-long-long -Wno-maybe-uninitialized -Wdelete-non-virtual-dtor -Wno-comment -ffunction-sections -fdata-sections  -nodefaultlibs   /Zi -o CMakeFiles/cmTC_42f1b.dir/src.cxx.o -c /home/aaa/fp-solver/llvm-6/build/CMakeFiles/CMakeTmp/src.cxx
c++: error: /Zi: No such file or directory
CMakeFiles/cmTC_42f1b.dir/build.make:77: recipe for target 'CMakeFiles/cmTC_42f1b.dir/src.cxx.o' failed
make[1]: *** [CMakeFiles/cmTC_42f1b.dir/src.cxx.o] Error 1
make[1]: Leaving directory '/home/aaa/fp-solver/llvm-6/build/CMakeFiles/CMakeTmp'
Makefile:127: recipe for target 'cmTC_42f1b/fast' failed
make: *** [cmTC_42f1b/fast] Error 2


Source file was:
int main() { return 0; }
Performing C++ SOURCE FILE Test COMPILER_RT_HAS_WGLOBAL_CONSTRUCTORS_FLAG failed with the following output:
Change Dir: /home/aaa/fp-solver/llvm-6/build/CMakeFiles/CMakeTmp

Run Build Command(s):/usr/bin/make -f Makefile cmTC_7d9da/fast && /usr/bin/make  -f CMakeFiles/cmTC_7d9da.dir/build.make CMakeFiles/cmTC_7d9da.dir/build
make[1]: Entering directory '/home/aaa/fp-solver/llvm-6/build/CMakeFiles/CMakeTmp'
Building CXX object CMakeFiles/cmTC_7d9da.dir/src.cxx.o
/usr/bin/c++ -DCOMPILER_RT_HAS_WGLOBAL_CONSTRUCTORS_FLAG  -fPIC -fvisibility-inlines-hidden -Werror=date-time -std=c++11 -Wall -W -Wno-unused-parameter -Wwrite-strings -Wcast-qual -Wno-missing-field-initializers -pedantic -Wno-long-long -Wno-maybe-uninitialized -Wdelete-non-virtual-dtor -Wno-comment -ffunction-sections -fdata-sections  -nodefaultlibs   -Werror -Wglobal-constructors -o CMakeFiles/cmTC_7d9da.dir/src.cxx.o -c /home/aaa/fp-solver/llvm-6/build/CMakeFiles/CMakeTmp/src.cxx
c++: error: unrecognized command line option '-Wglobal-constructors'; did you mean '-felide-constructors'?
CMakeFiles/cmTC_7d9da.dir/build.make:77: recipe for target 'CMakeFiles/cmTC_7d9da.dir/src.cxx.o' failed
make[1]: *** [CMakeFiles/cmTC_7d9da.dir/src.cxx.o] Error 1
make[1]: Leaving directory '/home/aaa/fp-solver/llvm-6/build/CMakeFiles/CMakeTmp'
Makefile:127: recipe for target 'cmTC_7d9da/fast' failed
make: *** [cmTC_7d9da/fast] Error 2


Source file was:
int main() { return 0; }
Performing C++ SOURCE FILE Test COMPILER_RT_HAS_WC99_EXTENSIONS_FLAG failed with the following output:
Change Dir: /home/aaa/fp-solver/llvm-6/build/CMakeFiles/CMakeTmp

Run Build Command(s):/usr/bin/make -f Makefile cmTC_b370d/fast && /usr/bin/make  -f CMakeFiles/cmTC_b370d.dir/build.make CMakeFiles/cmTC_b370d.dir/build
make[1]: Entering directory '/home/aaa/fp-solver/llvm-6/build/CMakeFiles/CMakeTmp'
Building CXX object CMakeFiles/cmTC_b370d.dir/src.cxx.o
/usr/bin/c++ -DCOMPILER_RT_HAS_WC99_EXTENSIONS_FLAG  -fPIC -fvisibility-inlines-hidden -Werror=date-time -std=c++11 -Wall -W -Wno-unused-parameter -Wwrite-strings -Wcast-qual -Wno-missing-field-initializers -pedantic -Wno-long-long -Wno-maybe-uninitialized -Wdelete-non-virtual-dtor -Wno-comment -ffunction-sections -fdata-sections  -nodefaultlibs   -Werror -Wc99-extensions -o CMakeFiles/cmTC_b370d.dir/src.cxx.o -c /home/aaa/fp-solver/llvm-6/build/CMakeFiles/CMakeTmp/src.cxx
c++: error: unrecognized command line option '-Wc99-extensions'; did you mean '-fms-extensions'?
CMakeFiles/cmTC_b370d.dir/build.make:77: recipe for target 'CMakeFiles/cmTC_b370d.dir/src.cxx.o' failed
make[1]: *** [CMakeFiles/cmTC_b370d.dir/src.cxx.o] Error 1
make[1]: Leaving directory '/home/aaa/fp-solver/llvm-6/build/CMakeFiles/CMakeTmp'
Makefile:127: recipe for target 'cmTC_b370d/fast' failed
make: *** [cmTC_b370d/fast] Error 2


Source file was:
int main() { return 0; }
Performing C++ SOURCE FILE Test COMPILER_RT_HAS_WGNU_FLAG failed with the following output:
Change Dir: /home/aaa/fp-solver/llvm-6/build/CMakeFiles/CMakeTmp

Run Build Command(s):/usr/bin/make -f Makefile cmTC_b472d/fast && /usr/bin/make  -f CMakeFiles/cmTC_b472d.dir/build.make CMakeFiles/cmTC_b472d.dir/build
make[1]: Entering directory '/home/aaa/fp-solver/llvm-6/build/CMakeFiles/CMakeTmp'
Building CXX object CMakeFiles/cmTC_b472d.dir/src.cxx.o
/usr/bin/c++ -DCOMPILER_RT_HAS_WGNU_FLAG  -fPIC -fvisibility-inlines-hidden -Werror=date-time -std=c++11 -Wall -W -Wno-unused-parameter -Wwrite-strings -Wcast-qual -Wno-missing-field-initializers -pedantic -Wno-long-long -Wno-maybe-uninitialized -Wdelete-non-virtual-dtor -Wno-comment -ffunction-sections -fdata-sections  -nodefaultlibs   -Werror -Wgnu -o CMakeFiles/cmTC_b472d.dir/src.cxx.o -c /home/aaa/fp-solver/llvm-6/build/CMakeFiles/CMakeTmp/src.cxx
c++: error: unrecognized command line option '-Wgnu'
CMakeFiles/cmTC_b472d.dir/build.make:77: recipe for target 'CMakeFiles/cmTC_b472d.dir/src.cxx.o' failed
make[1]: *** [CMakeFiles/cmTC_b472d.dir/src.cxx.o] Error 1
make[1]: Leaving directory '/home/aaa/fp-solver/llvm-6/build/CMakeFiles/CMakeTmp'
Makefile:127: recipe for target 'cmTC_b472d/fast' failed
make: *** [cmTC_b472d/fast] Error 2


Source file was:
int main() { return 0; }
Performing C++ SOURCE FILE Test COMPILER_RT_HAS_WCOVERED_SWITCH_DEFAULT_FLAG failed with the following output:
Change Dir: /home/aaa/fp-solver/llvm-6/build/CMakeFiles/CMakeTmp

Run Build Command(s):/usr/bin/make -f Makefile cmTC_0622b/fast && /usr/bin/make  -f CMakeFiles/cmTC_0622b.dir/build.make CMakeFiles/cmTC_0622b.dir/build
make[1]: Entering directory '/home/aaa/fp-solver/llvm-6/build/CMakeFiles/CMakeTmp'
Building CXX object CMakeFiles/cmTC_0622b.dir/src.cxx.o
/usr/bin/c++ -DCOMPILER_RT_HAS_WCOVERED_SWITCH_DEFAULT_FLAG  -fPIC -fvisibility-inlines-hidden -Werror=date-time -std=c++11 -Wall -W -Wno-unused-parameter -Wwrite-strings -Wcast-qual -Wno-missing-field-initializers -pedantic -Wno-long-long -Wno-maybe-uninitialized -Wdelete-non-virtual-dtor -Wno-comment -ffunction-sections -fdata-sections  -nodefaultlibs   -Werror -Wcovered-switch-default -o CMakeFiles/cmTC_0622b.dir/src.cxx.o -c /home/aaa/fp-solver/llvm-6/build/CMakeFiles/CMakeTmp/src.cxx
c++: error: unrecognized command line option '-Wcovered-switch-default'; did you mean '-Wno-switch-default'?
CMakeFiles/cmTC_0622b.dir/build.make:77: recipe for target 'CMakeFiles/cmTC_0622b.dir/src.cxx.o' failed
make[1]: *** [CMakeFiles/cmTC_0622b.dir/src.cxx.o] Error 1
make[1]: Leaving directory '/home/aaa/fp-solver/llvm-6/build/CMakeFiles/CMakeTmp'
Makefile:127: recipe for target 'cmTC_0622b/fast' failed
make: *** [cmTC_0622b/fast] Error 2


Source file was:
int main() { return 0; }
Performing C++ SOURCE FILE Test COMPILER_RT_HAS_W4_FLAG failed with the following output:
Change Dir: /home/aaa/fp-solver/llvm-6/build/CMakeFiles/CMakeTmp

Run Build Command(s):/usr/bin/make -f Makefile cmTC_8c544/fast && /usr/bin/make  -f CMakeFiles/cmTC_8c544.dir/build.make CMakeFiles/cmTC_8c544.dir/build
make[1]: Entering directory '/home/aaa/fp-solver/llvm-6/build/CMakeFiles/CMakeTmp'
Building CXX object CMakeFiles/cmTC_8c544.dir/src.cxx.o
/usr/bin/c++ -DCOMPILER_RT_HAS_W4_FLAG  -fPIC -fvisibility-inlines-hidden -Werror=date-time -std=c++11 -Wall -W -Wno-unused-parameter -Wwrite-strings -Wcast-qual -Wno-missing-field-initializers -pedantic -Wno-long-long -Wno-maybe-uninitialized -Wdelete-non-virtual-dtor -Wno-comment -ffunction-sections -fdata-sections  -nodefaultlibs   /W4 -o CMakeFiles/cmTC_8c544.dir/src.cxx.o -c /home/aaa/fp-solver/llvm-6/build/CMakeFiles/CMakeTmp/src.cxx
c++: error: /W4: No such file or directory
CMakeFiles/cmTC_8c544.dir/build.make:77: recipe for target 'CMakeFiles/cmTC_8c544.dir/src.cxx.o' failed
make[1]: *** [CMakeFiles/cmTC_8c544.dir/src.cxx.o] Error 1
make[1]: Leaving directory '/home/aaa/fp-solver/llvm-6/build/CMakeFiles/CMakeTmp'
Makefile:127: recipe for target 'cmTC_8c544/fast' failed
make: *** [cmTC_8c544/fast] Error 2


Source file was:
int main() { return 0; }
Performing C++ SOURCE FILE Test COMPILER_RT_HAS_WX_FLAG failed with the following output:
Change Dir: /home/aaa/fp-solver/llvm-6/build/CMakeFiles/CMakeTmp

Run Build Command(s):/usr/bin/make -f Makefile cmTC_1f466/fast && /usr/bin/make  -f CMakeFiles/cmTC_1f466.dir/build.make CMakeFiles/cmTC_1f466.dir/build
make[1]: Entering directory '/home/aaa/fp-solver/llvm-6/build/CMakeFiles/CMakeTmp'
Building CXX object CMakeFiles/cmTC_1f466.dir/src.cxx.o
/usr/bin/c++ -DCOMPILER_RT_HAS_WX_FLAG  -fPIC -fvisibility-inlines-hidden -Werror=date-time -std=c++11 -Wall -W -Wno-unused-parameter -Wwrite-strings -Wcast-qual -Wno-missing-field-initializers -pedantic -Wno-long-long -Wno-maybe-uninitialized -Wdelete-non-virtual-dtor -Wno-comment -ffunction-sections -fdata-sections  -nodefaultlibs   /WX -o CMakeFiles/cmTC_1f466.dir/src.cxx.o -c /home/aaa/fp-solver/llvm-6/build/CMakeFiles/CMakeTmp/src.cxx
c++: error: /WX: No such file or directory
CMakeFiles/cmTC_1f466.dir/build.make:77: recipe for target 'CMakeFiles/cmTC_1f466.dir/src.cxx.o' failed
make[1]: *** [CMakeFiles/cmTC_1f466.dir/src.cxx.o] Error 1
make[1]: Leaving directory '/home/aaa/fp-solver/llvm-6/build/CMakeFiles/CMakeTmp'
Makefile:127: recipe for target 'cmTC_1f466/fast' failed
make: *** [cmTC_1f466/fast] Error 2


Source file was:
int main() { return 0; }
Performing C++ SOURCE FILE Test COMPILER_RT_HAS_WD4146_FLAG failed with the following output:
Change Dir: /home/aaa/fp-solver/llvm-6/build/CMakeFiles/CMakeTmp

Run Build Command(s):/usr/bin/make -f Makefile cmTC_a16f2/fast && /usr/bin/make  -f CMakeFiles/cmTC_a16f2.dir/build.make CMakeFiles/cmTC_a16f2.dir/build
make[1]: Entering directory '/home/aaa/fp-solver/llvm-6/build/CMakeFiles/CMakeTmp'
Building CXX object CMakeFiles/cmTC_a16f2.dir/src.cxx.o
/usr/bin/c++ -DCOMPILER_RT_HAS_WD4146_FLAG  -fPIC -fvisibility-inlines-hidden -Werror=date-time -std=c++11 -Wall -W -Wno-unused-parameter -Wwrite-strings -Wcast-qual -Wno-missing-field-initializers -pedantic -Wno-long-long -Wno-maybe-uninitialized -Wdelete-non-virtual-dtor -Wno-comment -ffunction-sections -fdata-sections  -nodefaultlibs   /wd4146 -o CMakeFiles/cmTC_a16f2.dir/src.cxx.o -c /home/aaa/fp-solver/llvm-6/build/CMakeFiles/CMakeTmp/src.cxx
c++: error: /wd4146: No such file or directory
CMakeFiles/cmTC_a16f2.dir/build.make:77: recipe for target 'CMakeFiles/cmTC_a16f2.dir/src.cxx.o' failed
make[1]: *** [CMakeFiles/cmTC_a16f2.dir/src.cxx.o] Error 1
make[1]: Leaving directory '/home/aaa/fp-solver/llvm-6/build/CMakeFiles/CMakeTmp'
Makefile:127: recipe for target 'cmTC_a16f2/fast' failed
make: *** [cmTC_a16f2/fast] Error 2


Source file was:
int main() { return 0; }
Performing C++ SOURCE FILE Test COMPILER_RT_HAS_WD4291_FLAG failed with the following output:
Change Dir: /home/aaa/fp-solver/llvm-6/build/CMakeFiles/CMakeTmp

Run Build Command(s):/usr/bin/make -f Makefile cmTC_abcb2/fast && /usr/bin/make  -f CMakeFiles/cmTC_abcb2.dir/build.make CMakeFiles/cmTC_abcb2.dir/build
make[1]: Entering directory '/home/aaa/fp-solver/llvm-6/build/CMakeFiles/CMakeTmp'
Building CXX object CMakeFiles/cmTC_abcb2.dir/src.cxx.o
/usr/bin/c++ -DCOMPILER_RT_HAS_WD4291_FLAG  -fPIC -fvisibility-inlines-hidden -Werror=date-time -std=c++11 -Wall -W -Wno-unused-parameter -Wwrite-strings -Wcast-qual -Wno-missing-field-initializers -pedantic -Wno-long-long -Wno-maybe-uninitialized -Wdelete-non-virtual-dtor -Wno-comment -ffunction-sections -fdata-sections  -nodefaultlibs   /wd4291 -o CMakeFiles/cmTC_abcb2.dir/src.cxx.o -c /home/aaa/fp-solver/llvm-6/build/CMakeFiles/CMakeTmp/src.cxx
c++: error: /wd4291: No such file or directory
CMakeFiles/cmTC_abcb2.dir/build.make:77: recipe for target 'CMakeFiles/cmTC_abcb2.dir/src.cxx.o' failed
make[1]: *** [CMakeFiles/cmTC_abcb2.dir/src.cxx.o] Error 1
make[1]: Leaving directory '/home/aaa/fp-solver/llvm-6/build/CMakeFiles/CMakeTmp'
Makefile:127: recipe for target 'cmTC_abcb2/fast' failed
make: *** [cmTC_abcb2/fast] Error 2


Source file was:
int main() { return 0; }
Performing C++ SOURCE FILE Test COMPILER_RT_HAS_WD4221_FLAG failed with the following output:
Change Dir: /home/aaa/fp-solver/llvm-6/build/CMakeFiles/CMakeTmp

Run Build Command(s):/usr/bin/make -f Makefile cmTC_805f1/fast && /usr/bin/make  -f CMakeFiles/cmTC_805f1.dir/build.make CMakeFiles/cmTC_805f1.dir/build
make[1]: Entering directory '/home/aaa/fp-solver/llvm-6/build/CMakeFiles/CMakeTmp'
Building CXX object CMakeFiles/cmTC_805f1.dir/src.cxx.o
/usr/bin/c++ -DCOMPILER_RT_HAS_WD4221_FLAG  -fPIC -fvisibility-inlines-hidden -Werror=date-time -std=c++11 -Wall -W -Wno-unused-parameter -Wwrite-strings -Wcast-qual -Wno-missing-field-initializers -pedantic -Wno-long-long -Wno-maybe-uninitialized -Wdelete-non-virtual-dtor -Wno-comment -ffunction-sections -fdata-sections  -nodefaultlibs   /wd4221 -o CMakeFiles/cmTC_805f1.dir/src.cxx.o -c /home/aaa/fp-solver/llvm-6/build/CMakeFiles/CMakeTmp/src.cxx
c++: error: /wd4221: No such file or directory
CMakeFiles/cmTC_805f1.dir/build.make:77: recipe for target 'CMakeFiles/cmTC_805f1.dir/src.cxx.o' failed
make[1]: *** [CMakeFiles/cmTC_805f1.dir/src.cxx.o] Error 1
make[1]: Leaving directory '/home/aaa/fp-solver/llvm-6/build/CMakeFiles/CMakeTmp'
Makefile:127: recipe for target 'cmTC_805f1/fast' failed
make: *** [cmTC_805f1/fast] Error 2


Source file was:
int main() { return 0; }
Performing C++ SOURCE FILE Test COMPILER_RT_HAS_WD4391_FLAG failed with the following output:
Change Dir: /home/aaa/fp-solver/llvm-6/build/CMakeFiles/CMakeTmp

Run Build Command(s):/usr/bin/make -f Makefile cmTC_ced26/fast && /usr/bin/make  -f CMakeFiles/cmTC_ced26.dir/build.make CMakeFiles/cmTC_ced26.dir/build
make[1]: Entering directory '/home/aaa/fp-solver/llvm-6/build/CMakeFiles/CMakeTmp'
Building CXX object CMakeFiles/cmTC_ced26.dir/src.cxx.o
/usr/bin/c++ -DCOMPILER_RT_HAS_WD4391_FLAG  -fPIC -fvisibility-inlines-hidden -Werror=date-time -std=c++11 -Wall -W -Wno-unused-parameter -Wwrite-strings -Wcast-qual -Wno-missing-field-initializers -pedantic -Wno-long-long -Wno-maybe-uninitialized -Wdelete-non-virtual-dtor -Wno-comment -ffunction-sections -fdata-sections  -nodefaultlibs   /wd4391 -o CMakeFiles/cmTC_ced26.dir/src.cxx.o -c /home/aaa/fp-solver/llvm-6/build/CMakeFiles/CMakeTmp/src.cxx
c++: error: /wd4391: No such file or directory
CMakeFiles/cmTC_ced26.dir/build.make:77: recipe for target 'CMakeFiles/cmTC_ced26.dir/src.cxx.o' failed
make[1]: *** [CMakeFiles/cmTC_ced26.dir/src.cxx.o] Error 1
make[1]: Leaving directory '/home/aaa/fp-solver/llvm-6/build/CMakeFiles/CMakeTmp'
Makefile:127: recipe for target 'cmTC_ced26/fast' failed
make: *** [cmTC_ced26/fast] Error 2


Source file was:
int main() { return 0; }
Performing C++ SOURCE FILE Test COMPILER_RT_HAS_WD4722_FLAG failed with the following output:
Change Dir: /home/aaa/fp-solver/llvm-6/build/CMakeFiles/CMakeTmp

Run Build Command(s):/usr/bin/make -f Makefile cmTC_baa84/fast && /usr/bin/make  -f CMakeFiles/cmTC_baa84.dir/build.make CMakeFiles/cmTC_baa84.dir/build
make[1]: Entering directory '/home/aaa/fp-solver/llvm-6/build/CMakeFiles/CMakeTmp'
Building CXX object CMakeFiles/cmTC_baa84.dir/src.cxx.o
/usr/bin/c++ -DCOMPILER_RT_HAS_WD4722_FLAG  -fPIC -fvisibility-inlines-hidden -Werror=date-time -std=c++11 -Wall -W -Wno-unused-parameter -Wwrite-strings -Wcast-qual -Wno-missing-field-initializers -pedantic -Wno-long-long -Wno-maybe-uninitialized -Wdelete-non-virtual-dtor -Wno-comment -ffunction-sections -fdata-sections  -nodefaultlibs   /wd4722 -o CMakeFiles/cmTC_baa84.dir/src.cxx.o -c /home/aaa/fp-solver/llvm-6/build/CMakeFiles/CMakeTmp/src.cxx
c++: error: /wd4722: No such file or directory
CMakeFiles/cmTC_baa84.dir/build.make:77: recipe for target 'CMakeFiles/cmTC_baa84.dir/src.cxx.o' failed
make[1]: *** [CMakeFiles/cmTC_baa84.dir/src.cxx.o] Error 1
make[1]: Leaving directory '/home/aaa/fp-solver/llvm-6/build/CMakeFiles/CMakeTmp'
Makefile:127: recipe for target 'cmTC_baa84/fast' failed
make: *** [cmTC_baa84/fast] Error 2


Source file was:
int main() { return 0; }
Performing C++ SOURCE FILE Test COMPILER_RT_HAS_WD4800_FLAG failed with the following output:
Change Dir: /home/aaa/fp-solver/llvm-6/build/CMakeFiles/CMakeTmp

Run Build Command(s):/usr/bin/make -f Makefile cmTC_5cb57/fast && /usr/bin/make  -f CMakeFiles/cmTC_5cb57.dir/build.make CMakeFiles/cmTC_5cb57.dir/build
make[1]: Entering directory '/home/aaa/fp-solver/llvm-6/build/CMakeFiles/CMakeTmp'
Building CXX object CMakeFiles/cmTC_5cb57.dir/src.cxx.o
/usr/bin/c++ -DCOMPILER_RT_HAS_WD4800_FLAG  -fPIC -fvisibility-inlines-hidden -Werror=date-time -std=c++11 -Wall -W -Wno-unused-parameter -Wwrite-strings -Wcast-qual -Wno-missing-field-initializers -pedantic -Wno-long-long -Wno-maybe-uninitialized -Wdelete-non-virtual-dtor -Wno-comment -ffunction-sections -fdata-sections  -nodefaultlibs   /wd4800 -o CMakeFiles/cmTC_5cb57.dir/src.cxx.o -c /home/aaa/fp-solver/llvm-6/build/CMakeFiles/CMakeTmp/src.cxx
c++: error: /wd4800: No such file or directory
CMakeFiles/cmTC_5cb57.dir/build.make:77: recipe for target 'CMakeFiles/cmTC_5cb57.dir/src.cxx.o' failed
make[1]: *** [CMakeFiles/cmTC_5cb57.dir/src.cxx.o] Error 1
make[1]: Leaving directory '/home/aaa/fp-solver/llvm-6/build/CMakeFiles/CMakeTmp'
Makefile:127: recipe for target 'cmTC_5cb57/fast' failed
make: *** [cmTC_5cb57/fast] Error 2


Source file was:
int main() { return 0; }
Determining if the include file rpc/xdr.h exists failed with the following output:
Change Dir: /home/aaa/fp-solver/llvm-6/build/CMakeFiles/CMakeTmp

Run Build Command(s):/usr/bin/make -f Makefile cmTC_477b0/fast && /usr/bin/make  -f CMakeFiles/cmTC_477b0.dir/build.make CMakeFiles/cmTC_477b0.dir/build
make[1]: Entering directory '/home/aaa/fp-solver/llvm-6/build/CMakeFiles/CMakeTmp'
Building C object CMakeFiles/cmTC_477b0.dir/CheckIncludeFile.c.o
/usr/bin/cc -D_GNU_SOURCE  -fPIC -Werror=date-time -Wall -W -Wno-unused-parameter -Wwrite-strings -Wno-missing-field-initializers -pedantic -Wno-long-long -Wno-comment -ffunction-sections -fdata-sections -Wall -Wno-unused-parameter  -nodefaultlibs -o CMakeFiles/cmTC_477b0.dir/CheckIncludeFile.c.o -c /home/aaa/fp-solver/llvm-6/build/CMakeFiles/CMakeTmp/CheckIncludeFile.c
Linking C executable cmTC_477b0
/usr/local/bin/cmake -E cmake_link_script CMakeFiles/cmTC_477b0.dir/link.txt --verbose=1
/usr/bin/cc  -fPIC -Werror=date-time -Wall -W -Wno-unused-parameter -Wwrite-strings -Wno-missing-field-initializers -pedantic -Wno-long-long -Wno-comment -ffunction-sections -fdata-sections -Wall -Wno-unused-parameter  -nodefaultlibs  -Wl,-allow-shlib-undefined  CMakeFiles/cmTC_477b0.dir/CheckIncludeFile.c.o -o cmTC_477b0 
/usr/lib/gcc/x86_64-linux-gnu/7/../../../x86_64-linux-gnu/Scrt1.o: In function `_start':
(.text+0x12): undefined reference to `__libc_csu_fini'
(.text+0x19): undefined reference to `__libc_csu_init'
(.text+0x26): undefined reference to `__libc_start_main'
collect2: error: ld returned 1 exit status
CMakeFiles/cmTC_477b0.dir/build.make:98: recipe for target 'cmTC_477b0' failed
make[1]: *** [cmTC_477b0] Error 1
make[1]: Leaving directory '/home/aaa/fp-solver/llvm-6/build/CMakeFiles/CMakeTmp'
Makefile:127: recipe for target 'cmTC_477b0/fast' failed
make: *** [cmTC_477b0/fast] Error 2



Determining if the include file tirpc/rpc/xdr.h exists failed with the following output:
Change Dir: /home/aaa/fp-solver/llvm-6/build/CMakeFiles/CMakeTmp

Run Build Command(s):/usr/bin/make -f Makefile cmTC_52531/fast && /usr/bin/make  -f CMakeFiles/cmTC_52531.dir/build.make CMakeFiles/cmTC_52531.dir/build
make[1]: Entering directory '/home/aaa/fp-solver/llvm-6/build/CMakeFiles/CMakeTmp'
Building C object CMakeFiles/cmTC_52531.dir/CheckIncludeFile.c.o
/usr/bin/cc -D_GNU_SOURCE  -fPIC -Werror=date-time -Wall -W -Wno-unused-parameter -Wwrite-strings -Wno-missing-field-initializers -pedantic -Wno-long-long -Wno-comment -ffunction-sections -fdata-sections -Wall -Wno-unused-parameter  -nodefaultlibs -o CMakeFiles/cmTC_52531.dir/CheckIncludeFile.c.o -c /home/aaa/fp-solver/llvm-6/build/CMakeFiles/CMakeTmp/CheckIncludeFile.c
/home/aaa/fp-solver/llvm-6/build/CMakeFiles/CMakeTmp/CheckIncludeFile.c:1:10: fatal error: tirpc/rpc/xdr.h: No such file or directory
 #include <tirpc/rpc/xdr.h>
          ^~~~~~~~~~~~~~~~~
compilation terminated.
CMakeFiles/cmTC_52531.dir/build.make:77: recipe for target 'CMakeFiles/cmTC_52531.dir/CheckIncludeFile.c.o' failed
make[1]: *** [CMakeFiles/cmTC_52531.dir/CheckIncludeFile.c.o] Error 1
make[1]: Leaving directory '/home/aaa/fp-solver/llvm-6/build/CMakeFiles/CMakeTmp'
Makefile:127: recipe for target 'cmTC_52531/fast' failed
make: *** [cmTC_52531/fast] Error 2



Testing compiler for supporting FLAGS-fxray-instrument:
Command: /usr/bin/cc;;;;-fPIC;-Werror=date-time;-Wall;-W;-Wno-unused-parameter;-Wwrite-strings;-Wno-missing-field-initializers;-pedantic;-Wno-long-long;-Wno-comment;-ffunction-sections;-fdata-sections;-Wall;-Wno-unused-parameter;-fxray-instrument;-o;/home/aaa/fp-solver/llvm-6/build/CMakeFiles/test.o;-c;/home/aaa/fp-solver/llvm-6/build/CMakeFiles/src.c

cc: error: unrecognized command line option ‘-fxray-instrument’

1
Performing C++ SOURCE FILE Test CXX_SUPPORTS_NO_NESTED_ANON_TYPES_FLAG failed with the following output:
Change Dir: /home/aaa/fp-solver/llvm-6/build/CMakeFiles/CMakeTmp

Run Build Command(s):/usr/bin/make -f Makefile cmTC_cef98/fast && /usr/bin/make  -f CMakeFiles/cmTC_cef98.dir/build.make CMakeFiles/cmTC_cef98.dir/build
make[1]: Entering directory '/home/aaa/fp-solver/llvm-6/build/CMakeFiles/CMakeTmp'
Building CXX object CMakeFiles/cmTC_cef98.dir/src.cxx.o
/usr/bin/c++ -DCXX_SUPPORTS_NO_NESTED_ANON_TYPES_FLAG  -fPIC -fvisibility-inlines-hidden -Werror=date-time -std=c++11 -Wall -W -Wno-unused-parameter -Wwrite-strings -Wcast-qual -Wno-missing-field-initializers -pedantic -Wno-long-long -Wno-maybe-uninitialized -Wdelete-non-virtual-dtor -Wno-comment -ffunction-sections -fdata-sections -fno-common -Woverloaded-virtual -fno-strict-aliasing    -Werror -Wnested-anon-types -o CMakeFiles/cmTC_cef98.dir/src.cxx.o -c /home/aaa/fp-solver/llvm-6/build/CMakeFiles/CMakeTmp/src.cxx
c++: error: unrecognized command line option '-Wnested-anon-types'; did you mean '-Wnested-externs'?
CMakeFiles/cmTC_cef98.dir/build.make:77: recipe for target 'CMakeFiles/cmTC_cef98.dir/src.cxx.o' failed
make[1]: *** [CMakeFiles/cmTC_cef98.dir/src.cxx.o] Error 1
make[1]: Leaving directory '/home/aaa/fp-solver/llvm-6/build/CMakeFiles/CMakeTmp'
Makefile:127: recipe for target 'cmTC_cef98/fast' failed
make: *** [cmTC_cef98/fast] Error 2


Source file was:
int main() { return 0; }
