patching file core/add.h
Hunk #1 succeeded at 402 (offset 6 lines).
Hunk #2 succeeded at 529 (offset 6 lines).
Hunk #3 succeeded at 547 (offset 6 lines).
patching file core/convert.h
Hunk #1 succeeded at 100 (offset 6 lines).
Hunk #2 succeeded at 180 (offset 6 lines).
Hunk #3 succeeded at 224 (offset 6 lines).
patching file core/divide.h
Hunk #1 succeeded at 111 (offset 6 lines).
Hunk #2 succeeded at 122 (offset 6 lines).
patching file core/multiply.h
Hunk #1 succeeded at 103 (offset 6 lines).
patching file core/operations.h
Hunk #1 succeeded at 30 (offset 6 lines).
patching file core/packing.h
Hunk #1 succeeded at 108 (offset 6 lines).
Hunk #2 succeeded at 137 (offset 6 lines).
patching file core/rounder.h
Hunk #1 succeeded at 387 (offset 6 lines).
Hunk #2 succeeded at 582 (offset 6 lines).
patching file core/sqrt.h
Hunk #1 succeeded at 97 (offset 6 lines).
patching file core/unpackedFloat.h
Hunk #1 succeeded at 108 (offset 6 lines).
Hunk #2 succeeded at 172 (offset 6 lines).
Hunk #3 succeeded at 182 (offset 6 lines).
Hunk #4 succeeded at 444 (offset 6 lines).
