The system is: Linux - 5.4.0-120-generic - x86_64
Compiling the C compiler identification source file "CMakeCCompilerId.c" succeeded.
Compiler: /usr/bin/cc 
Build flags: 
Id flags:  

The output was:
0


Compilation of the C compiler identification source "CMakeCCompilerId.c" produced "a.out"

The C compiler identification is GNU, found in "/home/aaa/gsl/cmake-build-debug/CMakeFiles/3.17.5/CompilerIdC/a.out"

Compiling the CXX compiler identification source file "CMakeCXXCompilerId.cpp" succeeded.
Compiler: /usr/bin/c++ 
Build flags: 
Id flags:  

The output was:
0


Compilation of the CXX compiler identification source "CMakeCXXCompilerId.cpp" produced "a.out"

The CXX compiler identification is GNU, found in "/home/aaa/gsl/cmake-build-debug/CMakeFiles/3.17.5/CompilerIdCXX/a.out"

Determining if the C compiler works passed with the following output:
Change Dir: /home/aaa/gsl/cmake-build-debug/CMakeFiles/CMakeTmp

Run Build Command(s):/usr/bin/make cmTC_64fc6/fast && /usr/bin/make  -f CMakeFiles/cmTC_64fc6.dir/build.make CMakeFiles/cmTC_64fc6.dir/build
make[1]: Entering directory '/home/aaa/gsl/cmake-build-debug/CMakeFiles/CMakeTmp'
Building C object CMakeFiles/cmTC_64fc6.dir/testCCompiler.c.o
/usr/bin/cc    -o CMakeFiles/cmTC_64fc6.dir/testCCompiler.c.o   -c /home/aaa/gsl/cmake-build-debug/CMakeFiles/CMakeTmp/testCCompiler.c
Linking C executable cmTC_64fc6
/home/aaa/Desktop/clion-2020.3.2/bin/cmake/linux/bin/cmake -E cmake_link_script CMakeFiles/cmTC_64fc6.dir/link.txt --verbose=1
/usr/bin/cc      CMakeFiles/cmTC_64fc6.dir/testCCompiler.c.o  -o cmTC_64fc6 
make[1]: Leaving directory '/home/aaa/gsl/cmake-build-debug/CMakeFiles/CMakeTmp'



Detecting C compiler ABI info compiled with the following output:
Change Dir: /home/aaa/gsl/cmake-build-debug/CMakeFiles/CMakeTmp

Run Build Command(s):/usr/bin/make cmTC_ce18a/fast && /usr/bin/make  -f CMakeFiles/cmTC_ce18a.dir/build.make CMakeFiles/cmTC_ce18a.dir/build
make[1]: Entering directory '/home/aaa/gsl/cmake-build-debug/CMakeFiles/CMakeTmp'
Building C object CMakeFiles/cmTC_ce18a.dir/CMakeCCompilerABI.c.o
/usr/bin/cc   -v -o CMakeFiles/cmTC_ce18a.dir/CMakeCCompilerABI.c.o   -c /home/aaa/Desktop/clion-2020.3.2/bin/cmake/linux/share/cmake-3.17/Modules/CMakeCCompilerABI.c
Using built-in specs.
COLLECT_GCC=/usr/bin/cc
OFFLOAD_TARGET_NAMES=nvptx-none
OFFLOAD_TARGET_DEFAULT=1
Target: x86_64-linux-gnu
Configured with: ../src/configure -v --with-pkgversion='Ubuntu 7.5.0-3ubuntu1~18.04' --with-bugurl=file:///usr/share/doc/gcc-7/README.Bugs --enable-languages=c,ada,c++,go,brig,d,fortran,objc,obj-c++ --prefix=/usr --with-gcc-major-version-only --program-suffix=-7 --program-prefix=x86_64-linux-gnu- --enable-shared --enable-linker-build-id --libexecdir=/usr/lib --without-included-gettext --enable-threads=posix --libdir=/usr/lib --enable-nls --enable-bootstrap --enable-clocale=gnu --enable-libstdcxx-debug --enable-libstdcxx-time=yes --with-default-libstdcxx-abi=new --enable-gnu-unique-object --disable-vtable-verify --enable-libmpx --enable-plugin --enable-default-pie --with-system-zlib --with-target-system-zlib --enable-objc-gc=auto --enable-multiarch --disable-werror --with-arch-32=i686 --with-abi=m64 --with-multilib-list=m32,m64,mx32 --enable-multilib --with-tune=generic --enable-offload-targets=nvptx-none --without-cuda-driver --enable-checking=release --build=x86_64-linux-gnu --host=x86_64-linux-gnu --target=x86_64-linux-gnu
Thread model: posix
gcc version 7.5.0 (Ubuntu 7.5.0-3ubuntu1~18.04) 
COLLECT_GCC_OPTIONS='-v' '-o' 'CMakeFiles/cmTC_ce18a.dir/CMakeCCompilerABI.c.o' '-c' '-mtune=generic' '-march=x86-64'
 /usr/lib/gcc/x86_64-linux-gnu/7/cc1 -quiet -v -imultiarch x86_64-linux-gnu /home/aaa/Desktop/clion-2020.3.2/bin/cmake/linux/share/cmake-3.17/Modules/CMakeCCompilerABI.c -quiet -dumpbase CMakeCCompilerABI.c -mtune=generic -march=x86-64 -auxbase-strip CMakeFiles/cmTC_ce18a.dir/CMakeCCompilerABI.c.o -version -fstack-protector-strong -Wformat -Wformat-security -o /tmp/cccDbNfH.s
GNU C11 (Ubuntu 7.5.0-3ubuntu1~18.04) version 7.5.0 (x86_64-linux-gnu)
	compiled by GNU C version 7.5.0, GMP version 6.1.2, MPFR version 4.0.1, MPC version 1.1.0, isl version isl-0.19-GMP

GGC heuristics: --param ggc-min-expand=100 --param ggc-min-heapsize=131072
ignoring nonexistent directory "/usr/local/include/x86_64-linux-gnu"
ignoring nonexistent directory "/usr/lib/gcc/x86_64-linux-gnu/7/../../../../x86_64-linux-gnu/include"
#include "..." search starts here:
#include <...> search starts here:
 /usr/lib/gcc/x86_64-linux-gnu/7/include
 /usr/local/include
 /usr/lib/gcc/x86_64-linux-gnu/7/include-fixed
 /usr/include/x86_64-linux-gnu
 /usr/include
End of search list.
GNU C11 (Ubuntu 7.5.0-3ubuntu1~18.04) version 7.5.0 (x86_64-linux-gnu)
	compiled by GNU C version 7.5.0, GMP version 6.1.2, MPFR version 4.0.1, MPC version 1.1.0, isl version isl-0.19-GMP

GGC heuristics: --param ggc-min-expand=100 --param ggc-min-heapsize=131072
Compiler executable checksum: b62ed4a2880cd4159476ea8293b72fa8
COLLECT_GCC_OPTIONS='-v' '-o' 'CMakeFiles/cmTC_ce18a.dir/CMakeCCompilerABI.c.o' '-c' '-mtune=generic' '-march=x86-64'
 as -v --64 -o CMakeFiles/cmTC_ce18a.dir/CMakeCCompilerABI.c.o /tmp/cccDbNfH.s
GNU assembler version 2.30 (x86_64-linux-gnu) using BFD version (GNU Binutils for Ubuntu) 2.30
COMPILER_PATH=/usr/lib/gcc/x86_64-linux-gnu/7/:/usr/lib/gcc/x86_64-linux-gnu/7/:/usr/lib/gcc/x86_64-linux-gnu/:/usr/lib/gcc/x86_64-linux-gnu/7/:/usr/lib/gcc/x86_64-linux-gnu/
LIBRARY_PATH=/usr/lib/gcc/x86_64-linux-gnu/7/:/usr/lib/gcc/x86_64-linux-gnu/7/../../../x86_64-linux-gnu/:/usr/lib/gcc/x86_64-linux-gnu/7/../../../../lib/:/lib/x86_64-linux-gnu/:/lib/../lib/:/usr/lib/x86_64-linux-gnu/:/usr/lib/../lib/:/usr/lib/gcc/x86_64-linux-gnu/7/../../../:/lib/:/usr/lib/
COLLECT_GCC_OPTIONS='-v' '-o' 'CMakeFiles/cmTC_ce18a.dir/CMakeCCompilerABI.c.o' '-c' '-mtune=generic' '-march=x86-64'
Linking C executable cmTC_ce18a
/home/aaa/Desktop/clion-2020.3.2/bin/cmake/linux/bin/cmake -E cmake_link_script CMakeFiles/cmTC_ce18a.dir/link.txt --verbose=1
/usr/bin/cc     -v CMakeFiles/cmTC_ce18a.dir/CMakeCCompilerABI.c.o  -o cmTC_ce18a 
Using built-in specs.
COLLECT_GCC=/usr/bin/cc
COLLECT_LTO_WRAPPER=/usr/lib/gcc/x86_64-linux-gnu/7/lto-wrapper
OFFLOAD_TARGET_NAMES=nvptx-none
OFFLOAD_TARGET_DEFAULT=1
Target: x86_64-linux-gnu
Configured with: ../src/configure -v --with-pkgversion='Ubuntu 7.5.0-3ubuntu1~18.04' --with-bugurl=file:///usr/share/doc/gcc-7/README.Bugs --enable-languages=c,ada,c++,go,brig,d,fortran,objc,obj-c++ --prefix=/usr --with-gcc-major-version-only --program-suffix=-7 --program-prefix=x86_64-linux-gnu- --enable-shared --enable-linker-build-id --libexecdir=/usr/lib --without-included-gettext --enable-threads=posix --libdir=/usr/lib --enable-nls --enable-bootstrap --enable-clocale=gnu --enable-libstdcxx-debug --enable-libstdcxx-time=yes --with-default-libstdcxx-abi=new --enable-gnu-unique-object --disable-vtable-verify --enable-libmpx --enable-plugin --enable-default-pie --with-system-zlib --with-target-system-zlib --enable-objc-gc=auto --enable-multiarch --disable-werror --with-arch-32=i686 --with-abi=m64 --with-multilib-list=m32,m64,mx32 --enable-multilib --with-tune=generic --enable-offload-targets=nvptx-none --without-cuda-driver --enable-checking=release --build=x86_64-linux-gnu --host=x86_64-linux-gnu --target=x86_64-linux-gnu
Thread model: posix
gcc version 7.5.0 (Ubuntu 7.5.0-3ubuntu1~18.04) 
COMPILER_PATH=/usr/lib/gcc/x86_64-linux-gnu/7/:/usr/lib/gcc/x86_64-linux-gnu/7/:/usr/lib/gcc/x86_64-linux-gnu/:/usr/lib/gcc/x86_64-linux-gnu/7/:/usr/lib/gcc/x86_64-linux-gnu/
LIBRARY_PATH=/usr/lib/gcc/x86_64-linux-gnu/7/:/usr/lib/gcc/x86_64-linux-gnu/7/../../../x86_64-linux-gnu/:/usr/lib/gcc/x86_64-linux-gnu/7/../../../../lib/:/lib/x86_64-linux-gnu/:/lib/../lib/:/usr/lib/x86_64-linux-gnu/:/usr/lib/../lib/:/usr/lib/gcc/x86_64-linux-gnu/7/../../../:/lib/:/usr/lib/
COLLECT_GCC_OPTIONS='-v' '-o' 'cmTC_ce18a' '-mtune=generic' '-march=x86-64'
 /usr/lib/gcc/x86_64-linux-gnu/7/collect2 -plugin /usr/lib/gcc/x86_64-linux-gnu/7/liblto_plugin.so -plugin-opt=/usr/lib/gcc/x86_64-linux-gnu/7/lto-wrapper -plugin-opt=-fresolution=/tmp/cctewB7F.res -plugin-opt=-pass-through=-lgcc -plugin-opt=-pass-through=-lgcc_s -plugin-opt=-pass-through=-lc -plugin-opt=-pass-through=-lgcc -plugin-opt=-pass-through=-lgcc_s --build-id --eh-frame-hdr -m elf_x86_64 --hash-style=gnu --as-needed -dynamic-linker /lib64/ld-linux-x86-64.so.2 -pie -z now -z relro -o cmTC_ce18a /usr/lib/gcc/x86_64-linux-gnu/7/../../../x86_64-linux-gnu/Scrt1.o /usr/lib/gcc/x86_64-linux-gnu/7/../../../x86_64-linux-gnu/crti.o /usr/lib/gcc/x86_64-linux-gnu/7/crtbeginS.o -L/usr/lib/gcc/x86_64-linux-gnu/7 -L/usr/lib/gcc/x86_64-linux-gnu/7/../../../x86_64-linux-gnu -L/usr/lib/gcc/x86_64-linux-gnu/7/../../../../lib -L/lib/x86_64-linux-gnu -L/lib/../lib -L/usr/lib/x86_64-linux-gnu -L/usr/lib/../lib -L/usr/lib/gcc/x86_64-linux-gnu/7/../../.. CMakeFiles/cmTC_ce18a.dir/CMakeCCompilerABI.c.o -lgcc --push-state --as-needed -lgcc_s --pop-state -lc -lgcc --push-state --as-needed -lgcc_s --pop-state /usr/lib/gcc/x86_64-linux-gnu/7/crtendS.o /usr/lib/gcc/x86_64-linux-gnu/7/../../../x86_64-linux-gnu/crtn.o
COLLECT_GCC_OPTIONS='-v' '-o' 'cmTC_ce18a' '-mtune=generic' '-march=x86-64'
make[1]: Leaving directory '/home/aaa/gsl/cmake-build-debug/CMakeFiles/CMakeTmp'



Parsed C implicit include dir info from above output: rv=done
  found start of include info
  found start of implicit include info
    add: [/usr/lib/gcc/x86_64-linux-gnu/7/include]
    add: [/usr/local/include]
    add: [/usr/lib/gcc/x86_64-linux-gnu/7/include-fixed]
    add: [/usr/include/x86_64-linux-gnu]
    add: [/usr/include]
  end of search list found
  collapse include dir [/usr/lib/gcc/x86_64-linux-gnu/7/include] ==> [/usr/lib/gcc/x86_64-linux-gnu/7/include]
  collapse include dir [/usr/local/include] ==> [/usr/local/include]
  collapse include dir [/usr/lib/gcc/x86_64-linux-gnu/7/include-fixed] ==> [/usr/lib/gcc/x86_64-linux-gnu/7/include-fixed]
  collapse include dir [/usr/include/x86_64-linux-gnu] ==> [/usr/include/x86_64-linux-gnu]
  collapse include dir [/usr/include] ==> [/usr/include]
  implicit include dirs: [/usr/lib/gcc/x86_64-linux-gnu/7/include;/usr/local/include;/usr/lib/gcc/x86_64-linux-gnu/7/include-fixed;/usr/include/x86_64-linux-gnu;/usr/include]


Parsed C implicit link information from above output:
  link line regex: [^( *|.*[/\])(ld|CMAKE_LINK_STARTFILE-NOTFOUND|([^/\]+-)?ld|collect2)[^/\]*( |$)]
  ignore line: [Change Dir: /home/aaa/gsl/cmake-build-debug/CMakeFiles/CMakeTmp]
  ignore line: []
  ignore line: [Run Build Command(s):/usr/bin/make cmTC_ce18a/fast && /usr/bin/make  -f CMakeFiles/cmTC_ce18a.dir/build.make CMakeFiles/cmTC_ce18a.dir/build]
  ignore line: [make[1]: Entering directory '/home/aaa/gsl/cmake-build-debug/CMakeFiles/CMakeTmp']
  ignore line: [Building C object CMakeFiles/cmTC_ce18a.dir/CMakeCCompilerABI.c.o]
  ignore line: [/usr/bin/cc   -v -o CMakeFiles/cmTC_ce18a.dir/CMakeCCompilerABI.c.o   -c /home/aaa/Desktop/clion-2020.3.2/bin/cmake/linux/share/cmake-3.17/Modules/CMakeCCompilerABI.c]
  ignore line: [Using built-in specs.]
  ignore line: [COLLECT_GCC=/usr/bin/cc]
  ignore line: [OFFLOAD_TARGET_NAMES=nvptx-none]
  ignore line: [OFFLOAD_TARGET_DEFAULT=1]
  ignore line: [Target: x86_64-linux-gnu]
  ignore line: [Configured with: ../src/configure -v --with-pkgversion='Ubuntu 7.5.0-3ubuntu1~18.04' --with-bugurl=file:///usr/share/doc/gcc-7/README.Bugs --enable-languages=c ada c++ go brig d fortran objc obj-c++ --prefix=/usr --with-gcc-major-version-only --program-suffix=-7 --program-prefix=x86_64-linux-gnu- --enable-shared --enable-linker-build-id --libexecdir=/usr/lib --without-included-gettext --enable-threads=posix --libdir=/usr/lib --enable-nls --enable-bootstrap --enable-clocale=gnu --enable-libstdcxx-debug --enable-libstdcxx-time=yes --with-default-libstdcxx-abi=new --enable-gnu-unique-object --disable-vtable-verify --enable-libmpx --enable-plugin --enable-default-pie --with-system-zlib --with-target-system-zlib --enable-objc-gc=auto --enable-multiarch --disable-werror --with-arch-32=i686 --with-abi=m64 --with-multilib-list=m32 m64 mx32 --enable-multilib --with-tune=generic --enable-offload-targets=nvptx-none --without-cuda-driver --enable-checking=release --build=x86_64-linux-gnu --host=x86_64-linux-gnu --target=x86_64-linux-gnu]
  ignore line: [Thread model: posix]
  ignore line: [gcc version 7.5.0 (Ubuntu 7.5.0-3ubuntu1~18.04) ]
  ignore line: [COLLECT_GCC_OPTIONS='-v' '-o' 'CMakeFiles/cmTC_ce18a.dir/CMakeCCompilerABI.c.o' '-c' '-mtune=generic' '-march=x86-64']
  ignore line: [ /usr/lib/gcc/x86_64-linux-gnu/7/cc1 -quiet -v -imultiarch x86_64-linux-gnu /home/aaa/Desktop/clion-2020.3.2/bin/cmake/linux/share/cmake-3.17/Modules/CMakeCCompilerABI.c -quiet -dumpbase CMakeCCompilerABI.c -mtune=generic -march=x86-64 -auxbase-strip CMakeFiles/cmTC_ce18a.dir/CMakeCCompilerABI.c.o -version -fstack-protector-strong -Wformat -Wformat-security -o /tmp/cccDbNfH.s]
  ignore line: [GNU C11 (Ubuntu 7.5.0-3ubuntu1~18.04) version 7.5.0 (x86_64-linux-gnu)]
  ignore line: [	compiled by GNU C version 7.5.0  GMP version 6.1.2  MPFR version 4.0.1  MPC version 1.1.0  isl version isl-0.19-GMP]
  ignore line: []
  ignore line: [GGC heuristics: --param ggc-min-expand=100 --param ggc-min-heapsize=131072]
  ignore line: [ignoring nonexistent directory "/usr/local/include/x86_64-linux-gnu"]
  ignore line: [ignoring nonexistent directory "/usr/lib/gcc/x86_64-linux-gnu/7/../../../../x86_64-linux-gnu/include"]
  ignore line: [#include "..." search starts here:]
  ignore line: [#include <...> search starts here:]
  ignore line: [ /usr/lib/gcc/x86_64-linux-gnu/7/include]
  ignore line: [ /usr/local/include]
  ignore line: [ /usr/lib/gcc/x86_64-linux-gnu/7/include-fixed]
  ignore line: [ /usr/include/x86_64-linux-gnu]
  ignore line: [ /usr/include]
  ignore line: [End of search list.]
  ignore line: [GNU C11 (Ubuntu 7.5.0-3ubuntu1~18.04) version 7.5.0 (x86_64-linux-gnu)]
  ignore line: [	compiled by GNU C version 7.5.0  GMP version 6.1.2  MPFR version 4.0.1  MPC version 1.1.0  isl version isl-0.19-GMP]
  ignore line: []
  ignore line: [GGC heuristics: --param ggc-min-expand=100 --param ggc-min-heapsize=131072]
  ignore line: [Compiler executable checksum: b62ed4a2880cd4159476ea8293b72fa8]
  ignore line: [COLLECT_GCC_OPTIONS='-v' '-o' 'CMakeFiles/cmTC_ce18a.dir/CMakeCCompilerABI.c.o' '-c' '-mtune=generic' '-march=x86-64']
  ignore line: [ as -v --64 -o CMakeFiles/cmTC_ce18a.dir/CMakeCCompilerABI.c.o /tmp/cccDbNfH.s]
  ignore line: [GNU assembler version 2.30 (x86_64-linux-gnu) using BFD version (GNU Binutils for Ubuntu) 2.30]
  ignore line: [COMPILER_PATH=/usr/lib/gcc/x86_64-linux-gnu/7/:/usr/lib/gcc/x86_64-linux-gnu/7/:/usr/lib/gcc/x86_64-linux-gnu/:/usr/lib/gcc/x86_64-linux-gnu/7/:/usr/lib/gcc/x86_64-linux-gnu/]
  ignore line: [LIBRARY_PATH=/usr/lib/gcc/x86_64-linux-gnu/7/:/usr/lib/gcc/x86_64-linux-gnu/7/../../../x86_64-linux-gnu/:/usr/lib/gcc/x86_64-linux-gnu/7/../../../../lib/:/lib/x86_64-linux-gnu/:/lib/../lib/:/usr/lib/x86_64-linux-gnu/:/usr/lib/../lib/:/usr/lib/gcc/x86_64-linux-gnu/7/../../../:/lib/:/usr/lib/]
  ignore line: [COLLECT_GCC_OPTIONS='-v' '-o' 'CMakeFiles/cmTC_ce18a.dir/CMakeCCompilerABI.c.o' '-c' '-mtune=generic' '-march=x86-64']
  ignore line: [Linking C executable cmTC_ce18a]
  ignore line: [/home/aaa/Desktop/clion-2020.3.2/bin/cmake/linux/bin/cmake -E cmake_link_script CMakeFiles/cmTC_ce18a.dir/link.txt --verbose=1]
  ignore line: [/usr/bin/cc     -v CMakeFiles/cmTC_ce18a.dir/CMakeCCompilerABI.c.o  -o cmTC_ce18a ]
  ignore line: [Using built-in specs.]
  ignore line: [COLLECT_GCC=/usr/bin/cc]
  ignore line: [COLLECT_LTO_WRAPPER=/usr/lib/gcc/x86_64-linux-gnu/7/lto-wrapper]
  ignore line: [OFFLOAD_TARGET_NAMES=nvptx-none]
  ignore line: [OFFLOAD_TARGET_DEFAULT=1]
  ignore line: [Target: x86_64-linux-gnu]
  ignore line: [Configured with: ../src/configure -v --with-pkgversion='Ubuntu 7.5.0-3ubuntu1~18.04' --with-bugurl=file:///usr/share/doc/gcc-7/README.Bugs --enable-languages=c ada c++ go brig d fortran objc obj-c++ --prefix=/usr --with-gcc-major-version-only --program-suffix=-7 --program-prefix=x86_64-linux-gnu- --enable-shared --enable-linker-build-id --libexecdir=/usr/lib --without-included-gettext --enable-threads=posix --libdir=/usr/lib --enable-nls --enable-bootstrap --enable-clocale=gnu --enable-libstdcxx-debug --enable-libstdcxx-time=yes --with-default-libstdcxx-abi=new --enable-gnu-unique-object --disable-vtable-verify --enable-libmpx --enable-plugin --enable-default-pie --with-system-zlib --with-target-system-zlib --enable-objc-gc=auto --enable-multiarch --disable-werror --with-arch-32=i686 --with-abi=m64 --with-multilib-list=m32 m64 mx32 --enable-multilib --with-tune=generic --enable-offload-targets=nvptx-none --without-cuda-driver --enable-checking=release --build=x86_64-linux-gnu --host=x86_64-linux-gnu --target=x86_64-linux-gnu]
  ignore line: [Thread model: posix]
  ignore line: [gcc version 7.5.0 (Ubuntu 7.5.0-3ubuntu1~18.04) ]
  ignore line: [COMPILER_PATH=/usr/lib/gcc/x86_64-linux-gnu/7/:/usr/lib/gcc/x86_64-linux-gnu/7/:/usr/lib/gcc/x86_64-linux-gnu/:/usr/lib/gcc/x86_64-linux-gnu/7/:/usr/lib/gcc/x86_64-linux-gnu/]
  ignore line: [LIBRARY_PATH=/usr/lib/gcc/x86_64-linux-gnu/7/:/usr/lib/gcc/x86_64-linux-gnu/7/../../../x86_64-linux-gnu/:/usr/lib/gcc/x86_64-linux-gnu/7/../../../../lib/:/lib/x86_64-linux-gnu/:/lib/../lib/:/usr/lib/x86_64-linux-gnu/:/usr/lib/../lib/:/usr/lib/gcc/x86_64-linux-gnu/7/../../../:/lib/:/usr/lib/]
  ignore line: [COLLECT_GCC_OPTIONS='-v' '-o' 'cmTC_ce18a' '-mtune=generic' '-march=x86-64']
  link line: [ /usr/lib/gcc/x86_64-linux-gnu/7/collect2 -plugin /usr/lib/gcc/x86_64-linux-gnu/7/liblto_plugin.so -plugin-opt=/usr/lib/gcc/x86_64-linux-gnu/7/lto-wrapper -plugin-opt=-fresolution=/tmp/cctewB7F.res -plugin-opt=-pass-through=-lgcc -plugin-opt=-pass-through=-lgcc_s -plugin-opt=-pass-through=-lc -plugin-opt=-pass-through=-lgcc -plugin-opt=-pass-through=-lgcc_s --build-id --eh-frame-hdr -m elf_x86_64 --hash-style=gnu --as-needed -dynamic-linker /lib64/ld-linux-x86-64.so.2 -pie -z now -z relro -o cmTC_ce18a /usr/lib/gcc/x86_64-linux-gnu/7/../../../x86_64-linux-gnu/Scrt1.o /usr/lib/gcc/x86_64-linux-gnu/7/../../../x86_64-linux-gnu/crti.o /usr/lib/gcc/x86_64-linux-gnu/7/crtbeginS.o -L/usr/lib/gcc/x86_64-linux-gnu/7 -L/usr/lib/gcc/x86_64-linux-gnu/7/../../../x86_64-linux-gnu -L/usr/lib/gcc/x86_64-linux-gnu/7/../../../../lib -L/lib/x86_64-linux-gnu -L/lib/../lib -L/usr/lib/x86_64-linux-gnu -L/usr/lib/../lib -L/usr/lib/gcc/x86_64-linux-gnu/7/../../.. CMakeFiles/cmTC_ce18a.dir/CMakeCCompilerABI.c.o -lgcc --push-state --as-needed -lgcc_s --pop-state -lc -lgcc --push-state --as-needed -lgcc_s --pop-state /usr/lib/gcc/x86_64-linux-gnu/7/crtendS.o /usr/lib/gcc/x86_64-linux-gnu/7/../../../x86_64-linux-gnu/crtn.o]
    arg [/usr/lib/gcc/x86_64-linux-gnu/7/collect2] ==> ignore
    arg [-plugin] ==> ignore
    arg [/usr/lib/gcc/x86_64-linux-gnu/7/liblto_plugin.so] ==> ignore
    arg [-plugin-opt=/usr/lib/gcc/x86_64-linux-gnu/7/lto-wrapper] ==> ignore
    arg [-plugin-opt=-fresolution=/tmp/cctewB7F.res] ==> ignore
    arg [-plugin-opt=-pass-through=-lgcc] ==> ignore
    arg [-plugin-opt=-pass-through=-lgcc_s] ==> ignore
    arg [-plugin-opt=-pass-through=-lc] ==> ignore
    arg [-plugin-opt=-pass-through=-lgcc] ==> ignore
    arg [-plugin-opt=-pass-through=-lgcc_s] ==> ignore
    arg [--build-id] ==> ignore
    arg [--eh-frame-hdr] ==> ignore
    arg [-m] ==> ignore
    arg [elf_x86_64] ==> ignore
    arg [--hash-style=gnu] ==> ignore
    arg [--as-needed] ==> ignore
    arg [-dynamic-linker] ==> ignore
    arg [/lib64/ld-linux-x86-64.so.2] ==> ignore
    arg [-pie] ==> ignore
    arg [-znow] ==> ignore
    arg [-zrelro] ==> ignore
    arg [-o] ==> ignore
    arg [cmTC_ce18a] ==> ignore
    arg [/usr/lib/gcc/x86_64-linux-gnu/7/../../../x86_64-linux-gnu/Scrt1.o] ==> ignore
    arg [/usr/lib/gcc/x86_64-linux-gnu/7/../../../x86_64-linux-gnu/crti.o] ==> ignore
    arg [/usr/lib/gcc/x86_64-linux-gnu/7/crtbeginS.o] ==> ignore
    arg [-L/usr/lib/gcc/x86_64-linux-gnu/7] ==> dir [/usr/lib/gcc/x86_64-linux-gnu/7]
    arg [-L/usr/lib/gcc/x86_64-linux-gnu/7/../../../x86_64-linux-gnu] ==> dir [/usr/lib/gcc/x86_64-linux-gnu/7/../../../x86_64-linux-gnu]
    arg [-L/usr/lib/gcc/x86_64-linux-gnu/7/../../../../lib] ==> dir [/usr/lib/gcc/x86_64-linux-gnu/7/../../../../lib]
    arg [-L/lib/x86_64-linux-gnu] ==> dir [/lib/x86_64-linux-gnu]
    arg [-L/lib/../lib] ==> dir [/lib/../lib]
    arg [-L/usr/lib/x86_64-linux-gnu] ==> dir [/usr/lib/x86_64-linux-gnu]
    arg [-L/usr/lib/../lib] ==> dir [/usr/lib/../lib]
    arg [-L/usr/lib/gcc/x86_64-linux-gnu/7/../../..] ==> dir [/usr/lib/gcc/x86_64-linux-gnu/7/../../..]
    arg [CMakeFiles/cmTC_ce18a.dir/CMakeCCompilerABI.c.o] ==> ignore
    arg [-lgcc] ==> lib [gcc]
    arg [--push-state] ==> ignore
    arg [--as-needed] ==> ignore
    arg [-lgcc_s] ==> lib [gcc_s]
    arg [--pop-state] ==> ignore
    arg [-lc] ==> lib [c]
    arg [-lgcc] ==> lib [gcc]
    arg [--push-state] ==> ignore
    arg [--as-needed] ==> ignore
    arg [-lgcc_s] ==> lib [gcc_s]
    arg [--pop-state] ==> ignore
    arg [/usr/lib/gcc/x86_64-linux-gnu/7/crtendS.o] ==> ignore
    arg [/usr/lib/gcc/x86_64-linux-gnu/7/../../../x86_64-linux-gnu/crtn.o] ==> ignore
  collapse library dir [/usr/lib/gcc/x86_64-linux-gnu/7] ==> [/usr/lib/gcc/x86_64-linux-gnu/7]
  collapse library dir [/usr/lib/gcc/x86_64-linux-gnu/7/../../../x86_64-linux-gnu] ==> [/usr/lib/x86_64-linux-gnu]
  collapse library dir [/usr/lib/gcc/x86_64-linux-gnu/7/../../../../lib] ==> [/usr/lib]
  collapse library dir [/lib/x86_64-linux-gnu] ==> [/lib/x86_64-linux-gnu]
  collapse library dir [/lib/../lib] ==> [/lib]
  collapse library dir [/usr/lib/x86_64-linux-gnu] ==> [/usr/lib/x86_64-linux-gnu]
  collapse library dir [/usr/lib/../lib] ==> [/usr/lib]
  collapse library dir [/usr/lib/gcc/x86_64-linux-gnu/7/../../..] ==> [/usr/lib]
  implicit libs: [gcc;gcc_s;c;gcc;gcc_s]
  implicit dirs: [/usr/lib/gcc/x86_64-linux-gnu/7;/usr/lib/x86_64-linux-gnu;/usr/lib;/lib/x86_64-linux-gnu;/lib]
  implicit fwks: []


Determining if the CXX compiler works passed with the following output:
Change Dir: /home/aaa/gsl/cmake-build-debug/CMakeFiles/CMakeTmp

Run Build Command(s):/usr/bin/make cmTC_83fa2/fast && /usr/bin/make  -f CMakeFiles/cmTC_83fa2.dir/build.make CMakeFiles/cmTC_83fa2.dir/build
make[1]: Entering directory '/home/aaa/gsl/cmake-build-debug/CMakeFiles/CMakeTmp'
Building CXX object CMakeFiles/cmTC_83fa2.dir/testCXXCompiler.cxx.o
/usr/bin/c++     -o CMakeFiles/cmTC_83fa2.dir/testCXXCompiler.cxx.o -c /home/aaa/gsl/cmake-build-debug/CMakeFiles/CMakeTmp/testCXXCompiler.cxx
Linking CXX executable cmTC_83fa2
/home/aaa/Desktop/clion-2020.3.2/bin/cmake/linux/bin/cmake -E cmake_link_script CMakeFiles/cmTC_83fa2.dir/link.txt --verbose=1
/usr/bin/c++       CMakeFiles/cmTC_83fa2.dir/testCXXCompiler.cxx.o  -o cmTC_83fa2 
make[1]: Leaving directory '/home/aaa/gsl/cmake-build-debug/CMakeFiles/CMakeTmp'



Detecting CXX compiler ABI info compiled with the following output:
Change Dir: /home/aaa/gsl/cmake-build-debug/CMakeFiles/CMakeTmp

Run Build Command(s):/usr/bin/make cmTC_1b20a/fast && /usr/bin/make  -f CMakeFiles/cmTC_1b20a.dir/build.make CMakeFiles/cmTC_1b20a.dir/build
make[1]: Entering directory '/home/aaa/gsl/cmake-build-debug/CMakeFiles/CMakeTmp'
Building CXX object CMakeFiles/cmTC_1b20a.dir/CMakeCXXCompilerABI.cpp.o
/usr/bin/c++    -v -o CMakeFiles/cmTC_1b20a.dir/CMakeCXXCompilerABI.cpp.o -c /home/aaa/Desktop/clion-2020.3.2/bin/cmake/linux/share/cmake-3.17/Modules/CMakeCXXCompilerABI.cpp
Using built-in specs.
COLLECT_GCC=/usr/bin/c++
OFFLOAD_TARGET_NAMES=nvptx-none
OFFLOAD_TARGET_DEFAULT=1
Target: x86_64-linux-gnu
Configured with: ../src/configure -v --with-pkgversion='Ubuntu 7.5.0-3ubuntu1~18.04' --with-bugurl=file:///usr/share/doc/gcc-7/README.Bugs --enable-languages=c,ada,c++,go,brig,d,fortran,objc,obj-c++ --prefix=/usr --with-gcc-major-version-only --program-suffix=-7 --program-prefix=x86_64-linux-gnu- --enable-shared --enable-linker-build-id --libexecdir=/usr/lib --without-included-gettext --enable-threads=posix --libdir=/usr/lib --enable-nls --enable-bootstrap --enable-clocale=gnu --enable-libstdcxx-debug --enable-libstdcxx-time=yes --with-default-libstdcxx-abi=new --enable-gnu-unique-object --disable-vtable-verify --enable-libmpx --enable-plugin --enable-default-pie --with-system-zlib --with-target-system-zlib --enable-objc-gc=auto --enable-multiarch --disable-werror --with-arch-32=i686 --with-abi=m64 --with-multilib-list=m32,m64,mx32 --enable-multilib --with-tune=generic --enable-offload-targets=nvptx-none --without-cuda-driver --enable-checking=release --build=x86_64-linux-gnu --host=x86_64-linux-gnu --target=x86_64-linux-gnu
Thread model: posix
gcc version 7.5.0 (Ubuntu 7.5.0-3ubuntu1~18.04) 
COLLECT_GCC_OPTIONS='-v' '-o' 'CMakeFiles/cmTC_1b20a.dir/CMakeCXXCompilerABI.cpp.o' '-c' '-shared-libgcc' '-mtune=generic' '-march=x86-64'
 /usr/lib/gcc/x86_64-linux-gnu/7/cc1plus -quiet -v -imultiarch x86_64-linux-gnu -D_GNU_SOURCE /home/aaa/Desktop/clion-2020.3.2/bin/cmake/linux/share/cmake-3.17/Modules/CMakeCXXCompilerABI.cpp -quiet -dumpbase CMakeCXXCompilerABI.cpp -mtune=generic -march=x86-64 -auxbase-strip CMakeFiles/cmTC_1b20a.dir/CMakeCXXCompilerABI.cpp.o -version -fstack-protector-strong -Wformat -Wformat-security -o /tmp/ccsi2QxO.s
GNU C++14 (Ubuntu 7.5.0-3ubuntu1~18.04) version 7.5.0 (x86_64-linux-gnu)
	compiled by GNU C version 7.5.0, GMP version 6.1.2, MPFR version 4.0.1, MPC version 1.1.0, isl version isl-0.19-GMP

GGC heuristics: --param ggc-min-expand=100 --param ggc-min-heapsize=131072
ignoring duplicate directory "/usr/include/x86_64-linux-gnu/c++/7"
ignoring nonexistent directory "/usr/local/include/x86_64-linux-gnu"
ignoring nonexistent directory "/usr/lib/gcc/x86_64-linux-gnu/7/../../../../x86_64-linux-gnu/include"
#include "..." search starts here:
#include <...> search starts here:
 /usr/include/c++/7
 /usr/include/x86_64-linux-gnu/c++/7
 /usr/include/c++/7/backward
 /usr/lib/gcc/x86_64-linux-gnu/7/include
 /usr/local/include
 /usr/lib/gcc/x86_64-linux-gnu/7/include-fixed
 /usr/include/x86_64-linux-gnu
 /usr/include
End of search list.
GNU C++14 (Ubuntu 7.5.0-3ubuntu1~18.04) version 7.5.0 (x86_64-linux-gnu)
	compiled by GNU C version 7.5.0, GMP version 6.1.2, MPFR version 4.0.1, MPC version 1.1.0, isl version isl-0.19-GMP

GGC heuristics: --param ggc-min-expand=100 --param ggc-min-heapsize=131072
Compiler executable checksum: 3eb3dc290cd5714c3e1c3ae751116f07
COLLECT_GCC_OPTIONS='-v' '-o' 'CMakeFiles/cmTC_1b20a.dir/CMakeCXXCompilerABI.cpp.o' '-c' '-shared-libgcc' '-mtune=generic' '-march=x86-64'
 as -v --64 -o CMakeFiles/cmTC_1b20a.dir/CMakeCXXCompilerABI.cpp.o /tmp/ccsi2QxO.s
GNU assembler version 2.30 (x86_64-linux-gnu) using BFD version (GNU Binutils for Ubuntu) 2.30
COMPILER_PATH=/usr/lib/gcc/x86_64-linux-gnu/7/:/usr/lib/gcc/x86_64-linux-gnu/7/:/usr/lib/gcc/x86_64-linux-gnu/:/usr/lib/gcc/x86_64-linux-gnu/7/:/usr/lib/gcc/x86_64-linux-gnu/
LIBRARY_PATH=/usr/lib/gcc/x86_64-linux-gnu/7/:/usr/lib/gcc/x86_64-linux-gnu/7/../../../x86_64-linux-gnu/:/usr/lib/gcc/x86_64-linux-gnu/7/../../../../lib/:/lib/x86_64-linux-gnu/:/lib/../lib/:/usr/lib/x86_64-linux-gnu/:/usr/lib/../lib/:/usr/lib/gcc/x86_64-linux-gnu/7/../../../:/lib/:/usr/lib/
COLLECT_GCC_OPTIONS='-v' '-o' 'CMakeFiles/cmTC_1b20a.dir/CMakeCXXCompilerABI.cpp.o' '-c' '-shared-libgcc' '-mtune=generic' '-march=x86-64'
Linking CXX executable cmTC_1b20a
/home/aaa/Desktop/clion-2020.3.2/bin/cmake/linux/bin/cmake -E cmake_link_script CMakeFiles/cmTC_1b20a.dir/link.txt --verbose=1
/usr/bin/c++      -v CMakeFiles/cmTC_1b20a.dir/CMakeCXXCompilerABI.cpp.o  -o cmTC_1b20a 
Using built-in specs.
COLLECT_GCC=/usr/bin/c++
COLLECT_LTO_WRAPPER=/usr/lib/gcc/x86_64-linux-gnu/7/lto-wrapper
OFFLOAD_TARGET_NAMES=nvptx-none
OFFLOAD_TARGET_DEFAULT=1
Target: x86_64-linux-gnu
Configured with: ../src/configure -v --with-pkgversion='Ubuntu 7.5.0-3ubuntu1~18.04' --with-bugurl=file:///usr/share/doc/gcc-7/README.Bugs --enable-languages=c,ada,c++,go,brig,d,fortran,objc,obj-c++ --prefix=/usr --with-gcc-major-version-only --program-suffix=-7 --program-prefix=x86_64-linux-gnu- --enable-shared --enable-linker-build-id --libexecdir=/usr/lib --without-included-gettext --enable-threads=posix --libdir=/usr/lib --enable-nls --enable-bootstrap --enable-clocale=gnu --enable-libstdcxx-debug --enable-libstdcxx-time=yes --with-default-libstdcxx-abi=new --enable-gnu-unique-object --disable-vtable-verify --enable-libmpx --enable-plugin --enable-default-pie --with-system-zlib --with-target-system-zlib --enable-objc-gc=auto --enable-multiarch --disable-werror --with-arch-32=i686 --with-abi=m64 --with-multilib-list=m32,m64,mx32 --enable-multilib --with-tune=generic --enable-offload-targets=nvptx-none --without-cuda-driver --enable-checking=release --build=x86_64-linux-gnu --host=x86_64-linux-gnu --target=x86_64-linux-gnu
Thread model: posix
gcc version 7.5.0 (Ubuntu 7.5.0-3ubuntu1~18.04) 
COMPILER_PATH=/usr/lib/gcc/x86_64-linux-gnu/7/:/usr/lib/gcc/x86_64-linux-gnu/7/:/usr/lib/gcc/x86_64-linux-gnu/:/usr/lib/gcc/x86_64-linux-gnu/7/:/usr/lib/gcc/x86_64-linux-gnu/
LIBRARY_PATH=/usr/lib/gcc/x86_64-linux-gnu/7/:/usr/lib/gcc/x86_64-linux-gnu/7/../../../x86_64-linux-gnu/:/usr/lib/gcc/x86_64-linux-gnu/7/../../../../lib/:/lib/x86_64-linux-gnu/:/lib/../lib/:/usr/lib/x86_64-linux-gnu/:/usr/lib/../lib/:/usr/lib/gcc/x86_64-linux-gnu/7/../../../:/lib/:/usr/lib/
COLLECT_GCC_OPTIONS='-v' '-o' 'cmTC_1b20a' '-shared-libgcc' '-mtune=generic' '-march=x86-64'
 /usr/lib/gcc/x86_64-linux-gnu/7/collect2 -plugin /usr/lib/gcc/x86_64-linux-gnu/7/liblto_plugin.so -plugin-opt=/usr/lib/gcc/x86_64-linux-gnu/7/lto-wrapper -plugin-opt=-fresolution=/tmp/cccSnW1F.res -plugin-opt=-pass-through=-lgcc_s -plugin-opt=-pass-through=-lgcc -plugin-opt=-pass-through=-lc -plugin-opt=-pass-through=-lgcc_s -plugin-opt=-pass-through=-lgcc --build-id --eh-frame-hdr -m elf_x86_64 --hash-style=gnu --as-needed -dynamic-linker /lib64/ld-linux-x86-64.so.2 -pie -z now -z relro -o cmTC_1b20a /usr/lib/gcc/x86_64-linux-gnu/7/../../../x86_64-linux-gnu/Scrt1.o /usr/lib/gcc/x86_64-linux-gnu/7/../../../x86_64-linux-gnu/crti.o /usr/lib/gcc/x86_64-linux-gnu/7/crtbeginS.o -L/usr/lib/gcc/x86_64-linux-gnu/7 -L/usr/lib/gcc/x86_64-linux-gnu/7/../../../x86_64-linux-gnu -L/usr/lib/gcc/x86_64-linux-gnu/7/../../../../lib -L/lib/x86_64-linux-gnu -L/lib/../lib -L/usr/lib/x86_64-linux-gnu -L/usr/lib/../lib -L/usr/lib/gcc/x86_64-linux-gnu/7/../../.. CMakeFiles/cmTC_1b20a.dir/CMakeCXXCompilerABI.cpp.o -lstdc++ -lm -lgcc_s -lgcc -lc -lgcc_s -lgcc /usr/lib/gcc/x86_64-linux-gnu/7/crtendS.o /usr/lib/gcc/x86_64-linux-gnu/7/../../../x86_64-linux-gnu/crtn.o
COLLECT_GCC_OPTIONS='-v' '-o' 'cmTC_1b20a' '-shared-libgcc' '-mtune=generic' '-march=x86-64'
make[1]: Leaving directory '/home/aaa/gsl/cmake-build-debug/CMakeFiles/CMakeTmp'



Parsed CXX implicit include dir info from above output: rv=done
  found start of include info
  found start of implicit include info
    add: [/usr/include/c++/7]
    add: [/usr/include/x86_64-linux-gnu/c++/7]
    add: [/usr/include/c++/7/backward]
    add: [/usr/lib/gcc/x86_64-linux-gnu/7/include]
    add: [/usr/local/include]
    add: [/usr/lib/gcc/x86_64-linux-gnu/7/include-fixed]
    add: [/usr/include/x86_64-linux-gnu]
    add: [/usr/include]
  end of search list found
  collapse include dir [/usr/include/c++/7] ==> [/usr/include/c++/7]
  collapse include dir [/usr/include/x86_64-linux-gnu/c++/7] ==> [/usr/include/x86_64-linux-gnu/c++/7]
  collapse include dir [/usr/include/c++/7/backward] ==> [/usr/include/c++/7/backward]
  collapse include dir [/usr/lib/gcc/x86_64-linux-gnu/7/include] ==> [/usr/lib/gcc/x86_64-linux-gnu/7/include]
  collapse include dir [/usr/local/include] ==> [/usr/local/include]
  collapse include dir [/usr/lib/gcc/x86_64-linux-gnu/7/include-fixed] ==> [/usr/lib/gcc/x86_64-linux-gnu/7/include-fixed]
  collapse include dir [/usr/include/x86_64-linux-gnu] ==> [/usr/include/x86_64-linux-gnu]
  collapse include dir [/usr/include] ==> [/usr/include]
  implicit include dirs: [/usr/include/c++/7;/usr/include/x86_64-linux-gnu/c++/7;/usr/include/c++/7/backward;/usr/lib/gcc/x86_64-linux-gnu/7/include;/usr/local/include;/usr/lib/gcc/x86_64-linux-gnu/7/include-fixed;/usr/include/x86_64-linux-gnu;/usr/include]


Parsed CXX implicit link information from above output:
  link line regex: [^( *|.*[/\])(ld|CMAKE_LINK_STARTFILE-NOTFOUND|([^/\]+-)?ld|collect2)[^/\]*( |$)]
  ignore line: [Change Dir: /home/aaa/gsl/cmake-build-debug/CMakeFiles/CMakeTmp]
  ignore line: []
  ignore line: [Run Build Command(s):/usr/bin/make cmTC_1b20a/fast && /usr/bin/make  -f CMakeFiles/cmTC_1b20a.dir/build.make CMakeFiles/cmTC_1b20a.dir/build]
  ignore line: [make[1]: Entering directory '/home/aaa/gsl/cmake-build-debug/CMakeFiles/CMakeTmp']
  ignore line: [Building CXX object CMakeFiles/cmTC_1b20a.dir/CMakeCXXCompilerABI.cpp.o]
  ignore line: [/usr/bin/c++    -v -o CMakeFiles/cmTC_1b20a.dir/CMakeCXXCompilerABI.cpp.o -c /home/aaa/Desktop/clion-2020.3.2/bin/cmake/linux/share/cmake-3.17/Modules/CMakeCXXCompilerABI.cpp]
  ignore line: [Using built-in specs.]
  ignore line: [COLLECT_GCC=/usr/bin/c++]
  ignore line: [OFFLOAD_TARGET_NAMES=nvptx-none]
  ignore line: [OFFLOAD_TARGET_DEFAULT=1]
  ignore line: [Target: x86_64-linux-gnu]
  ignore line: [Configured with: ../src/configure -v --with-pkgversion='Ubuntu 7.5.0-3ubuntu1~18.04' --with-bugurl=file:///usr/share/doc/gcc-7/README.Bugs --enable-languages=c ada c++ go brig d fortran objc obj-c++ --prefix=/usr --with-gcc-major-version-only --program-suffix=-7 --program-prefix=x86_64-linux-gnu- --enable-shared --enable-linker-build-id --libexecdir=/usr/lib --without-included-gettext --enable-threads=posix --libdir=/usr/lib --enable-nls --enable-bootstrap --enable-clocale=gnu --enable-libstdcxx-debug --enable-libstdcxx-time=yes --with-default-libstdcxx-abi=new --enable-gnu-unique-object --disable-vtable-verify --enable-libmpx --enable-plugin --enable-default-pie --with-system-zlib --with-target-system-zlib --enable-objc-gc=auto --enable-multiarch --disable-werror --with-arch-32=i686 --with-abi=m64 --with-multilib-list=m32 m64 mx32 --enable-multilib --with-tune=generic --enable-offload-targets=nvptx-none --without-cuda-driver --enable-checking=release --build=x86_64-linux-gnu --host=x86_64-linux-gnu --target=x86_64-linux-gnu]
  ignore line: [Thread model: posix]
  ignore line: [gcc version 7.5.0 (Ubuntu 7.5.0-3ubuntu1~18.04) ]
  ignore line: [COLLECT_GCC_OPTIONS='-v' '-o' 'CMakeFiles/cmTC_1b20a.dir/CMakeCXXCompilerABI.cpp.o' '-c' '-shared-libgcc' '-mtune=generic' '-march=x86-64']
  ignore line: [ /usr/lib/gcc/x86_64-linux-gnu/7/cc1plus -quiet -v -imultiarch x86_64-linux-gnu -D_GNU_SOURCE /home/aaa/Desktop/clion-2020.3.2/bin/cmake/linux/share/cmake-3.17/Modules/CMakeCXXCompilerABI.cpp -quiet -dumpbase CMakeCXXCompilerABI.cpp -mtune=generic -march=x86-64 -auxbase-strip CMakeFiles/cmTC_1b20a.dir/CMakeCXXCompilerABI.cpp.o -version -fstack-protector-strong -Wformat -Wformat-security -o /tmp/ccsi2QxO.s]
  ignore line: [GNU C++14 (Ubuntu 7.5.0-3ubuntu1~18.04) version 7.5.0 (x86_64-linux-gnu)]
  ignore line: [	compiled by GNU C version 7.5.0  GMP version 6.1.2  MPFR version 4.0.1  MPC version 1.1.0  isl version isl-0.19-GMP]
  ignore line: []
  ignore line: [GGC heuristics: --param ggc-min-expand=100 --param ggc-min-heapsize=131072]
  ignore line: [ignoring duplicate directory "/usr/include/x86_64-linux-gnu/c++/7"]
  ignore line: [ignoring nonexistent directory "/usr/local/include/x86_64-linux-gnu"]
  ignore line: [ignoring nonexistent directory "/usr/lib/gcc/x86_64-linux-gnu/7/../../../../x86_64-linux-gnu/include"]
  ignore line: [#include "..." search starts here:]
  ignore line: [#include <...> search starts here:]
  ignore line: [ /usr/include/c++/7]
  ignore line: [ /usr/include/x86_64-linux-gnu/c++/7]
  ignore line: [ /usr/include/c++/7/backward]
  ignore line: [ /usr/lib/gcc/x86_64-linux-gnu/7/include]
  ignore line: [ /usr/local/include]
  ignore line: [ /usr/lib/gcc/x86_64-linux-gnu/7/include-fixed]
  ignore line: [ /usr/include/x86_64-linux-gnu]
  ignore line: [ /usr/include]
  ignore line: [End of search list.]
  ignore line: [GNU C++14 (Ubuntu 7.5.0-3ubuntu1~18.04) version 7.5.0 (x86_64-linux-gnu)]
  ignore line: [	compiled by GNU C version 7.5.0  GMP version 6.1.2  MPFR version 4.0.1  MPC version 1.1.0  isl version isl-0.19-GMP]
  ignore line: []
  ignore line: [GGC heuristics: --param ggc-min-expand=100 --param ggc-min-heapsize=131072]
  ignore line: [Compiler executable checksum: 3eb3dc290cd5714c3e1c3ae751116f07]
  ignore line: [COLLECT_GCC_OPTIONS='-v' '-o' 'CMakeFiles/cmTC_1b20a.dir/CMakeCXXCompilerABI.cpp.o' '-c' '-shared-libgcc' '-mtune=generic' '-march=x86-64']
  ignore line: [ as -v --64 -o CMakeFiles/cmTC_1b20a.dir/CMakeCXXCompilerABI.cpp.o /tmp/ccsi2QxO.s]
  ignore line: [GNU assembler version 2.30 (x86_64-linux-gnu) using BFD version (GNU Binutils for Ubuntu) 2.30]
  ignore line: [COMPILER_PATH=/usr/lib/gcc/x86_64-linux-gnu/7/:/usr/lib/gcc/x86_64-linux-gnu/7/:/usr/lib/gcc/x86_64-linux-gnu/:/usr/lib/gcc/x86_64-linux-gnu/7/:/usr/lib/gcc/x86_64-linux-gnu/]
  ignore line: [LIBRARY_PATH=/usr/lib/gcc/x86_64-linux-gnu/7/:/usr/lib/gcc/x86_64-linux-gnu/7/../../../x86_64-linux-gnu/:/usr/lib/gcc/x86_64-linux-gnu/7/../../../../lib/:/lib/x86_64-linux-gnu/:/lib/../lib/:/usr/lib/x86_64-linux-gnu/:/usr/lib/../lib/:/usr/lib/gcc/x86_64-linux-gnu/7/../../../:/lib/:/usr/lib/]
  ignore line: [COLLECT_GCC_OPTIONS='-v' '-o' 'CMakeFiles/cmTC_1b20a.dir/CMakeCXXCompilerABI.cpp.o' '-c' '-shared-libgcc' '-mtune=generic' '-march=x86-64']
  ignore line: [Linking CXX executable cmTC_1b20a]
  ignore line: [/home/aaa/Desktop/clion-2020.3.2/bin/cmake/linux/bin/cmake -E cmake_link_script CMakeFiles/cmTC_1b20a.dir/link.txt --verbose=1]
  ignore line: [/usr/bin/c++      -v CMakeFiles/cmTC_1b20a.dir/CMakeCXXCompilerABI.cpp.o  -o cmTC_1b20a ]
  ignore line: [Using built-in specs.]
  ignore line: [COLLECT_GCC=/usr/bin/c++]
  ignore line: [COLLECT_LTO_WRAPPER=/usr/lib/gcc/x86_64-linux-gnu/7/lto-wrapper]
  ignore line: [OFFLOAD_TARGET_NAMES=nvptx-none]
  ignore line: [OFFLOAD_TARGET_DEFAULT=1]
  ignore line: [Target: x86_64-linux-gnu]
  ignore line: [Configured with: ../src/configure -v --with-pkgversion='Ubuntu 7.5.0-3ubuntu1~18.04' --with-bugurl=file:///usr/share/doc/gcc-7/README.Bugs --enable-languages=c ada c++ go brig d fortran objc obj-c++ --prefix=/usr --with-gcc-major-version-only --program-suffix=-7 --program-prefix=x86_64-linux-gnu- --enable-shared --enable-linker-build-id --libexecdir=/usr/lib --without-included-gettext --enable-threads=posix --libdir=/usr/lib --enable-nls --enable-bootstrap --enable-clocale=gnu --enable-libstdcxx-debug --enable-libstdcxx-time=yes --with-default-libstdcxx-abi=new --enable-gnu-unique-object --disable-vtable-verify --enable-libmpx --enable-plugin --enable-default-pie --with-system-zlib --with-target-system-zlib --enable-objc-gc=auto --enable-multiarch --disable-werror --with-arch-32=i686 --with-abi=m64 --with-multilib-list=m32 m64 mx32 --enable-multilib --with-tune=generic --enable-offload-targets=nvptx-none --without-cuda-driver --enable-checking=release --build=x86_64-linux-gnu --host=x86_64-linux-gnu --target=x86_64-linux-gnu]
  ignore line: [Thread model: posix]
  ignore line: [gcc version 7.5.0 (Ubuntu 7.5.0-3ubuntu1~18.04) ]
  ignore line: [COMPILER_PATH=/usr/lib/gcc/x86_64-linux-gnu/7/:/usr/lib/gcc/x86_64-linux-gnu/7/:/usr/lib/gcc/x86_64-linux-gnu/:/usr/lib/gcc/x86_64-linux-gnu/7/:/usr/lib/gcc/x86_64-linux-gnu/]
  ignore line: [LIBRARY_PATH=/usr/lib/gcc/x86_64-linux-gnu/7/:/usr/lib/gcc/x86_64-linux-gnu/7/../../../x86_64-linux-gnu/:/usr/lib/gcc/x86_64-linux-gnu/7/../../../../lib/:/lib/x86_64-linux-gnu/:/lib/../lib/:/usr/lib/x86_64-linux-gnu/:/usr/lib/../lib/:/usr/lib/gcc/x86_64-linux-gnu/7/../../../:/lib/:/usr/lib/]
  ignore line: [COLLECT_GCC_OPTIONS='-v' '-o' 'cmTC_1b20a' '-shared-libgcc' '-mtune=generic' '-march=x86-64']
  link line: [ /usr/lib/gcc/x86_64-linux-gnu/7/collect2 -plugin /usr/lib/gcc/x86_64-linux-gnu/7/liblto_plugin.so -plugin-opt=/usr/lib/gcc/x86_64-linux-gnu/7/lto-wrapper -plugin-opt=-fresolution=/tmp/cccSnW1F.res -plugin-opt=-pass-through=-lgcc_s -plugin-opt=-pass-through=-lgcc -plugin-opt=-pass-through=-lc -plugin-opt=-pass-through=-lgcc_s -plugin-opt=-pass-through=-lgcc --build-id --eh-frame-hdr -m elf_x86_64 --hash-style=gnu --as-needed -dynamic-linker /lib64/ld-linux-x86-64.so.2 -pie -z now -z relro -o cmTC_1b20a /usr/lib/gcc/x86_64-linux-gnu/7/../../../x86_64-linux-gnu/Scrt1.o /usr/lib/gcc/x86_64-linux-gnu/7/../../../x86_64-linux-gnu/crti.o /usr/lib/gcc/x86_64-linux-gnu/7/crtbeginS.o -L/usr/lib/gcc/x86_64-linux-gnu/7 -L/usr/lib/gcc/x86_64-linux-gnu/7/../../../x86_64-linux-gnu -L/usr/lib/gcc/x86_64-linux-gnu/7/../../../../lib -L/lib/x86_64-linux-gnu -L/lib/../lib -L/usr/lib/x86_64-linux-gnu -L/usr/lib/../lib -L/usr/lib/gcc/x86_64-linux-gnu/7/../../.. CMakeFiles/cmTC_1b20a.dir/CMakeCXXCompilerABI.cpp.o -lstdc++ -lm -lgcc_s -lgcc -lc -lgcc_s -lgcc /usr/lib/gcc/x86_64-linux-gnu/7/crtendS.o /usr/lib/gcc/x86_64-linux-gnu/7/../../../x86_64-linux-gnu/crtn.o]
    arg [/usr/lib/gcc/x86_64-linux-gnu/7/collect2] ==> ignore
    arg [-plugin] ==> ignore
    arg [/usr/lib/gcc/x86_64-linux-gnu/7/liblto_plugin.so] ==> ignore
    arg [-plugin-opt=/usr/lib/gcc/x86_64-linux-gnu/7/lto-wrapper] ==> ignore
    arg [-plugin-opt=-fresolution=/tmp/cccSnW1F.res] ==> ignore
    arg [-plugin-opt=-pass-through=-lgcc_s] ==> ignore
    arg [-plugin-opt=-pass-through=-lgcc] ==> ignore
    arg [-plugin-opt=-pass-through=-lc] ==> ignore
    arg [-plugin-opt=-pass-through=-lgcc_s] ==> ignore
    arg [-plugin-opt=-pass-through=-lgcc] ==> ignore
    arg [--build-id] ==> ignore
    arg [--eh-frame-hdr] ==> ignore
    arg [-m] ==> ignore
    arg [elf_x86_64] ==> ignore
    arg [--hash-style=gnu] ==> ignore
    arg [--as-needed] ==> ignore
    arg [-dynamic-linker] ==> ignore
    arg [/lib64/ld-linux-x86-64.so.2] ==> ignore
    arg [-pie] ==> ignore
    arg [-znow] ==> ignore
    arg [-zrelro] ==> ignore
    arg [-o] ==> ignore
    arg [cmTC_1b20a] ==> ignore
    arg [/usr/lib/gcc/x86_64-linux-gnu/7/../../../x86_64-linux-gnu/Scrt1.o] ==> ignore
    arg [/usr/lib/gcc/x86_64-linux-gnu/7/../../../x86_64-linux-gnu/crti.o] ==> ignore
    arg [/usr/lib/gcc/x86_64-linux-gnu/7/crtbeginS.o] ==> ignore
    arg [-L/usr/lib/gcc/x86_64-linux-gnu/7] ==> dir [/usr/lib/gcc/x86_64-linux-gnu/7]
    arg [-L/usr/lib/gcc/x86_64-linux-gnu/7/../../../x86_64-linux-gnu] ==> dir [/usr/lib/gcc/x86_64-linux-gnu/7/../../../x86_64-linux-gnu]
    arg [-L/usr/lib/gcc/x86_64-linux-gnu/7/../../../../lib] ==> dir [/usr/lib/gcc/x86_64-linux-gnu/7/../../../../lib]
    arg [-L/lib/x86_64-linux-gnu] ==> dir [/lib/x86_64-linux-gnu]
    arg [-L/lib/../lib] ==> dir [/lib/../lib]
    arg [-L/usr/lib/x86_64-linux-gnu] ==> dir [/usr/lib/x86_64-linux-gnu]
    arg [-L/usr/lib/../lib] ==> dir [/usr/lib/../lib]
    arg [-L/usr/lib/gcc/x86_64-linux-gnu/7/../../..] ==> dir [/usr/lib/gcc/x86_64-linux-gnu/7/../../..]
    arg [CMakeFiles/cmTC_1b20a.dir/CMakeCXXCompilerABI.cpp.o] ==> ignore
    arg [-lstdc++] ==> lib [stdc++]
    arg [-lm] ==> lib [m]
    arg [-lgcc_s] ==> lib [gcc_s]
    arg [-lgcc] ==> lib [gcc]
    arg [-lc] ==> lib [c]
    arg [-lgcc_s] ==> lib [gcc_s]
    arg [-lgcc] ==> lib [gcc]
    arg [/usr/lib/gcc/x86_64-linux-gnu/7/crtendS.o] ==> ignore
    arg [/usr/lib/gcc/x86_64-linux-gnu/7/../../../x86_64-linux-gnu/crtn.o] ==> ignore
  collapse library dir [/usr/lib/gcc/x86_64-linux-gnu/7] ==> [/usr/lib/gcc/x86_64-linux-gnu/7]
  collapse library dir [/usr/lib/gcc/x86_64-linux-gnu/7/../../../x86_64-linux-gnu] ==> [/usr/lib/x86_64-linux-gnu]
  collapse library dir [/usr/lib/gcc/x86_64-linux-gnu/7/../../../../lib] ==> [/usr/lib]
  collapse library dir [/lib/x86_64-linux-gnu] ==> [/lib/x86_64-linux-gnu]
  collapse library dir [/lib/../lib] ==> [/lib]
  collapse library dir [/usr/lib/x86_64-linux-gnu] ==> [/usr/lib/x86_64-linux-gnu]
  collapse library dir [/usr/lib/../lib] ==> [/usr/lib]
  collapse library dir [/usr/lib/gcc/x86_64-linux-gnu/7/../../..] ==> [/usr/lib]
  implicit libs: [stdc++;m;gcc_s;gcc;c;gcc_s;gcc]
  implicit dirs: [/usr/lib/gcc/x86_64-linux-gnu/7;/usr/lib/x86_64-linux-gnu;/usr/lib;/lib/x86_64-linux-gnu;/lib]
  implicit fwks: []


Determining if the function cos exists in the m passed with the following output:
Change Dir: /home/aaa/gsl/cmake-build-debug/CMakeFiles/CMakeTmp

Run Build Command(s):/usr/bin/make cmTC_2e7c3/fast && /usr/bin/make  -f CMakeFiles/cmTC_2e7c3.dir/build.make CMakeFiles/cmTC_2e7c3.dir/build
make[1]: Entering directory '/home/aaa/gsl/cmake-build-debug/CMakeFiles/CMakeTmp'
Building C object CMakeFiles/cmTC_2e7c3.dir/CheckFunctionExists.c.o
/usr/bin/cc   -DCHECK_FUNCTION_EXISTS=cos   -o CMakeFiles/cmTC_2e7c3.dir/CheckFunctionExists.c.o   -c /home/aaa/Desktop/clion-2020.3.2/bin/cmake/linux/share/cmake-3.17/Modules/CheckFunctionExists.c
<command-line>:0:23: warning: conflicting types for built-in function ‘cos’ [-Wbuiltin-declaration-mismatch]
/home/aaa/Desktop/clion-2020.3.2/bin/cmake/linux/share/cmake-3.17/Modules/CheckFunctionExists.c:7:3: note: in expansion of macro ‘CHECK_FUNCTION_EXISTS’
   CHECK_FUNCTION_EXISTS(void);
   ^~~~~~~~~~~~~~~~~~~~~
Linking C executable cmTC_2e7c3
/home/aaa/Desktop/clion-2020.3.2/bin/cmake/linux/bin/cmake -E cmake_link_script CMakeFiles/cmTC_2e7c3.dir/link.txt --verbose=1
/usr/bin/cc  -DCHECK_FUNCTION_EXISTS=cos    CMakeFiles/cmTC_2e7c3.dir/CheckFunctionExists.c.o  -o cmTC_2e7c3  -lm 
make[1]: Leaving directory '/home/aaa/gsl/cmake-build-debug/CMakeFiles/CMakeTmp'



Performing C SOURCE FILE Test C_HAS_inline succeeded with the following output:
Change Dir: /home/aaa/gsl/cmake-build-debug/CMakeFiles/CMakeTmp

Run Build Command(s):/usr/bin/make cmTC_bf6f7/fast && /usr/bin/make  -f CMakeFiles/cmTC_bf6f7.dir/build.make CMakeFiles/cmTC_bf6f7.dir/build
make[1]: Entering directory '/home/aaa/gsl/cmake-build-debug/CMakeFiles/CMakeTmp'
Building C object CMakeFiles/cmTC_bf6f7.dir/src.c.o
/usr/bin/cc   -DC_HAS_inline   -o CMakeFiles/cmTC_bf6f7.dir/src.c.o   -c /home/aaa/gsl/cmake-build-debug/CMakeFiles/CMakeTmp/src.c
/home/aaa/gsl/cmake-build-debug/CMakeFiles/CMakeTmp/src.c: In function ‘foo’:
/home/aaa/gsl/cmake-build-debug/CMakeFiles/CMakeTmp/src.c:2:39: warning: ‘return’ with a value, in function returning void
     static inline void foo() { return 0; }
                                       ^
/home/aaa/gsl/cmake-build-debug/CMakeFiles/CMakeTmp/src.c:2:24: note: declared here
     static inline void foo() { return 0; }
                        ^~~
Linking C executable cmTC_bf6f7
/home/aaa/Desktop/clion-2020.3.2/bin/cmake/linux/bin/cmake -E cmake_link_script CMakeFiles/cmTC_bf6f7.dir/link.txt --verbose=1
/usr/bin/cc  -DC_HAS_inline    CMakeFiles/cmTC_bf6f7.dir/src.c.o  -o cmTC_bf6f7  -lm 
make[1]: Leaving directory '/home/aaa/gsl/cmake-build-debug/CMakeFiles/CMakeTmp'


Source file was:

    static inline void foo() { return 0; }
    int main() {}
Performing C SOURCE FILE Test C_C99INLINE succeeded with the following output:
Change Dir: /home/aaa/gsl/cmake-build-debug/CMakeFiles/CMakeTmp

Run Build Command(s):/usr/bin/make cmTC_c4921/fast && /usr/bin/make  -f CMakeFiles/cmTC_c4921.dir/build.make CMakeFiles/cmTC_c4921.dir/build
make[1]: Entering directory '/home/aaa/gsl/cmake-build-debug/CMakeFiles/CMakeTmp'
Building C object CMakeFiles/cmTC_c4921.dir/src.c.o
/usr/bin/cc   -DC_C99INLINE   -o CMakeFiles/cmTC_c4921.dir/src.c.o   -c /home/aaa/gsl/cmake-build-debug/CMakeFiles/CMakeTmp/src.c
Linking C executable cmTC_c4921
/home/aaa/Desktop/clion-2020.3.2/bin/cmake/linux/bin/cmake -E cmake_link_script CMakeFiles/cmTC_c4921.dir/link.txt --verbose=1
/usr/bin/cc  -DC_C99INLINE    CMakeFiles/cmTC_c4921.dir/src.c.o  -o cmTC_c4921  -lm 
make[1]: Leaving directory '/home/aaa/gsl/cmake-build-debug/CMakeFiles/CMakeTmp'


Source file was:

      extern inline void* foo() { foo(); return &foo; }
      int main() { return foo() != 0; }
Determining if files dlfcn.h exist passed with the following output:
Change Dir: /home/aaa/gsl/cmake-build-debug/CMakeFiles/CMakeTmp

Run Build Command(s):/usr/bin/make cmTC_6b39d/fast && /usr/bin/make  -f CMakeFiles/cmTC_6b39d.dir/build.make CMakeFiles/cmTC_6b39d.dir/build
make[1]: Entering directory '/home/aaa/gsl/cmake-build-debug/CMakeFiles/CMakeTmp'
Building C object CMakeFiles/cmTC_6b39d.dir/HAVE_DLFCN_H.c.o
/usr/bin/cc    -o CMakeFiles/cmTC_6b39d.dir/HAVE_DLFCN_H.c.o   -c /home/aaa/gsl/cmake-build-debug/CMakeFiles/CheckIncludeFiles/HAVE_DLFCN_H.c
Linking C executable cmTC_6b39d
/home/aaa/Desktop/clion-2020.3.2/bin/cmake/linux/bin/cmake -E cmake_link_script CMakeFiles/cmTC_6b39d.dir/link.txt --verbose=1
/usr/bin/cc      CMakeFiles/cmTC_6b39d.dir/HAVE_DLFCN_H.c.o  -o cmTC_6b39d 
make[1]: Leaving directory '/home/aaa/gsl/cmake-build-debug/CMakeFiles/CMakeTmp'



Determining if files inttypes.h exist passed with the following output:
Change Dir: /home/aaa/gsl/cmake-build-debug/CMakeFiles/CMakeTmp

Run Build Command(s):/usr/bin/make cmTC_35da8/fast && /usr/bin/make  -f CMakeFiles/cmTC_35da8.dir/build.make CMakeFiles/cmTC_35da8.dir/build
make[1]: Entering directory '/home/aaa/gsl/cmake-build-debug/CMakeFiles/CMakeTmp'
Building C object CMakeFiles/cmTC_35da8.dir/HAVE_INTTYPES_H.c.o
/usr/bin/cc    -o CMakeFiles/cmTC_35da8.dir/HAVE_INTTYPES_H.c.o   -c /home/aaa/gsl/cmake-build-debug/CMakeFiles/CheckIncludeFiles/HAVE_INTTYPES_H.c
Linking C executable cmTC_35da8
/home/aaa/Desktop/clion-2020.3.2/bin/cmake/linux/bin/cmake -E cmake_link_script CMakeFiles/cmTC_35da8.dir/link.txt --verbose=1
/usr/bin/cc      CMakeFiles/cmTC_35da8.dir/HAVE_INTTYPES_H.c.o  -o cmTC_35da8 
make[1]: Leaving directory '/home/aaa/gsl/cmake-build-debug/CMakeFiles/CMakeTmp'



Determining if files memory.h exist passed with the following output:
Change Dir: /home/aaa/gsl/cmake-build-debug/CMakeFiles/CMakeTmp

Run Build Command(s):/usr/bin/make cmTC_039bd/fast && /usr/bin/make  -f CMakeFiles/cmTC_039bd.dir/build.make CMakeFiles/cmTC_039bd.dir/build
make[1]: Entering directory '/home/aaa/gsl/cmake-build-debug/CMakeFiles/CMakeTmp'
Building C object CMakeFiles/cmTC_039bd.dir/HAVE_MEMORY_H.c.o
/usr/bin/cc    -o CMakeFiles/cmTC_039bd.dir/HAVE_MEMORY_H.c.o   -c /home/aaa/gsl/cmake-build-debug/CMakeFiles/CheckIncludeFiles/HAVE_MEMORY_H.c
Linking C executable cmTC_039bd
/home/aaa/Desktop/clion-2020.3.2/bin/cmake/linux/bin/cmake -E cmake_link_script CMakeFiles/cmTC_039bd.dir/link.txt --verbose=1
/usr/bin/cc      CMakeFiles/cmTC_039bd.dir/HAVE_MEMORY_H.c.o  -o cmTC_039bd 
make[1]: Leaving directory '/home/aaa/gsl/cmake-build-debug/CMakeFiles/CMakeTmp'



Determining if files stdint.h exist passed with the following output:
Change Dir: /home/aaa/gsl/cmake-build-debug/CMakeFiles/CMakeTmp

Run Build Command(s):/usr/bin/make cmTC_b257a/fast && /usr/bin/make  -f CMakeFiles/cmTC_b257a.dir/build.make CMakeFiles/cmTC_b257a.dir/build
make[1]: Entering directory '/home/aaa/gsl/cmake-build-debug/CMakeFiles/CMakeTmp'
Building C object CMakeFiles/cmTC_b257a.dir/HAVE_STDINT_H.c.o
/usr/bin/cc    -o CMakeFiles/cmTC_b257a.dir/HAVE_STDINT_H.c.o   -c /home/aaa/gsl/cmake-build-debug/CMakeFiles/CheckIncludeFiles/HAVE_STDINT_H.c
Linking C executable cmTC_b257a
/home/aaa/Desktop/clion-2020.3.2/bin/cmake/linux/bin/cmake -E cmake_link_script CMakeFiles/cmTC_b257a.dir/link.txt --verbose=1
/usr/bin/cc      CMakeFiles/cmTC_b257a.dir/HAVE_STDINT_H.c.o  -o cmTC_b257a 
make[1]: Leaving directory '/home/aaa/gsl/cmake-build-debug/CMakeFiles/CMakeTmp'



Determining if files stdlib.h exist passed with the following output:
Change Dir: /home/aaa/gsl/cmake-build-debug/CMakeFiles/CMakeTmp

Run Build Command(s):/usr/bin/make cmTC_71bf9/fast && /usr/bin/make  -f CMakeFiles/cmTC_71bf9.dir/build.make CMakeFiles/cmTC_71bf9.dir/build
make[1]: Entering directory '/home/aaa/gsl/cmake-build-debug/CMakeFiles/CMakeTmp'
Building C object CMakeFiles/cmTC_71bf9.dir/HAVE_STDLIB_H.c.o
/usr/bin/cc    -o CMakeFiles/cmTC_71bf9.dir/HAVE_STDLIB_H.c.o   -c /home/aaa/gsl/cmake-build-debug/CMakeFiles/CheckIncludeFiles/HAVE_STDLIB_H.c
Linking C executable cmTC_71bf9
/home/aaa/Desktop/clion-2020.3.2/bin/cmake/linux/bin/cmake -E cmake_link_script CMakeFiles/cmTC_71bf9.dir/link.txt --verbose=1
/usr/bin/cc      CMakeFiles/cmTC_71bf9.dir/HAVE_STDLIB_H.c.o  -o cmTC_71bf9 
make[1]: Leaving directory '/home/aaa/gsl/cmake-build-debug/CMakeFiles/CMakeTmp'



Determining if files strings.h exist passed with the following output:
Change Dir: /home/aaa/gsl/cmake-build-debug/CMakeFiles/CMakeTmp

Run Build Command(s):/usr/bin/make cmTC_fe396/fast && /usr/bin/make  -f CMakeFiles/cmTC_fe396.dir/build.make CMakeFiles/cmTC_fe396.dir/build
make[1]: Entering directory '/home/aaa/gsl/cmake-build-debug/CMakeFiles/CMakeTmp'
Building C object CMakeFiles/cmTC_fe396.dir/HAVE_STRINGS_H.c.o
/usr/bin/cc    -o CMakeFiles/cmTC_fe396.dir/HAVE_STRINGS_H.c.o   -c /home/aaa/gsl/cmake-build-debug/CMakeFiles/CheckIncludeFiles/HAVE_STRINGS_H.c
Linking C executable cmTC_fe396
/home/aaa/Desktop/clion-2020.3.2/bin/cmake/linux/bin/cmake -E cmake_link_script CMakeFiles/cmTC_fe396.dir/link.txt --verbose=1
/usr/bin/cc      CMakeFiles/cmTC_fe396.dir/HAVE_STRINGS_H.c.o  -o cmTC_fe396 
make[1]: Leaving directory '/home/aaa/gsl/cmake-build-debug/CMakeFiles/CMakeTmp'



Determining if files string.h exist passed with the following output:
Change Dir: /home/aaa/gsl/cmake-build-debug/CMakeFiles/CMakeTmp

Run Build Command(s):/usr/bin/make cmTC_1119d/fast && /usr/bin/make  -f CMakeFiles/cmTC_1119d.dir/build.make CMakeFiles/cmTC_1119d.dir/build
make[1]: Entering directory '/home/aaa/gsl/cmake-build-debug/CMakeFiles/CMakeTmp'
Building C object CMakeFiles/cmTC_1119d.dir/HAVE_STRING_H.c.o
/usr/bin/cc    -o CMakeFiles/cmTC_1119d.dir/HAVE_STRING_H.c.o   -c /home/aaa/gsl/cmake-build-debug/CMakeFiles/CheckIncludeFiles/HAVE_STRING_H.c
Linking C executable cmTC_1119d
/home/aaa/Desktop/clion-2020.3.2/bin/cmake/linux/bin/cmake -E cmake_link_script CMakeFiles/cmTC_1119d.dir/link.txt --verbose=1
/usr/bin/cc      CMakeFiles/cmTC_1119d.dir/HAVE_STRING_H.c.o  -o cmTC_1119d 
make[1]: Leaving directory '/home/aaa/gsl/cmake-build-debug/CMakeFiles/CMakeTmp'



Determining if files sys/stat.h exist passed with the following output:
Change Dir: /home/aaa/gsl/cmake-build-debug/CMakeFiles/CMakeTmp

Run Build Command(s):/usr/bin/make cmTC_026fd/fast && /usr/bin/make  -f CMakeFiles/cmTC_026fd.dir/build.make CMakeFiles/cmTC_026fd.dir/build
make[1]: Entering directory '/home/aaa/gsl/cmake-build-debug/CMakeFiles/CMakeTmp'
Building C object CMakeFiles/cmTC_026fd.dir/HAVE_SYS_STAT_H.c.o
/usr/bin/cc    -o CMakeFiles/cmTC_026fd.dir/HAVE_SYS_STAT_H.c.o   -c /home/aaa/gsl/cmake-build-debug/CMakeFiles/CheckIncludeFiles/HAVE_SYS_STAT_H.c
Linking C executable cmTC_026fd
/home/aaa/Desktop/clion-2020.3.2/bin/cmake/linux/bin/cmake -E cmake_link_script CMakeFiles/cmTC_026fd.dir/link.txt --verbose=1
/usr/bin/cc      CMakeFiles/cmTC_026fd.dir/HAVE_SYS_STAT_H.c.o  -o cmTC_026fd 
make[1]: Leaving directory '/home/aaa/gsl/cmake-build-debug/CMakeFiles/CMakeTmp'



Determining if files sys/types.h exist passed with the following output:
Change Dir: /home/aaa/gsl/cmake-build-debug/CMakeFiles/CMakeTmp

Run Build Command(s):/usr/bin/make cmTC_a4aca/fast && /usr/bin/make  -f CMakeFiles/cmTC_a4aca.dir/build.make CMakeFiles/cmTC_a4aca.dir/build
make[1]: Entering directory '/home/aaa/gsl/cmake-build-debug/CMakeFiles/CMakeTmp'
Building C object CMakeFiles/cmTC_a4aca.dir/HAVE_SYS_TYPES_H.c.o
/usr/bin/cc    -o CMakeFiles/cmTC_a4aca.dir/HAVE_SYS_TYPES_H.c.o   -c /home/aaa/gsl/cmake-build-debug/CMakeFiles/CheckIncludeFiles/HAVE_SYS_TYPES_H.c
Linking C executable cmTC_a4aca
/home/aaa/Desktop/clion-2020.3.2/bin/cmake/linux/bin/cmake -E cmake_link_script CMakeFiles/cmTC_a4aca.dir/link.txt --verbose=1
/usr/bin/cc      CMakeFiles/cmTC_a4aca.dir/HAVE_SYS_TYPES_H.c.o  -o cmTC_a4aca 
make[1]: Leaving directory '/home/aaa/gsl/cmake-build-debug/CMakeFiles/CMakeTmp'



Determining if files unistd.h exist passed with the following output:
Change Dir: /home/aaa/gsl/cmake-build-debug/CMakeFiles/CMakeTmp

Run Build Command(s):/usr/bin/make cmTC_da58c/fast && /usr/bin/make  -f CMakeFiles/cmTC_da58c.dir/build.make CMakeFiles/cmTC_da58c.dir/build
make[1]: Entering directory '/home/aaa/gsl/cmake-build-debug/CMakeFiles/CMakeTmp'
Building C object CMakeFiles/cmTC_da58c.dir/HAVE_UNISTD_H.c.o
/usr/bin/cc    -o CMakeFiles/cmTC_da58c.dir/HAVE_UNISTD_H.c.o   -c /home/aaa/gsl/cmake-build-debug/CMakeFiles/CheckIncludeFiles/HAVE_UNISTD_H.c
Linking C executable cmTC_da58c
/home/aaa/Desktop/clion-2020.3.2/bin/cmake/linux/bin/cmake -E cmake_link_script CMakeFiles/cmTC_da58c.dir/link.txt --verbose=1
/usr/bin/cc      CMakeFiles/cmTC_da58c.dir/HAVE_UNISTD_H.c.o  -o cmTC_da58c 
make[1]: Leaving directory '/home/aaa/gsl/cmake-build-debug/CMakeFiles/CMakeTmp'



Determining if files stdio.h exist passed with the following output:
Change Dir: /home/aaa/gsl/cmake-build-debug/CMakeFiles/CMakeTmp

Run Build Command(s):/usr/bin/make cmTC_1216a/fast && /usr/bin/make  -f CMakeFiles/cmTC_1216a.dir/build.make CMakeFiles/cmTC_1216a.dir/build
make[1]: Entering directory '/home/aaa/gsl/cmake-build-debug/CMakeFiles/CMakeTmp'
Building C object CMakeFiles/cmTC_1216a.dir/STDC_HEADERS.c.o
/usr/bin/cc    -o CMakeFiles/cmTC_1216a.dir/STDC_HEADERS.c.o   -c /home/aaa/gsl/cmake-build-debug/CMakeFiles/CheckIncludeFiles/STDC_HEADERS.c
Linking C executable cmTC_1216a
/home/aaa/Desktop/clion-2020.3.2/bin/cmake/linux/bin/cmake -E cmake_link_script CMakeFiles/cmTC_1216a.dir/link.txt --verbose=1
/usr/bin/cc      CMakeFiles/cmTC_1216a.dir/STDC_HEADERS.c.o  -o cmTC_1216a 
make[1]: Leaving directory '/home/aaa/gsl/cmake-build-debug/CMakeFiles/CMakeTmp'



Performing C SOURCE FILE Test HAVE_FPU_SETCW succeeded with the following output:
Change Dir: /home/aaa/gsl/cmake-build-debug/CMakeFiles/CMakeTmp

Run Build Command(s):/usr/bin/make cmTC_d7359/fast && /usr/bin/make  -f CMakeFiles/cmTC_d7359.dir/build.make CMakeFiles/cmTC_d7359.dir/build
make[1]: Entering directory '/home/aaa/gsl/cmake-build-debug/CMakeFiles/CMakeTmp'
Building C object CMakeFiles/cmTC_d7359.dir/src.c.o
/usr/bin/cc   -DHAVE_FPU_SETCW   -o CMakeFiles/cmTC_d7359.dir/src.c.o   -c /home/aaa/gsl/cmake-build-debug/CMakeFiles/CMakeTmp/src.c
Linking C executable cmTC_d7359
/home/aaa/Desktop/clion-2020.3.2/bin/cmake/linux/bin/cmake -E cmake_link_script CMakeFiles/cmTC_d7359.dir/link.txt --verbose=1
/usr/bin/cc  -DHAVE_FPU_SETCW    CMakeFiles/cmTC_d7359.dir/src.c.o  -o cmTC_d7359  -lm 
make[1]: Leaving directory '/home/aaa/gsl/cmake-build-debug/CMakeFiles/CMakeTmp'


Source file was:

    #include <fpu_control.h>
    #ifndef _FPU_SETCW
    #include <i386/fpu_control.h>
    #define _FPU_SETCW(cw) __setfpucw(cw)
    #endif
    int main() { unsigned short mode = 0 ; _FPU_SETCW(mode); }
Performing C SOURCE FILE Test HAVE_FPU_X86_SSE succeeded with the following output:
Change Dir: /home/aaa/gsl/cmake-build-debug/CMakeFiles/CMakeTmp

Run Build Command(s):/usr/bin/make cmTC_3b3a2/fast && /usr/bin/make  -f CMakeFiles/cmTC_3b3a2.dir/build.make CMakeFiles/cmTC_3b3a2.dir/build
make[1]: Entering directory '/home/aaa/gsl/cmake-build-debug/CMakeFiles/CMakeTmp'
Building C object CMakeFiles/cmTC_3b3a2.dir/src.c.o
/usr/bin/cc   -DHAVE_FPU_X86_SSE   -o CMakeFiles/cmTC_3b3a2.dir/src.c.o   -c /home/aaa/gsl/cmake-build-debug/CMakeFiles/CMakeTmp/src.c
Linking C executable cmTC_3b3a2
/home/aaa/Desktop/clion-2020.3.2/bin/cmake/linux/bin/cmake -E cmake_link_script CMakeFiles/cmTC_3b3a2.dir/link.txt --verbose=1
/usr/bin/cc  -DHAVE_FPU_X86_SSE    CMakeFiles/cmTC_3b3a2.dir/src.c.o  -o cmTC_3b3a2  -lm 
make[1]: Leaving directory '/home/aaa/gsl/cmake-build-debug/CMakeFiles/CMakeTmp'


Source file was:

    #include <stdlib.h>
    #define _FPU_SETMXCSR(cw) asm volatile ("ldmxcsr %0" : : "m" (*&cw))
    int main() { unsigned int mode = 0x1f80 ; _FPU_SETMXCSR(mode); exit(0); }
Determining if the EXIT_SUCCESS exist passed with the following output:
Change Dir: /home/aaa/gsl/cmake-build-debug/CMakeFiles/CMakeTmp

Run Build Command(s):/usr/bin/make cmTC_7eb2a/fast && /usr/bin/make  -f CMakeFiles/cmTC_7eb2a.dir/build.make CMakeFiles/cmTC_7eb2a.dir/build
make[1]: Entering directory '/home/aaa/gsl/cmake-build-debug/CMakeFiles/CMakeTmp'
Building C object CMakeFiles/cmTC_7eb2a.dir/CheckSymbolExists.c.o
/usr/bin/cc    -o CMakeFiles/cmTC_7eb2a.dir/CheckSymbolExists.c.o   -c /home/aaa/gsl/cmake-build-debug/CMakeFiles/CMakeTmp/CheckSymbolExists.c
Linking C executable cmTC_7eb2a
/home/aaa/Desktop/clion-2020.3.2/bin/cmake/linux/bin/cmake -E cmake_link_script CMakeFiles/cmTC_7eb2a.dir/link.txt --verbose=1
/usr/bin/cc      CMakeFiles/cmTC_7eb2a.dir/CheckSymbolExists.c.o  -o cmTC_7eb2a  -lm 
make[1]: Leaving directory '/home/aaa/gsl/cmake-build-debug/CMakeFiles/CMakeTmp'


File /home/aaa/gsl/cmake-build-debug/CMakeFiles/CMakeTmp/CheckSymbolExists.c:
/* */
#include <stdlib.h>

int main(int argc, char** argv)
{
  (void)argv;
#ifndef EXIT_SUCCESS
  return ((int*)(&EXIT_SUCCESS))[argc];
#else
  (void)argc;
  return 0;
#endif
}
Determining if the EXIT_FAILURE exist passed with the following output:
Change Dir: /home/aaa/gsl/cmake-build-debug/CMakeFiles/CMakeTmp

Run Build Command(s):/usr/bin/make cmTC_c02de/fast && /usr/bin/make  -f CMakeFiles/cmTC_c02de.dir/build.make CMakeFiles/cmTC_c02de.dir/build
make[1]: Entering directory '/home/aaa/gsl/cmake-build-debug/CMakeFiles/CMakeTmp'
Building C object CMakeFiles/cmTC_c02de.dir/CheckSymbolExists.c.o
/usr/bin/cc    -o CMakeFiles/cmTC_c02de.dir/CheckSymbolExists.c.o   -c /home/aaa/gsl/cmake-build-debug/CMakeFiles/CMakeTmp/CheckSymbolExists.c
Linking C executable cmTC_c02de
/home/aaa/Desktop/clion-2020.3.2/bin/cmake/linux/bin/cmake -E cmake_link_script CMakeFiles/cmTC_c02de.dir/link.txt --verbose=1
/usr/bin/cc      CMakeFiles/cmTC_c02de.dir/CheckSymbolExists.c.o  -o cmTC_c02de  -lm 
make[1]: Leaving directory '/home/aaa/gsl/cmake-build-debug/CMakeFiles/CMakeTmp'


File /home/aaa/gsl/cmake-build-debug/CMakeFiles/CMakeTmp/CheckSymbolExists.c:
/* */
#include <stdlib.h>

int main(int argc, char** argv)
{
  (void)argv;
#ifndef EXIT_FAILURE
  return ((int*)(&EXIT_FAILURE))[argc];
#else
  (void)argc;
  return 0;
#endif
}
Determining if the feenableexcept exist passed with the following output:
Change Dir: /home/aaa/gsl/cmake-build-debug/CMakeFiles/CMakeTmp

Run Build Command(s):/usr/bin/make cmTC_cb57c/fast && /usr/bin/make  -f CMakeFiles/cmTC_cb57c.dir/build.make CMakeFiles/cmTC_cb57c.dir/build
make[1]: Entering directory '/home/aaa/gsl/cmake-build-debug/CMakeFiles/CMakeTmp'
Building C object CMakeFiles/cmTC_cb57c.dir/CheckSymbolExists.c.o
/usr/bin/cc -D_GNU_SOURCE=1   -o CMakeFiles/cmTC_cb57c.dir/CheckSymbolExists.c.o   -c /home/aaa/gsl/cmake-build-debug/CMakeFiles/CMakeTmp/CheckSymbolExists.c
Linking C executable cmTC_cb57c
/home/aaa/Desktop/clion-2020.3.2/bin/cmake/linux/bin/cmake -E cmake_link_script CMakeFiles/cmTC_cb57c.dir/link.txt --verbose=1
/usr/bin/cc      CMakeFiles/cmTC_cb57c.dir/CheckSymbolExists.c.o  -o cmTC_cb57c  -lm 
make[1]: Leaving directory '/home/aaa/gsl/cmake-build-debug/CMakeFiles/CMakeTmp'


File /home/aaa/gsl/cmake-build-debug/CMakeFiles/CMakeTmp/CheckSymbolExists.c:
/* */
#include <fenv.h>

int main(int argc, char** argv)
{
  (void)argv;
#ifndef feenableexcept
  return ((int*)(&feenableexcept))[argc];
#else
  (void)argc;
  return 0;
#endif
}
Determining if the hypot exist passed with the following output:
Change Dir: /home/aaa/gsl/cmake-build-debug/CMakeFiles/CMakeTmp

Run Build Command(s):/usr/bin/make cmTC_089bd/fast && /usr/bin/make  -f CMakeFiles/cmTC_089bd.dir/build.make CMakeFiles/cmTC_089bd.dir/build
make[1]: Entering directory '/home/aaa/gsl/cmake-build-debug/CMakeFiles/CMakeTmp'
Building C object CMakeFiles/cmTC_089bd.dir/CheckSymbolExists.c.o
/usr/bin/cc    -o CMakeFiles/cmTC_089bd.dir/CheckSymbolExists.c.o   -c /home/aaa/gsl/cmake-build-debug/CMakeFiles/CMakeTmp/CheckSymbolExists.c
Linking C executable cmTC_089bd
/home/aaa/Desktop/clion-2020.3.2/bin/cmake/linux/bin/cmake -E cmake_link_script CMakeFiles/cmTC_089bd.dir/link.txt --verbose=1
/usr/bin/cc      CMakeFiles/cmTC_089bd.dir/CheckSymbolExists.c.o  -o cmTC_089bd  -lm 
make[1]: Leaving directory '/home/aaa/gsl/cmake-build-debug/CMakeFiles/CMakeTmp'


File /home/aaa/gsl/cmake-build-debug/CMakeFiles/CMakeTmp/CheckSymbolExists.c:
/* */
#include <math.h>

int main(int argc, char** argv)
{
  (void)argv;
#ifndef hypot
  return ((int*)(&hypot))[argc];
#else
  (void)argc;
  return 0;
#endif
}
Determining if the expm1 exist passed with the following output:
Change Dir: /home/aaa/gsl/cmake-build-debug/CMakeFiles/CMakeTmp

Run Build Command(s):/usr/bin/make cmTC_d9d63/fast && /usr/bin/make  -f CMakeFiles/cmTC_d9d63.dir/build.make CMakeFiles/cmTC_d9d63.dir/build
make[1]: Entering directory '/home/aaa/gsl/cmake-build-debug/CMakeFiles/CMakeTmp'
Building C object CMakeFiles/cmTC_d9d63.dir/CheckSymbolExists.c.o
/usr/bin/cc    -o CMakeFiles/cmTC_d9d63.dir/CheckSymbolExists.c.o   -c /home/aaa/gsl/cmake-build-debug/CMakeFiles/CMakeTmp/CheckSymbolExists.c
Linking C executable cmTC_d9d63
/home/aaa/Desktop/clion-2020.3.2/bin/cmake/linux/bin/cmake -E cmake_link_script CMakeFiles/cmTC_d9d63.dir/link.txt --verbose=1
/usr/bin/cc      CMakeFiles/cmTC_d9d63.dir/CheckSymbolExists.c.o  -o cmTC_d9d63  -lm 
make[1]: Leaving directory '/home/aaa/gsl/cmake-build-debug/CMakeFiles/CMakeTmp'


File /home/aaa/gsl/cmake-build-debug/CMakeFiles/CMakeTmp/CheckSymbolExists.c:
/* */
#include <math.h>

int main(int argc, char** argv)
{
  (void)argv;
#ifndef expm1
  return ((int*)(&expm1))[argc];
#else
  (void)argc;
  return 0;
#endif
}
Determining if the acosh exist passed with the following output:
Change Dir: /home/aaa/gsl/cmake-build-debug/CMakeFiles/CMakeTmp

Run Build Command(s):/usr/bin/make cmTC_b0d7b/fast && /usr/bin/make  -f CMakeFiles/cmTC_b0d7b.dir/build.make CMakeFiles/cmTC_b0d7b.dir/build
make[1]: Entering directory '/home/aaa/gsl/cmake-build-debug/CMakeFiles/CMakeTmp'
Building C object CMakeFiles/cmTC_b0d7b.dir/CheckSymbolExists.c.o
/usr/bin/cc    -o CMakeFiles/cmTC_b0d7b.dir/CheckSymbolExists.c.o   -c /home/aaa/gsl/cmake-build-debug/CMakeFiles/CMakeTmp/CheckSymbolExists.c
Linking C executable cmTC_b0d7b
/home/aaa/Desktop/clion-2020.3.2/bin/cmake/linux/bin/cmake -E cmake_link_script CMakeFiles/cmTC_b0d7b.dir/link.txt --verbose=1
/usr/bin/cc      CMakeFiles/cmTC_b0d7b.dir/CheckSymbolExists.c.o  -o cmTC_b0d7b  -lm 
make[1]: Leaving directory '/home/aaa/gsl/cmake-build-debug/CMakeFiles/CMakeTmp'


File /home/aaa/gsl/cmake-build-debug/CMakeFiles/CMakeTmp/CheckSymbolExists.c:
/* */
#include <math.h>

int main(int argc, char** argv)
{
  (void)argv;
#ifndef acosh
  return ((int*)(&acosh))[argc];
#else
  (void)argc;
  return 0;
#endif
}
Determining if the asinh exist passed with the following output:
Change Dir: /home/aaa/gsl/cmake-build-debug/CMakeFiles/CMakeTmp

Run Build Command(s):/usr/bin/make cmTC_267b8/fast && /usr/bin/make  -f CMakeFiles/cmTC_267b8.dir/build.make CMakeFiles/cmTC_267b8.dir/build
make[1]: Entering directory '/home/aaa/gsl/cmake-build-debug/CMakeFiles/CMakeTmp'
Building C object CMakeFiles/cmTC_267b8.dir/CheckSymbolExists.c.o
/usr/bin/cc    -o CMakeFiles/cmTC_267b8.dir/CheckSymbolExists.c.o   -c /home/aaa/gsl/cmake-build-debug/CMakeFiles/CMakeTmp/CheckSymbolExists.c
Linking C executable cmTC_267b8
/home/aaa/Desktop/clion-2020.3.2/bin/cmake/linux/bin/cmake -E cmake_link_script CMakeFiles/cmTC_267b8.dir/link.txt --verbose=1
/usr/bin/cc      CMakeFiles/cmTC_267b8.dir/CheckSymbolExists.c.o  -o cmTC_267b8  -lm 
make[1]: Leaving directory '/home/aaa/gsl/cmake-build-debug/CMakeFiles/CMakeTmp'


File /home/aaa/gsl/cmake-build-debug/CMakeFiles/CMakeTmp/CheckSymbolExists.c:
/* */
#include <math.h>

int main(int argc, char** argv)
{
  (void)argv;
#ifndef asinh
  return ((int*)(&asinh))[argc];
#else
  (void)argc;
  return 0;
#endif
}
Determining if the atanh exist passed with the following output:
Change Dir: /home/aaa/gsl/cmake-build-debug/CMakeFiles/CMakeTmp

Run Build Command(s):/usr/bin/make cmTC_cfd81/fast && /usr/bin/make  -f CMakeFiles/cmTC_cfd81.dir/build.make CMakeFiles/cmTC_cfd81.dir/build
make[1]: Entering directory '/home/aaa/gsl/cmake-build-debug/CMakeFiles/CMakeTmp'
Building C object CMakeFiles/cmTC_cfd81.dir/CheckSymbolExists.c.o
/usr/bin/cc    -o CMakeFiles/cmTC_cfd81.dir/CheckSymbolExists.c.o   -c /home/aaa/gsl/cmake-build-debug/CMakeFiles/CMakeTmp/CheckSymbolExists.c
Linking C executable cmTC_cfd81
/home/aaa/Desktop/clion-2020.3.2/bin/cmake/linux/bin/cmake -E cmake_link_script CMakeFiles/cmTC_cfd81.dir/link.txt --verbose=1
/usr/bin/cc      CMakeFiles/cmTC_cfd81.dir/CheckSymbolExists.c.o  -o cmTC_cfd81  -lm 
make[1]: Leaving directory '/home/aaa/gsl/cmake-build-debug/CMakeFiles/CMakeTmp'


File /home/aaa/gsl/cmake-build-debug/CMakeFiles/CMakeTmp/CheckSymbolExists.c:
/* */
#include <math.h>

int main(int argc, char** argv)
{
  (void)argv;
#ifndef atanh
  return ((int*)(&atanh))[argc];
#else
  (void)argc;
  return 0;
#endif
}
Determining if the ldexp exist passed with the following output:
Change Dir: /home/aaa/gsl/cmake-build-debug/CMakeFiles/CMakeTmp

Run Build Command(s):/usr/bin/make cmTC_7a78a/fast && /usr/bin/make  -f CMakeFiles/cmTC_7a78a.dir/build.make CMakeFiles/cmTC_7a78a.dir/build
make[1]: Entering directory '/home/aaa/gsl/cmake-build-debug/CMakeFiles/CMakeTmp'
Building C object CMakeFiles/cmTC_7a78a.dir/CheckSymbolExists.c.o
/usr/bin/cc    -o CMakeFiles/cmTC_7a78a.dir/CheckSymbolExists.c.o   -c /home/aaa/gsl/cmake-build-debug/CMakeFiles/CMakeTmp/CheckSymbolExists.c
Linking C executable cmTC_7a78a
/home/aaa/Desktop/clion-2020.3.2/bin/cmake/linux/bin/cmake -E cmake_link_script CMakeFiles/cmTC_7a78a.dir/link.txt --verbose=1
/usr/bin/cc      CMakeFiles/cmTC_7a78a.dir/CheckSymbolExists.c.o  -o cmTC_7a78a  -lm 
make[1]: Leaving directory '/home/aaa/gsl/cmake-build-debug/CMakeFiles/CMakeTmp'


File /home/aaa/gsl/cmake-build-debug/CMakeFiles/CMakeTmp/CheckSymbolExists.c:
/* */
#include <math.h>

int main(int argc, char** argv)
{
  (void)argv;
#ifndef ldexp
  return ((int*)(&ldexp))[argc];
#else
  (void)argc;
  return 0;
#endif
}
Determining if the frexp exist passed with the following output:
Change Dir: /home/aaa/gsl/cmake-build-debug/CMakeFiles/CMakeTmp

Run Build Command(s):/usr/bin/make cmTC_95c88/fast && /usr/bin/make  -f CMakeFiles/cmTC_95c88.dir/build.make CMakeFiles/cmTC_95c88.dir/build
make[1]: Entering directory '/home/aaa/gsl/cmake-build-debug/CMakeFiles/CMakeTmp'
Building C object CMakeFiles/cmTC_95c88.dir/CheckSymbolExists.c.o
/usr/bin/cc    -o CMakeFiles/cmTC_95c88.dir/CheckSymbolExists.c.o   -c /home/aaa/gsl/cmake-build-debug/CMakeFiles/CMakeTmp/CheckSymbolExists.c
Linking C executable cmTC_95c88
/home/aaa/Desktop/clion-2020.3.2/bin/cmake/linux/bin/cmake -E cmake_link_script CMakeFiles/cmTC_95c88.dir/link.txt --verbose=1
/usr/bin/cc      CMakeFiles/cmTC_95c88.dir/CheckSymbolExists.c.o  -o cmTC_95c88  -lm 
make[1]: Leaving directory '/home/aaa/gsl/cmake-build-debug/CMakeFiles/CMakeTmp'


File /home/aaa/gsl/cmake-build-debug/CMakeFiles/CMakeTmp/CheckSymbolExists.c:
/* */
#include <math.h>

int main(int argc, char** argv)
{
  (void)argv;
#ifndef frexp
  return ((int*)(&frexp))[argc];
#else
  (void)argc;
  return 0;
#endif
}
Determining if the isinf exist passed with the following output:
Change Dir: /home/aaa/gsl/cmake-build-debug/CMakeFiles/CMakeTmp

Run Build Command(s):/usr/bin/make cmTC_43fce/fast && /usr/bin/make  -f CMakeFiles/cmTC_43fce.dir/build.make CMakeFiles/cmTC_43fce.dir/build
make[1]: Entering directory '/home/aaa/gsl/cmake-build-debug/CMakeFiles/CMakeTmp'
Building C object CMakeFiles/cmTC_43fce.dir/CheckSymbolExists.c.o
/usr/bin/cc    -o CMakeFiles/cmTC_43fce.dir/CheckSymbolExists.c.o   -c /home/aaa/gsl/cmake-build-debug/CMakeFiles/CMakeTmp/CheckSymbolExists.c
Linking C executable cmTC_43fce
/home/aaa/Desktop/clion-2020.3.2/bin/cmake/linux/bin/cmake -E cmake_link_script CMakeFiles/cmTC_43fce.dir/link.txt --verbose=1
/usr/bin/cc      CMakeFiles/cmTC_43fce.dir/CheckSymbolExists.c.o  -o cmTC_43fce  -lm 
make[1]: Leaving directory '/home/aaa/gsl/cmake-build-debug/CMakeFiles/CMakeTmp'


File /home/aaa/gsl/cmake-build-debug/CMakeFiles/CMakeTmp/CheckSymbolExists.c:
/* */
#include <math.h>

int main(int argc, char** argv)
{
  (void)argv;
#ifndef isinf
  return ((int*)(&isinf))[argc];
#else
  (void)argc;
  return 0;
#endif
}
Determining if the isfinite exist passed with the following output:
Change Dir: /home/aaa/gsl/cmake-build-debug/CMakeFiles/CMakeTmp

Run Build Command(s):/usr/bin/make cmTC_505e8/fast && /usr/bin/make  -f CMakeFiles/cmTC_505e8.dir/build.make CMakeFiles/cmTC_505e8.dir/build
make[1]: Entering directory '/home/aaa/gsl/cmake-build-debug/CMakeFiles/CMakeTmp'
Building C object CMakeFiles/cmTC_505e8.dir/CheckSymbolExists.c.o
/usr/bin/cc    -o CMakeFiles/cmTC_505e8.dir/CheckSymbolExists.c.o   -c /home/aaa/gsl/cmake-build-debug/CMakeFiles/CMakeTmp/CheckSymbolExists.c
Linking C executable cmTC_505e8
/home/aaa/Desktop/clion-2020.3.2/bin/cmake/linux/bin/cmake -E cmake_link_script CMakeFiles/cmTC_505e8.dir/link.txt --verbose=1
/usr/bin/cc      CMakeFiles/cmTC_505e8.dir/CheckSymbolExists.c.o  -o cmTC_505e8  -lm 
make[1]: Leaving directory '/home/aaa/gsl/cmake-build-debug/CMakeFiles/CMakeTmp'


File /home/aaa/gsl/cmake-build-debug/CMakeFiles/CMakeTmp/CheckSymbolExists.c:
/* */
#include <math.h>

int main(int argc, char** argv)
{
  (void)argv;
#ifndef isfinite
  return ((int*)(&isfinite))[argc];
#else
  (void)argc;
  return 0;
#endif
}
Determining if the finite exist passed with the following output:
Change Dir: /home/aaa/gsl/cmake-build-debug/CMakeFiles/CMakeTmp

Run Build Command(s):/usr/bin/make cmTC_31a99/fast && /usr/bin/make  -f CMakeFiles/cmTC_31a99.dir/build.make CMakeFiles/cmTC_31a99.dir/build
make[1]: Entering directory '/home/aaa/gsl/cmake-build-debug/CMakeFiles/CMakeTmp'
Building C object CMakeFiles/cmTC_31a99.dir/CheckSymbolExists.c.o
/usr/bin/cc    -o CMakeFiles/cmTC_31a99.dir/CheckSymbolExists.c.o   -c /home/aaa/gsl/cmake-build-debug/CMakeFiles/CMakeTmp/CheckSymbolExists.c
Linking C executable cmTC_31a99
/home/aaa/Desktop/clion-2020.3.2/bin/cmake/linux/bin/cmake -E cmake_link_script CMakeFiles/cmTC_31a99.dir/link.txt --verbose=1
/usr/bin/cc      CMakeFiles/cmTC_31a99.dir/CheckSymbolExists.c.o  -o cmTC_31a99  -lm 
make[1]: Leaving directory '/home/aaa/gsl/cmake-build-debug/CMakeFiles/CMakeTmp'


File /home/aaa/gsl/cmake-build-debug/CMakeFiles/CMakeTmp/CheckSymbolExists.c:
/* */
#include <math.h>

int main(int argc, char** argv)
{
  (void)argv;
#ifndef finite
  return ((int*)(&finite))[argc];
#else
  (void)argc;
  return 0;
#endif
}
Determining if the isnan exist passed with the following output:
Change Dir: /home/aaa/gsl/cmake-build-debug/CMakeFiles/CMakeTmp

Run Build Command(s):/usr/bin/make cmTC_3ee52/fast && /usr/bin/make  -f CMakeFiles/cmTC_3ee52.dir/build.make CMakeFiles/cmTC_3ee52.dir/build
make[1]: Entering directory '/home/aaa/gsl/cmake-build-debug/CMakeFiles/CMakeTmp'
Building C object CMakeFiles/cmTC_3ee52.dir/CheckSymbolExists.c.o
/usr/bin/cc    -o CMakeFiles/cmTC_3ee52.dir/CheckSymbolExists.c.o   -c /home/aaa/gsl/cmake-build-debug/CMakeFiles/CMakeTmp/CheckSymbolExists.c
Linking C executable cmTC_3ee52
/home/aaa/Desktop/clion-2020.3.2/bin/cmake/linux/bin/cmake -E cmake_link_script CMakeFiles/cmTC_3ee52.dir/link.txt --verbose=1
/usr/bin/cc      CMakeFiles/cmTC_3ee52.dir/CheckSymbolExists.c.o  -o cmTC_3ee52  -lm 
make[1]: Leaving directory '/home/aaa/gsl/cmake-build-debug/CMakeFiles/CMakeTmp'


File /home/aaa/gsl/cmake-build-debug/CMakeFiles/CMakeTmp/CheckSymbolExists.c:
/* */
#include <math.h>

int main(int argc, char** argv)
{
  (void)argv;
#ifndef isnan
  return ((int*)(&isnan))[argc];
#else
  (void)argc;
  return 0;
#endif
}
Determining if the log1p exist passed with the following output:
Change Dir: /home/aaa/gsl/cmake-build-debug/CMakeFiles/CMakeTmp

Run Build Command(s):/usr/bin/make cmTC_778e6/fast && /usr/bin/make  -f CMakeFiles/cmTC_778e6.dir/build.make CMakeFiles/cmTC_778e6.dir/build
make[1]: Entering directory '/home/aaa/gsl/cmake-build-debug/CMakeFiles/CMakeTmp'
Building C object CMakeFiles/cmTC_778e6.dir/CheckSymbolExists.c.o
/usr/bin/cc    -o CMakeFiles/cmTC_778e6.dir/CheckSymbolExists.c.o   -c /home/aaa/gsl/cmake-build-debug/CMakeFiles/CMakeTmp/CheckSymbolExists.c
Linking C executable cmTC_778e6
/home/aaa/Desktop/clion-2020.3.2/bin/cmake/linux/bin/cmake -E cmake_link_script CMakeFiles/cmTC_778e6.dir/link.txt --verbose=1
/usr/bin/cc      CMakeFiles/cmTC_778e6.dir/CheckSymbolExists.c.o  -o cmTC_778e6  -lm 
make[1]: Leaving directory '/home/aaa/gsl/cmake-build-debug/CMakeFiles/CMakeTmp'


File /home/aaa/gsl/cmake-build-debug/CMakeFiles/CMakeTmp/CheckSymbolExists.c:
/* */
#include <math.h>

int main(int argc, char** argv)
{
  (void)argv;
#ifndef log1p
  return ((int*)(&log1p))[argc];
#else
  (void)argc;
  return 0;
#endif
}
Determining if the memcpy exist passed with the following output:
Change Dir: /home/aaa/gsl/cmake-build-debug/CMakeFiles/CMakeTmp

Run Build Command(s):/usr/bin/make cmTC_e5742/fast && /usr/bin/make  -f CMakeFiles/cmTC_e5742.dir/build.make CMakeFiles/cmTC_e5742.dir/build
make[1]: Entering directory '/home/aaa/gsl/cmake-build-debug/CMakeFiles/CMakeTmp'
Building C object CMakeFiles/cmTC_e5742.dir/CheckSymbolExists.c.o
/usr/bin/cc    -o CMakeFiles/cmTC_e5742.dir/CheckSymbolExists.c.o   -c /home/aaa/gsl/cmake-build-debug/CMakeFiles/CMakeTmp/CheckSymbolExists.c
Linking C executable cmTC_e5742
/home/aaa/Desktop/clion-2020.3.2/bin/cmake/linux/bin/cmake -E cmake_link_script CMakeFiles/cmTC_e5742.dir/link.txt --verbose=1
/usr/bin/cc      CMakeFiles/cmTC_e5742.dir/CheckSymbolExists.c.o  -o cmTC_e5742  -lm 
make[1]: Leaving directory '/home/aaa/gsl/cmake-build-debug/CMakeFiles/CMakeTmp'


File /home/aaa/gsl/cmake-build-debug/CMakeFiles/CMakeTmp/CheckSymbolExists.c:
/* */
#include <string.h>

int main(int argc, char** argv)
{
  (void)argv;
#ifndef memcpy
  return ((int*)(&memcpy))[argc];
#else
  (void)argc;
  return 0;
#endif
}
Determining if the memmove exist passed with the following output:
Change Dir: /home/aaa/gsl/cmake-build-debug/CMakeFiles/CMakeTmp

Run Build Command(s):/usr/bin/make cmTC_66752/fast && /usr/bin/make  -f CMakeFiles/cmTC_66752.dir/build.make CMakeFiles/cmTC_66752.dir/build
make[1]: Entering directory '/home/aaa/gsl/cmake-build-debug/CMakeFiles/CMakeTmp'
Building C object CMakeFiles/cmTC_66752.dir/CheckSymbolExists.c.o
/usr/bin/cc    -o CMakeFiles/cmTC_66752.dir/CheckSymbolExists.c.o   -c /home/aaa/gsl/cmake-build-debug/CMakeFiles/CMakeTmp/CheckSymbolExists.c
Linking C executable cmTC_66752
/home/aaa/Desktop/clion-2020.3.2/bin/cmake/linux/bin/cmake -E cmake_link_script CMakeFiles/cmTC_66752.dir/link.txt --verbose=1
/usr/bin/cc      CMakeFiles/cmTC_66752.dir/CheckSymbolExists.c.o  -o cmTC_66752  -lm 
make[1]: Leaving directory '/home/aaa/gsl/cmake-build-debug/CMakeFiles/CMakeTmp'


File /home/aaa/gsl/cmake-build-debug/CMakeFiles/CMakeTmp/CheckSymbolExists.c:
/* */
#include <string.h>

int main(int argc, char** argv)
{
  (void)argv;
#ifndef memmove
  return ((int*)(&memmove))[argc];
#else
  (void)argc;
  return 0;
#endif
}
Determining if the strdup exist passed with the following output:
Change Dir: /home/aaa/gsl/cmake-build-debug/CMakeFiles/CMakeTmp

Run Build Command(s):/usr/bin/make cmTC_9a6ad/fast && /usr/bin/make  -f CMakeFiles/cmTC_9a6ad.dir/build.make CMakeFiles/cmTC_9a6ad.dir/build
make[1]: Entering directory '/home/aaa/gsl/cmake-build-debug/CMakeFiles/CMakeTmp'
Building C object CMakeFiles/cmTC_9a6ad.dir/CheckSymbolExists.c.o
/usr/bin/cc    -o CMakeFiles/cmTC_9a6ad.dir/CheckSymbolExists.c.o   -c /home/aaa/gsl/cmake-build-debug/CMakeFiles/CMakeTmp/CheckSymbolExists.c
Linking C executable cmTC_9a6ad
/home/aaa/Desktop/clion-2020.3.2/bin/cmake/linux/bin/cmake -E cmake_link_script CMakeFiles/cmTC_9a6ad.dir/link.txt --verbose=1
/usr/bin/cc      CMakeFiles/cmTC_9a6ad.dir/CheckSymbolExists.c.o  -o cmTC_9a6ad  -lm 
make[1]: Leaving directory '/home/aaa/gsl/cmake-build-debug/CMakeFiles/CMakeTmp'


File /home/aaa/gsl/cmake-build-debug/CMakeFiles/CMakeTmp/CheckSymbolExists.c:
/* */
#include <string.h>

int main(int argc, char** argv)
{
  (void)argv;
#ifndef strdup
  return ((int*)(&strdup))[argc];
#else
  (void)argc;
  return 0;
#endif
}
Determining if the strtol exist passed with the following output:
Change Dir: /home/aaa/gsl/cmake-build-debug/CMakeFiles/CMakeTmp

Run Build Command(s):/usr/bin/make cmTC_6d5f5/fast && /usr/bin/make  -f CMakeFiles/cmTC_6d5f5.dir/build.make CMakeFiles/cmTC_6d5f5.dir/build
make[1]: Entering directory '/home/aaa/gsl/cmake-build-debug/CMakeFiles/CMakeTmp'
Building C object CMakeFiles/cmTC_6d5f5.dir/CheckSymbolExists.c.o
/usr/bin/cc    -o CMakeFiles/cmTC_6d5f5.dir/CheckSymbolExists.c.o   -c /home/aaa/gsl/cmake-build-debug/CMakeFiles/CMakeTmp/CheckSymbolExists.c
Linking C executable cmTC_6d5f5
/home/aaa/Desktop/clion-2020.3.2/bin/cmake/linux/bin/cmake -E cmake_link_script CMakeFiles/cmTC_6d5f5.dir/link.txt --verbose=1
/usr/bin/cc      CMakeFiles/cmTC_6d5f5.dir/CheckSymbolExists.c.o  -o cmTC_6d5f5  -lm 
make[1]: Leaving directory '/home/aaa/gsl/cmake-build-debug/CMakeFiles/CMakeTmp'


File /home/aaa/gsl/cmake-build-debug/CMakeFiles/CMakeTmp/CheckSymbolExists.c:
/* */
#include <stdlib.h>

int main(int argc, char** argv)
{
  (void)argv;
#ifndef strtol
  return ((int*)(&strtol))[argc];
#else
  (void)argc;
  return 0;
#endif
}
Determining if the strtoul exist passed with the following output:
Change Dir: /home/aaa/gsl/cmake-build-debug/CMakeFiles/CMakeTmp

Run Build Command(s):/usr/bin/make cmTC_96169/fast && /usr/bin/make  -f CMakeFiles/cmTC_96169.dir/build.make CMakeFiles/cmTC_96169.dir/build
make[1]: Entering directory '/home/aaa/gsl/cmake-build-debug/CMakeFiles/CMakeTmp'
Building C object CMakeFiles/cmTC_96169.dir/CheckSymbolExists.c.o
/usr/bin/cc    -o CMakeFiles/cmTC_96169.dir/CheckSymbolExists.c.o   -c /home/aaa/gsl/cmake-build-debug/CMakeFiles/CMakeTmp/CheckSymbolExists.c
Linking C executable cmTC_96169
/home/aaa/Desktop/clion-2020.3.2/bin/cmake/linux/bin/cmake -E cmake_link_script CMakeFiles/cmTC_96169.dir/link.txt --verbose=1
/usr/bin/cc      CMakeFiles/cmTC_96169.dir/CheckSymbolExists.c.o  -o cmTC_96169  -lm 
make[1]: Leaving directory '/home/aaa/gsl/cmake-build-debug/CMakeFiles/CMakeTmp'


File /home/aaa/gsl/cmake-build-debug/CMakeFiles/CMakeTmp/CheckSymbolExists.c:
/* */
#include <stdlib.h>

int main(int argc, char** argv)
{
  (void)argv;
#ifndef strtoul
  return ((int*)(&strtoul))[argc];
#else
  (void)argc;
  return 0;
#endif
}
Determining if the vprintf exist passed with the following output:
Change Dir: /home/aaa/gsl/cmake-build-debug/CMakeFiles/CMakeTmp

Run Build Command(s):/usr/bin/make cmTC_f63db/fast && /usr/bin/make  -f CMakeFiles/cmTC_f63db.dir/build.make CMakeFiles/cmTC_f63db.dir/build
make[1]: Entering directory '/home/aaa/gsl/cmake-build-debug/CMakeFiles/CMakeTmp'
Building C object CMakeFiles/cmTC_f63db.dir/CheckSymbolExists.c.o
/usr/bin/cc    -o CMakeFiles/cmTC_f63db.dir/CheckSymbolExists.c.o   -c /home/aaa/gsl/cmake-build-debug/CMakeFiles/CMakeTmp/CheckSymbolExists.c
Linking C executable cmTC_f63db
/home/aaa/Desktop/clion-2020.3.2/bin/cmake/linux/bin/cmake -E cmake_link_script CMakeFiles/cmTC_f63db.dir/link.txt --verbose=1
/usr/bin/cc      CMakeFiles/cmTC_f63db.dir/CheckSymbolExists.c.o  -o cmTC_f63db  -lm 
make[1]: Leaving directory '/home/aaa/gsl/cmake-build-debug/CMakeFiles/CMakeTmp'


File /home/aaa/gsl/cmake-build-debug/CMakeFiles/CMakeTmp/CheckSymbolExists.c:
/* */
#include <stdio.h>

int main(int argc, char** argv)
{
  (void)argv;
#ifndef vprintf
  return ((int*)(&vprintf))[argc];
#else
  (void)argc;
  return 0;
#endif
}
