Performing C SOURCE FILE Test HAVE_C_FLAG_Wunused_private_field failed with the following output:
Change Dir: /home/aaa/cvc5/examples/CMakeFiles/CMakeTmp

Run Build Command(s):/usr/bin/make -f Makefile cmTC_1416b/fast && /usr/bin/make  -f CMakeFiles/cmTC_1416b.dir/build.make CMakeFiles/cmTC_1416b.dir/build
make[1]: Entering directory '/home/aaa/cvc5/examples/CMakeFiles/CMakeTmp'
Building C object CMakeFiles/cmTC_1416b.dir/src.c.o
/usr/bin/cc -DHAVE_C_FLAG_Wunused_private_field  -O3 -Wall    -Wunused-private-field -std=gnu99 -o CMakeFiles/cmTC_1416b.dir/src.c.o -c /home/aaa/cvc5/examples/CMakeFiles/CMakeTmp/src.c
cc: error: unrecognized command line option '-Wunused-private-field'; did you mean '-Wunused-parameter'?
CMakeFiles/cmTC_1416b.dir/build.make:77: recipe for target 'CMakeFiles/cmTC_1416b.dir/src.c.o' failed
make[1]: *** [CMakeFiles/cmTC_1416b.dir/src.c.o] Error 1
make[1]: Leaving directory '/home/aaa/cvc5/examples/CMakeFiles/CMakeTmp'
Makefile:127: recipe for target 'cmTC_1416b/fast' failed
make: *** [cmTC_1416b/fast] Error 2


Source file was:
int main(void) { return 0; }
Performing C++ SOURCE FILE Test HAVE_CXX_FLAG_Wunused_private_field failed with the following output:
Change Dir: /home/aaa/cvc5/examples/CMakeFiles/CMakeTmp

Run Build Command(s):/usr/bin/make -f Makefile cmTC_0ad01/fast && /usr/bin/make  -f CMakeFiles/cmTC_0ad01.dir/build.make CMakeFiles/cmTC_0ad01.dir/build
make[1]: Entering directory '/home/aaa/cvc5/examples/CMakeFiles/CMakeTmp'
Building CXX object CMakeFiles/cmTC_0ad01.dir/src.cxx.o
/usr/bin/c++ -DHAVE_CXX_FLAG_Wunused_private_field  -O3 -Wall    -Wunused-private-field -std=c++1z -o CMakeFiles/cmTC_0ad01.dir/src.cxx.o -c /home/aaa/cvc5/examples/CMakeFiles/CMakeTmp/src.cxx
c++: error: unrecognized command line option '-Wunused-private-field'; did you mean '-Wunused-parameter'?
CMakeFiles/cmTC_0ad01.dir/build.make:77: recipe for target 'CMakeFiles/cmTC_0ad01.dir/src.cxx.o' failed
make[1]: *** [CMakeFiles/cmTC_0ad01.dir/src.cxx.o] Error 1
make[1]: Leaving directory '/home/aaa/cvc5/examples/CMakeFiles/CMakeTmp'
Makefile:127: recipe for target 'cmTC_0ad01/fast' failed
make: *** [cmTC_0ad01/fast] Error 2


Source file was:
int main() { return 0; }
Performing C++ SOURCE FILE Test HAVE_CXX_FLAG_Wclass_memaccess failed with the following output:
Change Dir: /home/aaa/cvc5/examples/CMakeFiles/CMakeTmp

Run Build Command(s):/usr/bin/make -f Makefile cmTC_d1eb6/fast && /usr/bin/make  -f CMakeFiles/cmTC_d1eb6.dir/build.make CMakeFiles/cmTC_d1eb6.dir/build
make[1]: Entering directory '/home/aaa/cvc5/examples/CMakeFiles/CMakeTmp'
Building CXX object CMakeFiles/cmTC_d1eb6.dir/src.cxx.o
/usr/bin/c++ -DHAVE_CXX_FLAG_Wclass_memaccess  -O3 -Wall -Wsuggest-override -Wnon-virtual-dtor -Wimplicit-fallthrough -Wshadow -fno-extern-tls-init    -Wclass-memaccess -std=c++1z -o CMakeFiles/cmTC_d1eb6.dir/src.cxx.o -c /home/aaa/cvc5/examples/CMakeFiles/CMakeTmp/src.cxx
c++: error: unrecognized command line option '-Wclass-memaccess'
CMakeFiles/cmTC_d1eb6.dir/build.make:77: recipe for target 'CMakeFiles/cmTC_d1eb6.dir/src.cxx.o' failed
make[1]: *** [CMakeFiles/cmTC_d1eb6.dir/src.cxx.o] Error 1
make[1]: Leaving directory '/home/aaa/cvc5/examples/CMakeFiles/CMakeTmp'
Makefile:127: recipe for target 'cmTC_d1eb6/fast' failed
make: *** [cmTC_d1eb6/fast] Error 2


Source file was:
int main() { return 0; }
