libtool: compile:  gcc -DHAVE_CONFIG_H -I. -Iinclude -O2 -Wall -MT antlr3baserecognizer.lo -MD -MP -MF .deps/antlr3baserecognizer.Tpo -c src/antlr3baserecognizer.c  -fPIC -DPIC -o .libs/antlr3baserecognizer.o
src/antlr3baserecognizer.c: In function 'mismatch':
src/antlr3baserecognizer.c:645:29: warning: variable 'tparser' set but not used [-Wunused-but-set-variable]
     pANTLR3_TREE_PARSER     tparser;
                             ^~~~~~~
src/antlr3baserecognizer.c: In function 'displayRecognitionError':
src/antlr3baserecognizer.c:1012:25: warning: variable 'is' set but not used [-Wunused-but-set-variable]
  pANTLR3_INT_STREAM     is;
                         ^~
src/antlr3baserecognizer.c: In function 'getMissingSymbol':
src/antlr3baserecognizer.c:2169:31: warning: variable 'cts' set but not used [-Wunused-but-set-variable]
  pANTLR3_COMMON_TOKEN_STREAM  cts;
                               ^~~
libtool: compile:  gcc -DHAVE_CONFIG_H -I. -Iinclude -O2 -Wall -MT antlr3baserecognizer.lo -MD -MP -MF .deps/antlr3baserecognizer.Tpo -c src/antlr3baserecognizer.c  -fPIC -DPIC -o antlr3baserecognizer.o >/dev/null 2>&1
libtool: compile:  gcc -DHAVE_CONFIG_H -I. -Iinclude -O2 -Wall -MT antlr3basetree.lo -MD -MP -MF .deps/antlr3basetree.Tpo -c src/antlr3basetree.c  -fPIC -DPIC -o .libs/antlr3basetree.o
src/antlr3basetree.c: In function 'replaceChildren':
src/antlr3basetree.c:428:17: warning: variable 'numToInsert' set but not used [-Wunused-but-set-variable]
   ANTLR3_UINT32 numToInsert;
                 ^~~~~~~~~~~
libtool: compile:  gcc -DHAVE_CONFIG_H -I. -Iinclude -O2 -Wall -MT antlr3basetree.lo -MD -MP -MF .deps/antlr3basetree.Tpo -c src/antlr3basetree.c  -fPIC -DPIC -o antlr3basetree.o >/dev/null 2>&1
libtool: compile:  gcc -DHAVE_CONFIG_H -I. -Iinclude -O2 -Wall -MT antlr3basetreeadaptor.lo -MD -MP -MF .deps/antlr3basetreeadaptor.Tpo -c src/antlr3basetreeadaptor.c  -fPIC -DPIC -o .libs/antlr3basetreeadaptor.o
libtool: compile:  gcc -DHAVE_CONFIG_H -I. -Iinclude -O2 -Wall -MT antlr3basetreeadaptor.lo -MD -MP -MF .deps/antlr3basetreeadaptor.Tpo -c src/antlr3basetreeadaptor.c  -fPIC -DPIC -o antlr3basetreeadaptor.o >/dev/null 2>&1
libtool: compile:  gcc -DHAVE_CONFIG_H -I. -Iinclude -O2 -Wall -MT antlr3bitset.lo -MD -MP -MF .deps/antlr3bitset.Tpo -c src/antlr3bitset.c  -fPIC -DPIC -o .libs/antlr3bitset.o
libtool: compile:  gcc -DHAVE_CONFIG_H -I. -Iinclude -O2 -Wall -MT antlr3bitset.lo -MD -MP -MF .deps/antlr3bitset.Tpo -c src/antlr3bitset.c  -fPIC -DPIC -o antlr3bitset.o >/dev/null 2>&1
libtool: compile:  gcc -DHAVE_CONFIG_H -I. -Iinclude -O2 -Wall -MT antlr3collections.lo -MD -MP -MF .deps/antlr3collections.Tpo -c src/antlr3collections.c  -fPIC -DPIC -o .libs/antlr3collections.o
src/antlr3collections.c: In function 'intTrieDel':
src/antlr3collections.c:1893:29: warning: variable 'p' set but not used [-Wunused-but-set-variable]
     pANTLR3_INT_TRIE_NODE   p;
                             ^
libtool: compile:  gcc -DHAVE_CONFIG_H -I. -Iinclude -O2 -Wall -MT antlr3collections.lo -MD -MP -MF .deps/antlr3collections.Tpo -c src/antlr3collections.c  -fPIC -DPIC -o antlr3collections.o >/dev/null 2>&1
libtool: compile:  gcc -DHAVE_CONFIG_H -I. -Iinclude -O2 -Wall -MT antlr3commontoken.lo -MD -MP -MF .deps/antlr3commontoken.Tpo -c src/antlr3commontoken.c  -fPIC -DPIC -o .libs/antlr3commontoken.o
libtool: compile:  gcc -DHAVE_CONFIG_H -I. -Iinclude -O2 -Wall -MT antlr3commontoken.lo -MD -MP -MF .deps/antlr3commontoken.Tpo -c src/antlr3commontoken.c  -fPIC -DPIC -o antlr3commontoken.o >/dev/null 2>&1
libtool: compile:  gcc -DHAVE_CONFIG_H -I. -Iinclude -O2 -Wall -MT antlr3commontree.lo -MD -MP -MF .deps/antlr3commontree.Tpo -c src/antlr3commontree.c  -fPIC -DPIC -o .libs/antlr3commontree.o
libtool: compile:  gcc -DHAVE_CONFIG_H -I. -Iinclude -O2 -Wall -MT antlr3commontree.lo -MD -MP -MF .deps/antlr3commontree.Tpo -c src/antlr3commontree.c  -fPIC -DPIC -o antlr3commontree.o >/dev/null 2>&1
libtool: compile:  gcc -DHAVE_CONFIG_H -I. -Iinclude -O2 -Wall -MT antlr3commontreeadaptor.lo -MD -MP -MF .deps/antlr3commontreeadaptor.Tpo -c src/antlr3commontreeadaptor.c  -fPIC -DPIC -o .libs/antlr3commontreeadaptor.o
src/antlr3commontreeadaptor.c:51:32: warning: 'getToken' declared 'static' but never defined [-Wunused-function]
 static pANTLR3_COMMON_TOKEN    getToken    (pANTLR3_BASE_TREE_ADAPTOR adaptor, pANTLR3_BASE_TREE t);
                                ^~~~~~~~
libtool: compile:  gcc -DHAVE_CONFIG_H -I. -Iinclude -O2 -Wall -MT antlr3commontreeadaptor.lo -MD -MP -MF .deps/antlr3commontreeadaptor.Tpo -c src/antlr3commontreeadaptor.c  -fPIC -DPIC -o antlr3commontreeadaptor.o >/dev/null 2>&1
libtool: compile:  gcc -DHAVE_CONFIG_H -I. -Iinclude -O2 -Wall -MT antlr3commontreenodestream.lo -MD -MP -MF .deps/antlr3commontreenodestream.Tpo -c src/antlr3commontreenodestream.c  -fPIC -DPIC -o .libs/antlr3commontreenodestream.o
src/antlr3commontreenodestream.c: In function 'replaceChildren':
src/antlr3commontreenodestream.c:933:31: warning: variable 'cta' set but not used [-Wunused-but-set-variable]
   pANTLR3_COMMON_TREE_ADAPTOR cta;
                               ^~~
libtool: compile:  gcc -DHAVE_CONFIG_H -I. -Iinclude -O2 -Wall -MT antlr3commontreenodestream.lo -MD -MP -MF .deps/antlr3commontreenodestream.Tpo -c src/antlr3commontreenodestream.c  -fPIC -DPIC -o antlr3commontreenodestream.o >/dev/null 2>&1
libtool: compile:  gcc -DHAVE_CONFIG_H -I. -Iinclude -O2 -Wall -MT antlr3convertutf.lo -MD -MP -MF .deps/antlr3convertutf.Tpo -c src/antlr3convertutf.c  -fPIC -DPIC -o .libs/antlr3convertutf.o
libtool: compile:  gcc -DHAVE_CONFIG_H -I. -Iinclude -O2 -Wall -MT antlr3cyclicdfa.lo -MD -MP -MF .deps/antlr3cyclicdfa.Tpo -c src/antlr3cyclicdfa.c  -fPIC -DPIC -o .libs/antlr3cyclicdfa.o
libtool: compile:  gcc -DHAVE_CONFIG_H -I. -Iinclude -O2 -Wall -MT antlr3convertutf.lo -MD -MP -MF .deps/antlr3convertutf.Tpo -c src/antlr3convertutf.c  -fPIC -DPIC -o antlr3convertutf.o >/dev/null 2>&1
libtool: compile:  gcc -DHAVE_CONFIG_H -I. -Iinclude -O2 -Wall -MT antlr3cyclicdfa.lo -MD -MP -MF .deps/antlr3cyclicdfa.Tpo -c src/antlr3cyclicdfa.c  -fPIC -DPIC -o antlr3cyclicdfa.o >/dev/null 2>&1
libtool: compile:  gcc -DHAVE_CONFIG_H -I. -Iinclude -O2 -Wall -MT antlr3debughandlers.lo -MD -MP -MF .deps/antlr3debughandlers.Tpo -c src/antlr3debughandlers.c  -fPIC -DPIC -o .libs/antlr3debughandlers.o
libtool: compile:  gcc -DHAVE_CONFIG_H -I. -Iinclude -O2 -Wall -MT antlr3encodings.lo -MD -MP -MF .deps/antlr3encodings.Tpo -c src/antlr3encodings.c  -fPIC -DPIC -o .libs/antlr3encodings.o
libtool: compile:  gcc -DHAVE_CONFIG_H -I. -Iinclude -O2 -Wall -MT antlr3debughandlers.lo -MD -MP -MF .deps/antlr3debughandlers.Tpo -c src/antlr3debughandlers.c  -fPIC -DPIC -o antlr3debughandlers.o >/dev/null 2>&1
libtool: compile:  gcc -DHAVE_CONFIG_H -I. -Iinclude -O2 -Wall -MT antlr3encodings.lo -MD -MP -MF .deps/antlr3encodings.Tpo -c src/antlr3encodings.c  -fPIC -DPIC -o antlr3encodings.o >/dev/null 2>&1
libtool: compile:  gcc -DHAVE_CONFIG_H -I. -Iinclude -O2 -Wall -MT antlr3exception.lo -MD -MP -MF .deps/antlr3exception.Tpo -c src/antlr3exception.c  -fPIC -DPIC -o .libs/antlr3exception.o
libtool: compile:  gcc -DHAVE_CONFIG_H -I. -Iinclude -O2 -Wall -MT antlr3filestream.lo -MD -MP -MF .deps/antlr3filestream.Tpo -c src/antlr3filestream.c  -fPIC -DPIC -o .libs/antlr3filestream.o
libtool: compile:  gcc -DHAVE_CONFIG_H -I. -Iinclude -O2 -Wall -MT antlr3exception.lo -MD -MP -MF .deps/antlr3exception.Tpo -c src/antlr3exception.c  -fPIC -DPIC -o antlr3exception.o >/dev/null 2>&1
libtool: compile:  gcc -DHAVE_CONFIG_H -I. -Iinclude -O2 -Wall -MT antlr3filestream.lo -MD -MP -MF .deps/antlr3filestream.Tpo -c src/antlr3filestream.c  -fPIC -DPIC -o antlr3filestream.o >/dev/null 2>&1
libtool: compile:  gcc -DHAVE_CONFIG_H -I. -Iinclude -O2 -Wall -MT antlr3inputstream.lo -MD -MP -MF .deps/antlr3inputstream.Tpo -c src/antlr3inputstream.c  -fPIC -DPIC -o .libs/antlr3inputstream.o
libtool: compile:  gcc -DHAVE_CONFIG_H -I. -Iinclude -O2 -Wall -MT antlr3intstream.lo -MD -MP -MF .deps/antlr3intstream.Tpo -c src/antlr3intstream.c  -fPIC -DPIC -o .libs/antlr3intstream.o
libtool: compile:  gcc -DHAVE_CONFIG_H -I. -Iinclude -O2 -Wall -MT antlr3intstream.lo -MD -MP -MF .deps/antlr3intstream.Tpo -c src/antlr3intstream.c  -fPIC -DPIC -o antlr3intstream.o >/dev/null 2>&1
libtool: compile:  gcc -DHAVE_CONFIG_H -I. -Iinclude -O2 -Wall -MT antlr3inputstream.lo -MD -MP -MF .deps/antlr3inputstream.Tpo -c src/antlr3inputstream.c  -fPIC -DPIC -o antlr3inputstream.o >/dev/null 2>&1
libtool: compile:  gcc -DHAVE_CONFIG_H -I. -Iinclude -O2 -Wall -MT antlr3lexer.lo -MD -MP -MF .deps/antlr3lexer.Tpo -c src/antlr3lexer.c  -fPIC -DPIC -o .libs/antlr3lexer.o
libtool: compile:  gcc -DHAVE_CONFIG_H -I. -Iinclude -O2 -Wall -MT antlr3lexer.lo -MD -MP -MF .deps/antlr3lexer.Tpo -c src/antlr3lexer.c  -fPIC -DPIC -o antlr3lexer.o >/dev/null 2>&1
libtool: compile:  gcc -DHAVE_CONFIG_H -I. -Iinclude -O2 -Wall -MT antlr3parser.lo -MD -MP -MF .deps/antlr3parser.Tpo -c src/antlr3parser.c  -fPIC -DPIC -o .libs/antlr3parser.o
libtool: compile:  gcc -DHAVE_CONFIG_H -I. -Iinclude -O2 -Wall -MT antlr3parser.lo -MD -MP -MF .deps/antlr3parser.Tpo -c src/antlr3parser.c  -fPIC -DPIC -o antlr3parser.o >/dev/null 2>&1
libtool: compile:  gcc -DHAVE_CONFIG_H -I. -Iinclude -O2 -Wall -MT antlr3rewritestreams.lo -MD -MP -MF .deps/antlr3rewritestreams.Tpo -c src/antlr3rewritestreams.c  -fPIC -DPIC -o .libs/antlr3rewritestreams.o
libtool: compile:  gcc -DHAVE_CONFIG_H -I. -Iinclude -O2 -Wall -MT antlr3rewritestreams.lo -MD -MP -MF .deps/antlr3rewritestreams.Tpo -c src/antlr3rewritestreams.c  -fPIC -DPIC -o antlr3rewritestreams.o >/dev/null 2>&1
libtool: compile:  gcc -DHAVE_CONFIG_H -I. -Iinclude -O2 -Wall -MT antlr3string.lo -MD -MP -MF .deps/antlr3string.Tpo -c src/antlr3string.c  -fPIC -DPIC -o .libs/antlr3string.o
src/antlr3string.c: In function 'toUTF8_UTF16':
src/antlr3string.c:367:22: warning: variable 'cResult' set but not used [-Wunused-but-set-variable]
     ConversionResult cResult;
                      ^~~~~~~
At top level:
src/antlr3string.c:335:1: warning: 'stringInitUTF8' defined but not used [-Wunused-function]
 stringInitUTF8  (pANTLR3_STRING string)
 ^~~~~~~~~~~~~~
libtool: compile:  gcc -DHAVE_CONFIG_H -I. -Iinclude -O2 -Wall -MT antlr3string.lo -MD -MP -MF .deps/antlr3string.Tpo -c src/antlr3string.c  -fPIC -DPIC -o antlr3string.o >/dev/null 2>&1
libtool: compile:  gcc -DHAVE_CONFIG_H -I. -Iinclude -O2 -Wall -MT antlr3tokenstream.lo -MD -MP -MF .deps/antlr3tokenstream.Tpo -c src/antlr3tokenstream.c  -fPIC -DPIC -o .libs/antlr3tokenstream.o
libtool: compile:  gcc -DHAVE_CONFIG_H -I. -Iinclude -O2 -Wall -MT antlr3tokenstream.lo -MD -MP -MF .deps/antlr3tokenstream.Tpo -c src/antlr3tokenstream.c  -fPIC -DPIC -o antlr3tokenstream.o >/dev/null 2>&1
libtool: compile:  gcc -DHAVE_CONFIG_H -I. -Iinclude -O2 -Wall -MT antlr3treeparser.lo -MD -MP -MF .deps/antlr3treeparser.Tpo -c src/antlr3treeparser.c  -fPIC -DPIC -o .libs/antlr3treeparser.o
src/antlr3treeparser.c: In function 'getCurrentInputSymbol':
src/antlr3treeparser.c:192:37: warning: variable 'ctns' set but not used [-Wunused-but-set-variable]
     pANTLR3_COMMON_TREE_NODE_STREAM ctns;
                                     ^~~~
libtool: compile:  gcc -DHAVE_CONFIG_H -I. -Iinclude -O2 -Wall -MT antlr3treeparser.lo -MD -MP -MF .deps/antlr3treeparser.Tpo -c src/antlr3treeparser.c  -fPIC -DPIC -o antlr3treeparser.o >/dev/null 2>&1
libtool: link: gcc -shared  .libs/antlr3baserecognizer.o .libs/antlr3basetree.o .libs/antlr3basetreeadaptor.o .libs/antlr3bitset.o .libs/antlr3collections.o .libs/antlr3commontoken.o .libs/antlr3commontree.o .libs/antlr3commontreeadaptor.o .libs/antlr3commontreenodestream.o .libs/antlr3convertutf.o .libs/antlr3cyclicdfa.o .libs/antlr3debughandlers.o .libs/antlr3encodings.o .libs/antlr3exception.o .libs/antlr3filestream.o .libs/antlr3inputstream.o .libs/antlr3intstream.o .libs/antlr3lexer.o .libs/antlr3parser.o .libs/antlr3rewritestreams.o .libs/antlr3string.o .libs/antlr3tokenstream.o .libs/antlr3treeparser.o      -Wl,-soname -Wl,libantlr3c.so -o .libs/libantlr3c.so
libtool: link: ar cru .libs/libantlr3c.a  antlr3baserecognizer.o antlr3basetree.o antlr3basetreeadaptor.o antlr3bitset.o antlr3collections.o antlr3commontoken.o antlr3commontree.o antlr3commontreeadaptor.o antlr3commontreenodestream.o antlr3convertutf.o antlr3cyclicdfa.o antlr3debughandlers.o antlr3encodings.o antlr3exception.o antlr3filestream.o antlr3inputstream.o antlr3intstream.o antlr3lexer.o antlr3parser.o antlr3rewritestreams.o antlr3string.o antlr3tokenstream.o antlr3treeparser.o
ar: `u' modifier ignored since `D' is the default (see `U')
libtool: link: ranlib .libs/libantlr3c.a
libtool: link: ( cd ".libs" && rm -f "libantlr3c.la" && ln -s "../libantlr3c.la" "libantlr3c.la" )
