 /bin/bash ./libtool   --mode=install /usr/bin/install -c   libantlr3c.la '/home/aaa/fp-solver/cvc5/build/deps/lib'
libtool: install: /usr/bin/install -c .libs/libantlr3c.so /home/aaa/fp-solver/cvc5/build/deps/lib/libantlr3c.so
libtool: install: /usr/bin/install -c .libs/libantlr3c.lai /home/aaa/fp-solver/cvc5/build/deps/lib/libantlr3c.la
libtool: install: /usr/bin/install -c .libs/libantlr3c.a /home/aaa/fp-solver/cvc5/build/deps/lib/libantlr3c.a
libtool: install: chmod 644 /home/aaa/fp-solver/cvc5/build/deps/lib/libantlr3c.a
libtool: install: ranlib /home/aaa/fp-solver/cvc5/build/deps/lib/libantlr3c.a
libtool: finish: PATH="/home/aaa/.local/bin:/usr/local/sbin:/usr/local/bin:/usr/sbin:/usr/bin:/sbin:/bin:/usr/games:/usr/local/games:/snap/bin:/home/aaa/llvm-6/build:/home/aaa/llvm-6/install/bin:/home/aaa/z3-4.6.2/build:/home/aaa/z3-4.6.2/install/bin:/home/aaa/fp-solver/llvm-6/build:/home/aaa/fp-solver/llvm-6/install/bin:/home/aaa/fp-solver/z3-4.6.2/build:/home/aaa/fp-solver/z3-4.6.2/install/bin:/sbin" ldconfig -n /home/aaa/fp-solver/cvc5/build/deps/lib
----------------------------------------------------------------------
Libraries have been installed in:
   /home/aaa/fp-solver/cvc5/build/deps/lib

If you ever happen to want to link against installed libraries
in a given directory, LIBDIR, you must either use libtool, and
specify the full pathname of the library, or use the `-LLIBDIR'
flag during linking and do at least one of the following:
   - add LIBDIR to the `LD_LIBRARY_PATH' environment variable
     during execution
   - add LIBDIR to the `LD_RUN_PATH' environment variable
     during linking
   - use the `-Wl,-rpath -Wl,LIBDIR' linker flag
   - have your system administrator add LIBDIR to `/etc/ld.so.conf'

See any operating system documentation about shared libraries for
more information, such as the ld(1) and ld.so(8) manual pages.
----------------------------------------------------------------------
 /usr/bin/install -c -m 644 include/antlr3.h include/antlr3baserecognizer.h include/antlr3basetree.h include/antlr3basetreeadaptor.h include/antlr3bitset.h include/antlr3collections.h include/antlr3commontoken.h include/antlr3commontree.h include/antlr3commontreeadaptor.h include/antlr3commontreenodestream.h include/antlr3convertutf.h include/antlr3cyclicdfa.h include/antlr3debugeventlistener.h include/antlr3defs.h include/antlr3encodings.h include/antlr3errors.h include/antlr3exception.h include/antlr3filestream.h include/antlr3input.h include/antlr3interfaces.h include/antlr3intstream.h include/antlr3lexer.h include/antlr3memory.h include/antlr3parser.h include/antlr3parsetree.h include/antlr3recognizersharedstate.h include/antlr3rewritestreams.h include/antlr3string.h include/antlr3tokenstream.h include/antlr3treeparser.h antlr3config.h '/home/aaa/fp-solver/cvc5/build/deps/include'
