The system is: Linux - 5.4.0-150-generic - x86_64
Compiling the C compiler identification source file "CMakeCCompilerId.c" succeeded.
Compiler: /usr/bin/cc 
Build flags: 
Id flags:  

The output was:
0


Compilation of the C compiler identification source "CMakeCCompilerId.c" produced "a.out"

The C compiler identification is GNU, found in "/home/aaa/gsl/build/CMakeFiles/3.17.5/CompilerIdC/a.out"

Compiling the CXX compiler identification source file "CMakeCXXCompilerId.cpp" succeeded.
Compiler: /usr/bin/c++ 
Build flags: 
Id flags:  

The output was:
0


Compilation of the CXX compiler identification source "CMakeCXXCompilerId.cpp" produced "a.out"

The CXX compiler identification is GNU, found in "/home/aaa/gsl/build/CMakeFiles/3.17.5/CompilerIdCXX/a.out"

Determining if the C compiler works passed with the following output:
Change Dir: /home/aaa/gsl/build/CMakeFiles/CMakeTmp

Run Build Command(s):/usr/bin/make cmTC_1e4c9/fast && /usr/bin/make  -f CMakeFiles/cmTC_1e4c9.dir/build.make CMakeFiles/cmTC_1e4c9.dir/build
make[1]: Entering directory '/home/aaa/gsl/build/CMakeFiles/CMakeTmp'
Building C object CMakeFiles/cmTC_1e4c9.dir/testCCompiler.c.o
/usr/bin/cc    -o CMakeFiles/cmTC_1e4c9.dir/testCCompiler.c.o   -c /home/aaa/gsl/build/CMakeFiles/CMakeTmp/testCCompiler.c
Linking C executable cmTC_1e4c9
/home/aaa/Desktop/clion-2020.3.2/bin/cmake/linux/bin/cmake -E cmake_link_script CMakeFiles/cmTC_1e4c9.dir/link.txt --verbose=1
/usr/bin/cc      CMakeFiles/cmTC_1e4c9.dir/testCCompiler.c.o  -o cmTC_1e4c9 
make[1]: Leaving directory '/home/aaa/gsl/build/CMakeFiles/CMakeTmp'



Detecting C compiler ABI info compiled with the following output:
Change Dir: /home/aaa/gsl/build/CMakeFiles/CMakeTmp

Run Build Command(s):/usr/bin/make cmTC_657fb/fast && /usr/bin/make  -f CMakeFiles/cmTC_657fb.dir/build.make CMakeFiles/cmTC_657fb.dir/build
make[1]: Entering directory '/home/aaa/gsl/build/CMakeFiles/CMakeTmp'
Building C object CMakeFiles/cmTC_657fb.dir/CMakeCCompilerABI.c.o
/usr/bin/cc   -v -o CMakeFiles/cmTC_657fb.dir/CMakeCCompilerABI.c.o   -c /home/aaa/Desktop/clion-2020.3.2/bin/cmake/linux/share/cmake-3.17/Modules/CMakeCCompilerABI.c
Using built-in specs.
COLLECT_GCC=/usr/bin/cc
OFFLOAD_TARGET_NAMES=nvptx-none
OFFLOAD_TARGET_DEFAULT=1
Target: x86_64-linux-gnu
Configured with: ../src/configure -v --with-pkgversion='Ubuntu 7.5.0-3ubuntu1~18.04' --with-bugurl=file:///usr/share/doc/gcc-7/README.Bugs --enable-languages=c,ada,c++,go,brig,d,fortran,objc,obj-c++ --prefix=/usr --with-gcc-major-version-only --program-suffix=-7 --program-prefix=x86_64-linux-gnu- --enable-shared --enable-linker-build-id --libexecdir=/usr/lib --without-included-gettext --enable-threads=posix --libdir=/usr/lib --enable-nls --enable-bootstrap --enable-clocale=gnu --enable-libstdcxx-debug --enable-libstdcxx-time=yes --with-default-libstdcxx-abi=new --enable-gnu-unique-object --disable-vtable-verify --enable-libmpx --enable-plugin --enable-default-pie --with-system-zlib --with-target-system-zlib --enable-objc-gc=auto --enable-multiarch --disable-werror --with-arch-32=i686 --with-abi=m64 --with-multilib-list=m32,m64,mx32 --enable-multilib --with-tune=generic --enable-offload-targets=nvptx-none --without-cuda-driver --enable-checking=release --build=x86_64-linux-gnu --host=x86_64-linux-gnu --target=x86_64-linux-gnu
Thread model: posix
gcc version 7.5.0 (Ubuntu 7.5.0-3ubuntu1~18.04) 
COLLECT_GCC_OPTIONS='-v' '-o' 'CMakeFiles/cmTC_657fb.dir/CMakeCCompilerABI.c.o' '-c' '-mtune=generic' '-march=x86-64'
 /usr/lib/gcc/x86_64-linux-gnu/7/cc1 -quiet -v -imultiarch x86_64-linux-gnu /home/aaa/Desktop/clion-2020.3.2/bin/cmake/linux/share/cmake-3.17/Modules/CMakeCCompilerABI.c -quiet -dumpbase CMakeCCompilerABI.c -mtune=generic -march=x86-64 -auxbase-strip CMakeFiles/cmTC_657fb.dir/CMakeCCompilerABI.c.o -version -fstack-protector-strong -Wformat -Wformat-security -o /tmp/ccJ2Tf13.s
GNU C11 (Ubuntu 7.5.0-3ubuntu1~18.04) version 7.5.0 (x86_64-linux-gnu)
	compiled by GNU C version 7.5.0, GMP version 6.1.2, MPFR version 4.0.1, MPC version 1.1.0, isl version isl-0.19-GMP

warning: GMP header version 6.1.2 differs from library version 6.2.0.
GGC heuristics: --param ggc-min-expand=100 --param ggc-min-heapsize=131072
ignoring nonexistent directory "/usr/local/include/x86_64-linux-gnu"
ignoring nonexistent directory "/usr/lib/gcc/x86_64-linux-gnu/7/../../../../x86_64-linux-gnu/include"
#include "..." search starts here:
#include <...> search starts here:
 /usr/lib/gcc/x86_64-linux-gnu/7/include
 /usr/local/include
 /usr/lib/gcc/x86_64-linux-gnu/7/include-fixed
 /usr/include/x86_64-linux-gnu
 /usr/include
End of search list.
GNU C11 (Ubuntu 7.5.0-3ubuntu1~18.04) version 7.5.0 (x86_64-linux-gnu)
	compiled by GNU C version 7.5.0, GMP version 6.1.2, MPFR version 4.0.1, MPC version 1.1.0, isl version isl-0.19-GMP

warning: GMP header version 6.1.2 differs from library version 6.2.0.
GGC heuristics: --param ggc-min-expand=100 --param ggc-min-heapsize=131072
Compiler executable checksum: b62ed4a2880cd4159476ea8293b72fa8
COLLECT_GCC_OPTIONS='-v' '-o' 'CMakeFiles/cmTC_657fb.dir/CMakeCCompilerABI.c.o' '-c' '-mtune=generic' '-march=x86-64'
 as -v --64 -o CMakeFiles/cmTC_657fb.dir/CMakeCCompilerABI.c.o /tmp/ccJ2Tf13.s
GNU assembler version 2.30 (x86_64-linux-gnu) using BFD version (GNU Binutils for Ubuntu) 2.30
COMPILER_PATH=/usr/lib/gcc/x86_64-linux-gnu/7/:/usr/lib/gcc/x86_64-linux-gnu/7/:/usr/lib/gcc/x86_64-linux-gnu/:/usr/lib/gcc/x86_64-linux-gnu/7/:/usr/lib/gcc/x86_64-linux-gnu/
LIBRARY_PATH=/usr/lib/gcc/x86_64-linux-gnu/7/:/usr/lib/gcc/x86_64-linux-gnu/7/../../../x86_64-linux-gnu/:/usr/lib/gcc/x86_64-linux-gnu/7/../../../../lib/:/lib/x86_64-linux-gnu/:/lib/../lib/:/usr/lib/x86_64-linux-gnu/:/usr/lib/../lib/:/usr/lib/gcc/x86_64-linux-gnu/7/../../../:/lib/:/usr/lib/
COLLECT_GCC_OPTIONS='-v' '-o' 'CMakeFiles/cmTC_657fb.dir/CMakeCCompilerABI.c.o' '-c' '-mtune=generic' '-march=x86-64'
Linking C executable cmTC_657fb
/home/aaa/Desktop/clion-2020.3.2/bin/cmake/linux/bin/cmake -E cmake_link_script CMakeFiles/cmTC_657fb.dir/link.txt --verbose=1
/usr/bin/cc     -v CMakeFiles/cmTC_657fb.dir/CMakeCCompilerABI.c.o  -o cmTC_657fb 
Using built-in specs.
COLLECT_GCC=/usr/bin/cc
COLLECT_LTO_WRAPPER=/usr/lib/gcc/x86_64-linux-gnu/7/lto-wrapper
OFFLOAD_TARGET_NAMES=nvptx-none
OFFLOAD_TARGET_DEFAULT=1
Target: x86_64-linux-gnu
Configured with: ../src/configure -v --with-pkgversion='Ubuntu 7.5.0-3ubuntu1~18.04' --with-bugurl=file:///usr/share/doc/gcc-7/README.Bugs --enable-languages=c,ada,c++,go,brig,d,fortran,objc,obj-c++ --prefix=/usr --with-gcc-major-version-only --program-suffix=-7 --program-prefix=x86_64-linux-gnu- --enable-shared --enable-linker-build-id --libexecdir=/usr/lib --without-included-gettext --enable-threads=posix --libdir=/usr/lib --enable-nls --enable-bootstrap --enable-clocale=gnu --enable-libstdcxx-debug --enable-libstdcxx-time=yes --with-default-libstdcxx-abi=new --enable-gnu-unique-object --disable-vtable-verify --enable-libmpx --enable-plugin --enable-default-pie --with-system-zlib --with-target-system-zlib --enable-objc-gc=auto --enable-multiarch --disable-werror --with-arch-32=i686 --with-abi=m64 --with-multilib-list=m32,m64,mx32 --enable-multilib --with-tune=generic --enable-offload-targets=nvptx-none --without-cuda-driver --enable-checking=release --build=x86_64-linux-gnu --host=x86_64-linux-gnu --target=x86_64-linux-gnu
Thread model: posix
gcc version 7.5.0 (Ubuntu 7.5.0-3ubuntu1~18.04) 
COMPILER_PATH=/usr/lib/gcc/x86_64-linux-gnu/7/:/usr/lib/gcc/x86_64-linux-gnu/7/:/usr/lib/gcc/x86_64-linux-gnu/:/usr/lib/gcc/x86_64-linux-gnu/7/:/usr/lib/gcc/x86_64-linux-gnu/
LIBRARY_PATH=/usr/lib/gcc/x86_64-linux-gnu/7/:/usr/lib/gcc/x86_64-linux-gnu/7/../../../x86_64-linux-gnu/:/usr/lib/gcc/x86_64-linux-gnu/7/../../../../lib/:/lib/x86_64-linux-gnu/:/lib/../lib/:/usr/lib/x86_64-linux-gnu/:/usr/lib/../lib/:/usr/lib/gcc/x86_64-linux-gnu/7/../../../:/lib/:/usr/lib/
COLLECT_GCC_OPTIONS='-v' '-o' 'cmTC_657fb' '-mtune=generic' '-march=x86-64'
 /usr/lib/gcc/x86_64-linux-gnu/7/collect2 -plugin /usr/lib/gcc/x86_64-linux-gnu/7/liblto_plugin.so -plugin-opt=/usr/lib/gcc/x86_64-linux-gnu/7/lto-wrapper -plugin-opt=-fresolution=/tmp/ccSYcr99.res -plugin-opt=-pass-through=-lgcc -plugin-opt=-pass-through=-lgcc_s -plugin-opt=-pass-through=-lc -plugin-opt=-pass-through=-lgcc -plugin-opt=-pass-through=-lgcc_s --build-id --eh-frame-hdr -m elf_x86_64 --hash-style=gnu --as-needed -dynamic-linker /lib64/ld-linux-x86-64.so.2 -pie -z now -z relro -o cmTC_657fb /usr/lib/gcc/x86_64-linux-gnu/7/../../../x86_64-linux-gnu/Scrt1.o /usr/lib/gcc/x86_64-linux-gnu/7/../../../x86_64-linux-gnu/crti.o /usr/lib/gcc/x86_64-linux-gnu/7/crtbeginS.o -L/usr/lib/gcc/x86_64-linux-gnu/7 -L/usr/lib/gcc/x86_64-linux-gnu/7/../../../x86_64-linux-gnu -L/usr/lib/gcc/x86_64-linux-gnu/7/../../../../lib -L/lib/x86_64-linux-gnu -L/lib/../lib -L/usr/lib/x86_64-linux-gnu -L/usr/lib/../lib -L/usr/lib/gcc/x86_64-linux-gnu/7/../../.. CMakeFiles/cmTC_657fb.dir/CMakeCCompilerABI.c.o -lgcc --push-state --as-needed -lgcc_s --pop-state -lc -lgcc --push-state --as-needed -lgcc_s --pop-state /usr/lib/gcc/x86_64-linux-gnu/7/crtendS.o /usr/lib/gcc/x86_64-linux-gnu/7/../../../x86_64-linux-gnu/crtn.o
COLLECT_GCC_OPTIONS='-v' '-o' 'cmTC_657fb' '-mtune=generic' '-march=x86-64'
make[1]: Leaving directory '/home/aaa/gsl/build/CMakeFiles/CMakeTmp'



Parsed C implicit include dir info from above output: rv=done
  found start of include info
  found start of implicit include info
    add: [/usr/lib/gcc/x86_64-linux-gnu/7/include]
    add: [/usr/local/include]
    add: [/usr/lib/gcc/x86_64-linux-gnu/7/include-fixed]
    add: [/usr/include/x86_64-linux-gnu]
    add: [/usr/include]
  end of search list found
  collapse include dir [/usr/lib/gcc/x86_64-linux-gnu/7/include] ==> [/usr/lib/gcc/x86_64-linux-gnu/7/include]
  collapse include dir [/usr/local/include] ==> [/usr/local/include]
  collapse include dir [/usr/lib/gcc/x86_64-linux-gnu/7/include-fixed] ==> [/usr/lib/gcc/x86_64-linux-gnu/7/include-fixed]
  collapse include dir [/usr/include/x86_64-linux-gnu] ==> [/usr/include/x86_64-linux-gnu]
  collapse include dir [/usr/include] ==> [/usr/include]
  implicit include dirs: [/usr/lib/gcc/x86_64-linux-gnu/7/include;/usr/local/include;/usr/lib/gcc/x86_64-linux-gnu/7/include-fixed;/usr/include/x86_64-linux-gnu;/usr/include]


Parsed C implicit link information from above output:
  link line regex: [^( *|.*[/\])(ld|CMAKE_LINK_STARTFILE-NOTFOUND|([^/\]+-)?ld|collect2)[^/\]*( |$)]
  ignore line: [Change Dir: /home/aaa/gsl/build/CMakeFiles/CMakeTmp]
  ignore line: []
  ignore line: [Run Build Command(s):/usr/bin/make cmTC_657fb/fast && /usr/bin/make  -f CMakeFiles/cmTC_657fb.dir/build.make CMakeFiles/cmTC_657fb.dir/build]
  ignore line: [make[1]: Entering directory '/home/aaa/gsl/build/CMakeFiles/CMakeTmp']
  ignore line: [Building C object CMakeFiles/cmTC_657fb.dir/CMakeCCompilerABI.c.o]
  ignore line: [/usr/bin/cc   -v -o CMakeFiles/cmTC_657fb.dir/CMakeCCompilerABI.c.o   -c /home/aaa/Desktop/clion-2020.3.2/bin/cmake/linux/share/cmake-3.17/Modules/CMakeCCompilerABI.c]
  ignore line: [Using built-in specs.]
  ignore line: [COLLECT_GCC=/usr/bin/cc]
  ignore line: [OFFLOAD_TARGET_NAMES=nvptx-none]
  ignore line: [OFFLOAD_TARGET_DEFAULT=1]
  ignore line: [Target: x86_64-linux-gnu]
  ignore line: [Configured with: ../src/configure -v --with-pkgversion='Ubuntu 7.5.0-3ubuntu1~18.04' --with-bugurl=file:///usr/share/doc/gcc-7/README.Bugs --enable-languages=c ada c++ go brig d fortran objc obj-c++ --prefix=/usr --with-gcc-major-version-only --program-suffix=-7 --program-prefix=x86_64-linux-gnu- --enable-shared --enable-linker-build-id --libexecdir=/usr/lib --without-included-gettext --enable-threads=posix --libdir=/usr/lib --enable-nls --enable-bootstrap --enable-clocale=gnu --enable-libstdcxx-debug --enable-libstdcxx-time=yes --with-default-libstdcxx-abi=new --enable-gnu-unique-object --disable-vtable-verify --enable-libmpx --enable-plugin --enable-default-pie --with-system-zlib --with-target-system-zlib --enable-objc-gc=auto --enable-multiarch --disable-werror --with-arch-32=i686 --with-abi=m64 --with-multilib-list=m32 m64 mx32 --enable-multilib --with-tune=generic --enable-offload-targets=nvptx-none --without-cuda-driver --enable-checking=release --build=x86_64-linux-gnu --host=x86_64-linux-gnu --target=x86_64-linux-gnu]
  ignore line: [Thread model: posix]
  ignore line: [gcc version 7.5.0 (Ubuntu 7.5.0-3ubuntu1~18.04) ]
  ignore line: [COLLECT_GCC_OPTIONS='-v' '-o' 'CMakeFiles/cmTC_657fb.dir/CMakeCCompilerABI.c.o' '-c' '-mtune=generic' '-march=x86-64']
  ignore line: [ /usr/lib/gcc/x86_64-linux-gnu/7/cc1 -quiet -v -imultiarch x86_64-linux-gnu /home/aaa/Desktop/clion-2020.3.2/bin/cmake/linux/share/cmake-3.17/Modules/CMakeCCompilerABI.c -quiet -dumpbase CMakeCCompilerABI.c -mtune=generic -march=x86-64 -auxbase-strip CMakeFiles/cmTC_657fb.dir/CMakeCCompilerABI.c.o -version -fstack-protector-strong -Wformat -Wformat-security -o /tmp/ccJ2Tf13.s]
  ignore line: [GNU C11 (Ubuntu 7.5.0-3ubuntu1~18.04) version 7.5.0 (x86_64-linux-gnu)]
  ignore line: [	compiled by GNU C version 7.5.0  GMP version 6.1.2  MPFR version 4.0.1  MPC version 1.1.0  isl version isl-0.19-GMP]
  ignore line: []
  ignore line: [warning: GMP header version 6.1.2 differs from library version 6.2.0.]
  ignore line: [GGC heuristics: --param ggc-min-expand=100 --param ggc-min-heapsize=131072]
  ignore line: [ignoring nonexistent directory "/usr/local/include/x86_64-linux-gnu"]
  ignore line: [ignoring nonexistent directory "/usr/lib/gcc/x86_64-linux-gnu/7/../../../../x86_64-linux-gnu/include"]
  ignore line: [#include "..." search starts here:]
  ignore line: [#include <...> search starts here:]
  ignore line: [ /usr/lib/gcc/x86_64-linux-gnu/7/include]
  ignore line: [ /usr/local/include]
  ignore line: [ /usr/lib/gcc/x86_64-linux-gnu/7/include-fixed]
  ignore line: [ /usr/include/x86_64-linux-gnu]
  ignore line: [ /usr/include]
  ignore line: [End of search list.]
  ignore line: [GNU C11 (Ubuntu 7.5.0-3ubuntu1~18.04) version 7.5.0 (x86_64-linux-gnu)]
  ignore line: [	compiled by GNU C version 7.5.0  GMP version 6.1.2  MPFR version 4.0.1  MPC version 1.1.0  isl version isl-0.19-GMP]
  ignore line: []
  ignore line: [warning: GMP header version 6.1.2 differs from library version 6.2.0.]
  ignore line: [GGC heuristics: --param ggc-min-expand=100 --param ggc-min-heapsize=131072]
  ignore line: [Compiler executable checksum: b62ed4a2880cd4159476ea8293b72fa8]
  ignore line: [COLLECT_GCC_OPTIONS='-v' '-o' 'CMakeFiles/cmTC_657fb.dir/CMakeCCompilerABI.c.o' '-c' '-mtune=generic' '-march=x86-64']
  ignore line: [ as -v --64 -o CMakeFiles/cmTC_657fb.dir/CMakeCCompilerABI.c.o /tmp/ccJ2Tf13.s]
  ignore line: [GNU assembler version 2.30 (x86_64-linux-gnu) using BFD version (GNU Binutils for Ubuntu) 2.30]
  ignore line: [COMPILER_PATH=/usr/lib/gcc/x86_64-linux-gnu/7/:/usr/lib/gcc/x86_64-linux-gnu/7/:/usr/lib/gcc/x86_64-linux-gnu/:/usr/lib/gcc/x86_64-linux-gnu/7/:/usr/lib/gcc/x86_64-linux-gnu/]
  ignore line: [LIBRARY_PATH=/usr/lib/gcc/x86_64-linux-gnu/7/:/usr/lib/gcc/x86_64-linux-gnu/7/../../../x86_64-linux-gnu/:/usr/lib/gcc/x86_64-linux-gnu/7/../../../../lib/:/lib/x86_64-linux-gnu/:/lib/../lib/:/usr/lib/x86_64-linux-gnu/:/usr/lib/../lib/:/usr/lib/gcc/x86_64-linux-gnu/7/../../../:/lib/:/usr/lib/]
  ignore line: [COLLECT_GCC_OPTIONS='-v' '-o' 'CMakeFiles/cmTC_657fb.dir/CMakeCCompilerABI.c.o' '-c' '-mtune=generic' '-march=x86-64']
  ignore line: [Linking C executable cmTC_657fb]
  ignore line: [/home/aaa/Desktop/clion-2020.3.2/bin/cmake/linux/bin/cmake -E cmake_link_script CMakeFiles/cmTC_657fb.dir/link.txt --verbose=1]
  ignore line: [/usr/bin/cc     -v CMakeFiles/cmTC_657fb.dir/CMakeCCompilerABI.c.o  -o cmTC_657fb ]
  ignore line: [Using built-in specs.]
  ignore line: [COLLECT_GCC=/usr/bin/cc]
  ignore line: [COLLECT_LTO_WRAPPER=/usr/lib/gcc/x86_64-linux-gnu/7/lto-wrapper]
  ignore line: [OFFLOAD_TARGET_NAMES=nvptx-none]
  ignore line: [OFFLOAD_TARGET_DEFAULT=1]
  ignore line: [Target: x86_64-linux-gnu]
  ignore line: [Configured with: ../src/configure -v --with-pkgversion='Ubuntu 7.5.0-3ubuntu1~18.04' --with-bugurl=file:///usr/share/doc/gcc-7/README.Bugs --enable-languages=c ada c++ go brig d fortran objc obj-c++ --prefix=/usr --with-gcc-major-version-only --program-suffix=-7 --program-prefix=x86_64-linux-gnu- --enable-shared --enable-linker-build-id --libexecdir=/usr/lib --without-included-gettext --enable-threads=posix --libdir=/usr/lib --enable-nls --enable-bootstrap --enable-clocale=gnu --enable-libstdcxx-debug --enable-libstdcxx-time=yes --with-default-libstdcxx-abi=new --enable-gnu-unique-object --disable-vtable-verify --enable-libmpx --enable-plugin --enable-default-pie --with-system-zlib --with-target-system-zlib --enable-objc-gc=auto --enable-multiarch --disable-werror --with-arch-32=i686 --with-abi=m64 --with-multilib-list=m32 m64 mx32 --enable-multilib --with-tune=generic --enable-offload-targets=nvptx-none --without-cuda-driver --enable-checking=release --build=x86_64-linux-gnu --host=x86_64-linux-gnu --target=x86_64-linux-gnu]
  ignore line: [Thread model: posix]
  ignore line: [gcc version 7.5.0 (Ubuntu 7.5.0-3ubuntu1~18.04) ]
  ignore line: [COMPILER_PATH=/usr/lib/gcc/x86_64-linux-gnu/7/:/usr/lib/gcc/x86_64-linux-gnu/7/:/usr/lib/gcc/x86_64-linux-gnu/:/usr/lib/gcc/x86_64-linux-gnu/7/:/usr/lib/gcc/x86_64-linux-gnu/]
  ignore line: [LIBRARY_PATH=/usr/lib/gcc/x86_64-linux-gnu/7/:/usr/lib/gcc/x86_64-linux-gnu/7/../../../x86_64-linux-gnu/:/usr/lib/gcc/x86_64-linux-gnu/7/../../../../lib/:/lib/x86_64-linux-gnu/:/lib/../lib/:/usr/lib/x86_64-linux-gnu/:/usr/lib/../lib/:/usr/lib/gcc/x86_64-linux-gnu/7/../../../:/lib/:/usr/lib/]
  ignore line: [COLLECT_GCC_OPTIONS='-v' '-o' 'cmTC_657fb' '-mtune=generic' '-march=x86-64']
  link line: [ /usr/lib/gcc/x86_64-linux-gnu/7/collect2 -plugin /usr/lib/gcc/x86_64-linux-gnu/7/liblto_plugin.so -plugin-opt=/usr/lib/gcc/x86_64-linux-gnu/7/lto-wrapper -plugin-opt=-fresolution=/tmp/ccSYcr99.res -plugin-opt=-pass-through=-lgcc -plugin-opt=-pass-through=-lgcc_s -plugin-opt=-pass-through=-lc -plugin-opt=-pass-through=-lgcc -plugin-opt=-pass-through=-lgcc_s --build-id --eh-frame-hdr -m elf_x86_64 --hash-style=gnu --as-needed -dynamic-linker /lib64/ld-linux-x86-64.so.2 -pie -z now -z relro -o cmTC_657fb /usr/lib/gcc/x86_64-linux-gnu/7/../../../x86_64-linux-gnu/Scrt1.o /usr/lib/gcc/x86_64-linux-gnu/7/../../../x86_64-linux-gnu/crti.o /usr/lib/gcc/x86_64-linux-gnu/7/crtbeginS.o -L/usr/lib/gcc/x86_64-linux-gnu/7 -L/usr/lib/gcc/x86_64-linux-gnu/7/../../../x86_64-linux-gnu -L/usr/lib/gcc/x86_64-linux-gnu/7/../../../../lib -L/lib/x86_64-linux-gnu -L/lib/../lib -L/usr/lib/x86_64-linux-gnu -L/usr/lib/../lib -L/usr/lib/gcc/x86_64-linux-gnu/7/../../.. CMakeFiles/cmTC_657fb.dir/CMakeCCompilerABI.c.o -lgcc --push-state --as-needed -lgcc_s --pop-state -lc -lgcc --push-state --as-needed -lgcc_s --pop-state /usr/lib/gcc/x86_64-linux-gnu/7/crtendS.o /usr/lib/gcc/x86_64-linux-gnu/7/../../../x86_64-linux-gnu/crtn.o]
    arg [/usr/lib/gcc/x86_64-linux-gnu/7/collect2] ==> ignore
    arg [-plugin] ==> ignore
    arg [/usr/lib/gcc/x86_64-linux-gnu/7/liblto_plugin.so] ==> ignore
    arg [-plugin-opt=/usr/lib/gcc/x86_64-linux-gnu/7/lto-wrapper] ==> ignore
    arg [-plugin-opt=-fresolution=/tmp/ccSYcr99.res] ==> ignore
    arg [-plugin-opt=-pass-through=-lgcc] ==> ignore
    arg [-plugin-opt=-pass-through=-lgcc_s] ==> ignore
    arg [-plugin-opt=-pass-through=-lc] ==> ignore
    arg [-plugin-opt=-pass-through=-lgcc] ==> ignore
    arg [-plugin-opt=-pass-through=-lgcc_s] ==> ignore
    arg [--build-id] ==> ignore
    arg [--eh-frame-hdr] ==> ignore
    arg [-m] ==> ignore
    arg [elf_x86_64] ==> ignore
    arg [--hash-style=gnu] ==> ignore
    arg [--as-needed] ==> ignore
    arg [-dynamic-linker] ==> ignore
    arg [/lib64/ld-linux-x86-64.so.2] ==> ignore
    arg [-pie] ==> ignore
    arg [-znow] ==> ignore
    arg [-zrelro] ==> ignore
    arg [-o] ==> ignore
    arg [cmTC_657fb] ==> ignore
    arg [/usr/lib/gcc/x86_64-linux-gnu/7/../../../x86_64-linux-gnu/Scrt1.o] ==> ignore
    arg [/usr/lib/gcc/x86_64-linux-gnu/7/../../../x86_64-linux-gnu/crti.o] ==> ignore
    arg [/usr/lib/gcc/x86_64-linux-gnu/7/crtbeginS.o] ==> ignore
    arg [-L/usr/lib/gcc/x86_64-linux-gnu/7] ==> dir [/usr/lib/gcc/x86_64-linux-gnu/7]
    arg [-L/usr/lib/gcc/x86_64-linux-gnu/7/../../../x86_64-linux-gnu] ==> dir [/usr/lib/gcc/x86_64-linux-gnu/7/../../../x86_64-linux-gnu]
    arg [-L/usr/lib/gcc/x86_64-linux-gnu/7/../../../../lib] ==> dir [/usr/lib/gcc/x86_64-linux-gnu/7/../../../../lib]
    arg [-L/lib/x86_64-linux-gnu] ==> dir [/lib/x86_64-linux-gnu]
    arg [-L/lib/../lib] ==> dir [/lib/../lib]
    arg [-L/usr/lib/x86_64-linux-gnu] ==> dir [/usr/lib/x86_64-linux-gnu]
    arg [-L/usr/lib/../lib] ==> dir [/usr/lib/../lib]
    arg [-L/usr/lib/gcc/x86_64-linux-gnu/7/../../..] ==> dir [/usr/lib/gcc/x86_64-linux-gnu/7/../../..]
    arg [CMakeFiles/cmTC_657fb.dir/CMakeCCompilerABI.c.o] ==> ignore
    arg [-lgcc] ==> lib [gcc]
    arg [--push-state] ==> ignore
    arg [--as-needed] ==> ignore
    arg [-lgcc_s] ==> lib [gcc_s]
    arg [--pop-state] ==> ignore
    arg [-lc] ==> lib [c]
    arg [-lgcc] ==> lib [gcc]
    arg [--push-state] ==> ignore
    arg [--as-needed] ==> ignore
    arg [-lgcc_s] ==> lib [gcc_s]
    arg [--pop-state] ==> ignore
    arg [/usr/lib/gcc/x86_64-linux-gnu/7/crtendS.o] ==> ignore
    arg [/usr/lib/gcc/x86_64-linux-gnu/7/../../../x86_64-linux-gnu/crtn.o] ==> ignore
  collapse library dir [/usr/lib/gcc/x86_64-linux-gnu/7] ==> [/usr/lib/gcc/x86_64-linux-gnu/7]
  collapse library dir [/usr/lib/gcc/x86_64-linux-gnu/7/../../../x86_64-linux-gnu] ==> [/usr/lib/x86_64-linux-gnu]
  collapse library dir [/usr/lib/gcc/x86_64-linux-gnu/7/../../../../lib] ==> [/usr/lib]
  collapse library dir [/lib/x86_64-linux-gnu] ==> [/lib/x86_64-linux-gnu]
  collapse library dir [/lib/../lib] ==> [/lib]
  collapse library dir [/usr/lib/x86_64-linux-gnu] ==> [/usr/lib/x86_64-linux-gnu]
  collapse library dir [/usr/lib/../lib] ==> [/usr/lib]
  collapse library dir [/usr/lib/gcc/x86_64-linux-gnu/7/../../..] ==> [/usr/lib]
  implicit libs: [gcc;gcc_s;c;gcc;gcc_s]
  implicit dirs: [/usr/lib/gcc/x86_64-linux-gnu/7;/usr/lib/x86_64-linux-gnu;/usr/lib;/lib/x86_64-linux-gnu;/lib]
  implicit fwks: []


Determining if the CXX compiler works passed with the following output:
Change Dir: /home/aaa/gsl/build/CMakeFiles/CMakeTmp

Run Build Command(s):/usr/bin/make cmTC_40660/fast && /usr/bin/make  -f CMakeFiles/cmTC_40660.dir/build.make CMakeFiles/cmTC_40660.dir/build
make[1]: Entering directory '/home/aaa/gsl/build/CMakeFiles/CMakeTmp'
Building CXX object CMakeFiles/cmTC_40660.dir/testCXXCompiler.cxx.o
/usr/bin/c++     -o CMakeFiles/cmTC_40660.dir/testCXXCompiler.cxx.o -c /home/aaa/gsl/build/CMakeFiles/CMakeTmp/testCXXCompiler.cxx
Linking CXX executable cmTC_40660
/home/aaa/Desktop/clion-2020.3.2/bin/cmake/linux/bin/cmake -E cmake_link_script CMakeFiles/cmTC_40660.dir/link.txt --verbose=1
/usr/bin/c++       CMakeFiles/cmTC_40660.dir/testCXXCompiler.cxx.o  -o cmTC_40660 
make[1]: Leaving directory '/home/aaa/gsl/build/CMakeFiles/CMakeTmp'



Detecting CXX compiler ABI info compiled with the following output:
Change Dir: /home/aaa/gsl/build/CMakeFiles/CMakeTmp

Run Build Command(s):/usr/bin/make cmTC_ae1c7/fast && /usr/bin/make  -f CMakeFiles/cmTC_ae1c7.dir/build.make CMakeFiles/cmTC_ae1c7.dir/build
make[1]: Entering directory '/home/aaa/gsl/build/CMakeFiles/CMakeTmp'
Building CXX object CMakeFiles/cmTC_ae1c7.dir/CMakeCXXCompilerABI.cpp.o
/usr/bin/c++    -v -o CMakeFiles/cmTC_ae1c7.dir/CMakeCXXCompilerABI.cpp.o -c /home/aaa/Desktop/clion-2020.3.2/bin/cmake/linux/share/cmake-3.17/Modules/CMakeCXXCompilerABI.cpp
Using built-in specs.
COLLECT_GCC=/usr/bin/c++
OFFLOAD_TARGET_NAMES=nvptx-none
OFFLOAD_TARGET_DEFAULT=1
Target: x86_64-linux-gnu
Configured with: ../src/configure -v --with-pkgversion='Ubuntu 7.5.0-3ubuntu1~18.04' --with-bugurl=file:///usr/share/doc/gcc-7/README.Bugs --enable-languages=c,ada,c++,go,brig,d,fortran,objc,obj-c++ --prefix=/usr --with-gcc-major-version-only --program-suffix=-7 --program-prefix=x86_64-linux-gnu- --enable-shared --enable-linker-build-id --libexecdir=/usr/lib --without-included-gettext --enable-threads=posix --libdir=/usr/lib --enable-nls --enable-bootstrap --enable-clocale=gnu --enable-libstdcxx-debug --enable-libstdcxx-time=yes --with-default-libstdcxx-abi=new --enable-gnu-unique-object --disable-vtable-verify --enable-libmpx --enable-plugin --enable-default-pie --with-system-zlib --with-target-system-zlib --enable-objc-gc=auto --enable-multiarch --disable-werror --with-arch-32=i686 --with-abi=m64 --with-multilib-list=m32,m64,mx32 --enable-multilib --with-tune=generic --enable-offload-targets=nvptx-none --without-cuda-driver --enable-checking=release --build=x86_64-linux-gnu --host=x86_64-linux-gnu --target=x86_64-linux-gnu
Thread model: posix
gcc version 7.5.0 (Ubuntu 7.5.0-3ubuntu1~18.04) 
COLLECT_GCC_OPTIONS='-v' '-o' 'CMakeFiles/cmTC_ae1c7.dir/CMakeCXXCompilerABI.cpp.o' '-c' '-shared-libgcc' '-mtune=generic' '-march=x86-64'
 /usr/lib/gcc/x86_64-linux-gnu/7/cc1plus -quiet -v -imultiarch x86_64-linux-gnu -D_GNU_SOURCE /home/aaa/Desktop/clion-2020.3.2/bin/cmake/linux/share/cmake-3.17/Modules/CMakeCXXCompilerABI.cpp -quiet -dumpbase CMakeCXXCompilerABI.cpp -mtune=generic -march=x86-64 -auxbase-strip CMakeFiles/cmTC_ae1c7.dir/CMakeCXXCompilerABI.cpp.o -version -fstack-protector-strong -Wformat -Wformat-security -o /tmp/ccjmKcQp.s
GNU C++14 (Ubuntu 7.5.0-3ubuntu1~18.04) version 7.5.0 (x86_64-linux-gnu)
	compiled by GNU C version 7.5.0, GMP version 6.1.2, MPFR version 4.0.1, MPC version 1.1.0, isl version isl-0.19-GMP

warning: GMP header version 6.1.2 differs from library version 6.2.0.
GGC heuristics: --param ggc-min-expand=100 --param ggc-min-heapsize=131072
ignoring duplicate directory "/usr/include/x86_64-linux-gnu/c++/7"
ignoring nonexistent directory "/usr/local/include/x86_64-linux-gnu"
ignoring nonexistent directory "/usr/lib/gcc/x86_64-linux-gnu/7/../../../../x86_64-linux-gnu/include"
#include "..." search starts here:
#include <...> search starts here:
 /usr/include/c++/7
 /usr/include/x86_64-linux-gnu/c++/7
 /usr/include/c++/7/backward
 /usr/lib/gcc/x86_64-linux-gnu/7/include
 /usr/local/include
 /usr/lib/gcc/x86_64-linux-gnu/7/include-fixed
 /usr/include/x86_64-linux-gnu
 /usr/include
End of search list.
GNU C++14 (Ubuntu 7.5.0-3ubuntu1~18.04) version 7.5.0 (x86_64-linux-gnu)
	compiled by GNU C version 7.5.0, GMP version 6.1.2, MPFR version 4.0.1, MPC version 1.1.0, isl version isl-0.19-GMP

warning: GMP header version 6.1.2 differs from library version 6.2.0.
GGC heuristics: --param ggc-min-expand=100 --param ggc-min-heapsize=131072
Compiler executable checksum: 3eb3dc290cd5714c3e1c3ae751116f07
COLLECT_GCC_OPTIONS='-v' '-o' 'CMakeFiles/cmTC_ae1c7.dir/CMakeCXXCompilerABI.cpp.o' '-c' '-shared-libgcc' '-mtune=generic' '-march=x86-64'
 as -v --64 -o CMakeFiles/cmTC_ae1c7.dir/CMakeCXXCompilerABI.cpp.o /tmp/ccjmKcQp.s
GNU assembler version 2.30 (x86_64-linux-gnu) using BFD version (GNU Binutils for Ubuntu) 2.30
COMPILER_PATH=/usr/lib/gcc/x86_64-linux-gnu/7/:/usr/lib/gcc/x86_64-linux-gnu/7/:/usr/lib/gcc/x86_64-linux-gnu/:/usr/lib/gcc/x86_64-linux-gnu/7/:/usr/lib/gcc/x86_64-linux-gnu/
LIBRARY_PATH=/usr/lib/gcc/x86_64-linux-gnu/7/:/usr/lib/gcc/x86_64-linux-gnu/7/../../../x86_64-linux-gnu/:/usr/lib/gcc/x86_64-linux-gnu/7/../../../../lib/:/lib/x86_64-linux-gnu/:/lib/../lib/:/usr/lib/x86_64-linux-gnu/:/usr/lib/../lib/:/usr/lib/gcc/x86_64-linux-gnu/7/../../../:/lib/:/usr/lib/
COLLECT_GCC_OPTIONS='-v' '-o' 'CMakeFiles/cmTC_ae1c7.dir/CMakeCXXCompilerABI.cpp.o' '-c' '-shared-libgcc' '-mtune=generic' '-march=x86-64'
Linking CXX executable cmTC_ae1c7
/home/aaa/Desktop/clion-2020.3.2/bin/cmake/linux/bin/cmake -E cmake_link_script CMakeFiles/cmTC_ae1c7.dir/link.txt --verbose=1
/usr/bin/c++      -v CMakeFiles/cmTC_ae1c7.dir/CMakeCXXCompilerABI.cpp.o  -o cmTC_ae1c7 
Using built-in specs.
COLLECT_GCC=/usr/bin/c++
COLLECT_LTO_WRAPPER=/usr/lib/gcc/x86_64-linux-gnu/7/lto-wrapper
OFFLOAD_TARGET_NAMES=nvptx-none
OFFLOAD_TARGET_DEFAULT=1
Target: x86_64-linux-gnu
Configured with: ../src/configure -v --with-pkgversion='Ubuntu 7.5.0-3ubuntu1~18.04' --with-bugurl=file:///usr/share/doc/gcc-7/README.Bugs --enable-languages=c,ada,c++,go,brig,d,fortran,objc,obj-c++ --prefix=/usr --with-gcc-major-version-only --program-suffix=-7 --program-prefix=x86_64-linux-gnu- --enable-shared --enable-linker-build-id --libexecdir=/usr/lib --without-included-gettext --enable-threads=posix --libdir=/usr/lib --enable-nls --enable-bootstrap --enable-clocale=gnu --enable-libstdcxx-debug --enable-libstdcxx-time=yes --with-default-libstdcxx-abi=new --enable-gnu-unique-object --disable-vtable-verify --enable-libmpx --enable-plugin --enable-default-pie --with-system-zlib --with-target-system-zlib --enable-objc-gc=auto --enable-multiarch --disable-werror --with-arch-32=i686 --with-abi=m64 --with-multilib-list=m32,m64,mx32 --enable-multilib --with-tune=generic --enable-offload-targets=nvptx-none --without-cuda-driver --enable-checking=release --build=x86_64-linux-gnu --host=x86_64-linux-gnu --target=x86_64-linux-gnu
Thread model: posix
gcc version 7.5.0 (Ubuntu 7.5.0-3ubuntu1~18.04) 
COMPILER_PATH=/usr/lib/gcc/x86_64-linux-gnu/7/:/usr/lib/gcc/x86_64-linux-gnu/7/:/usr/lib/gcc/x86_64-linux-gnu/:/usr/lib/gcc/x86_64-linux-gnu/7/:/usr/lib/gcc/x86_64-linux-gnu/
LIBRARY_PATH=/usr/lib/gcc/x86_64-linux-gnu/7/:/usr/lib/gcc/x86_64-linux-gnu/7/../../../x86_64-linux-gnu/:/usr/lib/gcc/x86_64-linux-gnu/7/../../../../lib/:/lib/x86_64-linux-gnu/:/lib/../lib/:/usr/lib/x86_64-linux-gnu/:/usr/lib/../lib/:/usr/lib/gcc/x86_64-linux-gnu/7/../../../:/lib/:/usr/lib/
COLLECT_GCC_OPTIONS='-v' '-o' 'cmTC_ae1c7' '-shared-libgcc' '-mtune=generic' '-march=x86-64'
 /usr/lib/gcc/x86_64-linux-gnu/7/collect2 -plugin /usr/lib/gcc/x86_64-linux-gnu/7/liblto_plugin.so -plugin-opt=/usr/lib/gcc/x86_64-linux-gnu/7/lto-wrapper -plugin-opt=-fresolution=/tmp/ccAxBzJr.res -plugin-opt=-pass-through=-lgcc_s -plugin-opt=-pass-through=-lgcc -plugin-opt=-pass-through=-lc -plugin-opt=-pass-through=-lgcc_s -plugin-opt=-pass-through=-lgcc --build-id --eh-frame-hdr -m elf_x86_64 --hash-style=gnu --as-needed -dynamic-linker /lib64/ld-linux-x86-64.so.2 -pie -z now -z relro -o cmTC_ae1c7 /usr/lib/gcc/x86_64-linux-gnu/7/../../../x86_64-linux-gnu/Scrt1.o /usr/lib/gcc/x86_64-linux-gnu/7/../../../x86_64-linux-gnu/crti.o /usr/lib/gcc/x86_64-linux-gnu/7/crtbeginS.o -L/usr/lib/gcc/x86_64-linux-gnu/7 -L/usr/lib/gcc/x86_64-linux-gnu/7/../../../x86_64-linux-gnu -L/usr/lib/gcc/x86_64-linux-gnu/7/../../../../lib -L/lib/x86_64-linux-gnu -L/lib/../lib -L/usr/lib/x86_64-linux-gnu -L/usr/lib/../lib -L/usr/lib/gcc/x86_64-linux-gnu/7/../../.. CMakeFiles/cmTC_ae1c7.dir/CMakeCXXCompilerABI.cpp.o -lstdc++ -lm -lgcc_s -lgcc -lc -lgcc_s -lgcc /usr/lib/gcc/x86_64-linux-gnu/7/crtendS.o /usr/lib/gcc/x86_64-linux-gnu/7/../../../x86_64-linux-gnu/crtn.o
COLLECT_GCC_OPTIONS='-v' '-o' 'cmTC_ae1c7' '-shared-libgcc' '-mtune=generic' '-march=x86-64'
make[1]: Leaving directory '/home/aaa/gsl/build/CMakeFiles/CMakeTmp'



Parsed CXX implicit include dir info from above output: rv=done
  found start of include info
  found start of implicit include info
    add: [/usr/include/c++/7]
    add: [/usr/include/x86_64-linux-gnu/c++/7]
    add: [/usr/include/c++/7/backward]
    add: [/usr/lib/gcc/x86_64-linux-gnu/7/include]
    add: [/usr/local/include]
    add: [/usr/lib/gcc/x86_64-linux-gnu/7/include-fixed]
    add: [/usr/include/x86_64-linux-gnu]
    add: [/usr/include]
  end of search list found
  collapse include dir [/usr/include/c++/7] ==> [/usr/include/c++/7]
  collapse include dir [/usr/include/x86_64-linux-gnu/c++/7] ==> [/usr/include/x86_64-linux-gnu/c++/7]
  collapse include dir [/usr/include/c++/7/backward] ==> [/usr/include/c++/7/backward]
  collapse include dir [/usr/lib/gcc/x86_64-linux-gnu/7/include] ==> [/usr/lib/gcc/x86_64-linux-gnu/7/include]
  collapse include dir [/usr/local/include] ==> [/usr/local/include]
  collapse include dir [/usr/lib/gcc/x86_64-linux-gnu/7/include-fixed] ==> [/usr/lib/gcc/x86_64-linux-gnu/7/include-fixed]
  collapse include dir [/usr/include/x86_64-linux-gnu] ==> [/usr/include/x86_64-linux-gnu]
  collapse include dir [/usr/include] ==> [/usr/include]
  implicit include dirs: [/usr/include/c++/7;/usr/include/x86_64-linux-gnu/c++/7;/usr/include/c++/7/backward;/usr/lib/gcc/x86_64-linux-gnu/7/include;/usr/local/include;/usr/lib/gcc/x86_64-linux-gnu/7/include-fixed;/usr/include/x86_64-linux-gnu;/usr/include]


Parsed CXX implicit link information from above output:
  link line regex: [^( *|.*[/\])(ld|CMAKE_LINK_STARTFILE-NOTFOUND|([^/\]+-)?ld|collect2)[^/\]*( |$)]
  ignore line: [Change Dir: /home/aaa/gsl/build/CMakeFiles/CMakeTmp]
  ignore line: []
  ignore line: [Run Build Command(s):/usr/bin/make cmTC_ae1c7/fast && /usr/bin/make  -f CMakeFiles/cmTC_ae1c7.dir/build.make CMakeFiles/cmTC_ae1c7.dir/build]
  ignore line: [make[1]: Entering directory '/home/aaa/gsl/build/CMakeFiles/CMakeTmp']
  ignore line: [Building CXX object CMakeFiles/cmTC_ae1c7.dir/CMakeCXXCompilerABI.cpp.o]
  ignore line: [/usr/bin/c++    -v -o CMakeFiles/cmTC_ae1c7.dir/CMakeCXXCompilerABI.cpp.o -c /home/aaa/Desktop/clion-2020.3.2/bin/cmake/linux/share/cmake-3.17/Modules/CMakeCXXCompilerABI.cpp]
  ignore line: [Using built-in specs.]
  ignore line: [COLLECT_GCC=/usr/bin/c++]
  ignore line: [OFFLOAD_TARGET_NAMES=nvptx-none]
  ignore line: [OFFLOAD_TARGET_DEFAULT=1]
  ignore line: [Target: x86_64-linux-gnu]
  ignore line: [Configured with: ../src/configure -v --with-pkgversion='Ubuntu 7.5.0-3ubuntu1~18.04' --with-bugurl=file:///usr/share/doc/gcc-7/README.Bugs --enable-languages=c ada c++ go brig d fortran objc obj-c++ --prefix=/usr --with-gcc-major-version-only --program-suffix=-7 --program-prefix=x86_64-linux-gnu- --enable-shared --enable-linker-build-id --libexecdir=/usr/lib --without-included-gettext --enable-threads=posix --libdir=/usr/lib --enable-nls --enable-bootstrap --enable-clocale=gnu --enable-libstdcxx-debug --enable-libstdcxx-time=yes --with-default-libstdcxx-abi=new --enable-gnu-unique-object --disable-vtable-verify --enable-libmpx --enable-plugin --enable-default-pie --with-system-zlib --with-target-system-zlib --enable-objc-gc=auto --enable-multiarch --disable-werror --with-arch-32=i686 --with-abi=m64 --with-multilib-list=m32 m64 mx32 --enable-multilib --with-tune=generic --enable-offload-targets=nvptx-none --without-cuda-driver --enable-checking=release --build=x86_64-linux-gnu --host=x86_64-linux-gnu --target=x86_64-linux-gnu]
  ignore line: [Thread model: posix]
  ignore line: [gcc version 7.5.0 (Ubuntu 7.5.0-3ubuntu1~18.04) ]
  ignore line: [COLLECT_GCC_OPTIONS='-v' '-o' 'CMakeFiles/cmTC_ae1c7.dir/CMakeCXXCompilerABI.cpp.o' '-c' '-shared-libgcc' '-mtune=generic' '-march=x86-64']
  ignore line: [ /usr/lib/gcc/x86_64-linux-gnu/7/cc1plus -quiet -v -imultiarch x86_64-linux-gnu -D_GNU_SOURCE /home/aaa/Desktop/clion-2020.3.2/bin/cmake/linux/share/cmake-3.17/Modules/CMakeCXXCompilerABI.cpp -quiet -dumpbase CMakeCXXCompilerABI.cpp -mtune=generic -march=x86-64 -auxbase-strip CMakeFiles/cmTC_ae1c7.dir/CMakeCXXCompilerABI.cpp.o -version -fstack-protector-strong -Wformat -Wformat-security -o /tmp/ccjmKcQp.s]
  ignore line: [GNU C++14 (Ubuntu 7.5.0-3ubuntu1~18.04) version 7.5.0 (x86_64-linux-gnu)]
  ignore line: [	compiled by GNU C version 7.5.0  GMP version 6.1.2  MPFR version 4.0.1  MPC version 1.1.0  isl version isl-0.19-GMP]
  ignore line: []
  ignore line: [warning: GMP header version 6.1.2 differs from library version 6.2.0.]
  ignore line: [GGC heuristics: --param ggc-min-expand=100 --param ggc-min-heapsize=131072]
  ignore line: [ignoring duplicate directory "/usr/include/x86_64-linux-gnu/c++/7"]
  ignore line: [ignoring nonexistent directory "/usr/local/include/x86_64-linux-gnu"]
  ignore line: [ignoring nonexistent directory "/usr/lib/gcc/x86_64-linux-gnu/7/../../../../x86_64-linux-gnu/include"]
  ignore line: [#include "..." search starts here:]
  ignore line: [#include <...> search starts here:]
  ignore line: [ /usr/include/c++/7]
  ignore line: [ /usr/include/x86_64-linux-gnu/c++/7]
  ignore line: [ /usr/include/c++/7/backward]
  ignore line: [ /usr/lib/gcc/x86_64-linux-gnu/7/include]
  ignore line: [ /usr/local/include]
  ignore line: [ /usr/lib/gcc/x86_64-linux-gnu/7/include-fixed]
  ignore line: [ /usr/include/x86_64-linux-gnu]
  ignore line: [ /usr/include]
  ignore line: [End of search list.]
  ignore line: [GNU C++14 (Ubuntu 7.5.0-3ubuntu1~18.04) version 7.5.0 (x86_64-linux-gnu)]
  ignore line: [	compiled by GNU C version 7.5.0  GMP version 6.1.2  MPFR version 4.0.1  MPC version 1.1.0  isl version isl-0.19-GMP]
  ignore line: []
  ignore line: [warning: GMP header version 6.1.2 differs from library version 6.2.0.]
  ignore line: [GGC heuristics: --param ggc-min-expand=100 --param ggc-min-heapsize=131072]
  ignore line: [Compiler executable checksum: 3eb3dc290cd5714c3e1c3ae751116f07]
  ignore line: [COLLECT_GCC_OPTIONS='-v' '-o' 'CMakeFiles/cmTC_ae1c7.dir/CMakeCXXCompilerABI.cpp.o' '-c' '-shared-libgcc' '-mtune=generic' '-march=x86-64']
  ignore line: [ as -v --64 -o CMakeFiles/cmTC_ae1c7.dir/CMakeCXXCompilerABI.cpp.o /tmp/ccjmKcQp.s]
  ignore line: [GNU assembler version 2.30 (x86_64-linux-gnu) using BFD version (GNU Binutils for Ubuntu) 2.30]
  ignore line: [COMPILER_PATH=/usr/lib/gcc/x86_64-linux-gnu/7/:/usr/lib/gcc/x86_64-linux-gnu/7/:/usr/lib/gcc/x86_64-linux-gnu/:/usr/lib/gcc/x86_64-linux-gnu/7/:/usr/lib/gcc/x86_64-linux-gnu/]
  ignore line: [LIBRARY_PATH=/usr/lib/gcc/x86_64-linux-gnu/7/:/usr/lib/gcc/x86_64-linux-gnu/7/../../../x86_64-linux-gnu/:/usr/lib/gcc/x86_64-linux-gnu/7/../../../../lib/:/lib/x86_64-linux-gnu/:/lib/../lib/:/usr/lib/x86_64-linux-gnu/:/usr/lib/../lib/:/usr/lib/gcc/x86_64-linux-gnu/7/../../../:/lib/:/usr/lib/]
  ignore line: [COLLECT_GCC_OPTIONS='-v' '-o' 'CMakeFiles/cmTC_ae1c7.dir/CMakeCXXCompilerABI.cpp.o' '-c' '-shared-libgcc' '-mtune=generic' '-march=x86-64']
  ignore line: [Linking CXX executable cmTC_ae1c7]
  ignore line: [/home/aaa/Desktop/clion-2020.3.2/bin/cmake/linux/bin/cmake -E cmake_link_script CMakeFiles/cmTC_ae1c7.dir/link.txt --verbose=1]
  ignore line: [/usr/bin/c++      -v CMakeFiles/cmTC_ae1c7.dir/CMakeCXXCompilerABI.cpp.o  -o cmTC_ae1c7 ]
  ignore line: [Using built-in specs.]
  ignore line: [COLLECT_GCC=/usr/bin/c++]
  ignore line: [COLLECT_LTO_WRAPPER=/usr/lib/gcc/x86_64-linux-gnu/7/lto-wrapper]
  ignore line: [OFFLOAD_TARGET_NAMES=nvptx-none]
  ignore line: [OFFLOAD_TARGET_DEFAULT=1]
  ignore line: [Target: x86_64-linux-gnu]
  ignore line: [Configured with: ../src/configure -v --with-pkgversion='Ubuntu 7.5.0-3ubuntu1~18.04' --with-bugurl=file:///usr/share/doc/gcc-7/README.Bugs --enable-languages=c ada c++ go brig d fortran objc obj-c++ --prefix=/usr --with-gcc-major-version-only --program-suffix=-7 --program-prefix=x86_64-linux-gnu- --enable-shared --enable-linker-build-id --libexecdir=/usr/lib --without-included-gettext --enable-threads=posix --libdir=/usr/lib --enable-nls --enable-bootstrap --enable-clocale=gnu --enable-libstdcxx-debug --enable-libstdcxx-time=yes --with-default-libstdcxx-abi=new --enable-gnu-unique-object --disable-vtable-verify --enable-libmpx --enable-plugin --enable-default-pie --with-system-zlib --with-target-system-zlib --enable-objc-gc=auto --enable-multiarch --disable-werror --with-arch-32=i686 --with-abi=m64 --with-multilib-list=m32 m64 mx32 --enable-multilib --with-tune=generic --enable-offload-targets=nvptx-none --without-cuda-driver --enable-checking=release --build=x86_64-linux-gnu --host=x86_64-linux-gnu --target=x86_64-linux-gnu]
  ignore line: [Thread model: posix]
  ignore line: [gcc version 7.5.0 (Ubuntu 7.5.0-3ubuntu1~18.04) ]
  ignore line: [COMPILER_PATH=/usr/lib/gcc/x86_64-linux-gnu/7/:/usr/lib/gcc/x86_64-linux-gnu/7/:/usr/lib/gcc/x86_64-linux-gnu/:/usr/lib/gcc/x86_64-linux-gnu/7/:/usr/lib/gcc/x86_64-linux-gnu/]
  ignore line: [LIBRARY_PATH=/usr/lib/gcc/x86_64-linux-gnu/7/:/usr/lib/gcc/x86_64-linux-gnu/7/../../../x86_64-linux-gnu/:/usr/lib/gcc/x86_64-linux-gnu/7/../../../../lib/:/lib/x86_64-linux-gnu/:/lib/../lib/:/usr/lib/x86_64-linux-gnu/:/usr/lib/../lib/:/usr/lib/gcc/x86_64-linux-gnu/7/../../../:/lib/:/usr/lib/]
  ignore line: [COLLECT_GCC_OPTIONS='-v' '-o' 'cmTC_ae1c7' '-shared-libgcc' '-mtune=generic' '-march=x86-64']
  link line: [ /usr/lib/gcc/x86_64-linux-gnu/7/collect2 -plugin /usr/lib/gcc/x86_64-linux-gnu/7/liblto_plugin.so -plugin-opt=/usr/lib/gcc/x86_64-linux-gnu/7/lto-wrapper -plugin-opt=-fresolution=/tmp/ccAxBzJr.res -plugin-opt=-pass-through=-lgcc_s -plugin-opt=-pass-through=-lgcc -plugin-opt=-pass-through=-lc -plugin-opt=-pass-through=-lgcc_s -plugin-opt=-pass-through=-lgcc --build-id --eh-frame-hdr -m elf_x86_64 --hash-style=gnu --as-needed -dynamic-linker /lib64/ld-linux-x86-64.so.2 -pie -z now -z relro -o cmTC_ae1c7 /usr/lib/gcc/x86_64-linux-gnu/7/../../../x86_64-linux-gnu/Scrt1.o /usr/lib/gcc/x86_64-linux-gnu/7/../../../x86_64-linux-gnu/crti.o /usr/lib/gcc/x86_64-linux-gnu/7/crtbeginS.o -L/usr/lib/gcc/x86_64-linux-gnu/7 -L/usr/lib/gcc/x86_64-linux-gnu/7/../../../x86_64-linux-gnu -L/usr/lib/gcc/x86_64-linux-gnu/7/../../../../lib -L/lib/x86_64-linux-gnu -L/lib/../lib -L/usr/lib/x86_64-linux-gnu -L/usr/lib/../lib -L/usr/lib/gcc/x86_64-linux-gnu/7/../../.. CMakeFiles/cmTC_ae1c7.dir/CMakeCXXCompilerABI.cpp.o -lstdc++ -lm -lgcc_s -lgcc -lc -lgcc_s -lgcc /usr/lib/gcc/x86_64-linux-gnu/7/crtendS.o /usr/lib/gcc/x86_64-linux-gnu/7/../../../x86_64-linux-gnu/crtn.o]
    arg [/usr/lib/gcc/x86_64-linux-gnu/7/collect2] ==> ignore
    arg [-plugin] ==> ignore
    arg [/usr/lib/gcc/x86_64-linux-gnu/7/liblto_plugin.so] ==> ignore
    arg [-plugin-opt=/usr/lib/gcc/x86_64-linux-gnu/7/lto-wrapper] ==> ignore
    arg [-plugin-opt=-fresolution=/tmp/ccAxBzJr.res] ==> ignore
    arg [-plugin-opt=-pass-through=-lgcc_s] ==> ignore
    arg [-plugin-opt=-pass-through=-lgcc] ==> ignore
    arg [-plugin-opt=-pass-through=-lc] ==> ignore
    arg [-plugin-opt=-pass-through=-lgcc_s] ==> ignore
    arg [-plugin-opt=-pass-through=-lgcc] ==> ignore
    arg [--build-id] ==> ignore
    arg [--eh-frame-hdr] ==> ignore
    arg [-m] ==> ignore
    arg [elf_x86_64] ==> ignore
    arg [--hash-style=gnu] ==> ignore
    arg [--as-needed] ==> ignore
    arg [-dynamic-linker] ==> ignore
    arg [/lib64/ld-linux-x86-64.so.2] ==> ignore
    arg [-pie] ==> ignore
    arg [-znow] ==> ignore
    arg [-zrelro] ==> ignore
    arg [-o] ==> ignore
    arg [cmTC_ae1c7] ==> ignore
    arg [/usr/lib/gcc/x86_64-linux-gnu/7/../../../x86_64-linux-gnu/Scrt1.o] ==> ignore
    arg [/usr/lib/gcc/x86_64-linux-gnu/7/../../../x86_64-linux-gnu/crti.o] ==> ignore
    arg [/usr/lib/gcc/x86_64-linux-gnu/7/crtbeginS.o] ==> ignore
    arg [-L/usr/lib/gcc/x86_64-linux-gnu/7] ==> dir [/usr/lib/gcc/x86_64-linux-gnu/7]
    arg [-L/usr/lib/gcc/x86_64-linux-gnu/7/../../../x86_64-linux-gnu] ==> dir [/usr/lib/gcc/x86_64-linux-gnu/7/../../../x86_64-linux-gnu]
    arg [-L/usr/lib/gcc/x86_64-linux-gnu/7/../../../../lib] ==> dir [/usr/lib/gcc/x86_64-linux-gnu/7/../../../../lib]
    arg [-L/lib/x86_64-linux-gnu] ==> dir [/lib/x86_64-linux-gnu]
    arg [-L/lib/../lib] ==> dir [/lib/../lib]
    arg [-L/usr/lib/x86_64-linux-gnu] ==> dir [/usr/lib/x86_64-linux-gnu]
    arg [-L/usr/lib/../lib] ==> dir [/usr/lib/../lib]
    arg [-L/usr/lib/gcc/x86_64-linux-gnu/7/../../..] ==> dir [/usr/lib/gcc/x86_64-linux-gnu/7/../../..]
    arg [CMakeFiles/cmTC_ae1c7.dir/CMakeCXXCompilerABI.cpp.o] ==> ignore
    arg [-lstdc++] ==> lib [stdc++]
    arg [-lm] ==> lib [m]
    arg [-lgcc_s] ==> lib [gcc_s]
    arg [-lgcc] ==> lib [gcc]
    arg [-lc] ==> lib [c]
    arg [-lgcc_s] ==> lib [gcc_s]
    arg [-lgcc] ==> lib [gcc]
    arg [/usr/lib/gcc/x86_64-linux-gnu/7/crtendS.o] ==> ignore
    arg [/usr/lib/gcc/x86_64-linux-gnu/7/../../../x86_64-linux-gnu/crtn.o] ==> ignore
  collapse library dir [/usr/lib/gcc/x86_64-linux-gnu/7] ==> [/usr/lib/gcc/x86_64-linux-gnu/7]
  collapse library dir [/usr/lib/gcc/x86_64-linux-gnu/7/../../../x86_64-linux-gnu] ==> [/usr/lib/x86_64-linux-gnu]
  collapse library dir [/usr/lib/gcc/x86_64-linux-gnu/7/../../../../lib] ==> [/usr/lib]
  collapse library dir [/lib/x86_64-linux-gnu] ==> [/lib/x86_64-linux-gnu]
  collapse library dir [/lib/../lib] ==> [/lib]
  collapse library dir [/usr/lib/x86_64-linux-gnu] ==> [/usr/lib/x86_64-linux-gnu]
  collapse library dir [/usr/lib/../lib] ==> [/usr/lib]
  collapse library dir [/usr/lib/gcc/x86_64-linux-gnu/7/../../..] ==> [/usr/lib]
  implicit libs: [stdc++;m;gcc_s;gcc;c;gcc_s;gcc]
  implicit dirs: [/usr/lib/gcc/x86_64-linux-gnu/7;/usr/lib/x86_64-linux-gnu;/usr/lib;/lib/x86_64-linux-gnu;/lib]
  implicit fwks: []


Determining if the function cos exists in the m passed with the following output:
Change Dir: /home/aaa/gsl/build/CMakeFiles/CMakeTmp

Run Build Command(s):/usr/bin/make cmTC_fc8d4/fast && /usr/bin/make  -f CMakeFiles/cmTC_fc8d4.dir/build.make CMakeFiles/cmTC_fc8d4.dir/build
make[1]: Entering directory '/home/aaa/gsl/build/CMakeFiles/CMakeTmp'
Building C object CMakeFiles/cmTC_fc8d4.dir/CheckFunctionExists.c.o
/usr/bin/cc   -DCHECK_FUNCTION_EXISTS=cos   -o CMakeFiles/cmTC_fc8d4.dir/CheckFunctionExists.c.o   -c /home/aaa/Desktop/clion-2020.3.2/bin/cmake/linux/share/cmake-3.17/Modules/CheckFunctionExists.c
<command-line>:0:23: warning: conflicting types for built-in function ‘cos’ [-Wbuiltin-declaration-mismatch]
/home/aaa/Desktop/clion-2020.3.2/bin/cmake/linux/share/cmake-3.17/Modules/CheckFunctionExists.c:7:3: note: in expansion of macro ‘CHECK_FUNCTION_EXISTS’
   CHECK_FUNCTION_EXISTS(void);
   ^~~~~~~~~~~~~~~~~~~~~
Linking C executable cmTC_fc8d4
/home/aaa/Desktop/clion-2020.3.2/bin/cmake/linux/bin/cmake -E cmake_link_script CMakeFiles/cmTC_fc8d4.dir/link.txt --verbose=1
/usr/bin/cc  -DCHECK_FUNCTION_EXISTS=cos    CMakeFiles/cmTC_fc8d4.dir/CheckFunctionExists.c.o  -o cmTC_fc8d4  -lm 
make[1]: Leaving directory '/home/aaa/gsl/build/CMakeFiles/CMakeTmp'



Performing C SOURCE FILE Test C_HAS_inline succeeded with the following output:
Change Dir: /home/aaa/gsl/build/CMakeFiles/CMakeTmp

Run Build Command(s):/usr/bin/make cmTC_45d8e/fast && /usr/bin/make  -f CMakeFiles/cmTC_45d8e.dir/build.make CMakeFiles/cmTC_45d8e.dir/build
make[1]: Entering directory '/home/aaa/gsl/build/CMakeFiles/CMakeTmp'
Building C object CMakeFiles/cmTC_45d8e.dir/src.c.o
/usr/bin/cc   -DC_HAS_inline   -o CMakeFiles/cmTC_45d8e.dir/src.c.o   -c /home/aaa/gsl/build/CMakeFiles/CMakeTmp/src.c
/home/aaa/gsl/build/CMakeFiles/CMakeTmp/src.c: In function ‘foo’:
/home/aaa/gsl/build/CMakeFiles/CMakeTmp/src.c:2:39: warning: ‘return’ with a value, in function returning void
     static inline void foo() { return 0; }
                                       ^
/home/aaa/gsl/build/CMakeFiles/CMakeTmp/src.c:2:24: note: declared here
     static inline void foo() { return 0; }
                        ^~~
Linking C executable cmTC_45d8e
/home/aaa/Desktop/clion-2020.3.2/bin/cmake/linux/bin/cmake -E cmake_link_script CMakeFiles/cmTC_45d8e.dir/link.txt --verbose=1
/usr/bin/cc  -DC_HAS_inline    CMakeFiles/cmTC_45d8e.dir/src.c.o  -o cmTC_45d8e  -lm 
make[1]: Leaving directory '/home/aaa/gsl/build/CMakeFiles/CMakeTmp'


Source file was:

    static inline void foo() { return 0; }
    int main() {}
Performing C SOURCE FILE Test C_C99INLINE succeeded with the following output:
Change Dir: /home/aaa/gsl/build/CMakeFiles/CMakeTmp

Run Build Command(s):/usr/bin/make cmTC_4f7c4/fast && /usr/bin/make  -f CMakeFiles/cmTC_4f7c4.dir/build.make CMakeFiles/cmTC_4f7c4.dir/build
make[1]: Entering directory '/home/aaa/gsl/build/CMakeFiles/CMakeTmp'
Building C object CMakeFiles/cmTC_4f7c4.dir/src.c.o
/usr/bin/cc   -DC_C99INLINE   -o CMakeFiles/cmTC_4f7c4.dir/src.c.o   -c /home/aaa/gsl/build/CMakeFiles/CMakeTmp/src.c
Linking C executable cmTC_4f7c4
/home/aaa/Desktop/clion-2020.3.2/bin/cmake/linux/bin/cmake -E cmake_link_script CMakeFiles/cmTC_4f7c4.dir/link.txt --verbose=1
/usr/bin/cc  -DC_C99INLINE    CMakeFiles/cmTC_4f7c4.dir/src.c.o  -o cmTC_4f7c4  -lm 
make[1]: Leaving directory '/home/aaa/gsl/build/CMakeFiles/CMakeTmp'


Source file was:

      extern inline void* foo() { foo(); return &foo; }
      int main() { return foo() != 0; }
Determining if files dlfcn.h exist passed with the following output:
Change Dir: /home/aaa/gsl/build/CMakeFiles/CMakeTmp

Run Build Command(s):/usr/bin/make cmTC_0292b/fast && /usr/bin/make  -f CMakeFiles/cmTC_0292b.dir/build.make CMakeFiles/cmTC_0292b.dir/build
make[1]: Entering directory '/home/aaa/gsl/build/CMakeFiles/CMakeTmp'
Building C object CMakeFiles/cmTC_0292b.dir/HAVE_DLFCN_H.c.o
/usr/bin/cc    -o CMakeFiles/cmTC_0292b.dir/HAVE_DLFCN_H.c.o   -c /home/aaa/gsl/build/CMakeFiles/CheckIncludeFiles/HAVE_DLFCN_H.c
Linking C executable cmTC_0292b
/home/aaa/Desktop/clion-2020.3.2/bin/cmake/linux/bin/cmake -E cmake_link_script CMakeFiles/cmTC_0292b.dir/link.txt --verbose=1
/usr/bin/cc      CMakeFiles/cmTC_0292b.dir/HAVE_DLFCN_H.c.o  -o cmTC_0292b 
make[1]: Leaving directory '/home/aaa/gsl/build/CMakeFiles/CMakeTmp'



Determining if files inttypes.h exist passed with the following output:
Change Dir: /home/aaa/gsl/build/CMakeFiles/CMakeTmp

Run Build Command(s):/usr/bin/make cmTC_0519c/fast && /usr/bin/make  -f CMakeFiles/cmTC_0519c.dir/build.make CMakeFiles/cmTC_0519c.dir/build
make[1]: Entering directory '/home/aaa/gsl/build/CMakeFiles/CMakeTmp'
Building C object CMakeFiles/cmTC_0519c.dir/HAVE_INTTYPES_H.c.o
/usr/bin/cc    -o CMakeFiles/cmTC_0519c.dir/HAVE_INTTYPES_H.c.o   -c /home/aaa/gsl/build/CMakeFiles/CheckIncludeFiles/HAVE_INTTYPES_H.c
Linking C executable cmTC_0519c
/home/aaa/Desktop/clion-2020.3.2/bin/cmake/linux/bin/cmake -E cmake_link_script CMakeFiles/cmTC_0519c.dir/link.txt --verbose=1
/usr/bin/cc      CMakeFiles/cmTC_0519c.dir/HAVE_INTTYPES_H.c.o  -o cmTC_0519c 
make[1]: Leaving directory '/home/aaa/gsl/build/CMakeFiles/CMakeTmp'



Determining if files memory.h exist passed with the following output:
Change Dir: /home/aaa/gsl/build/CMakeFiles/CMakeTmp

Run Build Command(s):/usr/bin/make cmTC_ab5e7/fast && /usr/bin/make  -f CMakeFiles/cmTC_ab5e7.dir/build.make CMakeFiles/cmTC_ab5e7.dir/build
make[1]: Entering directory '/home/aaa/gsl/build/CMakeFiles/CMakeTmp'
Building C object CMakeFiles/cmTC_ab5e7.dir/HAVE_MEMORY_H.c.o
/usr/bin/cc    -o CMakeFiles/cmTC_ab5e7.dir/HAVE_MEMORY_H.c.o   -c /home/aaa/gsl/build/CMakeFiles/CheckIncludeFiles/HAVE_MEMORY_H.c
Linking C executable cmTC_ab5e7
/home/aaa/Desktop/clion-2020.3.2/bin/cmake/linux/bin/cmake -E cmake_link_script CMakeFiles/cmTC_ab5e7.dir/link.txt --verbose=1
/usr/bin/cc      CMakeFiles/cmTC_ab5e7.dir/HAVE_MEMORY_H.c.o  -o cmTC_ab5e7 
make[1]: Leaving directory '/home/aaa/gsl/build/CMakeFiles/CMakeTmp'



Determining if files stdint.h exist passed with the following output:
Change Dir: /home/aaa/gsl/build/CMakeFiles/CMakeTmp

Run Build Command(s):/usr/bin/make cmTC_87122/fast && /usr/bin/make  -f CMakeFiles/cmTC_87122.dir/build.make CMakeFiles/cmTC_87122.dir/build
make[1]: Entering directory '/home/aaa/gsl/build/CMakeFiles/CMakeTmp'
Building C object CMakeFiles/cmTC_87122.dir/HAVE_STDINT_H.c.o
/usr/bin/cc    -o CMakeFiles/cmTC_87122.dir/HAVE_STDINT_H.c.o   -c /home/aaa/gsl/build/CMakeFiles/CheckIncludeFiles/HAVE_STDINT_H.c
Linking C executable cmTC_87122
/home/aaa/Desktop/clion-2020.3.2/bin/cmake/linux/bin/cmake -E cmake_link_script CMakeFiles/cmTC_87122.dir/link.txt --verbose=1
/usr/bin/cc      CMakeFiles/cmTC_87122.dir/HAVE_STDINT_H.c.o  -o cmTC_87122 
make[1]: Leaving directory '/home/aaa/gsl/build/CMakeFiles/CMakeTmp'



Determining if files stdlib.h exist passed with the following output:
Change Dir: /home/aaa/gsl/build/CMakeFiles/CMakeTmp

Run Build Command(s):/usr/bin/make cmTC_63466/fast && /usr/bin/make  -f CMakeFiles/cmTC_63466.dir/build.make CMakeFiles/cmTC_63466.dir/build
make[1]: Entering directory '/home/aaa/gsl/build/CMakeFiles/CMakeTmp'
Building C object CMakeFiles/cmTC_63466.dir/HAVE_STDLIB_H.c.o
/usr/bin/cc    -o CMakeFiles/cmTC_63466.dir/HAVE_STDLIB_H.c.o   -c /home/aaa/gsl/build/CMakeFiles/CheckIncludeFiles/HAVE_STDLIB_H.c
Linking C executable cmTC_63466
/home/aaa/Desktop/clion-2020.3.2/bin/cmake/linux/bin/cmake -E cmake_link_script CMakeFiles/cmTC_63466.dir/link.txt --verbose=1
/usr/bin/cc      CMakeFiles/cmTC_63466.dir/HAVE_STDLIB_H.c.o  -o cmTC_63466 
make[1]: Leaving directory '/home/aaa/gsl/build/CMakeFiles/CMakeTmp'



Determining if files strings.h exist passed with the following output:
Change Dir: /home/aaa/gsl/build/CMakeFiles/CMakeTmp

Run Build Command(s):/usr/bin/make cmTC_f8f8e/fast && /usr/bin/make  -f CMakeFiles/cmTC_f8f8e.dir/build.make CMakeFiles/cmTC_f8f8e.dir/build
make[1]: Entering directory '/home/aaa/gsl/build/CMakeFiles/CMakeTmp'
Building C object CMakeFiles/cmTC_f8f8e.dir/HAVE_STRINGS_H.c.o
/usr/bin/cc    -o CMakeFiles/cmTC_f8f8e.dir/HAVE_STRINGS_H.c.o   -c /home/aaa/gsl/build/CMakeFiles/CheckIncludeFiles/HAVE_STRINGS_H.c
Linking C executable cmTC_f8f8e
/home/aaa/Desktop/clion-2020.3.2/bin/cmake/linux/bin/cmake -E cmake_link_script CMakeFiles/cmTC_f8f8e.dir/link.txt --verbose=1
/usr/bin/cc      CMakeFiles/cmTC_f8f8e.dir/HAVE_STRINGS_H.c.o  -o cmTC_f8f8e 
make[1]: Leaving directory '/home/aaa/gsl/build/CMakeFiles/CMakeTmp'



Determining if files string.h exist passed with the following output:
Change Dir: /home/aaa/gsl/build/CMakeFiles/CMakeTmp

Run Build Command(s):/usr/bin/make cmTC_4099d/fast && /usr/bin/make  -f CMakeFiles/cmTC_4099d.dir/build.make CMakeFiles/cmTC_4099d.dir/build
make[1]: Entering directory '/home/aaa/gsl/build/CMakeFiles/CMakeTmp'
Building C object CMakeFiles/cmTC_4099d.dir/HAVE_STRING_H.c.o
/usr/bin/cc    -o CMakeFiles/cmTC_4099d.dir/HAVE_STRING_H.c.o   -c /home/aaa/gsl/build/CMakeFiles/CheckIncludeFiles/HAVE_STRING_H.c
Linking C executable cmTC_4099d
/home/aaa/Desktop/clion-2020.3.2/bin/cmake/linux/bin/cmake -E cmake_link_script CMakeFiles/cmTC_4099d.dir/link.txt --verbose=1
/usr/bin/cc      CMakeFiles/cmTC_4099d.dir/HAVE_STRING_H.c.o  -o cmTC_4099d 
make[1]: Leaving directory '/home/aaa/gsl/build/CMakeFiles/CMakeTmp'



Determining if files sys/stat.h exist passed with the following output:
Change Dir: /home/aaa/gsl/build/CMakeFiles/CMakeTmp

Run Build Command(s):/usr/bin/make cmTC_b1d44/fast && /usr/bin/make  -f CMakeFiles/cmTC_b1d44.dir/build.make CMakeFiles/cmTC_b1d44.dir/build
make[1]: Entering directory '/home/aaa/gsl/build/CMakeFiles/CMakeTmp'
Building C object CMakeFiles/cmTC_b1d44.dir/HAVE_SYS_STAT_H.c.o
/usr/bin/cc    -o CMakeFiles/cmTC_b1d44.dir/HAVE_SYS_STAT_H.c.o   -c /home/aaa/gsl/build/CMakeFiles/CheckIncludeFiles/HAVE_SYS_STAT_H.c
Linking C executable cmTC_b1d44
/home/aaa/Desktop/clion-2020.3.2/bin/cmake/linux/bin/cmake -E cmake_link_script CMakeFiles/cmTC_b1d44.dir/link.txt --verbose=1
/usr/bin/cc      CMakeFiles/cmTC_b1d44.dir/HAVE_SYS_STAT_H.c.o  -o cmTC_b1d44 
make[1]: Leaving directory '/home/aaa/gsl/build/CMakeFiles/CMakeTmp'



Determining if files sys/types.h exist passed with the following output:
Change Dir: /home/aaa/gsl/build/CMakeFiles/CMakeTmp

Run Build Command(s):/usr/bin/make cmTC_063a7/fast && /usr/bin/make  -f CMakeFiles/cmTC_063a7.dir/build.make CMakeFiles/cmTC_063a7.dir/build
make[1]: Entering directory '/home/aaa/gsl/build/CMakeFiles/CMakeTmp'
Building C object CMakeFiles/cmTC_063a7.dir/HAVE_SYS_TYPES_H.c.o
/usr/bin/cc    -o CMakeFiles/cmTC_063a7.dir/HAVE_SYS_TYPES_H.c.o   -c /home/aaa/gsl/build/CMakeFiles/CheckIncludeFiles/HAVE_SYS_TYPES_H.c
Linking C executable cmTC_063a7
/home/aaa/Desktop/clion-2020.3.2/bin/cmake/linux/bin/cmake -E cmake_link_script CMakeFiles/cmTC_063a7.dir/link.txt --verbose=1
/usr/bin/cc      CMakeFiles/cmTC_063a7.dir/HAVE_SYS_TYPES_H.c.o  -o cmTC_063a7 
make[1]: Leaving directory '/home/aaa/gsl/build/CMakeFiles/CMakeTmp'



Determining if files unistd.h exist passed with the following output:
Change Dir: /home/aaa/gsl/build/CMakeFiles/CMakeTmp

Run Build Command(s):/usr/bin/make cmTC_98ba6/fast && /usr/bin/make  -f CMakeFiles/cmTC_98ba6.dir/build.make CMakeFiles/cmTC_98ba6.dir/build
make[1]: Entering directory '/home/aaa/gsl/build/CMakeFiles/CMakeTmp'
Building C object CMakeFiles/cmTC_98ba6.dir/HAVE_UNISTD_H.c.o
/usr/bin/cc    -o CMakeFiles/cmTC_98ba6.dir/HAVE_UNISTD_H.c.o   -c /home/aaa/gsl/build/CMakeFiles/CheckIncludeFiles/HAVE_UNISTD_H.c
Linking C executable cmTC_98ba6
/home/aaa/Desktop/clion-2020.3.2/bin/cmake/linux/bin/cmake -E cmake_link_script CMakeFiles/cmTC_98ba6.dir/link.txt --verbose=1
/usr/bin/cc      CMakeFiles/cmTC_98ba6.dir/HAVE_UNISTD_H.c.o  -o cmTC_98ba6 
make[1]: Leaving directory '/home/aaa/gsl/build/CMakeFiles/CMakeTmp'



Determining if files stdio.h exist passed with the following output:
Change Dir: /home/aaa/gsl/build/CMakeFiles/CMakeTmp

Run Build Command(s):/usr/bin/make cmTC_7cd2d/fast && /usr/bin/make  -f CMakeFiles/cmTC_7cd2d.dir/build.make CMakeFiles/cmTC_7cd2d.dir/build
make[1]: Entering directory '/home/aaa/gsl/build/CMakeFiles/CMakeTmp'
Building C object CMakeFiles/cmTC_7cd2d.dir/STDC_HEADERS.c.o
/usr/bin/cc    -o CMakeFiles/cmTC_7cd2d.dir/STDC_HEADERS.c.o   -c /home/aaa/gsl/build/CMakeFiles/CheckIncludeFiles/STDC_HEADERS.c
Linking C executable cmTC_7cd2d
/home/aaa/Desktop/clion-2020.3.2/bin/cmake/linux/bin/cmake -E cmake_link_script CMakeFiles/cmTC_7cd2d.dir/link.txt --verbose=1
/usr/bin/cc      CMakeFiles/cmTC_7cd2d.dir/STDC_HEADERS.c.o  -o cmTC_7cd2d 
make[1]: Leaving directory '/home/aaa/gsl/build/CMakeFiles/CMakeTmp'



Performing C SOURCE FILE Test HAVE_FPU_SETCW succeeded with the following output:
Change Dir: /home/aaa/gsl/build/CMakeFiles/CMakeTmp

Run Build Command(s):/usr/bin/make cmTC_5fde9/fast && /usr/bin/make  -f CMakeFiles/cmTC_5fde9.dir/build.make CMakeFiles/cmTC_5fde9.dir/build
make[1]: Entering directory '/home/aaa/gsl/build/CMakeFiles/CMakeTmp'
Building C object CMakeFiles/cmTC_5fde9.dir/src.c.o
/usr/bin/cc   -DHAVE_FPU_SETCW   -o CMakeFiles/cmTC_5fde9.dir/src.c.o   -c /home/aaa/gsl/build/CMakeFiles/CMakeTmp/src.c
Linking C executable cmTC_5fde9
/home/aaa/Desktop/clion-2020.3.2/bin/cmake/linux/bin/cmake -E cmake_link_script CMakeFiles/cmTC_5fde9.dir/link.txt --verbose=1
/usr/bin/cc  -DHAVE_FPU_SETCW    CMakeFiles/cmTC_5fde9.dir/src.c.o  -o cmTC_5fde9  -lm 
make[1]: Leaving directory '/home/aaa/gsl/build/CMakeFiles/CMakeTmp'


Source file was:

    #include <fpu_control.h>
    #ifndef _FPU_SETCW
    #include <i386/fpu_control.h>
    #define _FPU_SETCW(cw) __setfpucw(cw)
    #endif
    int main() { unsigned short mode = 0 ; _FPU_SETCW(mode); }
Performing C SOURCE FILE Test HAVE_FPU_X86_SSE succeeded with the following output:
Change Dir: /home/aaa/gsl/build/CMakeFiles/CMakeTmp

Run Build Command(s):/usr/bin/make cmTC_9822b/fast && /usr/bin/make  -f CMakeFiles/cmTC_9822b.dir/build.make CMakeFiles/cmTC_9822b.dir/build
make[1]: Entering directory '/home/aaa/gsl/build/CMakeFiles/CMakeTmp'
Building C object CMakeFiles/cmTC_9822b.dir/src.c.o
/usr/bin/cc   -DHAVE_FPU_X86_SSE   -o CMakeFiles/cmTC_9822b.dir/src.c.o   -c /home/aaa/gsl/build/CMakeFiles/CMakeTmp/src.c
Linking C executable cmTC_9822b
/home/aaa/Desktop/clion-2020.3.2/bin/cmake/linux/bin/cmake -E cmake_link_script CMakeFiles/cmTC_9822b.dir/link.txt --verbose=1
/usr/bin/cc  -DHAVE_FPU_X86_SSE    CMakeFiles/cmTC_9822b.dir/src.c.o  -o cmTC_9822b  -lm 
make[1]: Leaving directory '/home/aaa/gsl/build/CMakeFiles/CMakeTmp'


Source file was:

    #include <stdlib.h>
    #define _FPU_SETMXCSR(cw) asm volatile ("ldmxcsr %0" : : "m" (*&cw))
    int main() { unsigned int mode = 0x1f80 ; _FPU_SETMXCSR(mode); exit(0); }
Determining if the EXIT_SUCCESS exist passed with the following output:
Change Dir: /home/aaa/gsl/build/CMakeFiles/CMakeTmp

Run Build Command(s):/usr/bin/make cmTC_19012/fast && /usr/bin/make  -f CMakeFiles/cmTC_19012.dir/build.make CMakeFiles/cmTC_19012.dir/build
make[1]: Entering directory '/home/aaa/gsl/build/CMakeFiles/CMakeTmp'
Building C object CMakeFiles/cmTC_19012.dir/CheckSymbolExists.c.o
/usr/bin/cc    -o CMakeFiles/cmTC_19012.dir/CheckSymbolExists.c.o   -c /home/aaa/gsl/build/CMakeFiles/CMakeTmp/CheckSymbolExists.c
Linking C executable cmTC_19012
/home/aaa/Desktop/clion-2020.3.2/bin/cmake/linux/bin/cmake -E cmake_link_script CMakeFiles/cmTC_19012.dir/link.txt --verbose=1
/usr/bin/cc      CMakeFiles/cmTC_19012.dir/CheckSymbolExists.c.o  -o cmTC_19012  -lm 
make[1]: Leaving directory '/home/aaa/gsl/build/CMakeFiles/CMakeTmp'


File /home/aaa/gsl/build/CMakeFiles/CMakeTmp/CheckSymbolExists.c:
/* */
#include <stdlib.h>

int main(int argc, char** argv)
{
  (void)argv;
#ifndef EXIT_SUCCESS
  return ((int*)(&EXIT_SUCCESS))[argc];
#else
  (void)argc;
  return 0;
#endif
}
Determining if the EXIT_FAILURE exist passed with the following output:
Change Dir: /home/aaa/gsl/build/CMakeFiles/CMakeTmp

Run Build Command(s):/usr/bin/make cmTC_d5a5f/fast && /usr/bin/make  -f CMakeFiles/cmTC_d5a5f.dir/build.make CMakeFiles/cmTC_d5a5f.dir/build
make[1]: Entering directory '/home/aaa/gsl/build/CMakeFiles/CMakeTmp'
Building C object CMakeFiles/cmTC_d5a5f.dir/CheckSymbolExists.c.o
/usr/bin/cc    -o CMakeFiles/cmTC_d5a5f.dir/CheckSymbolExists.c.o   -c /home/aaa/gsl/build/CMakeFiles/CMakeTmp/CheckSymbolExists.c
Linking C executable cmTC_d5a5f
/home/aaa/Desktop/clion-2020.3.2/bin/cmake/linux/bin/cmake -E cmake_link_script CMakeFiles/cmTC_d5a5f.dir/link.txt --verbose=1
/usr/bin/cc      CMakeFiles/cmTC_d5a5f.dir/CheckSymbolExists.c.o  -o cmTC_d5a5f  -lm 
make[1]: Leaving directory '/home/aaa/gsl/build/CMakeFiles/CMakeTmp'


File /home/aaa/gsl/build/CMakeFiles/CMakeTmp/CheckSymbolExists.c:
/* */
#include <stdlib.h>

int main(int argc, char** argv)
{
  (void)argv;
#ifndef EXIT_FAILURE
  return ((int*)(&EXIT_FAILURE))[argc];
#else
  (void)argc;
  return 0;
#endif
}
Determining if the feenableexcept exist passed with the following output:
Change Dir: /home/aaa/gsl/build/CMakeFiles/CMakeTmp

Run Build Command(s):/usr/bin/make cmTC_8f51f/fast && /usr/bin/make  -f CMakeFiles/cmTC_8f51f.dir/build.make CMakeFiles/cmTC_8f51f.dir/build
make[1]: Entering directory '/home/aaa/gsl/build/CMakeFiles/CMakeTmp'
Building C object CMakeFiles/cmTC_8f51f.dir/CheckSymbolExists.c.o
/usr/bin/cc -D_GNU_SOURCE=1   -o CMakeFiles/cmTC_8f51f.dir/CheckSymbolExists.c.o   -c /home/aaa/gsl/build/CMakeFiles/CMakeTmp/CheckSymbolExists.c
Linking C executable cmTC_8f51f
/home/aaa/Desktop/clion-2020.3.2/bin/cmake/linux/bin/cmake -E cmake_link_script CMakeFiles/cmTC_8f51f.dir/link.txt --verbose=1
/usr/bin/cc      CMakeFiles/cmTC_8f51f.dir/CheckSymbolExists.c.o  -o cmTC_8f51f  -lm 
make[1]: Leaving directory '/home/aaa/gsl/build/CMakeFiles/CMakeTmp'


File /home/aaa/gsl/build/CMakeFiles/CMakeTmp/CheckSymbolExists.c:
/* */
#include <fenv.h>

int main(int argc, char** argv)
{
  (void)argv;
#ifndef feenableexcept
  return ((int*)(&feenableexcept))[argc];
#else
  (void)argc;
  return 0;
#endif
}
Determining if the hypot exist passed with the following output:
Change Dir: /home/aaa/gsl/build/CMakeFiles/CMakeTmp

Run Build Command(s):/usr/bin/make cmTC_cb13f/fast && /usr/bin/make  -f CMakeFiles/cmTC_cb13f.dir/build.make CMakeFiles/cmTC_cb13f.dir/build
make[1]: Entering directory '/home/aaa/gsl/build/CMakeFiles/CMakeTmp'
Building C object CMakeFiles/cmTC_cb13f.dir/CheckSymbolExists.c.o
/usr/bin/cc    -o CMakeFiles/cmTC_cb13f.dir/CheckSymbolExists.c.o   -c /home/aaa/gsl/build/CMakeFiles/CMakeTmp/CheckSymbolExists.c
Linking C executable cmTC_cb13f
/home/aaa/Desktop/clion-2020.3.2/bin/cmake/linux/bin/cmake -E cmake_link_script CMakeFiles/cmTC_cb13f.dir/link.txt --verbose=1
/usr/bin/cc      CMakeFiles/cmTC_cb13f.dir/CheckSymbolExists.c.o  -o cmTC_cb13f  -lm 
make[1]: Leaving directory '/home/aaa/gsl/build/CMakeFiles/CMakeTmp'


File /home/aaa/gsl/build/CMakeFiles/CMakeTmp/CheckSymbolExists.c:
/* */
#include <math.h>

int main(int argc, char** argv)
{
  (void)argv;
#ifndef hypot
  return ((int*)(&hypot))[argc];
#else
  (void)argc;
  return 0;
#endif
}
Determining if the expm1 exist passed with the following output:
Change Dir: /home/aaa/gsl/build/CMakeFiles/CMakeTmp

Run Build Command(s):/usr/bin/make cmTC_e60de/fast && /usr/bin/make  -f CMakeFiles/cmTC_e60de.dir/build.make CMakeFiles/cmTC_e60de.dir/build
make[1]: Entering directory '/home/aaa/gsl/build/CMakeFiles/CMakeTmp'
Building C object CMakeFiles/cmTC_e60de.dir/CheckSymbolExists.c.o
/usr/bin/cc    -o CMakeFiles/cmTC_e60de.dir/CheckSymbolExists.c.o   -c /home/aaa/gsl/build/CMakeFiles/CMakeTmp/CheckSymbolExists.c
Linking C executable cmTC_e60de
/home/aaa/Desktop/clion-2020.3.2/bin/cmake/linux/bin/cmake -E cmake_link_script CMakeFiles/cmTC_e60de.dir/link.txt --verbose=1
/usr/bin/cc      CMakeFiles/cmTC_e60de.dir/CheckSymbolExists.c.o  -o cmTC_e60de  -lm 
make[1]: Leaving directory '/home/aaa/gsl/build/CMakeFiles/CMakeTmp'


File /home/aaa/gsl/build/CMakeFiles/CMakeTmp/CheckSymbolExists.c:
/* */
#include <math.h>

int main(int argc, char** argv)
{
  (void)argv;
#ifndef expm1
  return ((int*)(&expm1))[argc];
#else
  (void)argc;
  return 0;
#endif
}
Determining if the acosh exist passed with the following output:
Change Dir: /home/aaa/gsl/build/CMakeFiles/CMakeTmp

Run Build Command(s):/usr/bin/make cmTC_3e02d/fast && /usr/bin/make  -f CMakeFiles/cmTC_3e02d.dir/build.make CMakeFiles/cmTC_3e02d.dir/build
make[1]: Entering directory '/home/aaa/gsl/build/CMakeFiles/CMakeTmp'
Building C object CMakeFiles/cmTC_3e02d.dir/CheckSymbolExists.c.o
/usr/bin/cc    -o CMakeFiles/cmTC_3e02d.dir/CheckSymbolExists.c.o   -c /home/aaa/gsl/build/CMakeFiles/CMakeTmp/CheckSymbolExists.c
Linking C executable cmTC_3e02d
/home/aaa/Desktop/clion-2020.3.2/bin/cmake/linux/bin/cmake -E cmake_link_script CMakeFiles/cmTC_3e02d.dir/link.txt --verbose=1
/usr/bin/cc      CMakeFiles/cmTC_3e02d.dir/CheckSymbolExists.c.o  -o cmTC_3e02d  -lm 
make[1]: Leaving directory '/home/aaa/gsl/build/CMakeFiles/CMakeTmp'


File /home/aaa/gsl/build/CMakeFiles/CMakeTmp/CheckSymbolExists.c:
/* */
#include <math.h>

int main(int argc, char** argv)
{
  (void)argv;
#ifndef acosh
  return ((int*)(&acosh))[argc];
#else
  (void)argc;
  return 0;
#endif
}
Determining if the asinh exist passed with the following output:
Change Dir: /home/aaa/gsl/build/CMakeFiles/CMakeTmp

Run Build Command(s):/usr/bin/make cmTC_f9f3f/fast && /usr/bin/make  -f CMakeFiles/cmTC_f9f3f.dir/build.make CMakeFiles/cmTC_f9f3f.dir/build
make[1]: Entering directory '/home/aaa/gsl/build/CMakeFiles/CMakeTmp'
Building C object CMakeFiles/cmTC_f9f3f.dir/CheckSymbolExists.c.o
/usr/bin/cc    -o CMakeFiles/cmTC_f9f3f.dir/CheckSymbolExists.c.o   -c /home/aaa/gsl/build/CMakeFiles/CMakeTmp/CheckSymbolExists.c
Linking C executable cmTC_f9f3f
/home/aaa/Desktop/clion-2020.3.2/bin/cmake/linux/bin/cmake -E cmake_link_script CMakeFiles/cmTC_f9f3f.dir/link.txt --verbose=1
/usr/bin/cc      CMakeFiles/cmTC_f9f3f.dir/CheckSymbolExists.c.o  -o cmTC_f9f3f  -lm 
make[1]: Leaving directory '/home/aaa/gsl/build/CMakeFiles/CMakeTmp'


File /home/aaa/gsl/build/CMakeFiles/CMakeTmp/CheckSymbolExists.c:
/* */
#include <math.h>

int main(int argc, char** argv)
{
  (void)argv;
#ifndef asinh
  return ((int*)(&asinh))[argc];
#else
  (void)argc;
  return 0;
#endif
}
Determining if the atanh exist passed with the following output:
Change Dir: /home/aaa/gsl/build/CMakeFiles/CMakeTmp

Run Build Command(s):/usr/bin/make cmTC_38961/fast && /usr/bin/make  -f CMakeFiles/cmTC_38961.dir/build.make CMakeFiles/cmTC_38961.dir/build
make[1]: Entering directory '/home/aaa/gsl/build/CMakeFiles/CMakeTmp'
Building C object CMakeFiles/cmTC_38961.dir/CheckSymbolExists.c.o
/usr/bin/cc    -o CMakeFiles/cmTC_38961.dir/CheckSymbolExists.c.o   -c /home/aaa/gsl/build/CMakeFiles/CMakeTmp/CheckSymbolExists.c
Linking C executable cmTC_38961
/home/aaa/Desktop/clion-2020.3.2/bin/cmake/linux/bin/cmake -E cmake_link_script CMakeFiles/cmTC_38961.dir/link.txt --verbose=1
/usr/bin/cc      CMakeFiles/cmTC_38961.dir/CheckSymbolExists.c.o  -o cmTC_38961  -lm 
make[1]: Leaving directory '/home/aaa/gsl/build/CMakeFiles/CMakeTmp'


File /home/aaa/gsl/build/CMakeFiles/CMakeTmp/CheckSymbolExists.c:
/* */
#include <math.h>

int main(int argc, char** argv)
{
  (void)argv;
#ifndef atanh
  return ((int*)(&atanh))[argc];
#else
  (void)argc;
  return 0;
#endif
}
Determining if the ldexp exist passed with the following output:
Change Dir: /home/aaa/gsl/build/CMakeFiles/CMakeTmp

Run Build Command(s):/usr/bin/make cmTC_d6f4f/fast && /usr/bin/make  -f CMakeFiles/cmTC_d6f4f.dir/build.make CMakeFiles/cmTC_d6f4f.dir/build
make[1]: Entering directory '/home/aaa/gsl/build/CMakeFiles/CMakeTmp'
Building C object CMakeFiles/cmTC_d6f4f.dir/CheckSymbolExists.c.o
/usr/bin/cc    -o CMakeFiles/cmTC_d6f4f.dir/CheckSymbolExists.c.o   -c /home/aaa/gsl/build/CMakeFiles/CMakeTmp/CheckSymbolExists.c
Linking C executable cmTC_d6f4f
/home/aaa/Desktop/clion-2020.3.2/bin/cmake/linux/bin/cmake -E cmake_link_script CMakeFiles/cmTC_d6f4f.dir/link.txt --verbose=1
/usr/bin/cc      CMakeFiles/cmTC_d6f4f.dir/CheckSymbolExists.c.o  -o cmTC_d6f4f  -lm 
make[1]: Leaving directory '/home/aaa/gsl/build/CMakeFiles/CMakeTmp'


File /home/aaa/gsl/build/CMakeFiles/CMakeTmp/CheckSymbolExists.c:
/* */
#include <math.h>

int main(int argc, char** argv)
{
  (void)argv;
#ifndef ldexp
  return ((int*)(&ldexp))[argc];
#else
  (void)argc;
  return 0;
#endif
}
Determining if the frexp exist passed with the following output:
Change Dir: /home/aaa/gsl/build/CMakeFiles/CMakeTmp

Run Build Command(s):/usr/bin/make cmTC_b0c80/fast && /usr/bin/make  -f CMakeFiles/cmTC_b0c80.dir/build.make CMakeFiles/cmTC_b0c80.dir/build
make[1]: Entering directory '/home/aaa/gsl/build/CMakeFiles/CMakeTmp'
Building C object CMakeFiles/cmTC_b0c80.dir/CheckSymbolExists.c.o
/usr/bin/cc    -o CMakeFiles/cmTC_b0c80.dir/CheckSymbolExists.c.o   -c /home/aaa/gsl/build/CMakeFiles/CMakeTmp/CheckSymbolExists.c
Linking C executable cmTC_b0c80
/home/aaa/Desktop/clion-2020.3.2/bin/cmake/linux/bin/cmake -E cmake_link_script CMakeFiles/cmTC_b0c80.dir/link.txt --verbose=1
/usr/bin/cc      CMakeFiles/cmTC_b0c80.dir/CheckSymbolExists.c.o  -o cmTC_b0c80  -lm 
make[1]: Leaving directory '/home/aaa/gsl/build/CMakeFiles/CMakeTmp'


File /home/aaa/gsl/build/CMakeFiles/CMakeTmp/CheckSymbolExists.c:
/* */
#include <math.h>

int main(int argc, char** argv)
{
  (void)argv;
#ifndef frexp
  return ((int*)(&frexp))[argc];
#else
  (void)argc;
  return 0;
#endif
}
Determining if the isinf exist passed with the following output:
Change Dir: /home/aaa/gsl/build/CMakeFiles/CMakeTmp

Run Build Command(s):/usr/bin/make cmTC_38295/fast && /usr/bin/make  -f CMakeFiles/cmTC_38295.dir/build.make CMakeFiles/cmTC_38295.dir/build
make[1]: Entering directory '/home/aaa/gsl/build/CMakeFiles/CMakeTmp'
Building C object CMakeFiles/cmTC_38295.dir/CheckSymbolExists.c.o
/usr/bin/cc    -o CMakeFiles/cmTC_38295.dir/CheckSymbolExists.c.o   -c /home/aaa/gsl/build/CMakeFiles/CMakeTmp/CheckSymbolExists.c
Linking C executable cmTC_38295
/home/aaa/Desktop/clion-2020.3.2/bin/cmake/linux/bin/cmake -E cmake_link_script CMakeFiles/cmTC_38295.dir/link.txt --verbose=1
/usr/bin/cc      CMakeFiles/cmTC_38295.dir/CheckSymbolExists.c.o  -o cmTC_38295  -lm 
make[1]: Leaving directory '/home/aaa/gsl/build/CMakeFiles/CMakeTmp'


File /home/aaa/gsl/build/CMakeFiles/CMakeTmp/CheckSymbolExists.c:
/* */
#include <math.h>

int main(int argc, char** argv)
{
  (void)argv;
#ifndef isinf
  return ((int*)(&isinf))[argc];
#else
  (void)argc;
  return 0;
#endif
}
Determining if the isfinite exist passed with the following output:
Change Dir: /home/aaa/gsl/build/CMakeFiles/CMakeTmp

Run Build Command(s):/usr/bin/make cmTC_615f5/fast && /usr/bin/make  -f CMakeFiles/cmTC_615f5.dir/build.make CMakeFiles/cmTC_615f5.dir/build
make[1]: Entering directory '/home/aaa/gsl/build/CMakeFiles/CMakeTmp'
Building C object CMakeFiles/cmTC_615f5.dir/CheckSymbolExists.c.o
/usr/bin/cc    -o CMakeFiles/cmTC_615f5.dir/CheckSymbolExists.c.o   -c /home/aaa/gsl/build/CMakeFiles/CMakeTmp/CheckSymbolExists.c
Linking C executable cmTC_615f5
/home/aaa/Desktop/clion-2020.3.2/bin/cmake/linux/bin/cmake -E cmake_link_script CMakeFiles/cmTC_615f5.dir/link.txt --verbose=1
/usr/bin/cc      CMakeFiles/cmTC_615f5.dir/CheckSymbolExists.c.o  -o cmTC_615f5  -lm 
make[1]: Leaving directory '/home/aaa/gsl/build/CMakeFiles/CMakeTmp'


File /home/aaa/gsl/build/CMakeFiles/CMakeTmp/CheckSymbolExists.c:
/* */
#include <math.h>

int main(int argc, char** argv)
{
  (void)argv;
#ifndef isfinite
  return ((int*)(&isfinite))[argc];
#else
  (void)argc;
  return 0;
#endif
}
Determining if the finite exist passed with the following output:
Change Dir: /home/aaa/gsl/build/CMakeFiles/CMakeTmp

Run Build Command(s):/usr/bin/make cmTC_391f0/fast && /usr/bin/make  -f CMakeFiles/cmTC_391f0.dir/build.make CMakeFiles/cmTC_391f0.dir/build
make[1]: Entering directory '/home/aaa/gsl/build/CMakeFiles/CMakeTmp'
Building C object CMakeFiles/cmTC_391f0.dir/CheckSymbolExists.c.o
/usr/bin/cc    -o CMakeFiles/cmTC_391f0.dir/CheckSymbolExists.c.o   -c /home/aaa/gsl/build/CMakeFiles/CMakeTmp/CheckSymbolExists.c
Linking C executable cmTC_391f0
/home/aaa/Desktop/clion-2020.3.2/bin/cmake/linux/bin/cmake -E cmake_link_script CMakeFiles/cmTC_391f0.dir/link.txt --verbose=1
/usr/bin/cc      CMakeFiles/cmTC_391f0.dir/CheckSymbolExists.c.o  -o cmTC_391f0  -lm 
make[1]: Leaving directory '/home/aaa/gsl/build/CMakeFiles/CMakeTmp'


File /home/aaa/gsl/build/CMakeFiles/CMakeTmp/CheckSymbolExists.c:
/* */
#include <math.h>

int main(int argc, char** argv)
{
  (void)argv;
#ifndef finite
  return ((int*)(&finite))[argc];
#else
  (void)argc;
  return 0;
#endif
}
Determining if the isnan exist passed with the following output:
Change Dir: /home/aaa/gsl/build/CMakeFiles/CMakeTmp

Run Build Command(s):/usr/bin/make cmTC_a0f5d/fast && /usr/bin/make  -f CMakeFiles/cmTC_a0f5d.dir/build.make CMakeFiles/cmTC_a0f5d.dir/build
make[1]: Entering directory '/home/aaa/gsl/build/CMakeFiles/CMakeTmp'
Building C object CMakeFiles/cmTC_a0f5d.dir/CheckSymbolExists.c.o
/usr/bin/cc    -o CMakeFiles/cmTC_a0f5d.dir/CheckSymbolExists.c.o   -c /home/aaa/gsl/build/CMakeFiles/CMakeTmp/CheckSymbolExists.c
Linking C executable cmTC_a0f5d
/home/aaa/Desktop/clion-2020.3.2/bin/cmake/linux/bin/cmake -E cmake_link_script CMakeFiles/cmTC_a0f5d.dir/link.txt --verbose=1
/usr/bin/cc      CMakeFiles/cmTC_a0f5d.dir/CheckSymbolExists.c.o  -o cmTC_a0f5d  -lm 
make[1]: Leaving directory '/home/aaa/gsl/build/CMakeFiles/CMakeTmp'


File /home/aaa/gsl/build/CMakeFiles/CMakeTmp/CheckSymbolExists.c:
/* */
#include <math.h>

int main(int argc, char** argv)
{
  (void)argv;
#ifndef isnan
  return ((int*)(&isnan))[argc];
#else
  (void)argc;
  return 0;
#endif
}
Determining if the log1p exist passed with the following output:
Change Dir: /home/aaa/gsl/build/CMakeFiles/CMakeTmp

Run Build Command(s):/usr/bin/make cmTC_2275c/fast && /usr/bin/make  -f CMakeFiles/cmTC_2275c.dir/build.make CMakeFiles/cmTC_2275c.dir/build
make[1]: Entering directory '/home/aaa/gsl/build/CMakeFiles/CMakeTmp'
Building C object CMakeFiles/cmTC_2275c.dir/CheckSymbolExists.c.o
/usr/bin/cc    -o CMakeFiles/cmTC_2275c.dir/CheckSymbolExists.c.o   -c /home/aaa/gsl/build/CMakeFiles/CMakeTmp/CheckSymbolExists.c
Linking C executable cmTC_2275c
/home/aaa/Desktop/clion-2020.3.2/bin/cmake/linux/bin/cmake -E cmake_link_script CMakeFiles/cmTC_2275c.dir/link.txt --verbose=1
/usr/bin/cc      CMakeFiles/cmTC_2275c.dir/CheckSymbolExists.c.o  -o cmTC_2275c  -lm 
make[1]: Leaving directory '/home/aaa/gsl/build/CMakeFiles/CMakeTmp'


File /home/aaa/gsl/build/CMakeFiles/CMakeTmp/CheckSymbolExists.c:
/* */
#include <math.h>

int main(int argc, char** argv)
{
  (void)argv;
#ifndef log1p
  return ((int*)(&log1p))[argc];
#else
  (void)argc;
  return 0;
#endif
}
Determining if the memcpy exist passed with the following output:
Change Dir: /home/aaa/gsl/build/CMakeFiles/CMakeTmp

Run Build Command(s):/usr/bin/make cmTC_71d92/fast && /usr/bin/make  -f CMakeFiles/cmTC_71d92.dir/build.make CMakeFiles/cmTC_71d92.dir/build
make[1]: Entering directory '/home/aaa/gsl/build/CMakeFiles/CMakeTmp'
Building C object CMakeFiles/cmTC_71d92.dir/CheckSymbolExists.c.o
/usr/bin/cc    -o CMakeFiles/cmTC_71d92.dir/CheckSymbolExists.c.o   -c /home/aaa/gsl/build/CMakeFiles/CMakeTmp/CheckSymbolExists.c
Linking C executable cmTC_71d92
/home/aaa/Desktop/clion-2020.3.2/bin/cmake/linux/bin/cmake -E cmake_link_script CMakeFiles/cmTC_71d92.dir/link.txt --verbose=1
/usr/bin/cc      CMakeFiles/cmTC_71d92.dir/CheckSymbolExists.c.o  -o cmTC_71d92  -lm 
make[1]: Leaving directory '/home/aaa/gsl/build/CMakeFiles/CMakeTmp'


File /home/aaa/gsl/build/CMakeFiles/CMakeTmp/CheckSymbolExists.c:
/* */
#include <string.h>

int main(int argc, char** argv)
{
  (void)argv;
#ifndef memcpy
  return ((int*)(&memcpy))[argc];
#else
  (void)argc;
  return 0;
#endif
}
Determining if the memmove exist passed with the following output:
Change Dir: /home/aaa/gsl/build/CMakeFiles/CMakeTmp

Run Build Command(s):/usr/bin/make cmTC_30680/fast && /usr/bin/make  -f CMakeFiles/cmTC_30680.dir/build.make CMakeFiles/cmTC_30680.dir/build
make[1]: Entering directory '/home/aaa/gsl/build/CMakeFiles/CMakeTmp'
Building C object CMakeFiles/cmTC_30680.dir/CheckSymbolExists.c.o
/usr/bin/cc    -o CMakeFiles/cmTC_30680.dir/CheckSymbolExists.c.o   -c /home/aaa/gsl/build/CMakeFiles/CMakeTmp/CheckSymbolExists.c
Linking C executable cmTC_30680
/home/aaa/Desktop/clion-2020.3.2/bin/cmake/linux/bin/cmake -E cmake_link_script CMakeFiles/cmTC_30680.dir/link.txt --verbose=1
/usr/bin/cc      CMakeFiles/cmTC_30680.dir/CheckSymbolExists.c.o  -o cmTC_30680  -lm 
make[1]: Leaving directory '/home/aaa/gsl/build/CMakeFiles/CMakeTmp'


File /home/aaa/gsl/build/CMakeFiles/CMakeTmp/CheckSymbolExists.c:
/* */
#include <string.h>

int main(int argc, char** argv)
{
  (void)argv;
#ifndef memmove
  return ((int*)(&memmove))[argc];
#else
  (void)argc;
  return 0;
#endif
}
Determining if the strdup exist passed with the following output:
Change Dir: /home/aaa/gsl/build/CMakeFiles/CMakeTmp

Run Build Command(s):/usr/bin/make cmTC_cb0c3/fast && /usr/bin/make  -f CMakeFiles/cmTC_cb0c3.dir/build.make CMakeFiles/cmTC_cb0c3.dir/build
make[1]: Entering directory '/home/aaa/gsl/build/CMakeFiles/CMakeTmp'
Building C object CMakeFiles/cmTC_cb0c3.dir/CheckSymbolExists.c.o
/usr/bin/cc    -o CMakeFiles/cmTC_cb0c3.dir/CheckSymbolExists.c.o   -c /home/aaa/gsl/build/CMakeFiles/CMakeTmp/CheckSymbolExists.c
Linking C executable cmTC_cb0c3
/home/aaa/Desktop/clion-2020.3.2/bin/cmake/linux/bin/cmake -E cmake_link_script CMakeFiles/cmTC_cb0c3.dir/link.txt --verbose=1
/usr/bin/cc      CMakeFiles/cmTC_cb0c3.dir/CheckSymbolExists.c.o  -o cmTC_cb0c3  -lm 
make[1]: Leaving directory '/home/aaa/gsl/build/CMakeFiles/CMakeTmp'


File /home/aaa/gsl/build/CMakeFiles/CMakeTmp/CheckSymbolExists.c:
/* */
#include <string.h>

int main(int argc, char** argv)
{
  (void)argv;
#ifndef strdup
  return ((int*)(&strdup))[argc];
#else
  (void)argc;
  return 0;
#endif
}
Determining if the strtol exist passed with the following output:
Change Dir: /home/aaa/gsl/build/CMakeFiles/CMakeTmp

Run Build Command(s):/usr/bin/make cmTC_f77f1/fast && /usr/bin/make  -f CMakeFiles/cmTC_f77f1.dir/build.make CMakeFiles/cmTC_f77f1.dir/build
make[1]: Entering directory '/home/aaa/gsl/build/CMakeFiles/CMakeTmp'
Building C object CMakeFiles/cmTC_f77f1.dir/CheckSymbolExists.c.o
/usr/bin/cc    -o CMakeFiles/cmTC_f77f1.dir/CheckSymbolExists.c.o   -c /home/aaa/gsl/build/CMakeFiles/CMakeTmp/CheckSymbolExists.c
Linking C executable cmTC_f77f1
/home/aaa/Desktop/clion-2020.3.2/bin/cmake/linux/bin/cmake -E cmake_link_script CMakeFiles/cmTC_f77f1.dir/link.txt --verbose=1
/usr/bin/cc      CMakeFiles/cmTC_f77f1.dir/CheckSymbolExists.c.o  -o cmTC_f77f1  -lm 
make[1]: Leaving directory '/home/aaa/gsl/build/CMakeFiles/CMakeTmp'


File /home/aaa/gsl/build/CMakeFiles/CMakeTmp/CheckSymbolExists.c:
/* */
#include <stdlib.h>

int main(int argc, char** argv)
{
  (void)argv;
#ifndef strtol
  return ((int*)(&strtol))[argc];
#else
  (void)argc;
  return 0;
#endif
}
Determining if the strtoul exist passed with the following output:
Change Dir: /home/aaa/gsl/build/CMakeFiles/CMakeTmp

Run Build Command(s):/usr/bin/make cmTC_c13c7/fast && /usr/bin/make  -f CMakeFiles/cmTC_c13c7.dir/build.make CMakeFiles/cmTC_c13c7.dir/build
make[1]: Entering directory '/home/aaa/gsl/build/CMakeFiles/CMakeTmp'
Building C object CMakeFiles/cmTC_c13c7.dir/CheckSymbolExists.c.o
/usr/bin/cc    -o CMakeFiles/cmTC_c13c7.dir/CheckSymbolExists.c.o   -c /home/aaa/gsl/build/CMakeFiles/CMakeTmp/CheckSymbolExists.c
Linking C executable cmTC_c13c7
/home/aaa/Desktop/clion-2020.3.2/bin/cmake/linux/bin/cmake -E cmake_link_script CMakeFiles/cmTC_c13c7.dir/link.txt --verbose=1
/usr/bin/cc      CMakeFiles/cmTC_c13c7.dir/CheckSymbolExists.c.o  -o cmTC_c13c7  -lm 
make[1]: Leaving directory '/home/aaa/gsl/build/CMakeFiles/CMakeTmp'


File /home/aaa/gsl/build/CMakeFiles/CMakeTmp/CheckSymbolExists.c:
/* */
#include <stdlib.h>

int main(int argc, char** argv)
{
  (void)argv;
#ifndef strtoul
  return ((int*)(&strtoul))[argc];
#else
  (void)argc;
  return 0;
#endif
}
Determining if the vprintf exist passed with the following output:
Change Dir: /home/aaa/gsl/build/CMakeFiles/CMakeTmp

Run Build Command(s):/usr/bin/make cmTC_d5820/fast && /usr/bin/make  -f CMakeFiles/cmTC_d5820.dir/build.make CMakeFiles/cmTC_d5820.dir/build
make[1]: Entering directory '/home/aaa/gsl/build/CMakeFiles/CMakeTmp'
Building C object CMakeFiles/cmTC_d5820.dir/CheckSymbolExists.c.o
/usr/bin/cc    -o CMakeFiles/cmTC_d5820.dir/CheckSymbolExists.c.o   -c /home/aaa/gsl/build/CMakeFiles/CMakeTmp/CheckSymbolExists.c
Linking C executable cmTC_d5820
/home/aaa/Desktop/clion-2020.3.2/bin/cmake/linux/bin/cmake -E cmake_link_script CMakeFiles/cmTC_d5820.dir/link.txt --verbose=1
/usr/bin/cc      CMakeFiles/cmTC_d5820.dir/CheckSymbolExists.c.o  -o cmTC_d5820  -lm 
make[1]: Leaving directory '/home/aaa/gsl/build/CMakeFiles/CMakeTmp'


File /home/aaa/gsl/build/CMakeFiles/CMakeTmp/CheckSymbolExists.c:
/* */
#include <stdio.h>

int main(int argc, char** argv)
{
  (void)argv;
#ifndef vprintf
  return ((int*)(&vprintf))[argc];
#else
  (void)argc;
  return 0;
#endif
}
