Performing C SOURCE FILE Test C_EXTERN_INLINE failed with the following output:
Change Dir: /home/aaa/gsl/build/CMakeFiles/CMakeTmp

Run Build Command(s):/usr/bin/make cmTC_1d4e3/fast && /usr/bin/make  -f CMakeFiles/cmTC_1d4e3.dir/build.make CMakeFiles/cmTC_1d4e3.dir/build
make[1]: Entering directory '/home/aaa/gsl/build/CMakeFiles/CMakeTmp'
Building C object CMakeFiles/cmTC_1d4e3.dir/src.c.o
/usr/bin/cc   -DC_EXTERN_INLINE   -o CMakeFiles/cmTC_1d4e3.dir/src.c.o   -c /home/aaa/gsl/build/CMakeFiles/CMakeTmp/src.c
/home/aaa/gsl/build/CMakeFiles/CMakeTmp/src.c:4:12: error: redefinition of ‘foo’
     double foo(double x) { return x + 1.0; }
            ^~~
/home/aaa/gsl/build/CMakeFiles/CMakeTmp/src.c:3:26: note: previous definition of ‘foo’ was here
     extern inline double foo(double x) { return x + 1.0; }
                          ^~~
CMakeFiles/cmTC_1d4e3.dir/build.make:85: recipe for target 'CMakeFiles/cmTC_1d4e3.dir/src.c.o' failed
make[1]: *** [CMakeFiles/cmTC_1d4e3.dir/src.c.o] Error 1
make[1]: Leaving directory '/home/aaa/gsl/build/CMakeFiles/CMakeTmp'
Makefile:141: recipe for target 'cmTC_1d4e3/fast' failed
make: *** [cmTC_1d4e3/fast] Error 2


Source file was:

    extern inline double foo(double x);
    extern inline double foo(double x) { return x + 1.0; }
    double foo(double x) { return x + 1.0; }
    int main() { foo(1.0); }
Determining if files ieeefp.h exist failed with the following output:
Change Dir: /home/aaa/gsl/build/CMakeFiles/CMakeTmp

Run Build Command(s):/usr/bin/make cmTC_a5422/fast && /usr/bin/make  -f CMakeFiles/cmTC_a5422.dir/build.make CMakeFiles/cmTC_a5422.dir/build
make[1]: Entering directory '/home/aaa/gsl/build/CMakeFiles/CMakeTmp'
Building C object CMakeFiles/cmTC_a5422.dir/HAVE_IEEEFP_H.c.o
/usr/bin/cc    -o CMakeFiles/cmTC_a5422.dir/HAVE_IEEEFP_H.c.o   -c /home/aaa/gsl/build/CMakeFiles/CheckIncludeFiles/HAVE_IEEEFP_H.c
/home/aaa/gsl/build/CMakeFiles/CheckIncludeFiles/HAVE_IEEEFP_H.c:2:10: fatal error: ieeefp.h: No such file or directory
 #include <ieeefp.h>
          ^~~~~~~~~~
compilation terminated.
CMakeFiles/cmTC_a5422.dir/build.make:85: recipe for target 'CMakeFiles/cmTC_a5422.dir/HAVE_IEEEFP_H.c.o' failed
make[1]: *** [CMakeFiles/cmTC_a5422.dir/HAVE_IEEEFP_H.c.o] Error 1
make[1]: Leaving directory '/home/aaa/gsl/build/CMakeFiles/CMakeTmp'
Makefile:141: recipe for target 'cmTC_a5422/fast' failed
make: *** [cmTC_a5422/fast] Error 2


Source:
/* */
#include <ieeefp.h>


int main(void){return 0;}

Determining if the fesettrapenable exist failed with the following output:
Change Dir: /home/aaa/gsl/build/CMakeFiles/CMakeTmp

Run Build Command(s):/usr/bin/make cmTC_f1a4c/fast && /usr/bin/make  -f CMakeFiles/cmTC_f1a4c.dir/build.make CMakeFiles/cmTC_f1a4c.dir/build
make[1]: Entering directory '/home/aaa/gsl/build/CMakeFiles/CMakeTmp'
Building C object CMakeFiles/cmTC_f1a4c.dir/CheckSymbolExists.c.o
/usr/bin/cc -D_GNU_SOURCE=1   -o CMakeFiles/cmTC_f1a4c.dir/CheckSymbolExists.c.o   -c /home/aaa/gsl/build/CMakeFiles/CMakeTmp/CheckSymbolExists.c
/home/aaa/gsl/build/CMakeFiles/CMakeTmp/CheckSymbolExists.c: In function ‘main’:
/home/aaa/gsl/build/CMakeFiles/CMakeTmp/CheckSymbolExists.c:8:19: error: ‘fesettrapenable’ undeclared (first use in this function)
   return ((int*)(&fesettrapenable))[argc];
                   ^~~~~~~~~~~~~~~
/home/aaa/gsl/build/CMakeFiles/CMakeTmp/CheckSymbolExists.c:8:19: note: each undeclared identifier is reported only once for each function it appears in
CMakeFiles/cmTC_f1a4c.dir/build.make:85: recipe for target 'CMakeFiles/cmTC_f1a4c.dir/CheckSymbolExists.c.o' failed
make[1]: *** [CMakeFiles/cmTC_f1a4c.dir/CheckSymbolExists.c.o] Error 1
make[1]: Leaving directory '/home/aaa/gsl/build/CMakeFiles/CMakeTmp'
Makefile:141: recipe for target 'cmTC_f1a4c/fast' failed
make: *** [cmTC_f1a4c/fast] Error 2


File /home/aaa/gsl/build/CMakeFiles/CMakeTmp/CheckSymbolExists.c:
/* */
#include <fenv.h>

int main(int argc, char** argv)
{
  (void)argv;
#ifndef fesettrapenable
  return ((int*)(&fesettrapenable))[argc];
#else
  (void)argc;
  return 0;
#endif
}
Determining if the fprnd_t exist failed with the following output:
Change Dir: /home/aaa/gsl/build/CMakeFiles/CMakeTmp

Run Build Command(s):/usr/bin/make cmTC_51fc3/fast && /usr/bin/make  -f CMakeFiles/cmTC_51fc3.dir/build.make CMakeFiles/cmTC_51fc3.dir/build
make[1]: Entering directory '/home/aaa/gsl/build/CMakeFiles/CMakeTmp'
Building C object CMakeFiles/cmTC_51fc3.dir/CheckSymbolExists.c.o
/usr/bin/cc    -o CMakeFiles/cmTC_51fc3.dir/CheckSymbolExists.c.o   -c /home/aaa/gsl/build/CMakeFiles/CMakeTmp/CheckSymbolExists.c
/home/aaa/gsl/build/CMakeFiles/CMakeTmp/CheckSymbolExists.c: In function ‘main’:
/home/aaa/gsl/build/CMakeFiles/CMakeTmp/CheckSymbolExists.c:8:19: error: ‘fprnd_t’ undeclared (first use in this function)
   return ((int*)(&fprnd_t))[argc];
                   ^~~~~~~
/home/aaa/gsl/build/CMakeFiles/CMakeTmp/CheckSymbolExists.c:8:19: note: each undeclared identifier is reported only once for each function it appears in
CMakeFiles/cmTC_51fc3.dir/build.make:85: recipe for target 'CMakeFiles/cmTC_51fc3.dir/CheckSymbolExists.c.o' failed
make[1]: *** [CMakeFiles/cmTC_51fc3.dir/CheckSymbolExists.c.o] Error 1
make[1]: Leaving directory '/home/aaa/gsl/build/CMakeFiles/CMakeTmp'
Makefile:141: recipe for target 'cmTC_51fc3/fast' failed
make: *** [cmTC_51fc3/fast] Error 2


File /home/aaa/gsl/build/CMakeFiles/CMakeTmp/CheckSymbolExists.c:
/* */
#include <float.h>

int main(int argc, char** argv)
{
  (void)argv;
#ifndef fprnd_t
  return ((int*)(&fprnd_t))[argc];
#else
  (void)argc;
  return 0;
#endif
}
